****************************************
Report : timing
	-path_type end
	-delay_type min
	-slack_lesser_than 1.000000
	-max_paths 684
	-sort_by slack
Design : aes_cipher_top
Version: K-2015.06-SP3-1
Date   : Thu Mar  8 21:22:38 2018
****************************************

Warning: There are 24 invalid end points for constrained paths. (UITE-416)
Endpoint                        Path Delay     Path Required    CRP     Slack
------------------------------------------------------------------------------
dcnt_reg_0_/D (DFCSNQD1)        0.172095 f     0.098129     0.000000 0.073966
text_out_reg_8_/D (DFCSNQD1)    0.181720 f     0.101540     0.000000 0.080181
u0/r0/out_reg_27_/D (DFCSNQD1)  0.179004 f     0.097868     0.000000 0.081136
u0/r0/rcnt_reg_0_/D (DFCSNQD1)  0.174590 f     0.093411     0.000000 0.081179
text_in_r_reg_0_/D (DFCSNQD1)   0.179095 f     0.097911     0.000000 0.081185
text_out_reg_126_/D (DFCSNQD1)  0.183188 f     0.100471     0.000000 0.082717
text_in_r_reg_21_/D (DFCSNQD1)  0.180620 f     0.097743     0.000000 0.082877
text_in_r_reg_112_/D (DFCSNQD1) 0.181188 f     0.097921     0.000000 0.083267
text_out_reg_127_/D (DFCSNQD1)  0.184413 f     0.100490     0.000000 0.083923
text_in_r_reg_119_/D (DFCSNQD1) 0.182267 f     0.098333     0.000000 0.083935
text_in_r_reg_2_/D (DFCSNQD1)   0.182773 f     0.098088     0.000000 0.084685
text_in_r_reg_85_/D (DFCSNQD1)  0.175932 f     0.090877     0.000000 0.085055
text_in_r_reg_93_/D (DFCSNQD1)  0.176699 f     0.091512     0.000000 0.085187
text_in_r_reg_32_/D (DFCSNQD1)  0.176995 f     0.091369     0.000000 0.085626
dcnt_reg_2_/D (DFCSNQD1)        0.185071 f     0.099442     0.000000 0.085630
u0/r0/out_reg_31_/D (DFCSNQD1)  0.185975 f     0.100096     0.000000 0.085879
text_in_r_reg_9_/D (DFCSNQD1)   0.178898 f     0.092577     0.000000 0.086322
text_in_r_reg_97_/D (DFCSNQD1)  0.176340 f     0.089468     0.000000 0.086872
text_in_r_reg_19_/D (DFCSNQD1)  0.178087 f     0.091141     0.000000 0.086946
text_in_r_reg_13_/D (DFCSNQD1)  0.185130 f     0.098118     0.000000 0.087013
text_in_r_reg_24_/D (DFCSNQD1)  0.184063 f     0.096812     0.000000 0.087251
text_in_r_reg_95_/D (DFCSNQD1)  0.178138 f     0.090726     0.000000 0.087412
text_in_r_reg_118_/D (DFCSNQD1) 0.185092 f     0.097414     0.000000 0.087678
text_in_r_reg_115_/D (DFCSNQD1) 0.183758 f     0.095958     0.000000 0.087799
text_in_r_reg_28_/D (DFCSNQD1)  0.178237 f     0.090394     0.000000 0.087843
text_out_reg_0_/D (DFCSNQD1)    0.188773 f     0.100561     0.000000 0.088213
text_in_r_reg_124_/D (DFCSNQD1) 0.181917 f     0.093587     0.000000 0.088330
text_in_r_reg_117_/D (DFCSNQD1) 0.181255 f     0.092820     0.000000 0.088435
text_in_r_reg_69_/D (DFCSNQD1)  0.179982 f     0.091437     0.000000 0.088546
text_in_r_reg_109_/D (DFCSNQD1) 0.182586 f     0.094028     0.000000 0.088558
text_in_r_reg_114_/D (DFCSNQD1) 0.186505 f     0.097845     0.000000 0.088659
text_in_r_reg_89_/D (DFCSNQD1)  0.182560 f     0.093536     0.000000 0.089024
text_in_r_reg_87_/D (DFCSNQD1)  0.182250 f     0.093192     0.000000 0.089058
text_in_r_reg_42_/D (DFCSNQD1)  0.179149 f     0.090062     0.000000 0.089087
text_in_r_reg_127_/D (DFCSNQD1) 0.180656 f     0.091345     0.000000 0.089311
text_in_r_reg_83_/D (DFCSNQD1)  0.182041 f     0.092525     0.000000 0.089516
text_in_r_reg_26_/D (DFCSNQD1)  0.186745 f     0.097077     0.000000 0.089668
text_in_r_reg_40_/D (DFCSNQD1)  0.179850 f     0.090121     0.000000 0.089729
text_in_r_reg_54_/D (DFCSNQD1)  0.179263 f     0.089516     0.000000 0.089747
text_in_r_reg_48_/D (DFCSNQD1)  0.178478 f     0.088671     0.000000 0.089808
sa02_reg_7_/D (DFCSNQD1)        0.192232 f     0.102251     0.000000 0.089981
text_in_r_reg_121_/D (DFCSNQD1) 0.187781 f     0.097710     0.000000 0.090071
text_in_r_reg_122_/D (DFCSNQD1) 0.181007 f     0.090903     0.000000 0.090104
text_in_r_reg_111_/D (DFCSNQD1) 0.188362 f     0.098210     0.000000 0.090151
text_out_reg_114_/D (DFCSNQD1)  0.189694 f     0.099403     0.000000 0.090291
text_in_r_reg_1_/D (DFCSNQD1)   0.186438 f     0.096145     0.000000 0.090293
text_out_reg_32_/D (DFCSNQD1)   0.192596 f     0.102291     0.000000 0.090304
text_in_r_reg_120_/D (DFCSNQD1) 0.182892 f     0.092529     0.000000 0.090363
text_in_r_reg_86_/D (DFCSNQD1)  0.180866 f     0.090497     0.000000 0.090368
text_in_r_reg_18_/D (DFCSNQD1)  0.187732 f     0.097314     0.000000 0.090418
text_in_r_reg_81_/D (DFCSNQD1)  0.184647 f     0.094145     0.000000 0.090502
text_in_r_reg_14_/D (DFCSNQD1)  0.188202 f     0.097544     0.000000 0.090658
text_in_r_reg_63_/D (DFCSNQD1)  0.182326 f     0.091665     0.000000 0.090660
text_in_r_reg_38_/D (DFCSNQD1)  0.182935 f     0.092128     0.000000 0.090807
text_in_r_reg_49_/D (DFCSNQD1)  0.183879 f     0.093069     0.000000 0.090810
text_in_r_reg_4_/D (DFCSNQD1)   0.183800 f     0.092927     0.000000 0.090872
text_in_r_reg_8_/D (DFCSNQD1)   0.187698 f     0.096788     0.000000 0.090910
sa10_reg_0_/D (DFCSNQD4)        0.182437 f     0.091468     0.000000 0.090969
text_in_r_reg_36_/D (DFCSNQD1)  0.180035 f     0.088967     0.000000 0.091068
text_in_r_reg_60_/D (DFCSNQD1)  0.185359 f     0.094212     0.000000 0.091147
text_out_reg_61_/D (DFCSNQD1)   0.193904 f     0.102728     0.000000 0.091176
text_in_r_reg_41_/D (DFCSNQD1)  0.185218 f     0.093959     0.000000 0.091259
text_in_r_reg_104_/D (DFCSNQD1) 0.180218 f     0.088855     0.000000 0.091363
text_in_r_reg_108_/D (DFCSNQD1) 0.181508 f     0.090048     0.000000 0.091459
text_in_r_reg_20_/D (DFCSNQD1)  0.189194 f     0.097680     0.000000 0.091515
text_in_r_reg_113_/D (DFCSNQD1) 0.184877 f     0.093318     0.000000 0.091560
text_in_r_reg_25_/D (DFCSNQD1)  0.188009 f     0.096366     0.000000 0.091642
text_in_r_reg_75_/D (DFCSNQD1)  0.181669 f     0.090018     0.000000 0.091651
text_in_r_reg_51_/D (DFCSNQD1)  0.183305 f     0.091620     0.000000 0.091685
text_in_r_reg_46_/D (DFCSNQD1)  0.183036 f     0.091304     0.000000 0.091732
text_in_r_reg_35_/D (DFCSNQD1)  0.185036 f     0.093170     0.000000 0.091866
text_in_r_reg_58_/D (DFCSNQD1)  0.184681 f     0.092814     0.000000 0.091867
text_in_r_reg_98_/D (DFCSNQD1)  0.184028 f     0.091994     0.000000 0.092034
text_in_r_reg_15_/D (DFCSNQD1)  0.190360 f     0.098237     0.000000 0.092123
text_in_r_reg_11_/D (DFCSNQD1)  0.191132 f     0.098878     0.000000 0.092254
text_in_r_reg_99_/D (DFCSNQD1)  0.191024 f     0.098601     0.000000 0.092423
text_in_r_reg_91_/D (DFCSNQD1)  0.184682 f     0.092141     0.000000 0.092541
text_in_r_reg_56_/D (DFCSNQD1)  0.184950 f     0.092318     0.000000 0.092632
text_in_r_reg_59_/D (DFCSNQD1)  0.185398 f     0.092742     0.000000 0.092656
text_in_r_reg_101_/D (DFCSNQD1) 0.193510 f     0.100747     0.000000 0.092763
text_in_r_reg_126_/D (DFCSNQD1) 0.191358 f     0.098495     0.000000 0.092863
text_in_r_reg_73_/D (DFCSNQD1)  0.183837 f     0.090929     0.000000 0.092908
text_out_reg_125_/D (DFCSNQD1)  0.194682 f     0.101759     0.000000 0.092923
text_in_r_reg_90_/D (DFCSNQD1)  0.185487 f     0.092545     0.000000 0.092941
text_in_r_reg_31_/D (DFCSNQD1)  0.183367 f     0.090192     0.000000 0.093175
text_out_reg_118_/D (DFCSNQD1)  0.192693 f     0.099416     0.000000 0.093277
text_in_r_reg_3_/D (DFCSNQD1)   0.191368 f     0.098081     0.000000 0.093287
text_in_r_reg_82_/D (DFCSNQD1)  0.184987 f     0.091569     0.000000 0.093418
text_in_r_reg_125_/D (DFCSNQD1) 0.186565 f     0.093099     0.000000 0.093466
text_out_reg_117_/D (DFCSNQD1)  0.192122 f     0.098600     0.000000 0.093522
text_in_r_reg_34_/D (DFCSNQD1)  0.184309 f     0.090748     0.000000 0.093560
text_in_r_reg_27_/D (DFCSNQD1)  0.184630 f     0.090878     0.000000 0.093752
text_in_r_reg_50_/D (DFCSNQD1)  0.191687 f     0.097819     0.000000 0.093867
text_in_r_reg_106_/D (DFCSNQD1) 0.186835 f     0.092953     0.000000 0.093882
text_in_r_reg_123_/D (DFCSNQD1) 0.191962 f     0.097882     0.000000 0.094080
text_in_r_reg_110_/D (DFCSNQD1) 0.184343 f     0.090232     0.000000 0.094111
text_in_r_reg_79_/D (DFCSNQD1)  0.185012 f     0.090722     0.000000 0.094290
done_reg/D (DFCSNQD1)           0.185923 f     0.091586     0.000000 0.094338
text_in_r_reg_94_/D (DFCSNQD1)  0.185112 f     0.090767     0.000000 0.094345
text_out_reg_39_/D (DFCSNQD1)   0.195467 f     0.100942     0.000000 0.094525
text_in_r_reg_29_/D (DFCSNQD1)  0.190373 f     0.095795     0.000000 0.094578
text_in_r_reg_22_/D (DFCSNQD1)  0.183295 f     0.088693     0.000000 0.094601
sa10_reg_6_/D (DFCSNQD1)        0.194751 f     0.100123     0.000000 0.094628
text_in_r_reg_72_/D (DFCSNQD1)  0.184511 f     0.089841     0.000000 0.094670
text_out_reg_37_/D (DFCSNQD1)   0.193614 f     0.098419     0.000000 0.095195
text_in_r_reg_102_/D (DFCSNQD1) 0.187249 f     0.092030     0.000000 0.095218
text_in_r_reg_16_/D (DFCSNQD1)  0.186605 f     0.091153     0.000000 0.095453
sa32_reg_5_/D (DFCSNQD4)        0.184640 r     0.088939     0.000000 0.095701
text_in_r_reg_57_/D (DFCSNQD1)  0.187073 f     0.091266     0.000000 0.095807
text_in_r_reg_47_/D (DFCSNQD1)  0.185210 f     0.088960     0.000000 0.096250
text_in_r_reg_7_/D (DFCSNQD1)   0.187192 f     0.090923     0.000000 0.096269
text_in_r_reg_116_/D (DFCSNQD1) 0.186128 f     0.089738     0.000000 0.096389
text_in_r_reg_10_/D (DFCSNQD1)  0.188007 f     0.091013     0.000000 0.096994
text_in_r_reg_12_/D (DFCSNQD1)  0.189691 f     0.092644     0.000000 0.097046
text_in_r_reg_5_/D (DFCSNQD1)   0.185883 f     0.088756     0.000000 0.097127
text_in_r_reg_39_/D (DFCSNQD1)  0.189019 f     0.091775     0.000000 0.097244
text_out_reg_120_/D (DFCSNQD1)  0.197628 f     0.100331     0.000000 0.097297
text_in_r_reg_70_/D (DFCSNQD1)  0.188159 f     0.090707     0.000000 0.097452
text_in_r_reg_100_/D (DFCSNQD1) 0.187599 f     0.090020     0.000000 0.097579
text_in_r_reg_96_/D (DFCSNQD1)  0.188824 f     0.090204     0.000000 0.098620
text_in_r_reg_62_/D (DFCSNQD1)  0.189936 f     0.090923     0.000000 0.099013
text_in_r_reg_84_/D (DFCSNQD1)  0.189554 f     0.090427     0.000000 0.099126
dcnt_reg_3_/D (DFCSNQD1)        0.200035 f     0.100340     0.000000 0.099695
text_out_reg_102_/D (DFCSNQD1)  0.199907 f     0.099650     0.000000 0.100257
u0/r0/out_reg_26_/D (DFCSNQD1)  0.200775 f     0.100366     0.000000 0.100408
sa10_reg_2_/D (DFCSNQD4)        0.192454 f     0.092008     0.000000 0.100446
text_in_r_reg_92_/D (DFCSNQD1)  0.193067 f     0.092494     0.000000 0.100573
text_out_reg_95_/D (DFCSNQD1)   0.201491 f     0.100717     0.000000 0.100774
text_out_reg_104_/D (DFCSNQD1)  0.199646 f     0.098741     0.000000 0.100905
text_in_r_reg_77_/D (DFCSNQD1)  0.192772 f     0.091762     0.000000 0.101010
sa22_reg_0_/D (DFCSNQD4)        0.196863 f     0.095743     0.000000 0.101119
text_in_r_reg_66_/D (DFCSNQD1)  0.191489 f     0.089988     0.000000 0.101501
text_in_r_reg_78_/D (DFCSNQD1)  0.191780 f     0.089963     0.000000 0.101817
text_in_r_reg_33_/D (DFCSNQD1)  0.190698 f     0.088729     0.000000 0.101969
text_in_r_reg_6_/D (DFCSNQD1)   0.187592 r     0.085531     0.000000 0.102061
text_out_reg_119_/D (DFCSNQD1)  0.202190 f     0.099945     0.000000 0.102246
text_in_r_reg_37_/D (DFCSNQD1)  0.187822 r     0.085406     0.000000 0.102416
text_out_reg_13_/D (DFCSNQD1)   0.200151 f     0.097609     0.000000 0.102542
text_in_r_reg_67_/D (DFCSNQD1)  0.193005 f     0.090424     0.000000 0.102581
text_in_r_reg_103_/D (DFCSNQD1) 0.195378 f     0.092391     0.000000 0.102987
text_in_r_reg_105_/D (DFCSNQD1) 0.194924 f     0.091829     0.000000 0.103095
text_in_r_reg_53_/D (DFCSNQD1)  0.199726 f     0.096560     0.000000 0.103166
u0/r0/out_reg_30_/D (DFCSNQD1)  0.198030 f     0.094848     0.000000 0.103182
sa00_reg_5_/D (DFCSNQD4)        0.197129 f     0.093791     0.000000 0.103338
dcnt_reg_1_/D (DFCSNQD1)        0.191184 r     0.087626     0.000000 0.103558
text_in_r_reg_52_/D (DFCSNQD1)  0.193763 f     0.090094     0.000000 0.103670
text_in_r_reg_44_/D (DFCSNQD1)  0.195357 f     0.091228     0.000000 0.104130
text_in_r_reg_45_/D (DFCSNQD1)  0.193586 f     0.089363     0.000000 0.104223
text_out_reg_122_/D (DFCSNQD1)  0.203790 f     0.099560     0.000000 0.104230
sa10_reg_7_/D (DFCSNQD1)        0.205007 f     0.100775     0.000000 0.104232
text_in_r_reg_55_/D (DFCSNQD1)  0.190766 r     0.086495     0.000000 0.104271
text_in_r_reg_76_/D (DFCSNQD1)  0.195720 f     0.091442     0.000000 0.104277
text_in_r_reg_23_/D (DFCSNQD1)  0.195287 f     0.090829     0.000000 0.104458
text_in_r_reg_61_/D (DFCSNQD1)  0.195753 f     0.091286     0.000000 0.104467
text_in_r_reg_107_/D (DFCSNQD1) 0.203735 f     0.097856     0.000000 0.105879
text_in_r_reg_88_/D (DFCSNQD1)  0.196724 f     0.090737     0.000000 0.105988
sa10_reg_5_/D (DFCSNQD4)        0.198671 f     0.091818     0.000000 0.106853
text_in_r_reg_71_/D (DFCSNQD1)  0.197578 f     0.090633     0.000000 0.106944
text_out_reg_40_/D (DFCSNQD1)   0.205103 f     0.098017     0.000000 0.107086
u0/w_reg_1__26_/D (DFCSNQD1)    0.209930 f     0.102459     0.000000 0.107471
text_in_r_reg_64_/D (DFCSNQD1)  0.196633 f     0.089102     0.000000 0.107531
sa00_reg_7_/D (DFCSNQD1)        0.209382 f     0.101797     0.000000 0.107585
text_in_r_reg_68_/D (DFCSNQD1)  0.201115 f     0.093210     0.000000 0.107905
u0/w_reg_1__0_/D (DFCSNQD1)     0.209582 f     0.101439     0.000000 0.108143
u0/r0/out_reg_25_/D (DFCSNQD1)  0.207767 f     0.099512     0.000000 0.108255
sa32_reg_2_/D (DFCSNQD4)        0.198217 r     0.089717     0.000000 0.108500
text_out_reg_58_/D (DFCSNQD1)   0.208514 f     0.099966     0.000000 0.108547
text_in_r_reg_74_/D (DFCSNQD1)  0.199890 f     0.091171     0.000000 0.108719
sa32_reg_6_/D (DFCSNQD1)        0.209939 f     0.101154     0.000000 0.108785
sa20_reg_0_/D (DFCSNQD4)        0.201286 f     0.091993     0.000000 0.109293
sa00_reg_6_/D (DFCSNQD1)        0.211152 f     0.101681     0.000000 0.109472
text_out_reg_87_/D (DFCSNQD1)   0.209692 f     0.099944     0.000000 0.109748
sa02_reg_0_/D (DFCSNQD4)        0.202592 f     0.092669     0.000000 0.109923
text_in_r_reg_30_/D (DFCSNQD1)  0.197298 r     0.087097     0.000000 0.110202
text_out_reg_50_/D (DFCSNQD1)   0.209863 f     0.098789     0.000000 0.111074
sa20_reg_6_/D (DFCSNQD1)        0.210505 f     0.099393     0.000000 0.111112
text_in_r_reg_80_/D (DFCSNQD1)  0.204274 f     0.092515     0.000000 0.111759
u0/w_reg_3__4_/D (DFCSNQD4)     0.199666 f     0.087808     0.000000 0.111858
sa32_reg_0_/D (DFCSNQD4)        0.202361 r     0.090258     0.000000 0.112103
text_out_reg_90_/D (DFCSNQD1)   0.213213 f     0.100948     0.000000 0.112265
text_out_reg_89_/D (DFCSNQD1)   0.213200 f     0.100785     0.000000 0.112415
text_in_r_reg_17_/D (DFCSNQD1)  0.209546 f     0.096871     0.000000 0.112676
sa32_reg_7_/D (DFCSNQD1)        0.214016 f     0.101233     0.000000 0.112783
u0/r0/out_reg_29_/D (DFCSNQD1)  0.209199 f     0.096388     0.000000 0.112811
sa02_reg_5_/D (DFCSNQD4)        0.203631 r     0.090814     0.000000 0.112817
text_out_reg_112_/D (DFCSNQD1)  0.213950 f     0.100923     0.000000 0.113027
u0/r0/out_reg_24_/D (DFCSNQD1)  0.210894 f     0.097172     0.000000 0.113722
text_in_r_reg_43_/D (DFCSNQD1)  0.204289 f     0.090530     0.000000 0.113759
sa00_reg_2_/D (DFCSNQD4)        0.202908 r     0.089118     0.000000 0.113790
text_in_r_reg_65_/D (DFCSNQD1)  0.207993 f     0.094033     0.000000 0.113960
text_out_reg_103_/D (DFCSNQD1)  0.213967 f     0.099954     0.000000 0.114013
text_out_reg_63_/D (DFCSNQD1)   0.216039 f     0.101510     0.000000 0.114529
sa02_reg_2_/D (DFCSNQD4)        0.205908 r     0.090944     0.000000 0.114964
sa11_reg_7_/D (DFCSNQD1)        0.217264 f     0.102028     0.000000 0.115236
sa30_reg_6_/D (DFCSNQD1)        0.217651 f     0.102194     0.000000 0.115457
sa11_reg_6_/D (DFCSNQD1)        0.217039 f     0.101318     0.000000 0.115721
text_out_reg_93_/D (DFCSNQD1)   0.215142 f     0.099328     0.000000 0.115815
sa31_reg_1_/D (DFCSNQD4)        0.209572 f     0.093231     0.000000 0.116341
sa03_reg_7_/D (DFCSNQD1)        0.217322 f     0.100215     0.000000 0.117108
sa01_reg_7_/D (DFCSNQD1)        0.218156 f     0.101019     0.000000 0.117137
text_out_reg_110_/D (DFCSNQD1)  0.217351 f     0.100170     0.000000 0.117180
text_out_reg_53_/D (DFCSNQD1)   0.217605 f     0.100363     0.000000 0.117242
sa03_reg_2_/D (DFCSNQD4)        0.210554 r     0.093031     0.000000 0.117523
text_out_reg_38_/D (DFCSNQD1)   0.219365 f     0.101727     0.000000 0.117638
sa23_reg_5_/D (DFCSNQD4)        0.211211 f     0.093123     0.000000 0.118088
sa32_reg_1_/D (DFCSNQD4)        0.211587 f     0.093470     0.000000 0.118118
sa01_reg_2_/D (DFCSNQD4)        0.207600 r     0.088859     0.000000 0.118741
sa30_reg_2_/D (DFCSNQD4)        0.210160 f     0.090995     0.000000 0.119165
text_out_reg_86_/D (DFCSNQD1)   0.219589 f     0.100257     0.000000 0.119332
text_out_reg_72_/D (DFCSNQD1)   0.218904 f     0.098676     0.000000 0.120228
text_out_reg_100_/D (DFCSNQD1)  0.220893 f     0.100187     0.000000 0.120706
sa21_reg_7_/D (DFCSNQD1)        0.221403 f     0.100677     0.000000 0.120726
text_out_reg_56_/D (DFCSNQD1)   0.219198 f     0.098304     0.000000 0.120893
u0/w_reg_3__13_/D (DFCSNQD4)    0.213511 r     0.092500     0.000000 0.121011
text_out_reg_55_/D (DFCSNQD1)   0.222175 f     0.101129     0.000000 0.121046
text_out_reg_31_/D (DFCSNQD1)   0.222432 f     0.101303     0.000000 0.121129
sa33_reg_7_/D (DFCSNQD1)        0.220917 f     0.099756     0.000000 0.121160
text_out_reg_106_/D (DFCSNQD1)  0.222186 f     0.100753     0.000000 0.121433
sa31_reg_6_/D (DFCSNQD1)        0.226057 f     0.104591     0.000000 0.121466
text_out_reg_88_/D (DFCSNQD1)   0.222780 f     0.101101     0.000000 0.121679
sa11_reg_2_/D (DFCSNQD4)        0.210664 r     0.088959     0.000000 0.121704
sa03_reg_0_/D (DFCSNQD4)        0.214761 r     0.092951     0.000000 0.121809
sa02_reg_1_/D (DFCSNQD4)        0.215490 f     0.093240     0.000000 0.122250
sa12_reg_6_/D (DFCSNQD1)        0.224270 f     0.101827     0.000000 0.122443
text_out_reg_98_/D (DFCSNQD1)   0.222697 f     0.099739     0.000000 0.122959
u0/w_reg_3__8_/D (DFCSNQD4)     0.216758 f     0.093426     0.000000 0.123331
sa33_reg_0_/D (DFCSNQD4)        0.210670 r     0.087163     0.000000 0.123507
sa22_reg_2_/D (DFCSNQD4)        0.211005 r     0.087467     0.000000 0.123538
sa22_reg_6_/D (DFCSNQD1)        0.226763 f     0.102856     0.000000 0.123907
u0/r0/rcnt_reg_3_/D (DFCSNQD1)  0.224471 f     0.100493     0.000000 0.123978
sa31_reg_2_/D (DFCSNQD4)        0.221026 f     0.097041     0.000000 0.123985
text_out_reg_36_/D (DFCSNQD1)   0.226815 f     0.102628     0.000000 0.124188
text_out_reg_101_/D (DFCSNQD1)  0.225982 f     0.101488     0.000000 0.124494
text_out_reg_34_/D (DFCSNQD1)   0.224120 f     0.099135     0.000000 0.124985
sa22_reg_1_/D (DFCSNQD4)        0.213682 f     0.088596     0.000000 0.125086
text_out_reg_60_/D (DFCSNQD1)   0.227336 f     0.102216     0.000000 0.125120
sa03_reg_5_/D (DFCSNQD4)        0.214361 r     0.089071     0.000000 0.125291
sa12_reg_0_/D (DFCSNQD4)        0.214485 r     0.089152     0.000000 0.125333
text_out_reg_97_/D (DFCSNQD1)   0.224879 f     0.099129     0.000000 0.125750
sa03_reg_6_/D (DFCSNQD1)        0.225303 f     0.099512     0.000000 0.125791
sa11_reg_4_/D (DFCSNQD4)        0.219925 f     0.093963     0.000000 0.125963
sa01_reg_0_/D (DFCSNQD4)        0.217889 r     0.090546     0.000000 0.127342
sa21_reg_2_/D (DFCSNQD4)        0.220867 f     0.093299     0.000000 0.127568
u0/w_reg_1__30_/D (DFCSNQD1)    0.229026 f     0.100780     0.000000 0.128246
sa13_reg_6_/D (DFCSNQD1)        0.230715 f     0.101713     0.000000 0.129002
u0/w_reg_1__24_/D (DFCSNQD1)    0.219033 r     0.089735     0.000000 0.129298
text_out_reg_96_/D (DFCSNQD1)   0.228496 f     0.099090     0.000000 0.129406
text_out_reg_91_/D (DFCSNQD1)   0.229729 f     0.100298     0.000000 0.129432
u0/w_reg_0__22_/D (DFCSNQD1)    0.228875 f     0.099094     0.000000 0.129781
text_out_reg_83_/D (DFCSNQD1)   0.231950 f     0.102016     0.000000 0.129934
text_out_reg_4_/D (DFCSNQD1)    0.228921 f     0.098787     0.000000 0.130134
sa01_reg_5_/D (DFCSNQD4)        0.222199 f     0.091951     0.000000 0.130248
text_out_reg_30_/D (DFCSNQD1)   0.231689 f     0.100911     0.000000 0.130779
sa11_reg_0_/D (DFCSNQD4)        0.220990 f     0.090188     0.000000 0.130801
text_out_reg_111_/D (DFCSNQD1)  0.228435 f     0.097086     0.000000 0.131350
sa33_reg_5_/D (DFCSNQD4)        0.222266 r     0.090829     0.000000 0.131437
sa01_reg_6_/D (DFCSNQD1)        0.231733 f     0.100189     0.000000 0.131545
text_out_reg_51_/D (DFCSNQD1)   0.233619 f     0.101444     0.000000 0.132175
u0/w_reg_0__16_/D (DFCSNQD1)    0.231830 f     0.099594     0.000000 0.132235
u0/w_reg_3__3_/D (DFCSNQD4)     0.221473 r     0.089228     0.000000 0.132245
sa12_reg_1_/D (DFCSNQD4)        0.225546 f     0.092781     0.000000 0.132765
text_out_reg_54_/D (DFCSNQD1)   0.232863 f     0.099907     0.000000 0.132956
sa32_reg_4_/D (DFCSNQD4)        0.223175 f     0.089650     0.000000 0.133526
sa00_reg_0_/D (DFCSNQD4)        0.222037 r     0.088394     0.000000 0.133642
text_out_reg_123_/D (DFCSNQD1)  0.234874 f     0.101174     0.000000 0.133700
sa33_reg_2_/D (DFCSNQD4)        0.225847 f     0.092083     0.000000 0.133764
u0/w_reg_3__31_/D (DFCSNQD1)    0.226246 f     0.092433     0.000000 0.133813
u0/w_reg_0__29_/D (DFCSNQD1)    0.234788 f     0.100941     0.000000 0.133847
u0/r0/rcnt_reg_1_/D (DFCSNQD1)  0.236256 f     0.102377     0.000000 0.133879
u0/w_reg_0__14_/D (DFCSNQD1)    0.227453 f     0.093571     0.000000 0.133882
u0/r0/out_reg_28_/D (DFCSNQD1)  0.234155 f     0.099972     0.000000 0.134183
text_out_reg_99_/D (DFCSNQD1)   0.234708 f     0.099995     0.000000 0.134713
sa32_reg_3_/D (DFCSNQD4)        0.225735 r     0.090526     0.000000 0.135209
text_out_reg_94_/D (DFCSNQD1)   0.235554 f     0.100246     0.000000 0.135308
sa13_reg_2_/D (DFCSNQD4)        0.227364 f     0.091623     0.000000 0.135741
u0/w_reg_1__18_/D (DFCSNQD1)    0.235371 f     0.099355     0.000000 0.136016
sa21_reg_6_/D (DFCSNQD1)        0.237166 f     0.101006     0.000000 0.136160
u0/w_reg_0__18_/D (DFCSNQD1)    0.233990 f     0.097793     0.000000 0.136198
u0/w_reg_1__14_/D (DFCSNQD1)    0.236530 f     0.100188     0.000000 0.136342
text_out_reg_92_/D (DFCSNQD1)   0.236004 f     0.099568     0.000000 0.136436
sa13_reg_0_/D (DFCSNQD4)        0.225307 r     0.088638     0.000000 0.136669
text_out_reg_33_/D (DFCSNQD1)   0.237015 f     0.100311     0.000000 0.136705
u0/w_reg_0__2_/D (DFCSNQD1)     0.230478 f     0.093436     0.000000 0.137041
sa20_reg_2_/D (DFCSNQD4)        0.228666 r     0.091543     0.000000 0.137123
text_out_reg_65_/D (DFCSNQD1)   0.235461 f     0.097744     0.000000 0.137718
u0/w_reg_1__25_/D (DFCSNQD1)    0.239760 f     0.101999     0.000000 0.137762
sa02_reg_4_/D (DFCSNQD4)        0.232303 f     0.094509     0.000000 0.137793
u0/w_reg_0__8_/D (DFCSNQD1)     0.231260 f     0.092778     0.000000 0.138482
u0/w_reg_1__22_/D (DFCSNQD1)    0.238078 f     0.099447     0.000000 0.138631
sa23_reg_0_/D (DFCSNQD4)        0.229597 r     0.090846     0.000000 0.138751
u0/w_reg_1__8_/D (DFCSNQD1)     0.238173 f     0.099107     0.000000 0.139066
text_out_reg_57_/D (DFCSNQD1)   0.241370 f     0.102254     0.000000 0.139116
u0/w_reg_0__13_/D (DFCSNQD1)    0.231968 f     0.092572     0.000000 0.139396
u0/w_reg_1__29_/D (DFCSNQD1)    0.241319 f     0.101873     0.000000 0.139446
sa03_reg_1_/D (DFCSNQD4)        0.230293 r     0.090322     0.000000 0.139971
u0/w_reg_0__19_/D (DFCSNQD1)    0.233720 f     0.093674     0.000000 0.140046
sa21_reg_3_/D (DFCSNQD4)        0.231529 f     0.091451     0.000000 0.140078
text_out_reg_78_/D (DFCSNQD1)   0.235061 f     0.094980     0.000000 0.140081
text_out_reg_47_/D (DFCSNQD1)   0.237018 f     0.096832     0.000000 0.140185
text_out_reg_75_/D (DFCSNQD1)   0.234736 f     0.094473     0.000000 0.140263
sa21_reg_5_/D (DFCSNQD4)        0.231011 r     0.090086     0.000000 0.140925
sa31_reg_4_/D (DFCSNQD4)        0.237153 f     0.095981     0.000000 0.141172
u0/w_reg_1__1_/D (DFCSNQD1)     0.243166 f     0.101405     0.000000 0.141761
text_out_reg_77_/D (DFCSNQD1)   0.239108 f     0.097318     0.000000 0.141790
sa30_reg_7_/D (DFCSNQD1)        0.243857 f     0.101968     0.000000 0.141889
u0/w_reg_3__16_/D (DFCSNQD2)    0.241630 f     0.099644     0.000000 0.141986
u0/w_reg_0__25_/D (DFCSNQD1)    0.237401 f     0.095385     0.000000 0.142015
sa12_reg_7_/D (DFCSNQD1)        0.245611 f     0.103368     0.000000 0.142243
sa31_reg_5_/D (DFCSNQD4)        0.235034 r     0.092637     0.000000 0.142398
sa12_reg_3_/D (DFCSNQD4)        0.235878 f     0.093396     0.000000 0.142482
sa20_reg_7_/D (DFCSNQD1)        0.242304 f     0.099643     0.000000 0.142661
text_out_reg_3_/D (DFCSNQD1)    0.240577 f     0.097901     0.000000 0.142676
u0/w_reg_0__3_/D (DFCSNQD1)     0.236447 f     0.093580     0.000000 0.142868
u0/w_reg_0__26_/D (DFCSNQD1)    0.239108 f     0.095923     0.000000 0.143185
text_out_reg_81_/D (DFCSNQD1)   0.237702 f     0.094493     0.000000 0.143210
sa23_reg_7_/D (DFCSNQD1)        0.246475 f     0.103238     0.000000 0.143238
u0/w_reg_1__10_/D (DFCSNQD1)    0.244575 f     0.101332     0.000000 0.143242
u0/w_reg_0__0_/D (DFCSNQD1)     0.236449 f     0.092861     0.000000 0.143588
u0/w_reg_0__27_/D (DFCSNQD1)    0.238974 f     0.094984     0.000000 0.143991
u0/w_reg_0__1_/D (DFCSNQD1)     0.236927 f     0.092564     0.000000 0.144364
sa21_reg_0_/D (DFCSNQD4)        0.237297 f     0.092765     0.000000 0.144531
sa11_reg_3_/D (DFCSNQD4)        0.238834 f     0.093320     0.000000 0.145514
text_out_reg_5_/D (DFCSNQD1)    0.245406 f     0.099776     0.000000 0.145630
text_out_reg_68_/D (DFCSNQD1)   0.240784 f     0.095013     0.000000 0.145771
u0/w_reg_0__30_/D (DFCSNQD1)    0.239358 f     0.093553     0.000000 0.145805
text_out_reg_19_/D (DFCSNQD1)   0.245782 f     0.099935     0.000000 0.145847
text_out_reg_116_/D (DFCSNQD1)  0.245786 f     0.099549     0.000000 0.146237
u0/w_reg_0__10_/D (DFCSNQD1)    0.240841 f     0.094514     0.000000 0.146327
u0/w_reg_0__6_/D (DFCSNQD1)     0.237070 f     0.090720     0.000000 0.146350
sa01_reg_1_/D (DFCSNQD4)        0.234671 f     0.088155     0.000000 0.146516
u0/w_reg_3__28_/D (DFCSNQD2)    0.249467 f     0.102868     0.000000 0.146599
u0/w_reg_0__9_/D (DFCSNQD1)     0.239756 f     0.093137     0.000000 0.146619
sa21_reg_4_/D (DFCSNQD4)        0.235726 f     0.088998     0.000000 0.146728
sa31_reg_7_/D (DFCSNQD1)        0.249962 f     0.103046     0.000000 0.146916
text_out_reg_70_/D (DFCSNQD1)   0.243444 f     0.095973     0.000000 0.147471
text_out_reg_62_/D (DFCSNQD1)   0.246653 f     0.099057     0.000000 0.147596
sa22_reg_7_/D (DFCSNQD1)        0.251080 f     0.103331     0.000000 0.147749
sa12_reg_4_/D (DFCSNQD4)        0.241416 f     0.093550     0.000000 0.147865
sa01_reg_4_/D (DFCSNQD4)        0.235988 f     0.088035     0.000000 0.147953
u0/w_reg_1__27_/D (DFCSNQD1)    0.250161 f     0.102177     0.000000 0.147985
sa13_reg_3_/D (DFCSNQD4)        0.240387 f     0.092180     0.000000 0.148207
u0/r0/rcnt_reg_2_/D (DFCSNQD1)  0.244369 f     0.095988     0.000000 0.148381
u0/w_reg_3__5_/D (DFCSNQD2)     0.237705 r     0.089019     0.000000 0.148687
u0/w_reg_0__21_/D (DFCSNQD1)    0.246872 f     0.098090     0.000000 0.148782
text_out_reg_29_/D (DFCSNQD1)   0.249727 f     0.100563     0.000000 0.149164
u0/w_reg_3__30_/D (DFCSNQD1)    0.249098 f     0.099933     0.000000 0.149165
u0/w_reg_1__13_/D (DFCSNQD1)    0.239819 r     0.090340     0.000000 0.149479
sa23_reg_6_/D (DFCSNQD1)        0.252218 f     0.102303     0.000000 0.149915
u0/w_reg_0__5_/D (DFCSNQD1)     0.238727 f     0.088679     0.000000 0.150048
sa20_reg_4_/D (DFCSNQD4)        0.244167 f     0.093886     0.000000 0.150281
u0/w_reg_0__17_/D (DFCSNQD1)    0.249591 f     0.099303     0.000000 0.150288
text_out_reg_25_/D (DFCSNQD1)   0.255715 f     0.105260     0.000000 0.150454
u0/w_reg_1__19_/D (DFCSNQD1)    0.250835 f     0.100241     0.000000 0.150594
text_out_reg_20_/D (DFCSNQD1)   0.250711 f     0.099868     0.000000 0.150843
u0/w_reg_3__10_/D (DFCSNQD1)    0.240514 r     0.089469     0.000000 0.151044
text_out_reg_52_/D (DFCSNQD1)   0.251617 f     0.100204     0.000000 0.151414
sa02_reg_6_/D (DFCSNQD1)        0.253529 f     0.102059     0.000000 0.151470
u0/w_reg_1__17_/D (DFCSNQD1)    0.242395 r     0.090488     0.000000 0.151906
sa31_reg_3_/D (DFCSNQD4)        0.242322 f     0.090386     0.000000 0.151936
text_out_reg_71_/D (DFCSNQD1)   0.246695 f     0.094626     0.000000 0.152068
sa03_reg_4_/D (DFCSNQD4)        0.245746 f     0.093086     0.000000 0.152660
sa10_reg_3_/D (DFCSNQD4)        0.245286 f     0.092094     0.000000 0.153193
text_out_reg_108_/D (DFCSNQD1)  0.251645 f     0.098395     0.000000 0.153249
sa12_reg_5_/D (DFCSNQD4)        0.242732 r     0.089445     0.000000 0.153287
sa12_reg_2_/D (DFCSNQD4)        0.248906 f     0.095112     0.000000 0.153793
sa10_reg_4_/D (DFCSNQD4)        0.245624 f     0.091543     0.000000 0.154080
sa10_reg_1_/D (DFCSNQD4)        0.244327 f     0.089984     0.000000 0.154343
u0/w_reg_1__16_/D (DFCSNQD1)    0.245033 r     0.090483     0.000000 0.154550
text_out_reg_82_/D (DFCSNQD1)   0.254857 f     0.100270     0.000000 0.154587
sa11_reg_5_/D (DFCSNQD4)        0.247268 f     0.092671     0.000000 0.154597
text_out_reg_23_/D (DFCSNQD1)   0.255120 f     0.100228     0.000000 0.154892
text_out_reg_17_/D (DFCSNQD1)   0.259601 f     0.104680     0.000000 0.154921
sa02_reg_3_/D (DFCSNQD4)        0.246842 f     0.091889     0.000000 0.154953
u0/w_reg_1__6_/D (DFCSNQD1)     0.244638 r     0.089412     0.000000 0.155226
sa11_reg_1_/D (DFCSNQD4)        0.249593 f     0.093572     0.000000 0.156021
text_out_reg_43_/D (DFCSNQD1)   0.258069 f     0.101925     0.000000 0.156144
u0/w_reg_2__29_/D (DFCSNQD1)    0.257630 f     0.101120     0.000000 0.156511
u0/w_reg_1__2_/D (DFCSNQD1)     0.246732 r     0.090206     0.000000 0.156526
text_out_reg_115_/D (DFCSNQD1)  0.253591 f     0.096918     0.000000 0.156672
text_out_reg_124_/D (DFCSNQD1)  0.256476 f     0.099466     0.000000 0.157010
text_out_reg_24_/D (DFCSNQD1)   0.258086 f     0.100908     0.000000 0.157178
sa33_reg_4_/D (DFCSNQD4)        0.251915 f     0.094392     0.000000 0.157523
text_out_reg_44_/D (DFCSNQD1)   0.258174 f     0.100643     0.000000 0.157532
text_out_reg_105_/D (DFCSNQD1)  0.256129 f     0.098338     0.000000 0.157791
text_out_reg_15_/D (DFCSNQD1)   0.254308 f     0.096145     0.000000 0.158163
sa01_reg_3_/D (DFCSNQD4)        0.248758 f     0.090287     0.000000 0.158470
text_out_reg_22_/D (DFCSNQD1)   0.258410 f     0.099800     0.000000 0.158610
sa22_reg_4_/D (DFCSNQD4)        0.253629 f     0.094226     0.000000 0.159403
u0/w_reg_1__21_/D (DFCSNQD1)    0.247198 r     0.087546     0.000000 0.159652
text_out_reg_113_/D (DFCSNQD1)  0.258820 f     0.098897     0.000000 0.159923
u0/w_reg_0__24_/D (DFCSNQD1)    0.252601 f     0.092309     0.000000 0.160292
sa30_reg_1_/D (DFCSNQD4)        0.247713 r     0.087410     0.000000 0.160302
sa00_reg_4_/D (DFCSNQD4)        0.254302 f     0.093925     0.000000 0.160377
sa31_reg_0_/D (DFCSNQD4)        0.251224 r     0.090775     0.000000 0.160449
sa20_reg_3_/D (DFCSNQD4)        0.252673 f     0.092058     0.000000 0.160615
text_out_reg_73_/D (DFCSNQD1)   0.258642 f     0.097521     0.000000 0.161121
text_out_reg_76_/D (DFCSNQD1)   0.256337 f     0.094910     0.000000 0.161428
sa20_reg_1_/D (DFCSNQD4)        0.252454 f     0.090359     0.000000 0.162094
u0/w_reg_1__9_/D (DFCSNQD1)     0.252665 r     0.090290     0.000000 0.162375
u0/w_reg_2__13_/D (DFCSNQD1)    0.256755 f     0.094271     0.000000 0.162484
text_out_reg_109_/D (DFCSNQD1)  0.262256 f     0.099618     0.000000 0.162638
u0/w_reg_1__3_/D (DFCSNQD1)     0.252129 r     0.089242     0.000000 0.162887
u0/w_reg_3__0_/D (DFCSNQD4)     0.249851 r     0.086440     0.000000 0.163411
text_out_reg_74_/D (DFCSNQD1)   0.260316 f     0.096297     0.000000 0.164019
u0/w_reg_3__19_/D (DFCSNQD4)    0.253274 r     0.089221     0.000000 0.164053
text_out_reg_59_/D (DFCSNQD1)   0.263484 f     0.099328     0.000000 0.164157
u0/w_reg_3__24_/D (DFCSNQD2)    0.265328 f     0.100924     0.000000 0.164404
u0/w_reg_1__5_/D (DFCSNQD1)     0.252284 r     0.087745     0.000000 0.164539
u0/w_reg_3__23_/D (DFCSNQD1)    0.259247 f     0.094134     0.000000 0.165113
text_out_reg_49_/D (DFCSNQD1)   0.264351 f     0.099221     0.000000 0.165130
text_out_reg_48_/D (DFCSNQD1)   0.265790 f     0.100620     0.000000 0.165170
sa33_reg_6_/D (DFCSNQD1)        0.268428 f     0.103115     0.000000 0.165313
sa03_reg_3_/D (DFCSNQD4)        0.257515 f     0.092050     0.000000 0.165464
text_out_reg_121_/D (DFCSNQD1)  0.264550 f     0.098859     0.000000 0.165691
u0/w_reg_2__22_/D (DFCSNQD1)    0.265461 f     0.099681     0.000000 0.165780
sa23_reg_4_/D (DFCSNQD4)        0.259357 f     0.093247     0.000000 0.166109
sa33_reg_3_/D (DFCSNQD4)        0.257510 r     0.090802     0.000000 0.166708
u0/w_reg_3__29_/D (DFCSNQD2)    0.269155 f     0.102437     0.000000 0.166717
u0/w_reg_3__21_/D (DFCSNQD2)    0.266369 f     0.099609     0.000000 0.166760
u0/w_reg_0__4_/D (DFCSNQD1)     0.255811 r     0.089030     0.000000 0.166781
text_out_reg_14_/D (DFCSNQD1)   0.263221 f     0.096203     0.000000 0.167018
sa13_reg_4_/D (DFCSNQD4)        0.255240 f     0.087818     0.000000 0.167422
u0/w_reg_0__23_/D (DFCSNQD1)    0.266673 f     0.099172     0.000000 0.167501
u0/w_reg_0__31_/D (DFCSNQD1)    0.256567 r     0.088597     0.000000 0.167970
sa23_reg_1_/D (DFCSNQD4)        0.262906 f     0.094590     0.000000 0.168316
sa33_reg_1_/D (DFCSNQD4)        0.261469 f     0.093005     0.000000 0.168465
u0/w_reg_2__21_/D (DFCSNQD1)    0.265678 f     0.097135     0.000000 0.168544
sa00_reg_1_/D (DFCSNQD4)        0.255054 f     0.086467     0.000000 0.168587
sa30_reg_4_/D (DFCSNQD4)        0.260454 f     0.090876     0.000000 0.169578
text_out_reg_1_/D (DFCSNQD1)    0.271740 f     0.101855     0.000000 0.169884
u0/w_reg_2__18_/D (DFCSNQD1)    0.266012 f     0.095943     0.000000 0.170069
u0/w_reg_0__15_/D (DFCSNQD1)    0.258695 r     0.088625     0.000000 0.170070
u0/w_reg_3__20_/D (DFCSNQD4)    0.255856 f     0.085539     0.000000 0.170317
u0/w_reg_2__6_/D (DFCSNQD1)     0.262215 f     0.091657     0.000000 0.170558
sa21_reg_1_/D (DFCSNQD4)        0.258502 f     0.087928     0.000000 0.170574
u0/w_reg_3__25_/D (DFCSNQD2)    0.272953 f     0.102333     0.000000 0.170620
u0/w_reg_3__17_/D (DFCSNQD2)    0.276424 f     0.105785     0.000000 0.170639
u0/w_reg_1__15_/D (DFCSNQD1)    0.259570 r     0.088652     0.000000 0.170918
text_out_reg_35_/D (DFCSNQD1)   0.270669 f     0.099639     0.000000 0.171029
sa23_reg_3_/D (DFCSNQD4)        0.264233 f     0.092916     0.000000 0.171317
u0/w_reg_0__20_/D (DFCSNQD1)    0.260581 r     0.088887     0.000000 0.171694
text_out_reg_26_/D (DFCSNQD1)   0.271904 f     0.100035     0.000000 0.171869
u0/w_reg_2__30_/D (DFCSNQD1)    0.262392 f     0.090169     0.000000 0.172223
u0/w_reg_2__14_/D (DFCSNQD1)    0.267091 f     0.094539     0.000000 0.172552
text_out_reg_9_/D (DFCSNQD1)    0.276282 f     0.103702     0.000000 0.172580
u0/w_reg_2__7_/D (DFCSNQD1)     0.267256 f     0.093662     0.000000 0.173594
u0/w_reg_0__7_/D (DFCSNQD1)     0.263957 r     0.089831     0.000000 0.174126
text_out_reg_28_/D (DFCSNQD1)   0.272823 f     0.098603     0.000000 0.174220
text_out_reg_66_/D (DFCSNQD1)   0.273379 f     0.098823     0.000000 0.174556
text_out_reg_42_/D (DFCSNQD1)   0.272108 f     0.097322     0.000000 0.174786
text_out_reg_80_/D (DFCSNQD1)   0.267620 f     0.092444     0.000000 0.175175
sa13_reg_7_/D (DFCSNQD1)        0.279670 f     0.104348     0.000000 0.175322
u0/w_reg_3__15_/D (DFCSNQD1)    0.264087 r     0.088651     0.000000 0.175436
u0/w_reg_3__18_/D (DFCSNQD2)    0.274737 f     0.099295     0.000000 0.175443
u0/w_reg_1__23_/D (DFCSNQD1)    0.265548 r     0.090036     0.000000 0.175513
text_out_reg_41_/D (DFCSNQD1)   0.276622 f     0.101080     0.000000 0.175542
sa13_reg_5_/D (DFCSNQD4)        0.266136 f     0.090419     0.000000 0.175718
text_out_reg_79_/D (DFCSNQD1)   0.272042 f     0.096267     0.000000 0.175775
text_out_reg_27_/D (DFCSNQD1)   0.273152 f     0.096867     0.000000 0.176285
text_out_reg_21_/D (DFCSNQD1)   0.275860 f     0.099416     0.000000 0.176443
sa30_reg_0_/D (DFCSNQD4)        0.268166 f     0.091442     0.000000 0.176724
u0/w_reg_3__27_/D (DFCSNQD4)    0.265554 r     0.088430     0.000000 0.177124
sa00_reg_3_/D (DFCSNQD4)        0.266335 r     0.088973     0.000000 0.177361
u0/w_reg_2__16_/D (DFCSNQD1)    0.275276 f     0.097407     0.000000 0.177869
text_out_reg_84_/D (DFCSNQD1)   0.275861 f     0.097050     0.000000 0.178811
u0/w_reg_3__14_/D (DFCSNQD1)    0.268168 r     0.089007     0.000000 0.179161
u0/w_reg_2__3_/D (DFCSNQD1)     0.269915 f     0.090543     0.000000 0.179372
text_out_reg_6_/D (DFCSNQD1)    0.276640 f     0.096539     0.000000 0.180101
sa22_reg_5_/D (DFCSNQD4)        0.274586 f     0.094270     0.000000 0.180317
u0/w_reg_1__31_/D (DFCSNQD1)    0.269541 r     0.088681     0.000000 0.180860
u0/w_reg_2__5_/D (DFCSNQD1)     0.271824 f     0.090380     0.000000 0.181445
u0/w_reg_0__28_/D (DFCSNQD1)    0.272745 r     0.090832     0.000000 0.181913
text_out_reg_85_/D (DFCSNQD1)   0.274548 f     0.091812     0.000000 0.182736
u0/w_reg_2__31_/D (DFCSNQD1)    0.273103 f     0.090249     0.000000 0.182854
u0/w_reg_2__10_/D (DFCSNQD1)    0.274519 f     0.090947     0.000000 0.183572
text_out_reg_107_/D (DFCSNQD1)  0.271388 r     0.086657     0.000000 0.184731
u0/w_reg_0__12_/D (DFCSNQD1)    0.275042 r     0.089442     0.000000 0.185600
u0/w_reg_3__9_/D (DFCSNQD2)     0.286279 f     0.100563     0.000000 0.185716
u0/w_reg_3__22_/D (DFCSNQD1)    0.275207 r     0.089073     0.000000 0.186134
u0/w_reg_2__24_/D (DFCSNQD1)    0.285583 f     0.098842     0.000000 0.186741
text_out_reg_7_/D (DFCSNQD1)    0.285152 f     0.097191     0.000000 0.187960
u0/w_reg_3__26_/D (DFCSNQD1)    0.279370 r     0.091014     0.000000 0.188355
u0/w_reg_2__26_/D (DFCSNQD1)    0.289347 f     0.100811     0.000000 0.188535
u0/w_reg_2__8_/D (DFCSNQD1)     0.282007 f     0.092858     0.000000 0.189149
u0/w_reg_2__25_/D (DFCSNQD1)    0.290616 f     0.101150     0.000000 0.189466
text_out_reg_67_/D (DFCSNQD1)   0.285296 f     0.095733     0.000000 0.189563
sa13_reg_1_/D (DFCSNQD4)        0.280292 f     0.090717     0.000000 0.189575
u0/w_reg_3__1_/D (DFCSNQD2)     0.290349 f     0.100642     0.000000 0.189707
text_out_reg_18_/D (DFCSNQD1)   0.289800 f     0.099804     0.000000 0.189996
text_out_reg_45_/D (DFCSNQD1)   0.289398 f     0.098430     0.000000 0.190968
u0/w_reg_3__7_/D (DFCSNQD1)     0.279647 r     0.088660     0.000000 0.190986
sa20_reg_5_/D (DFCSNQD4)        0.284130 f     0.092949     0.000000 0.191181
u0/w_reg_2__28_/D (DFCSNQD1)    0.285818 f     0.094288     0.000000 0.191531
text_out_reg_46_/D (DFCSNQD1)   0.284260 f     0.092426     0.000000 0.191834
text_out_reg_69_/D (DFCSNQD1)   0.287326 f     0.095307     0.000000 0.192019
sa30_reg_3_/D (DFCSNQD4)        0.290552 f     0.097236     0.000000 0.193316
sa22_reg_3_/D (DFCSNQD4)        0.284353 f     0.090239     0.000000 0.194114
u0/w_reg_2__0_/D (DFCSNQD1)     0.284988 r     0.090194     0.000000 0.194794
sa30_reg_5_/D (DFCSNQD4)        0.282732 r     0.087876     0.000000 0.194856
text_out_reg_64_/D (DFCSNQD1)   0.290473 f     0.095507     0.000000 0.194966
u0/w_reg_3__6_/D (DFCSNQD1)     0.283882 r     0.088081     0.000000 0.195801
u0/w_reg_2__9_/D (DFCSNQD1)     0.296016 f     0.099803     0.000000 0.196213
u0/w_reg_2__27_/D (DFCSNQD1)    0.296881 f     0.100125     0.000000 0.196756
u0/w_reg_1__7_/D (DFCSNQD1)     0.287319 r     0.090074     0.000000 0.197246
text_out_reg_16_/D (DFCSNQD1)   0.298535 f     0.101261     0.000000 0.197274
u0/w_reg_1__28_/D (DFCSNQD1)    0.289290 r     0.090876     0.000000 0.198414
u0/w_reg_1__20_/D (DFCSNQD1)    0.287045 r     0.088478     0.000000 0.198567
u0/w_reg_1__12_/D (DFCSNQD1)    0.288796 r     0.089718     0.000000 0.199078
u0/w_reg_1__4_/D (DFCSNQD1)     0.290117 r     0.089606     0.000000 0.200512
u0/w_reg_2__2_/D (DFCSNQD1)     0.293295 r     0.088144     0.000000 0.205152
u0/w_reg_2__19_/D (DFCSNQD1)    0.303313 f     0.097817     0.000000 0.205496
u0/w_reg_2__15_/D (DFCSNQD1)    0.305654 f     0.100076     0.000000 0.205578
text_out_reg_2_/D (DFCSNQD1)    0.305101 f     0.098978     0.000000 0.206123
u0/w_reg_2__4_/D (DFCSNQD1)     0.307872 f     0.100010     0.000000 0.207861
u0/w_reg_2__23_/D (DFCSNQD1)    0.309518 f     0.099242     0.000000 0.210277
u0/w_reg_2__17_/D (DFCSNQD1)    0.312430 f     0.101518     0.000000 0.210911
u0/w_reg_2__1_/D (DFCSNQD1)     0.300032 r     0.087924     0.000000 0.212108
sa23_reg_2_/D (DFCSNQD4)        0.302858 r     0.090473     0.000000 0.212386
text_out_reg_12_/D (DFCSNQD1)   0.312249 f     0.098962     0.000000 0.213288
u0/w_reg_3__2_/D (DFCSNQD2)     0.312807 f     0.097963     0.000000 0.214844
u0/w_reg_3__12_/D (DFCSNQD2)    0.304704 r     0.088645     0.000000 0.216059
u0/w_reg_2__20_/D (DFCSNQD1)    0.315974 f     0.098949     0.000000 0.217025
u0/w_reg_1__11_/D (DFCSNQD1)    0.324166 f     0.097714     0.000000 0.226452
u0/w_reg_0__11_/D (DFCSNQD1)    0.324929 f     0.095079     0.000000 0.229850
u0/w_reg_2__12_/D (DFCSNQD1)    0.328818 f     0.098594     0.000000 0.230224
text_out_reg_10_/D (DFCSNQD1)   0.326598 f     0.094500     0.000000 0.232098
u0/w_reg_2__11_/D (DFCSNQD1)    0.349153 f     0.100869     0.000000 0.248284
text_out_reg_11_/D (DFCSNQD1)   0.353754 f     0.096602     0.000000 0.257152
u0/w_reg_3__11_/D (DFCSNQD4)    0.365290 f     0.092039     0.000000 0.273251

1
