****************************************
Report : timing
	-path_type end
	-delay_type min
	-slack_lesser_than 1.000000
	-max_paths 684
	-sort_by slack
Design : aes_cipher_top
Version: K-2015.06-SP3-1
Date   : Thu Mar  8 21:27:46 2018
****************************************

Warning: There are 24 invalid end points for constrained paths. (UITE-416)
Endpoint                        Path Delay     Path Required    CRP     Slack
------------------------------------------------------------------------------
u0/r0/out_reg_27_/D (DFCSNQD1)  0.178768 f     0.197670     -0.021460 0.002558
text_out_reg_126_/D (DFCSNQD1)  0.182699 f     0.200844     -0.021460 0.003315
sa02_reg_7_/D (DFCSNQD1)        0.190928 f     0.207670     -0.021460 0.004718
u0/r0/out_reg_31_/D (DFCSNQD1)  0.185739 f     0.201402     -0.021460 0.005798
done_reg/D (DFCSNQD1)           0.185256 f     0.200651     -0.021460 0.006065
text_out_reg_0_/D (DFCSNQD1)    0.187587 f     0.199771     -0.021460 0.009276
text_out_reg_32_/D (DFCSNQD1)   0.192382 f     0.204153     -0.021460 0.009689
text_out_reg_125_/D (DFCSNQD1)  0.194446 f     0.205309     -0.021460 0.010597
text_out_reg_120_/D (DFCSNQD1)  0.197392 f     0.200446     -0.021460 0.018406
text_out_reg_95_/D (DFCSNQD1)   0.200989 f     0.203043     -0.021460 0.019406
u0/r0/out_reg_30_/D (DFCSNQD1)  0.197145 f     0.198974     -0.021460 0.019631
dcnt_reg_1_/D (DFCSNQD1)        0.198624 f     0.198781     -0.021460 0.021303
sa00_reg_7_/D (DFCSNQD1)        0.208882 f     0.207799     -0.021460 0.022543
sa22_reg_6_/D (DFCSNQD1)        0.213264 f     0.211493     -0.021460 0.023231
text_out_reg_122_/D (DFCSNQD1)  0.203554 f     0.201055     -0.021460 0.023959
sa00_reg_6_/D (DFCSNQD1)        0.210663 f     0.207668     -0.021460 0.024456
sa21_reg_7_/D (DFCSNQD1)        0.208210 f     0.205006     -0.021460 0.024665
text_out_reg_119_/D (DFCSNQD1)  0.201553 f     0.197958     -0.021460 0.025056
sa13_reg_6_/D (DFCSNQD1)        0.214760 f     0.210829     -0.021460 0.025391
sa30_reg_6_/D (DFCSNQD1)        0.217188 f     0.213129     -0.021460 0.025519
text_out_reg_13_/D (DFCSNQD1)   0.199922 f     0.195227     -0.021460 0.026156
sa33_reg_7_/D (DFCSNQD1)        0.205888 f     0.200299     -0.021460 0.027050
sa00_reg_5_/D (DFCSNQD4)        0.196335 f     0.188726     -0.021460 0.029070
sa32_reg_7_/D (DFCSNQD1)        0.213803 f     0.205966     -0.021460 0.029297
sa12_reg_6_/D (DFCSNQD1)        0.220577 f     0.211997     -0.021460 0.030040
text_out_reg_112_/D (DFCSNQD1)  0.212786 f     0.203721     -0.021460 0.030526
text_out_reg_89_/D (DFCSNQD1)   0.212963 f     0.203522     -0.021460 0.030902
sa11_reg_7_/D (DFCSNQD1)        0.215779 f     0.206055     -0.021460 0.031184
text_out_reg_103_/D (DFCSNQD1)  0.213753 f     0.203772     -0.021460 0.031442
text_out_reg_90_/D (DFCSNQD1)   0.212978 f     0.202936     -0.021460 0.031502
sa31_reg_6_/D (DFCSNQD1)        0.223447 f     0.212305     -0.021460 0.032603
sa20_reg_6_/D (DFCSNQD1)        0.209235 f     0.198089     -0.021460 0.032605
text_out_reg_31_/D (DFCSNQD1)   0.221931 f     0.209046     -0.021460 0.034345
text_out_reg_53_/D (DFCSNQD1)   0.216439 f     0.203264     -0.021460 0.034636
sa32_reg_6_/D (DFCSNQD1)        0.219185 f     0.205864     -0.021460 0.034781
text_out_reg_61_/D (DFCSNQD1)   0.193668 f     0.212561     -0.053878 0.034984
text_out_reg_93_/D (DFCSNQD1)   0.214906 f     0.200406     -0.021460 0.035960
text_out_reg_127_/D (DFCSNQD1)  0.183913 f     0.201867     -0.055182 0.037227
text_out_reg_38_/D (DFCSNQD1)   0.218885 f     0.203031     -0.021460 0.037315
sa31_reg_1_/D (DFCSNQD4)        0.208564 f     0.192479     -0.021460 0.037545
text_out_reg_86_/D (DFCSNQD1)   0.218406 f     0.200849     -0.021460 0.039017
text_out_reg_83_/D (DFCSNQD1)   0.231454 f     0.212434     -0.021460 0.040481
text_out_reg_98_/D (DFCSNQD1)   0.222061 f     0.202786     -0.021460 0.040735
text_out_reg_88_/D (DFCSNQD1)   0.222544 f     0.203197     -0.021460 0.040808
sa32_reg_0_/D (DFCSNQD4)        0.206513 f     0.186777     -0.021460 0.041196
sa11_reg_2_/D (DFCSNQD4)        0.204320 f     0.184132     -0.021460 0.041648
sa12_reg_0_/D (DFCSNQD4)        0.207414 f     0.186689     -0.021460 0.042185
sa00_reg_2_/D (DFCSNQD4)        0.207259 f     0.185920     -0.021460 0.042800
sa32_reg_1_/D (DFCSNQD4)        0.207694 f     0.186183     -0.021460 0.042971
sa33_reg_0_/D (DFCSNQD4)        0.203527 f     0.181659     -0.021460 0.043328
sa30_reg_7_/D (DFCSNQD1)        0.234761 f     0.212730     -0.021460 0.043491
sa01_reg_2_/D (DFCSNQD4)        0.207381 f     0.185321     -0.021460 0.043521
u0/r0/out_reg_26_/D (DFCSNQD1)  0.199915 f     0.208661     -0.053878 0.045131
sa31_reg_2_/D (DFCSNQD4)        0.219108 f     0.195333     -0.021460 0.045235
sa01_reg_7_/D (DFCSNQD1)        0.227803 f     0.203916     -0.021460 0.045348
text_out_reg_117_/D (DFCSNQD1)  0.190924 f     0.198093     -0.052575 0.045406
text_out_reg_34_/D (DFCSNQD1)   0.223652 f     0.199487     -0.021460 0.045626
u0/w_reg_0__14_/D (DFCSNQD1)    0.226894 f     0.202211     -0.021460 0.046144
sa22_reg_7_/D (DFCSNQD1)        0.236538 f     0.211370     -0.021460 0.046628
text_out_reg_96_/D (DFCSNQD1)   0.227952 f     0.202291     -0.021460 0.047122
text_out_reg_118_/D (DFCSNQD1)  0.191513 f     0.196761     -0.052575 0.047327
sa23_reg_5_/D (DFCSNQD4)        0.210982 f     0.184737     -0.021460 0.047705
u0/w_reg_0__2_/D (DFCSNQD1)     0.229800 f     0.203432     -0.021460 0.047829
sa20_reg_7_/D (DFCSNQD1)        0.228390 f     0.201907     -0.021460 0.047943
sa11_reg_6_/D (DFCSNQD1)        0.228988 f     0.202023     -0.021460 0.048424
text_out_reg_91_/D (DFCSNQD1)   0.229494 f     0.202283     -0.021460 0.048671
sa01_reg_5_/D (DFCSNQD4)        0.212971 f     0.185597     -0.021460 0.048834
u0/w_reg_0__27_/D (DFCSNQD1)    0.238219 f     0.210729     -0.021460 0.048951
sa11_reg_0_/D (DFCSNQD4)        0.218170 f     0.189752     -0.021460 0.049879
u0/r0/rcnt_reg_0_/D (DFCSNQD1)  0.174353 f     0.210630     -0.086536 0.050259
sa01_reg_6_/D (DFCSNQD1)        0.231097 f     0.202114     -0.021460 0.050443
text_out_reg_30_/D (DFCSNQD1)   0.231187 f     0.202151     -0.021460 0.050497
text_out_reg_111_/D (DFCSNQD1)  0.228207 f     0.199004     -0.021460 0.050663
text_out_reg_54_/D (DFCSNQD1)   0.231681 f     0.201983     -0.021460 0.051158
sa22_reg_1_/D (DFCSNQD4)        0.207725 f     0.177364     -0.021460 0.051822
sa12_reg_7_/D (DFCSNQD1)        0.244274 f     0.213477     -0.021460 0.052257
sa10_reg_7_/D (DFCSNQD1)        0.231723 f     0.200479     -0.021460 0.052705
u0/w_reg_0__19_/D (DFCSNQD1)    0.233546 f     0.202201     -0.021460 0.052806
u0/w_reg_0__16_/D (DFCSNQD1)    0.231129 f     0.199352     -0.021460 0.053237
text_out_reg_102_/D (DFCSNQD1)  0.199443 f     0.201797     -0.055785 0.053431
text_in_r_reg_32_/D (DFCSNQD1)  0.176360 f     0.206525     -0.083718 0.053553
sa01_reg_0_/D (DFCSNQD4)        0.222786 f     0.190670     -0.021460 0.053576
text_out_reg_4_/D (DFCSNQD1)    0.228459 f     0.196303     -0.021460 0.053616
sa13_reg_2_/D (DFCSNQD4)        0.215421 f     0.183183     -0.021460 0.053699
text_out_reg_104_/D (DFCSNQD1)  0.198637 f     0.197364     -0.052614 0.053888
sa21_reg_2_/D (DFCSNQD4)        0.218759 f     0.186248     -0.021460 0.053972
text_out_reg_123_/D (DFCSNQD1)  0.234638 f     0.202063     -0.021460 0.054035
text_in_r_reg_89_/D (DFCSNQD1)  0.182324 f     0.215014     -0.086858 0.054168
sa02_reg_0_/D (DFCSNQD4)        0.218309 f     0.185440     -0.021460 0.054329
text_in_r_reg_48_/D (DFCSNQD1)  0.177843 f     0.206002     -0.082493 0.054334
text_in_r_reg_1_/D (DFCSNQD1)   0.186203 f     0.220586     -0.088717 0.054334
sa33_reg_5_/D (DFCSNQD4)        0.220406 f     0.187446     -0.021460 0.054420
text_in_r_reg_19_/D (DFCSNQD1)  0.177450 f     0.206058     -0.083154 0.054546
text_in_r_reg_9_/D (DFCSNQD1)   0.178663 f     0.209692     -0.085580 0.054551
text_in_r_reg_85_/D (DFCSNQD1)  0.175291 f     0.203527     -0.082798 0.054563
text_out_reg_94_/D (DFCSNQD1)   0.234917 f     0.201767     -0.021460 0.054610
u0/w_reg_0__8_/D (DFCSNQD1)     0.230570 f     0.197316     -0.021460 0.054714
sa31_reg_7_/D (DFCSNQD1)        0.244377 f     0.210676     -0.021460 0.055161
text_in_r_reg_104_/D (DFCSNQD1) 0.179583 f     0.206885     -0.082493 0.055191
text_in_r_reg_24_/D (DFCSNQD1)  0.183828 f     0.217105     -0.088717 0.055441
dcnt_reg_0_/D (DFCSNQD1)        0.171458 f     0.199095     -0.083154 0.055518
text_in_r_reg_97_/D (DFCSNQD1)  0.175871 f     0.205276     -0.084932 0.055527
text_out_reg_92_/D (DFCSNQD1)   0.235768 f     0.201265     -0.021460 0.055963
dcnt_reg_2_/D (DFCSNQD1)        0.234928 f     0.200330     -0.021460 0.056059
text_out_reg_58_/D (DFCSNQD1)   0.208277 f     0.205839     -0.053878 0.056316
text_in_r_reg_25_/D (DFCSNQD1)  0.187774 f     0.220113     -0.088717 0.056379
text_in_r_reg_127_/D (DFCSNQD1) 0.180019 f     0.206730     -0.083154 0.056443
text_in_r_reg_28_/D (DFCSNQD1)  0.177600 f     0.203156     -0.082143 0.056587
sa03_reg_7_/D (DFCSNQD1)        0.203434 f     0.201850     -0.055182 0.056765
text_in_r_reg_34_/D (DFCSNQD1)  0.183845 f     0.212817     -0.086029 0.057057
text_out_reg_65_/D (DFCSNQD1)   0.234823 f     0.198981     -0.021460 0.057303
text_in_r_reg_36_/D (DFCSNQD1)  0.179566 f     0.207133     -0.084932 0.057365
text_in_r_reg_38_/D (DFCSNQD1)  0.182390 f     0.209433     -0.084435 0.057393
sa23_reg_7_/D (DFCSNQD1)        0.242965 f     0.206915     -0.021460 0.057511
sa32_reg_5_/D (DFCSNQD4)        0.188509 f     0.186661     -0.055785 0.057633
text_in_r_reg_26_/D (DFCSNQD1)  0.186510 f     0.217548     -0.088717 0.057680
text_in_r_reg_8_/D (DFCSNQD1)   0.187463 f     0.218426     -0.088717 0.057754
text_in_r_reg_86_/D (DFCSNQD1)  0.180225 f     0.205233     -0.082798 0.057790
sa32_reg_3_/D (DFCSNQD4)        0.226152 f     0.189690     -0.021460 0.057922
sa02_reg_6_/D (DFCSNQD1)        0.242072 f     0.205577     -0.021460 0.057955
text_in_r_reg_29_/D (DFCSNQD1)  0.190138 f     0.220802     -0.088717 0.058053
dcnt_reg_3_/D (DFCSNQD1)        0.239402 f     0.202666     -0.021460 0.058196
text_in_r_reg_95_/D (DFCSNQD1)  0.177910 f     0.204027     -0.084326 0.058209
text_in_r_reg_54_/D (DFCSNQD1)  0.178628 f     0.202870     -0.082493 0.058251
text_in_r_reg_46_/D (DFCSNQD1)  0.182529 f     0.208882     -0.085024 0.058671
text_in_r_reg_102_/D (DFCSNQD1) 0.186704 f     0.212394     -0.084435 0.058745
text_in_r_reg_31_/D (DFCSNQD1)  0.182872 f     0.207807     -0.083956 0.059021
text_in_r_reg_90_/D (DFCSNQD1)  0.185251 f     0.211789     -0.085580 0.059043
text_in_r_reg_108_/D (DFCSNQD1) 0.181007 f     0.205835     -0.083903 0.059075
sa22_reg_0_/D (DFCSNQD4)        0.195292 f     0.188820     -0.052614 0.059086
text_in_r_reg_51_/D (DFCSNQD1)  0.182816 f     0.209063     -0.085354 0.059107
text_in_r_reg_10_/D (DFCSNQD1)  0.187544 f     0.214287     -0.085881 0.059138
sa31_reg_4_/D (DFCSNQD4)        0.232553 f     0.194835     -0.021460 0.059178
text_in_r_reg_22_/D (DFCSNQD1)  0.182833 f     0.208424     -0.085026 0.059435
sa21_reg_5_/D (DFCSNQD4)        0.225190 f     0.187171     -0.021460 0.059479
text_in_r_reg_59_/D (DFCSNQD1)  0.185162 f     0.211013     -0.085580 0.059730
text_in_r_reg_93_/D (DFCSNQD1)  0.175688 f     0.197115     -0.081721 0.060295
sa13_reg_0_/D (DFCSNQD4)        0.223222 f     0.184384     -0.021460 0.060299
sa10_reg_5_/D (DFCSNQD4)        0.219272 f     0.180348     -0.021460 0.060385
text_out_reg_40_/D (DFCSNQD1)   0.204099 f     0.196200     -0.052614 0.060514
text_in_r_reg_82_/D (DFCSNQD1)  0.184499 f     0.209270     -0.085354 0.060582
text_in_r_reg_81_/D (DFCSNQD1)  0.184405 f     0.210728     -0.086953 0.060630
text_in_r_reg_16_/D (DFCSNQD1)  0.185968 f     0.208410     -0.083154 0.060712
sa23_reg_6_/D (DFCSNQD1)        0.243295 f     0.203999     -0.021460 0.060757
text_in_r_reg_27_/D (DFCSNQD1)  0.183993 f     0.206262     -0.083154 0.060886
text_in_r_reg_41_/D (DFCSNQD1)  0.184977 f     0.210871     -0.086953 0.061059
sa31_reg_5_/D (DFCSNQD4)        0.234335 f     0.194647     -0.021460 0.061149
sa02_reg_2_/D (DFCSNQD4)        0.235217 f     0.195494     -0.021460 0.061183
text_in_r_reg_116_/D (DFCSNQD1) 0.185490 f     0.206356     -0.082143 0.061277
text_in_r_reg_5_/D (DFCSNQD1)   0.185414 f     0.209031     -0.084932 0.061315
text_in_r_reg_60_/D (DFCSNQD1)  0.185118 f     0.210469     -0.086953 0.061601
text_in_r_reg_96_/D (DFCSNQD1)  0.188360 f     0.212619     -0.085881 0.061622
text_in_r_reg_122_/D (DFCSNQD1) 0.180778 f     0.203372     -0.084326 0.061732
text_in_r_reg_87_/D (DFCSNQD1)  0.182010 f     0.206803     -0.086563 0.061770
text_in_r_reg_110_/D (DFCSNQD1) 0.183863 f     0.207933     -0.085881 0.061810
text_in_r_reg_47_/D (DFCSNQD1)  0.184575 f     0.204930     -0.082493 0.062138
text_out_reg_8_/D (DFCSNQD1)    0.181232 f     0.204083     -0.085051 0.062200
text_out_reg_50_/D (DFCSNQD1)   0.208664 f     0.198522     -0.052575 0.062718
text_in_r_reg_73_/D (DFCSNQD1)  0.183602 f     0.205420     -0.084611 0.062792
text_in_r_reg_42_/D (DFCSNQD1)  0.178141 f     0.196558     -0.081306 0.062888
text_in_r_reg_83_/D (DFCSNQD1)  0.181408 f     0.202178     -0.083718 0.062948
text_in_r_reg_39_/D (DFCSNQD1)  0.188475 f     0.209870     -0.084435 0.063040
sa00_reg_0_/D (DFCSNQD4)        0.226548 f     0.184951     -0.021460 0.063057
text_in_r_reg_56_/D (DFCSNQD1)  0.184442 f     0.206376     -0.085024 0.063090
text_out_reg_47_/D (DFCSNQD1)   0.236593 f     0.194769     -0.021460 0.063284
text_in_r_reg_40_/D (DFCSNQD1)  0.178853 f     0.197104     -0.081589 0.063338
text_in_r_reg_0_/D (DFCSNQD1)   0.178509 f     0.200023     -0.085026 0.063512
text_out_reg_87_/D (DFCSNQD1)   0.209201 f     0.200778     -0.055182 0.063604
sa20_reg_2_/D (DFCSNQD4)        0.235431 f     0.193274     -0.021460 0.063618
text_in_r_reg_69_/D (DFCSNQD1)  0.178973 f     0.197034     -0.081721 0.063660
sa10_reg_6_/D (DFCSNQD1)        0.209704 f     0.198549     -0.052575 0.063729
text_in_r_reg_75_/D (DFCSNQD1)  0.180660 f     0.198528     -0.081652 0.063785
text_out_reg_116_/D (DFCSNQD1)  0.245292 f     0.202779     -0.021460 0.063973
text_in_r_reg_117_/D (DFCSNQD1) 0.180791 f     0.202591     -0.085783 0.063983
sa21_reg_6_/D (DFCSNQD1)        0.247028 f     0.204390     -0.021460 0.064099
text_out_reg_5_/D (DFCSNQD1)    0.244765 f     0.201944     -0.021460 0.064281
text_in_r_reg_100_/D (DFCSNQD1) 0.187120 f     0.208718     -0.085881 0.064283
text_out_reg_77_/D (DFCSNQD1)   0.238684 f     0.195716     -0.021460 0.064428
text_in_r_reg_49_/D (DFCSNQD1)  0.183389 f     0.204054     -0.085354 0.064688
text_in_r_reg_58_/D (DFCSNQD1)  0.184174 f     0.204490     -0.085024 0.064709
text_out_reg_78_/D (DFCSNQD1)   0.234817 f     0.191369     -0.021460 0.064909
text_in_r_reg_112_/D (DFCSNQD1) 0.180022 f     0.197294     -0.082549 0.065277
text_in_r_reg_94_/D (DFCSNQD1)  0.184883 f     0.203871     -0.084326 0.065338
text_in_r_reg_124_/D (DFCSNQD1) 0.181453 f     0.201823     -0.085783 0.065412
text_in_r_reg_109_/D (DFCSNQD1) 0.182122 f     0.202434     -0.085783 0.065471
text_in_r_reg_21_/D (DFCSNQD1)  0.180158 f     0.199623     -0.085026 0.065561
text_out_reg_3_/D (DFCSNQD1)    0.240088 f     0.195793     -0.021460 0.065755
text_out_reg_63_/D (DFCSNQD1)   0.215539 f     0.204961     -0.055182 0.065760
sa12_reg_3_/D (DFCSNQD4)        0.232086 f     0.187698     -0.021460 0.065849
text_in_r_reg_72_/D (DFCSNQD1)  0.183503 f     0.199275     -0.081652 0.065879
text_in_r_reg_91_/D (DFCSNQD1)  0.184440 f     0.202208     -0.083696 0.065928
text_in_r_reg_35_/D (DFCSNQD1)  0.184529 f     0.203386     -0.085024 0.066167
text_in_r_reg_63_/D (DFCSNQD1)  0.181690 f     0.198001     -0.082493 0.066182
text_in_r_reg_119_/D (DFCSNQD1) 0.181075 f     0.196358     -0.081771 0.066489
sa02_reg_5_/D (DFCSNQD4)        0.208213 f     0.195282     -0.053878 0.066809
text_in_r_reg_52_/D (DFCSNQD1)  0.193300 f     0.212257     -0.085881 0.066924
text_in_r_reg_44_/D (DFCSNQD1)  0.194894 f     0.213898     -0.086029 0.067025
text_in_r_reg_33_/D (DFCSNQD1)  0.190229 f     0.208093     -0.084932 0.067069
text_out_reg_81_/D (DFCSNQD1)   0.237466 f     0.191774     -0.021460 0.067152
text_in_r_reg_84_/D (DFCSNQD1)  0.189322 f     0.206476     -0.084451 0.067298
text_in_r_reg_2_/D (DFCSNQD1)   0.181581 f     0.196015     -0.081771 0.067338
text_out_reg_19_/D (DFCSNQD1)   0.245291 f     0.199390     -0.021460 0.067362
text_out_reg_43_/D (DFCSNQD1)   0.257828 f     0.211808     -0.021460 0.067480
text_in_r_reg_6_/D (DFCSNQD1)   0.191445 f     0.206509     -0.082798 0.067734
text_in_r_reg_57_/D (DFCSNQD1)  0.186841 f     0.203315     -0.084451 0.067978
text_in_r_reg_120_/D (DFCSNQD1) 0.182430 f     0.199376     -0.085026 0.068081
text_in_r_reg_4_/D (DFCSNQD1)   0.182600 f     0.195296     -0.081225 0.068529
text_out_reg_60_/D (DFCSNQD1)   0.227100 f     0.212073     -0.053878 0.068904
text_in_r_reg_113_/D (DFCSNQD1) 0.184413 f     0.201269     -0.085783 0.068927
text_out_reg_68_/D (DFCSNQD1)   0.240149 f     0.192523     -0.021460 0.069087
text_in_r_reg_115_/D (DFCSNQD1) 0.182559 f     0.194395     -0.081154 0.069318
text_out_reg_29_/D (DFCSNQD1)   0.249491 f     0.201512     -0.021460 0.069440
sa23_reg_0_/D (DFCSNQD4)        0.235488 f     0.187474     -0.021460 0.069474
text_in_r_reg_7_/D (DFCSNQD1)   0.186730 f     0.202252     -0.085026 0.069504
text_in_r_reg_79_/D (DFCSNQD1)  0.184004 f     0.196132     -0.081652 0.069524
text_in_r_reg_13_/D (DFCSNQD1)  0.183930 f     0.195493     -0.081225 0.069663
text_in_r_reg_98_/D (DFCSNQD1)  0.183566 f     0.198857     -0.085026 0.069735
sa01_reg_1_/D (DFCSNQD4)        0.232859 f     0.184470     -0.021460 0.069850
sa32_reg_2_/D (DFCSNQD4)        0.202726 f     0.188368     -0.055785 0.070142
text_in_r_reg_125_/D (DFCSNQD1) 0.186101 f     0.201505     -0.085783 0.070378
text_out_reg_70_/D (DFCSNQD1)   0.242980 f     0.193905     -0.021460 0.070535
text_in_r_reg_118_/D (DFCSNQD1) 0.183900 f     0.195123     -0.081771 0.070548
text_in_r_reg_77_/D (DFCSNQD1)  0.192529 f     0.205476     -0.083696 0.070749
text_in_r_reg_103_/D (DFCSNQD1) 0.194833 f     0.208415     -0.084435 0.070853
text_in_r_reg_106_/D (DFCSNQD1) 0.186370 f     0.201259     -0.085783 0.070894
sa12_reg_2_/D (DFCSNQD4)        0.238218 f     0.188452     -0.021460 0.071226
sa03_reg_5_/D (DFCSNQD4)        0.208004 f     0.190550     -0.053878 0.071332
sa20_reg_0_/D (DFCSNQD4)        0.200279 f     0.181529     -0.052614 0.071364
text_out_reg_110_/D (DFCSNQD1)  0.217119 f     0.201973     -0.056229 0.071375
sa20_reg_4_/D (DFCSNQD4)        0.240777 f     0.190782     -0.021460 0.071455
text_in_r_reg_114_/D (DFCSNQD1) 0.185313 f     0.195621     -0.081771 0.071463
sa12_reg_4_/D (DFCSNQD4)        0.237934 f     0.187873     -0.021460 0.071522
text_in_r_reg_88_/D (DFCSNQD1)  0.196483 f     0.208241     -0.083696 0.071938
text_in_r_reg_61_/D (DFCSNQD1)  0.195119 f     0.206775     -0.083718 0.072062
text_out_reg_20_/D (DFCSNQD1)   0.250210 f     0.199425     -0.021460 0.072245
text_in_r_reg_121_/D (DFCSNQD1) 0.186615 f     0.196882     -0.082549 0.072282
text_in_r_reg_45_/D (DFCSNQD1)  0.193117 f     0.205660     -0.084932 0.072389
text_in_r_reg_62_/D (DFCSNQD1)  0.189301 f     0.199184     -0.082493 0.072610
text_out_reg_55_/D (DFCSNQD1)   0.221684 f     0.204081     -0.055182 0.072784
text_in_r_reg_70_/D (DFCSNQD1)  0.187150 f     0.195553     -0.081306 0.072903
sa01_reg_4_/D (DFCSNQD4)        0.232276 f     0.180692     -0.021460 0.073045
text_out_reg_114_/D (DFCSNQD1)  0.188497 f     0.196522     -0.081154 0.073130
text_in_r_reg_12_/D (DFCSNQD1)  0.188509 f     0.196905     -0.081532 0.073136
text_in_r_reg_111_/D (DFCSNQD1) 0.187162 f     0.195235     -0.081225 0.073152
text_out_reg_82_/D (DFCSNQD1)   0.253661 f     0.201891     -0.021460 0.073231
text_in_r_reg_18_/D (DFCSNQD1)  0.187270 f     0.198689     -0.085026 0.073607
sa31_reg_0_/D (DFCSNQD4)        0.245219 f     0.193064     -0.021460 0.073615
text_in_r_reg_20_/D (DFCSNQD1)  0.188013 f     0.195704     -0.081532 0.073840
text_in_r_reg_92_/D (DFCSNQD1)  0.192825 f     0.202506     -0.083696 0.074015
text_in_r_reg_14_/D (DFCSNQD1)  0.187004 f     0.194094     -0.081154 0.074064
text_in_r_reg_78_/D (DFCSNQD1)  0.190771 f     0.198283     -0.081652 0.074141
sa11_reg_3_/D (DFCSNQD4)        0.239344 f     0.186655     -0.021460 0.074149
text_in_r_reg_66_/D (DFCSNQD1)  0.190481 f     0.197614     -0.081306 0.074172
text_in_r_reg_15_/D (DFCSNQD1)  0.189168 f     0.196601     -0.081771 0.074338
text_out_reg_108_/D (DFCSNQD1)  0.251155 f     0.197927     -0.021460 0.074688
text_in_r_reg_11_/D (DFCSNQD1)  0.189951 f     0.196592     -0.081532 0.074890
text_in_r_reg_101_/D (DFCSNQD1) 0.193297 f     0.203743     -0.085363 0.074916
sa02_reg_1_/D (DFCSNQD4)        0.208432 f     0.189696     -0.056229 0.074965
text_in_r_reg_99_/D (DFCSNQD1)  0.189825 f     0.196082     -0.081225 0.074968
text_in_r_reg_23_/D (DFCSNQD1)  0.194650 f     0.201551     -0.082143 0.075242
text_out_reg_36_/D (DFCSNQD1)   0.226182 f     0.204744     -0.053831 0.075270
text_in_r_reg_53_/D (DFCSNQD1)  0.199498 f     0.211638     -0.087523 0.075382
text_out_reg_106_/D (DFCSNQD1)  0.221903 f     0.202733     -0.056229 0.075398
text_out_reg_23_/D (DFCSNQD1)   0.254630 f     0.200692     -0.021460 0.075398
text_out_reg_124_/D (DFCSNQD1)  0.256240 f     0.202268     -0.021460 0.075432
text_in_r_reg_126_/D (DFCSNQD1) 0.190158 f     0.195748     -0.081225 0.075635
text_out_reg_101_/D (DFCSNQD1)  0.225513 f     0.205648     -0.055785 0.075650
text_in_r_reg_50_/D (DFCSNQD1)  0.190521 f     0.197235     -0.082549 0.075835
text_in_r_reg_55_/D (DFCSNQD1)  0.196340 f     0.204206     -0.083718 0.075852
text_out_reg_71_/D (DFCSNQD1)   0.246481 f     0.191998     -0.021460 0.075943
text_in_r_reg_3_/D (DFCSNQD1)   0.190169 f     0.195015     -0.081154 0.076309
sa30_reg_2_/D (DFCSNQD4)        0.236001 f     0.181129     -0.021460 0.076332
text_in_r_reg_64_/D (DFCSNQD1)  0.195636 f     0.200820     -0.081589 0.076404
text_out_reg_105_/D (DFCSNQD1)  0.255640 f     0.200596     -0.021460 0.076503
u0/w_reg_0__29_/D (DFCSNQD1)    0.234156 f     0.211462     -0.053878 0.076572
u0/r0/out_reg_28_/D (DFCSNQD1)  0.232573 f     0.209815     -0.053878 0.076636
sa03_reg_6_/D (DFCSNQD1)        0.221696 f     0.200181     -0.055182 0.076696
sa22_reg_2_/D (DFCSNQD4)        0.205728 f     0.181444     -0.052614 0.076898
text_out_reg_39_/D (DFCSNQD1)   0.195253 f     0.203537     -0.085363 0.077079
text_in_r_reg_123_/D (DFCSNQD1) 0.190763 f     0.194784     -0.081225 0.077204
text_in_r_reg_76_/D (DFCSNQD1)  0.195488 f     0.202661     -0.084451 0.077278
sa02_reg_3_/D (DFCSNQD4)        0.241636 f     0.185809     -0.021460 0.077288
text_out_reg_44_/D (DFCSNQD1)   0.257680 f     0.201771     -0.021460 0.077369
text_in_r_reg_67_/D (DFCSNQD1)  0.192007 f     0.196002     -0.081589 0.077594
sa20_reg_3_/D (DFCSNQD4)        0.241162 f     0.184985     -0.021460 0.077638
sa22_reg_4_/D (DFCSNQD4)        0.250980 f     0.194791     -0.021460 0.077649
text_in_r_reg_43_/D (DFCSNQD1)  0.203654 f     0.209630     -0.083718 0.077742
text_out_reg_113_/D (DFCSNQD1)  0.258584 f     0.201955     -0.021460 0.078089
u0/w_reg_2__3_/D (DFCSNQD1)     0.268679 f     0.212021     -0.021460 0.078119
text_in_r_reg_37_/D (DFCSNQD1)  0.194620 f     0.198901     -0.082493 0.078212
text_out_reg_37_/D (DFCSNQD1)   0.193145 f     0.199841     -0.084932 0.078236
text_out_reg_115_/D (DFCSNQD1)  0.252954 f     0.195915     -0.021460 0.078499
u0/w_reg_0__25_/D (DFCSNQD1)    0.236580 f     0.211652     -0.053878 0.078806
sa03_reg_4_/D (DFCSNQD4)        0.243311 f     0.185918     -0.021460 0.078853
text_in_r_reg_68_/D (DFCSNQD1)  0.200120 f     0.204822     -0.083857 0.079155
text_out_reg_22_/D (DFCSNQD1)   0.257229 f     0.199412     -0.021460 0.079277
sa13_reg_7_/D (DFCSNQD1)        0.273458 f     0.214543     -0.021460 0.080376
text_in_r_reg_105_/D (DFCSNQD1) 0.194462 f     0.199074     -0.085026 0.080414
sa10_reg_0_/D (DFCSNQD4)        0.180658 f     0.182782     -0.082549 0.080425
text_out_reg_109_/D (DFCSNQD1)  0.261891 f     0.202604     -0.021460 0.080747
text_out_reg_73_/D (DFCSNQD1)   0.258151 f     0.198686     -0.021460 0.080925
text_in_r_reg_74_/D (DFCSNQD1)  0.199661 f     0.202386     -0.084326 0.081602
text_out_reg_9_/D (DFCSNQD1)    0.275793 f     0.215546     -0.021460 0.081707
text_out_reg_48_/D (DFCSNQD1)   0.264626 f     0.204373     -0.021460 0.081714
sa11_reg_1_/D (DFCSNQD4)        0.248279 f     0.187705     -0.021460 0.082035
sa33_reg_4_/D (DFCSNQD4)        0.248562 f     0.187985     -0.021460 0.082037
text_in_r_reg_71_/D (DFCSNQD1)  0.196569 f     0.195461     -0.081306 0.082413
text_out_reg_57_/D (DFCSNQD1)   0.241134 f     0.212367     -0.053878 0.082645
text_out_reg_15_/D (DFCSNQD1)   0.253925 f     0.192653     -0.021460 0.082733
u0/w_reg_1__26_/D (DFCSNQD1)    0.208932 f     0.212937     -0.086858 0.082853
sa00_reg_4_/D (DFCSNQD4)        0.251780 f     0.190365     -0.021460 0.082875
u0/w_reg_0__13_/D (DFCSNQD1)    0.231238 f     0.204549     -0.056229 0.082917
text_out_reg_51_/D (DFCSNQD1)   0.233124 f     0.204896     -0.055182 0.083409
u0/w_reg_1__0_/D (DFCSNQD1)     0.267930 f     0.205922     -0.021460 0.083469
sa12_reg_5_/D (DFCSNQD4)        0.247857 f     0.185761     -0.021460 0.083557
text_out_reg_1_/D (DFCSNQD1)    0.271248 f     0.209093     -0.021460 0.083615
u0/r0/out_reg_25_/D (DFCSNQD1)  0.204221 f     0.207111     -0.086536 0.083646
sa30_reg_1_/D (DFCSNQD4)        0.243185 f     0.180961     -0.021460 0.083684
sa11_reg_4_/D (DFCSNQD4)        0.218301 f     0.190606     -0.056229 0.083924
text_out_reg_49_/D (DFCSNQD1)   0.264115 f     0.201564     -0.021460 0.084011
sa33_reg_2_/D (DFCSNQD4)        0.212841 f     0.181220     -0.052575 0.084196
text_out_reg_121_/D (DFCSNQD1)  0.264315 f     0.201485     -0.021460 0.084290
sa01_reg_3_/D (DFCSNQD4)        0.243339 f     0.180224     -0.021460 0.084575
text_out_reg_76_/D (DFCSNQD1)   0.255847 f     0.192365     -0.021460 0.084942
text_in_r_reg_80_/D (DFCSNQD1)  0.204030 f     0.202701     -0.083696 0.085026
u0/r0/out_reg_29_/D (DFCSNQD1)  0.205591 f     0.207024     -0.086536 0.085103
sa13_reg_4_/D (DFCSNQD4)        0.251355 f     0.186863     -0.021460 0.085953
u0/w_reg_2__14_/D (DFCSNQD1)    0.268888 f     0.204160     -0.021460 0.086188
text_out_reg_41_/D (DFCSNQD1)   0.276131 f     0.210842     -0.021460 0.086750
u0/w_reg_1__27_/D (DFCSNQD1)    0.278210 f     0.212584     -0.021460 0.087087
sa33_reg_3_/D (DFCSNQD4)        0.253369 f     0.187621     -0.021460 0.087208
text_out_reg_74_/D (DFCSNQD1)   0.259832 f     0.194065     -0.021460 0.087227
text_in_r_reg_107_/D (DFCSNQD1) 0.202569 f     0.197593     -0.082549 0.087525
text_out_reg_99_/D (DFCSNQD1)   0.234071 f     0.200320     -0.053831 0.087582
sa20_reg_1_/D (DFCSNQD4)        0.249207 f     0.182930     -0.021460 0.087737
text_in_r_reg_65_/D (DFCSNQD1)  0.206997 f     0.203063     -0.083857 0.087792
sa32_reg_4_/D (DFCSNQD4)        0.219598 f     0.187134     -0.055785 0.088249
text_out_reg_17_/D (DFCSNQD1)   0.284045 f     0.217153     -0.021460 0.088352
sa03_reg_3_/D (DFCSNQD4)        0.251736 f     0.184513     -0.021460 0.088683
text_out_reg_80_/D (DFCSNQD1)   0.269467 r     0.202243     -0.021460 0.088684
u0/w_reg_0__30_/D (DFCSNQD1)    0.238330 f     0.204760     -0.055182 0.088751
text_out_reg_33_/D (DFCSNQD1)   0.236380 f     0.201216     -0.053831 0.088996
sa23_reg_4_/D (DFCSNQD4)        0.257484 f     0.188893     -0.021460 0.090051
sa00_reg_1_/D (DFCSNQD4)        0.249161 r     0.180478     -0.021460 0.090144
sa10_reg_2_/D (DFCSNQD4)        0.218144 f     0.180371     -0.052575 0.090348
u0/w_reg_0__15_/D (DFCSNQD1)    0.270150 f     0.201214     -0.021460 0.090396
u0/r0/out_reg_24_/D (DFCSNQD1)  0.209916 f     0.206023     -0.086858 0.090751
text_out_reg_14_/D (DFCSNQD1)   0.262993 f     0.193557     -0.021460 0.090896
sa12_reg_1_/D (DFCSNQD4)        0.222511 f     0.186624     -0.055182 0.091068
u0/w_reg_0__1_/D (DFCSNQD1)     0.236095 f     0.198847     -0.053831 0.091079
text_out_reg_25_/D (DFCSNQD1)   0.255478 f     0.217946     -0.053878 0.091410
u0/w_reg_1__19_/D (DFCSNQD1)    0.272821 f     0.202739     -0.021460 0.091542
text_out_reg_26_/D (DFCSNQD1)   0.271668 f     0.201281     -0.021460 0.091847
text_out_reg_85_/D (DFCSNQD1)   0.275261 r     0.204816     -0.021460 0.091905
u0/w_reg_0__10_/D (DFCSNQD1)    0.240199 f     0.204237     -0.056229 0.092191
sa23_reg_1_/D (DFCSNQD4)        0.257707 f     0.186681     -0.021460 0.092486
sa03_reg_2_/D (DFCSNQD4)        0.203949 f     0.200152     -0.088717 0.092515
text_in_r_reg_30_/D (DFCSNQD1)  0.207132 f     0.195730     -0.081225 0.092627
sa23_reg_3_/D (DFCSNQD4)        0.259611 f     0.188116     -0.021460 0.092955
sa21_reg_1_/D (DFCSNQD4)        0.255484 f     0.183547     -0.021460 0.093398
text_out_reg_66_/D (DFCSNQD1)   0.272741 f     0.200210     -0.021460 0.093992
text_in_r_reg_17_/D (DFCSNQD1)  0.208348 f     0.195356     -0.081154 0.094145
text_out_reg_21_/D (DFCSNQD1)   0.274662 f     0.201469     -0.021460 0.094654
sa22_reg_5_/D (DFCSNQD4)        0.263571 f     0.190207     -0.021460 0.094824
u0/w_reg_1__8_/D (DFCSNQD1)     0.272360 f     0.198724     -0.021460 0.095097
text_out_reg_75_/D (DFCSNQD1)   0.233727 f     0.191117     -0.052614 0.095224
u0/w_reg_1__16_/D (DFCSNQD1)    0.280095 f     0.205849     -0.021460 0.095707
sa21_reg_0_/D (DFCSNQD4)        0.231187 f     0.186753     -0.052614 0.097048
u0/w_reg_1__30_/D (DFCSNQD1)    0.278934 f     0.203159     -0.021460 0.097236
sa03_reg_0_/D (DFCSNQD4)        0.208701 f     0.199811     -0.088717 0.097607
sa00_reg_3_/D (DFCSNQD4)        0.261975 f     0.185558     -0.021460 0.097877
text_out_reg_42_/D (DFCSNQD1)   0.271667 f     0.195226     -0.021460 0.097902
text_out_reg_28_/D (DFCSNQD1)   0.272607 f     0.196161     -0.021460 0.097906
sa30_reg_0_/D (DFCSNQD4)        0.261744 f     0.184999     -0.021460 0.098205
u0/w_reg_3__4_/D (DFCSNQD4)     0.198803 f     0.185606     -0.085026 0.098223
u0/w_reg_2__16_/D (DFCSNQD1)    0.274175 f     0.196704     -0.021460 0.098931
sa13_reg_5_/D (DFCSNQD4)        0.260368 f     0.182474     -0.021460 0.099355
text_out_reg_79_/D (DFCSNQD1)   0.271813 f     0.193841     -0.021460 0.099432
sa21_reg_3_/D (DFCSNQD4)        0.228888 f     0.181679     -0.052614 0.099823
text_out_reg_27_/D (DFCSNQD1)   0.272658 f     0.193226     -0.021460 0.100892
u0/r0/rcnt_reg_3_/D (DFCSNQD1)  0.223745 f     0.210183     -0.087375 0.100936
u0/w_reg_1__2_/D (DFCSNQD1)     0.282434 f     0.202882     -0.021460 0.101012
text_out_reg_84_/D (DFCSNQD1)   0.274364 f     0.194295     -0.021460 0.101529
text_out_reg_62_/D (DFCSNQD1)   0.246152 f     0.199707     -0.055182 0.101626
text_out_reg_72_/D (DFCSNQD1)   0.217895 f     0.197508     -0.081652 0.102039
sa21_reg_4_/D (DFCSNQD4)        0.234105 f     0.184546     -0.052614 0.102173
u0/w_reg_0__21_/D (DFCSNQD1)    0.245346 f     0.195486     -0.052575 0.102435
text_out_reg_100_/D (DFCSNQD1)  0.220261 f     0.201309     -0.083718 0.102669
text_out_reg_52_/D (DFCSNQD1)   0.251116 f     0.203102     -0.055182 0.103196
text_out_reg_6_/D (DFCSNQD1)    0.276179 f     0.194412     -0.021460 0.103227
u0/w_reg_2__8_/D (DFCSNQD1)     0.280053 f     0.198223     -0.021460 0.103291
u0/w_reg_2__30_/D (DFCSNQD1)    0.289740 f     0.207431     -0.021460 0.103769
text_out_reg_56_/D (DFCSNQD1)   0.218969 f     0.198681     -0.084326 0.104615
text_out_reg_107_/D (DFCSNQD1)  0.282320 f     0.199107     -0.021460 0.104673
sa13_reg_3_/D (DFCSNQD4)        0.235347 f     0.184071     -0.053831 0.105107
u0/w_reg_0__0_/D (DFCSNQD1)     0.235620 f     0.214651     -0.084435 0.105405
text_out_reg_46_/D (DFCSNQD1)   0.281108 r     0.196769     -0.021460 0.105799
sa31_reg_3_/D (DFCSNQD4)        0.238054 f     0.184602     -0.052614 0.106066
sa30_reg_3_/D (DFCSNQD4)        0.280165 f     0.194788     -0.021460 0.106838
sa33_reg_6_/D (DFCSNQD1)        0.258152 f     0.204866     -0.053831 0.107117
u0/w_reg_1__24_/D (DFCSNQD1)    0.229707 f     0.208040     -0.085580 0.107247
u0/w_reg_3__31_/D (DFCSNQD1)    0.225148 f     0.201669     -0.083903 0.107381
u0/w_reg_3__13_/D (DFCSNQD4)    0.219215 f     0.200027     -0.088717 0.107905
text_out_reg_97_/D (DFCSNQD1)   0.224244 f     0.198566     -0.082493 0.108171
u0/w_reg_2__13_/D (DFCSNQD1)    0.256052 f     0.203887     -0.056229 0.108394
u0/r0/rcnt_reg_1_/D (DFCSNQD1)  0.232737 f     0.210747     -0.086536 0.108525
u0/w_reg_2__27_/D (DFCSNQD1)    0.295509 f     0.208210     -0.021460 0.108759
sa30_reg_4_/D (DFCSNQD4)        0.268589 f     0.181285     -0.021460 0.108764
u0/w_reg_1__23_/D (DFCSNQD1)    0.291348 f     0.203202     -0.021460 0.109606
sa10_reg_3_/D (DFCSNQD4)        0.239519 f     0.182203     -0.052575 0.109891
sa11_reg_5_/D (DFCSNQD4)        0.242819 f     0.186137     -0.053831 0.110513
u0/w_reg_1__15_/D (DFCSNQD1)    0.290391 f     0.201279     -0.021460 0.110572
sa10_reg_1_/D (DFCSNQD4)        0.238314 f     0.183472     -0.055785 0.110627
u0/w_reg_0__22_/D (DFCSNQD1)    0.227460 f     0.198051     -0.081532 0.110940
u0/w_reg_3__8_/D (DFCSNQD4)     0.213921 f     0.187964     -0.085051 0.111007
text_out_reg_18_/D (DFCSNQD1)   0.288604 f     0.198786     -0.021460 0.111279
text_out_reg_16_/D (DFCSNQD1)   0.293030 f     0.203159     -0.021460 0.111331
sa13_reg_1_/D (DFCSNQD4)        0.272808 f     0.182863     -0.021460 0.111405
u0/w_reg_3__23_/D (DFCSNQD1)    0.294334 f     0.204263     -0.021460 0.111532
text_out_reg_45_/D (DFCSNQD1)   0.288918 f     0.197632     -0.021460 0.112747
u0/w_reg_1__25_/D (DFCSNQD1)    0.238443 f     0.211904     -0.086536 0.113074
u0/w_reg_0__26_/D (DFCSNQD1)    0.238620 f     0.211852     -0.086858 0.113626
text_out_reg_67_/D (DFCSNQD1)   0.284659 f     0.192264     -0.021460 0.113855
u0/w_reg_1__14_/D (DFCSNQD1)    0.235269 f     0.204622     -0.083696 0.114343
u0/w_reg_0__5_/D (DFCSNQD1)     0.238015 f     0.208573     -0.084932 0.114374
u0/w_reg_3__15_/D (DFCSNQD1)    0.297588 f     0.204310     -0.021460 0.114738
u0/w_reg_0__6_/D (DFCSNQD1)     0.236100 f     0.207213     -0.085881 0.114768
u0/w_reg_1__29_/D (DFCSNQD1)    0.240656 f     0.211712     -0.086536 0.115479
u0/r0/rcnt_reg_2_/D (DFCSNQD1)  0.238160 f     0.209245     -0.086858 0.115772
sa33_reg_1_/D (DFCSNQD4)        0.255023 f     0.193107     -0.053878 0.115794
text_out_reg_69_/D (DFCSNQD1)   0.286858 f     0.192272     -0.021460 0.116046
u0/w_reg_1__18_/D (DFCSNQD1)    0.233233 f     0.198299     -0.081154 0.116089
u0/w_reg_0__3_/D (DFCSNQD1)     0.235328 f     0.202335     -0.083154 0.116148
u0/w_reg_0__18_/D (DFCSNQD1)    0.232282 f     0.197169     -0.081154 0.116267
sa20_reg_5_/D (DFCSNQD4)        0.277525 f     0.182394     -0.021460 0.116591
u0/w_reg_1__13_/D (DFCSNQD1)    0.266598 f     0.204936     -0.056229 0.117891
u0/w_reg_0__4_/D (DFCSNQD1)     0.266535 f     0.202084     -0.053831 0.118281
u0/w_reg_1__22_/D (DFCSNQD1)    0.235790 f     0.199028     -0.081532 0.118294
sa03_reg_1_/D (DFCSNQD4)        0.228977 f     0.199121     -0.088717 0.118573
text_out_reg_64_/D (DFCSNQD1)   0.290259 f     0.192527     -0.021460 0.119192
u0/w_reg_2__29_/D (DFCSNQD1)    0.276251 f     0.210551     -0.053878 0.119577
u0/w_reg_0__24_/D (DFCSNQD1)    0.251877 f     0.219153     -0.086858 0.119582
u0/w_reg_2__10_/D (DFCSNQD1)    0.274435 f     0.211034     -0.056229 0.119630
sa02_reg_4_/D (DFCSNQD4)        0.227888 f     0.195162     -0.086953 0.119679
u0/w_reg_0__9_/D (DFCSNQD1)     0.239018 f     0.203499     -0.084412 0.119931
u0/w_reg_1__1_/D (DFCSNQD1)     0.241467 f     0.204198     -0.083594 0.120863
u0/w_reg_3__24_/D (DFCSNQD2)    0.308287 f     0.208701     -0.021460 0.121046
sa22_reg_3_/D (DFCSNQD4)        0.280585 f     0.180603     -0.021460 0.121442
u0/w_reg_3__28_/D (DFCSNQD2)    0.248017 f     0.213718     -0.087375 0.121673
u0/w_reg_2__15_/D (DFCSNQD1)    0.304050 f     0.203715     -0.021460 0.121795
u0/w_reg_2__24_/D (DFCSNQD1)    0.301792 f     0.201388     -0.021460 0.121864
u0/w_reg_3__16_/D (DFCSNQD2)    0.239700 f     0.198290     -0.081154 0.122563
u0/w_reg_1__10_/D (DFCSNQD1)    0.242826 f     0.204677     -0.085051 0.123200
u0/w_reg_2__0_/D (DFCSNQD1)     0.306631 f     0.204604     -0.021460 0.123487
text_out_reg_35_/D (DFCSNQD1)   0.270174 f     0.201605     -0.055182 0.123751
u0/w_reg_2__19_/D (DFCSNQD1)    0.301818 f     0.199219     -0.021460 0.124059
u0/w_reg_2__21_/D (DFCSNQD1)    0.267938 f     0.195932     -0.052575 0.124581
text_out_reg_2_/D (DFCSNQD1)    0.300638 f     0.197266     -0.021460 0.124832
u0/w_reg_0__20_/D (DFCSNQD1)    0.271063 f     0.200886     -0.055182 0.125359
u0/w_reg_3__3_/D (DFCSNQD4)     0.228273 f     0.186591     -0.084412 0.126094
sa10_reg_4_/D (DFCSNQD4)        0.288044 f     0.182300     -0.021460 0.127204
sa30_reg_5_/D (DFCSNQD4)        0.287790 f     0.182015     -0.021460 0.127235
u0/w_reg_0__28_/D (DFCSNQD1)    0.284294 f     0.210868     -0.053878 0.127303
u0/w_reg_2__23_/D (DFCSNQD1)    0.307786 f     0.201710     -0.021460 0.127537
u0/w_reg_0__17_/D (DFCSNQD1)    0.249064 f     0.208696     -0.087375 0.127742
u0/w_reg_1__3_/D (DFCSNQD1)     0.274940 f     0.200441     -0.053831 0.128331
u0/w_reg_3__2_/D (DFCSNQD2)     0.308203 f     0.201292     -0.021460 0.128371
u0/w_reg_3__30_/D (DFCSNQD1)    0.247225 f     0.202164     -0.083806 0.128868
u0/w_reg_1__21_/D (DFCSNQD1)    0.276025 f     0.199269     -0.052575 0.129330
u0/w_reg_3__7_/D (DFCSNQD1)     0.306491 f     0.198193     -0.021460 0.129758
u0/w_reg_3__5_/D (DFCSNQD2)     0.248273 f     0.204114     -0.085881 0.130040
u0/w_reg_3__14_/D (DFCSNQD1)    0.310919 f     0.202251     -0.021460 0.130128
u0/w_reg_1__17_/D (DFCSNQD1)    0.255109 f     0.210220     -0.086536 0.131425
text_out_reg_12_/D (DFCSNQD1)   0.311759 f     0.200971     -0.021460 0.132248
u0/w_reg_2__26_/D (DFCSNQD1)    0.290808 f     0.210152     -0.053878 0.134533
u0/w_reg_1__6_/D (DFCSNQD1)     0.253781 f     0.205056     -0.085881 0.134605
u0/w_reg_3__10_/D (DFCSNQD1)    0.253256 f     0.203308     -0.085051 0.134999
text_out_reg_24_/D (DFCSNQD1)   0.257850 f     0.207529     -0.085580 0.135901
u0/w_reg_3__1_/D (DFCSNQD2)     0.318791 f     0.203089     -0.021460 0.137162
u0/w_reg_0__12_/D (DFCSNQD1)    0.286002 f     0.202072     -0.055182 0.139111
u0/w_reg_2__31_/D (DFCSNQD1)    0.289913 f     0.205393     -0.055182 0.139701
u0/w_reg_3__19_/D (DFCSNQD4)    0.305047 f     0.186564     -0.021460 0.139944
text_out_reg_7_/D (DFCSNQD1)    0.283953 f     0.195479     -0.052575 0.141049
u0/w_reg_2__6_/D (DFCSNQD1)     0.260251 f     0.204044     -0.085881 0.142088
u0/w_reg_3__25_/D (DFCSNQD2)    0.298622 f     0.210344     -0.053878 0.142155
u0/w_reg_2__5_/D (DFCSNQD1)     0.270738 f     0.213150     -0.084932 0.142520
u0/w_reg_1__9_/D (DFCSNQD1)     0.262461 f     0.204170     -0.084412 0.142703
u0/w_reg_3__29_/D (DFCSNQD2)    0.268117 f     0.211818     -0.086536 0.142835
u0/w_reg_1__28_/D (DFCSNQD1)    0.299851 f     0.210767     -0.053878 0.142962
text_out_reg_59_/D (DFCSNQD1)   0.263249 f     0.204885     -0.085580 0.143945
u0/w_reg_3__17_/D (DFCSNQD2)    0.275242 f     0.219229     -0.088717 0.144730
u0/w_reg_3__26_/D (DFCSNQD1)    0.302381 f     0.211301     -0.053878 0.144957
u0/w_reg_2__7_/D (DFCSNQD1)     0.266080 f     0.205332     -0.085363 0.146110
u0/w_reg_2__25_/D (DFCSNQD1)    0.303788 f     0.210988     -0.053878 0.146678
u0/w_reg_1__31_/D (DFCSNQD1)    0.291929 f     0.200401     -0.055182 0.146709
u0/w_reg_2__2_/D (DFCSNQD1)     0.326739 f     0.201420     -0.021460 0.146779
u0/w_reg_3__21_/D (DFCSNQD2)    0.264193 f     0.198358     -0.081225 0.147061
u0/w_reg_2__22_/D (DFCSNQD1)    0.263888 f     0.198009     -0.081532 0.147411
u0/w_reg_0__23_/D (DFCSNQD1)    0.265355 f     0.199494     -0.082143 0.148004
u0/w_reg_1__5_/D (DFCSNQD1)     0.265434 f     0.200487     -0.084932 0.149879
u0/w_reg_1__12_/D (DFCSNQD1)    0.297906 f     0.202792     -0.055182 0.150295
u0/w_reg_2__18_/D (DFCSNQD1)    0.264179 f     0.194845     -0.081154 0.150487
u0/w_reg_3__0_/D (DFCSNQD4)     0.309317 f     0.180046     -0.021460 0.150732
sa23_reg_2_/D (DFCSNQD4)        0.319371 f     0.189429     -0.021460 0.151402
u0/w_reg_0__31_/D (DFCSNQD1)    0.268349 f     0.200747     -0.083903 0.151504
u0/w_reg_1__4_/D (DFCSNQD1)     0.300104 f     0.202297     -0.053831 0.151638
u0/w_reg_2__17_/D (DFCSNQD1)    0.311286 f     0.211696     -0.053878 0.153467
u0/w_reg_3__20_/D (DFCSNQD4)    0.253687 f     0.183734     -0.083806 0.153759
u0/w_reg_3__6_/D (DFCSNQD1)     0.300262 f     0.201996     -0.055785 0.154051
text_out_reg_10_/D (DFCSNQD1)   0.322283 r     0.188841     -0.021460 0.154902
u0/w_reg_1__20_/D (DFCSNQD1)    0.300130 f     0.199957     -0.055182 0.155354
u0/w_reg_3__18_/D (DFCSNQD2)    0.272803 f     0.197935     -0.081154 0.156022
u0/w_reg_3__27_/D (DFCSNQD4)    0.319758 f     0.185172     -0.021460 0.156046
u0/w_reg_0__7_/D (DFCSNQD1)     0.275171 f     0.203771     -0.085363 0.156763
u0/w_reg_2__4_/D (DFCSNQD1)     0.306537 f     0.202539     -0.053831 0.157830
u0/w_reg_2__28_/D (DFCSNQD1)    0.284634 f     0.212444     -0.087375 0.159565
u0/w_reg_3__9_/D (DFCSNQD2)     0.283444 f     0.203446     -0.084412 0.164410
u0/w_reg_3__12_/D (DFCSNQD2)    0.315140 f     0.203961     -0.055182 0.166361
u0/w_reg_3__22_/D (DFCSNQD1)    0.284907 f     0.199186     -0.081532 0.167252
u0/w_reg_0__11_/D (DFCSNQD1)    0.321953 f     0.205909     -0.056229 0.172273
u0/w_reg_2__20_/D (DFCSNQD1)    0.317910 f     0.200805     -0.055182 0.172287
text_out_reg_11_/D (DFCSNQD1)   0.346179 f     0.194491     -0.021460 0.173148
u0/w_reg_2__1_/D (DFCSNQD1)     0.319596 f     0.198653     -0.053831 0.174774
u0/w_reg_2__9_/D (DFCSNQD1)     0.294562 f     0.202668     -0.084412 0.176306
u0/w_reg_1__11_/D (DFCSNQD1)    0.353760 f     0.197570     -0.021460 0.177651
u0/w_reg_1__7_/D (DFCSNQD1)     0.297143 f     0.204294     -0.085363 0.178211
u0/w_reg_2__11_/D (DFCSNQD1)    0.366928 f     0.206334     -0.021460 0.182054
u0/w_reg_2__12_/D (DFCSNQD1)    0.339392 f     0.200389     -0.055182 0.194185
u0/w_reg_3__11_/D (DFCSNQD4)    0.387231 f     0.186034     -0.021460 0.222657

1
