****************************************
Report : timing
	-path_type end
	-delay_type min
	-slack_lesser_than 1.000000
	-max_paths 684
	-sort_by slack
Design : aes_cipher_top
Version: K-2015.06-SP3-1
Date   : Thu Mar  8 21:16:38 2018
****************************************

Warning: There are 24 invalid end points for constrained paths. (UITE-416)
Endpoint                        Path Delay     Path Required    CRP     Slack
------------------------------------------------------------------------------
u0/r0/rcnt_reg_0_/D (DFCSNQD1)  0.395117 f     0.210630     0.000000 0.184486
text_in_r_reg_32_/D (DFCSNQD1)  0.403598 f     0.206525     0.000000 0.197073
text_in_r_reg_85_/D (DFCSNQD1)  0.401241 f     0.203527     0.000000 0.197715
dcnt_reg_0_/D (DFCSNQD1)        0.387899 f     0.188050     0.000000 0.199849
text_in_r_reg_19_/D (DFCSNQD1)  0.406233 f     0.206058     0.000000 0.200175
text_in_r_reg_97_/D (DFCSNQD1)  0.405456 f     0.205276     0.000000 0.200180
text_in_r_reg_48_/D (DFCSNQD1)  0.408366 f     0.206002     0.000000 0.202364
text_in_r_reg_9_/D (DFCSNQD1)   0.412494 f     0.209692     0.000000 0.202801
text_in_r_reg_28_/D (DFCSNQD1)  0.406504 f     0.203156     0.000000 0.203348
text_in_r_reg_95_/D (DFCSNQD1)  0.408625 f     0.204027     0.000000 0.204598
text_in_r_reg_127_/D (DFCSNQD1) 0.412380 f     0.206730     0.000000 0.205650
text_in_r_reg_104_/D (DFCSNQD1) 0.412705 f     0.206885     0.000000 0.205820
text_in_r_reg_89_/D (DFCSNQD1)  0.421203 f     0.215014     0.000000 0.206189
text_in_r_reg_93_/D (DFCSNQD1)  0.402538 f     0.195948     0.000000 0.206590
text_in_r_reg_24_/D (DFCSNQD1)  0.424049 f     0.217105     0.000000 0.206944
text_in_r_reg_38_/D (DFCSNQD1)  0.416624 f     0.209433     0.000000 0.207192
text_in_r_reg_36_/D (DFCSNQD1)  0.414526 f     0.207133     0.000000 0.207394
text_in_r_reg_54_/D (DFCSNQD1)  0.410810 f     0.202870     0.000000 0.207941
text_in_r_reg_86_/D (DFCSNQD1)  0.413590 f     0.205233     0.000000 0.208357
text_in_r_reg_1_/D (DFCSNQD1)   0.429954 f     0.220586     0.000000 0.209368
text_in_r_reg_108_/D (DFCSNQD1) 0.416945 f     0.205835     0.000000 0.211111
text_in_r_reg_46_/D (DFCSNQD1)  0.420081 f     0.208882     0.000000 0.211199
text_in_r_reg_34_/D (DFCSNQD1)  0.424024 f     0.212817     0.000000 0.211207
text_in_r_reg_51_/D (DFCSNQD1)  0.420697 f     0.209063     0.000000 0.211634
text_in_r_reg_31_/D (DFCSNQD1)  0.419984 f     0.207807     0.000000 0.212177
text_in_r_reg_122_/D (DFCSNQD1) 0.415551 f     0.203372     0.000000 0.212179
text_in_r_reg_87_/D (DFCSNQD1)  0.419307 f     0.206803     0.000000 0.212503
text_in_r_reg_42_/D (DFCSNQD1)  0.409474 f     0.196558     0.000000 0.212916
text_in_r_reg_25_/D (DFCSNQD1)  0.433494 f     0.220113     0.000000 0.213382
text_in_r_reg_26_/D (DFCSNQD1)  0.430963 f     0.217548     0.000000 0.213415
text_in_r_reg_40_/D (DFCSNQD1)  0.411470 f     0.197104     0.000000 0.214366
text_in_r_reg_83_/D (DFCSNQD1)  0.416593 f     0.202178     0.000000 0.214415
text_in_r_reg_69_/D (DFCSNQD1)  0.410546 f     0.195975     0.000000 0.214571
text_in_r_reg_8_/D (DFCSNQD1)   0.433200 f     0.218426     0.000000 0.214774
text_in_r_reg_22_/D (DFCSNQD1)  0.423264 f     0.208424     0.000000 0.214840
text_in_r_reg_117_/D (DFCSNQD1) 0.417590 f     0.202591     0.000000 0.215000
text_in_r_reg_102_/D (DFCSNQD1) 0.427429 f     0.212394     0.000000 0.215035
text_in_r_reg_82_/D (DFCSNQD1)  0.425660 f     0.209270     0.000000 0.216390
text_in_r_reg_59_/D (DFCSNQD1)  0.427556 f     0.211013     0.000000 0.216543
text_in_r_reg_90_/D (DFCSNQD1)  0.428356 f     0.211789     0.000000 0.216567
text_in_r_reg_27_/D (DFCSNQD1)  0.422869 f     0.206262     0.000000 0.216607
text_out_reg_8_/D (DFCSNQD1)    0.414568 f     0.197748     0.000000 0.216820
text_in_r_reg_110_/D (DFCSNQD1) 0.424951 f     0.207933     0.000000 0.217018
text_in_r_reg_75_/D (DFCSNQD1)  0.415797 f     0.198528     0.000000 0.217269
text_in_r_reg_81_/D (DFCSNQD1)  0.428088 f     0.210728     0.000000 0.217360
text_in_r_reg_16_/D (DFCSNQD1)  0.426199 f     0.208410     0.000000 0.217789
text_in_r_reg_49_/D (DFCSNQD1)  0.421920 f     0.204054     0.000000 0.217866
text_in_r_reg_41_/D (DFCSNQD1)  0.428741 f     0.210871     0.000000 0.217870
text_in_r_reg_73_/D (DFCSNQD1)  0.423293 f     0.205420     0.000000 0.217872
text_in_r_reg_56_/D (DFCSNQD1)  0.424650 f     0.206376     0.000000 0.218274
text_in_r_reg_29_/D (DFCSNQD1)  0.439708 f     0.220802     0.000000 0.218906
text_in_r_reg_124_/D (DFCSNQD1) 0.418996 f     0.200027     0.000000 0.218969
text_in_r_reg_116_/D (DFCSNQD1) 0.425790 f     0.206356     0.000000 0.219434
text_in_r_reg_58_/D (DFCSNQD1)  0.424197 f     0.204490     0.000000 0.219707
text_in_r_reg_5_/D (DFCSNQD1)   0.428883 f     0.209031     0.000000 0.219852
text_in_r_reg_60_/D (DFCSNQD1)  0.430253 f     0.210368     0.000000 0.219885
text_in_r_reg_10_/D (DFCSNQD1)  0.434414 f     0.214287     0.000000 0.220128
text_in_r_reg_35_/D (DFCSNQD1)  0.424374 f     0.203386     0.000000 0.220988
text_in_r_reg_47_/D (DFCSNQD1)  0.425933 f     0.204930     0.000000 0.221003
done_reg/D (DFCSNQD1)           0.420392 f     0.198993     0.000000 0.221399
text_in_r_reg_63_/D (DFCSNQD1)  0.418050 f     0.196440     0.000000 0.221610
text_in_r_reg_39_/D (DFCSNQD1)  0.431963 f     0.209870     0.000000 0.222093
text_in_r_reg_94_/D (DFCSNQD1)  0.426225 f     0.203871     0.000000 0.222355
text_in_r_reg_0_/D (DFCSNQD1)   0.412397 f     0.189948     0.000000 0.222449
text_in_r_reg_109_/D (DFCSNQD1) 0.420496 f     0.197938     0.000000 0.222558
u0/r0/out_reg_27_/D (DFCSNQD1)  0.408949 f     0.186270     0.000000 0.222678
text_in_r_reg_72_/D (DFCSNQD1)  0.422611 f     0.199275     0.000000 0.223335
text_in_r_reg_91_/D (DFCSNQD1)  0.425060 f     0.201604     0.000000 0.223456
text_in_r_reg_100_/D (DFCSNQD1) 0.432838 f     0.208718     0.000000 0.224121
text_in_r_reg_96_/D (DFCSNQD1)  0.436927 f     0.212619     0.000000 0.224308
text_out_reg_127_/D (DFCSNQD1)  0.419057 f     0.194452     0.000000 0.224605
text_out_reg_126_/D (DFCSNQD1)  0.419620 f     0.194353     0.000000 0.225266
text_in_r_reg_113_/D (DFCSNQD1) 0.426906 f     0.201062     0.000000 0.225844
text_in_r_reg_4_/D (DFCSNQD1)   0.418839 f     0.192858     0.000000 0.225981
text_in_r_reg_120_/D (DFCSNQD1) 0.422743 f     0.196500     0.000000 0.226242
text_in_r_reg_98_/D (DFCSNQD1)  0.424797 f     0.198485     0.000000 0.226313
text_in_r_reg_57_/D (DFCSNQD1)  0.429861 f     0.203315     0.000000 0.226545
text_in_r_reg_21_/D (DFCSNQD1)  0.416538 f     0.189176     0.000000 0.227363
text_in_r_reg_79_/D (DFCSNQD1)  0.423485 f     0.195642     0.000000 0.227843
text_in_r_reg_112_/D (DFCSNQD1) 0.415392 f     0.187162     0.000000 0.228230
text_in_r_reg_125_/D (DFCSNQD1) 0.430394 f     0.201505     0.000000 0.228889
text_in_r_reg_119_/D (DFCSNQD1) 0.416460 f     0.186639     0.000000 0.229821
u0/r0/out_reg_31_/D (DFCSNQD1)  0.425454 f     0.195345     0.000000 0.230109
text_in_r_reg_84_/D (DFCSNQD1)  0.437387 f     0.206476     0.000000 0.230911
text_in_r_reg_7_/D (DFCSNQD1)   0.433218 f     0.202252     0.000000 0.230966
text_in_r_reg_33_/D (DFCSNQD1)  0.439939 f     0.208093     0.000000 0.231846
text_in_r_reg_2_/D (DFCSNQD1)   0.417746 f     0.185755     0.000000 0.231991
sa02_reg_7_/D (DFCSNQD1)        0.433614 f     0.201259     0.000000 0.232355
text_in_r_reg_106_/D (DFCSNQD1) 0.432223 f     0.198412     0.000000 0.233812
dcnt_reg_2_/D (DFCSNQD1)        0.424603 f     0.190675     0.000000 0.233928
text_in_r_reg_52_/D (DFCSNQD1)  0.447953 f     0.212257     0.000000 0.235697
text_in_r_reg_6_/D (DFCSNQD1)   0.442688 f     0.206509     0.000000 0.236179
text_in_r_reg_12_/D (DFCSNQD1)  0.433337 f     0.196905     0.000000 0.236432
text_in_r_reg_13_/D (DFCSNQD1)  0.422751 f     0.185911     0.000000 0.236840
text_in_r_reg_44_/D (DFCSNQD1)  0.450757 f     0.213898     0.000000 0.236859
text_out_reg_0_/D (DFCSNQD1)    0.430604 f     0.193720     0.000000 0.236884
text_in_r_reg_70_/D (DFCSNQD1)  0.431478 f     0.194526     0.000000 0.236952
text_in_r_reg_115_/D (DFCSNQD1) 0.419329 f     0.182255     0.000000 0.237075
text_in_r_reg_62_/D (DFCSNQD1)  0.436273 f     0.199184     0.000000 0.237089
sa10_reg_0_/D (DFCSNQD4)        0.413149 f     0.175464     0.000000 0.237685
text_in_r_reg_77_/D (DFCSNQD1)  0.443748 f     0.205476     0.000000 0.238272
text_in_r_reg_103_/D (DFCSNQD1) 0.446937 f     0.208415     0.000000 0.238522
text_in_r_reg_118_/D (DFCSNQD1) 0.423706 f     0.183509     0.000000 0.240197
text_in_r_reg_66_/D (DFCSNQD1)  0.438768 f     0.197614     0.000000 0.241154
text_in_r_reg_114_/D (DFCSNQD1) 0.427136 f     0.184837     0.000000 0.242299
text_in_r_reg_78_/D (DFCSNQD1)  0.440625 f     0.198283     0.000000 0.242342
text_in_r_reg_45_/D (DFCSNQD1)  0.448039 f     0.205660     0.000000 0.242379
text_in_r_reg_92_/D (DFCSNQD1)  0.445088 f     0.202506     0.000000 0.242582
text_in_r_reg_61_/D (DFCSNQD1)  0.449563 f     0.206775     0.000000 0.242788
text_in_r_reg_111_/D (DFCSNQD1) 0.430321 f     0.184957     0.000000 0.245364
text_in_r_reg_121_/D (DFCSNQD1) 0.431783 f     0.186213     0.000000 0.245570
text_in_r_reg_23_/D (DFCSNQD1)  0.447635 f     0.201551     0.000000 0.246084
text_in_r_reg_88_/D (DFCSNQD1)  0.454411 f     0.208241     0.000000 0.246170
text_in_r_reg_20_/D (DFCSNQD1)  0.432235 f     0.185398     0.000000 0.246836
text_in_r_reg_53_/D (DFCSNQD1)  0.458573 f     0.211638     0.000000 0.246935
text_in_r_reg_18_/D (DFCSNQD1)  0.434116 f     0.187087     0.000000 0.247029
text_out_reg_61_/D (DFCSNQD1)   0.453488 f     0.206147     0.000000 0.247340
text_in_r_reg_67_/D (DFCSNQD1)  0.443459 f     0.196002     0.000000 0.247457
text_in_r_reg_14_/D (DFCSNQD1)  0.430044 f     0.181981     0.000000 0.248063
text_out_reg_114_/D (DFCSNQD1)  0.438128 f     0.189657     0.000000 0.248471
text_in_r_reg_76_/D (DFCSNQD1)  0.451315 f     0.202661     0.000000 0.248653
text_in_r_reg_15_/D (DFCSNQD1)  0.436794 f     0.186906     0.000000 0.249888
text_out_reg_32_/D (DFCSNQD1)   0.447282 f     0.197355     0.000000 0.249927
text_in_r_reg_99_/D (DFCSNQD1)  0.436359 f     0.186342     0.000000 0.250017
text_in_r_reg_101_/D (DFCSNQD1) 0.445427 f     0.194844     0.000000 0.250583
text_in_r_reg_11_/D (DFCSNQD1)  0.437044 f     0.186173     0.000000 0.250871
text_in_r_reg_55_/D (DFCSNQD1)  0.455803 f     0.204206     0.000000 0.251597
text_in_r_reg_126_/D (DFCSNQD1) 0.437344 f     0.185700     0.000000 0.251644
text_in_r_reg_64_/D (DFCSNQD1)  0.453165 f     0.200820     0.000000 0.252345
text_in_r_reg_105_/D (DFCSNQD1) 0.451485 f     0.199074     0.000000 0.252411
text_out_reg_117_/D (DFCSNQD1)  0.443484 f     0.190365     0.000000 0.253118
text_in_r_reg_37_/D (DFCSNQD1)  0.430792 r     0.177370     0.000000 0.253423
sa10_reg_6_/D (DFCSNQD1)        0.445166 f     0.191474     0.000000 0.253692
text_in_r_reg_3_/D (DFCSNQD1)   0.437996 f     0.184103     0.000000 0.253892
text_in_r_reg_50_/D (DFCSNQD1)  0.441171 f     0.186953     0.000000 0.254218
text_out_reg_118_/D (DFCSNQD1)  0.444907 f     0.189365     0.000000 0.255542
text_in_r_reg_123_/D (DFCSNQD1) 0.439452 f     0.183666     0.000000 0.255786
sa32_reg_5_/D (DFCSNQD4)        0.432788 f     0.176448     0.000000 0.256340
text_out_reg_125_/D (DFCSNQD1)  0.455693 f     0.199300     0.000000 0.256393
text_in_r_reg_68_/D (DFCSNQD1)  0.461733 f     0.204822     0.000000 0.256911
text_in_r_reg_71_/D (DFCSNQD1)  0.453616 f     0.195461     0.000000 0.258155
text_out_reg_39_/D (DFCSNQD1)   0.453922 f     0.195590     0.000000 0.258332
text_in_r_reg_74_/D (DFCSNQD1)  0.460996 f     0.202386     0.000000 0.258610
u0/r0/out_reg_30_/D (DFCSNQD1)  0.452925 f     0.193054     0.000000 0.259871
text_out_reg_37_/D (DFCSNQD1)   0.451213 f     0.191167     0.000000 0.260046
text_in_r_reg_43_/D (DFCSNQD1)  0.469689 f     0.209630     0.000000 0.260059
sa22_reg_0_/D (DFCSNQD4)        0.449088 f     0.185899     0.000000 0.263189
sa10_reg_2_/D (DFCSNQD4)        0.439733 f     0.173853     0.000000 0.265881
text_out_reg_95_/D (DFCSNQD1)   0.462066 f     0.196157     0.000000 0.265908
text_out_reg_120_/D (DFCSNQD1)  0.459864 f     0.193718     0.000000 0.266146
sa00_reg_5_/D (DFCSNQD4)        0.448335 f     0.181487     0.000000 0.266848
u0/r0/out_reg_26_/D (DFCSNQD1)  0.464083 f     0.197159     0.000000 0.266924
dcnt_reg_1_/D (DFCSNQD1)        0.434488 r     0.165184     0.000000 0.269304
text_in_r_reg_80_/D (DFCSNQD1)  0.472551 f     0.202701     0.000000 0.269850
text_out_reg_13_/D (DFCSNQD1)   0.458872 f     0.185384     0.000000 0.273488
dcnt_reg_3_/D (DFCSNQD1)        0.467952 f     0.193175     0.000000 0.274776
text_out_reg_102_/D (DFCSNQD1)  0.470345 f     0.195467     0.000000 0.274878
text_out_reg_104_/D (DFCSNQD1)  0.466083 f     0.190411     0.000000 0.275672
text_in_r_reg_65_/D (DFCSNQD1)  0.478510 f     0.201856     0.000000 0.276654
sa10_reg_7_/D (DFCSNQD1)        0.472031 f     0.194167     0.000000 0.277864
sa00_reg_7_/D (DFCSNQD1)        0.478716 f     0.199506     0.000000 0.279210
text_out_reg_119_/D (DFCSNQD1)  0.471415 f     0.190898     0.000000 0.280517
u0/r0/out_reg_29_/D (DFCSNQD1)  0.487722 f     0.207024     0.000000 0.280698
sa10_reg_5_/D (DFCSNQD4)        0.453291 f     0.171628     0.000000 0.281663
u0/r0/out_reg_24_/D (DFCSNQD1)  0.488340 f     0.206023     0.000000 0.282317
text_in_r_reg_107_/D (DFCSNQD1) 0.470103 f     0.187575     0.000000 0.282529
sa00_reg_6_/D (DFCSNQD1)        0.482968 f     0.199336     0.000000 0.283631
text_out_reg_122_/D (DFCSNQD1)  0.475468 f     0.191000     0.000000 0.284468
sa32_reg_6_/D (DFCSNQD1)        0.482592 f     0.197731     0.000000 0.284861
sa32_reg_2_/D (DFCSNQD4)        0.466985 f     0.180148     0.000000 0.286837
u0/w_reg_1__26_/D (DFCSNQD1)    0.491428 f     0.204412     0.000000 0.287017
sa02_reg_0_/D (DFCSNQD4)        0.466228 f     0.177966     0.000000 0.288262
sa20_reg_6_/D (DFCSNQD1)        0.480797 f     0.192016     0.000000 0.288781
u0/r0/out_reg_25_/D (DFCSNQD1)  0.484261 f     0.195388     0.000000 0.288873
sa20_reg_0_/D (DFCSNQD4)        0.464069 f     0.175038     0.000000 0.289031
text_out_reg_40_/D (DFCSNQD1)   0.477543 f     0.188120     0.000000 0.289423
u0/w_reg_1__0_/D (DFCSNQD1)     0.487585 f     0.197649     0.000000 0.289936
text_in_r_reg_30_/D (DFCSNQD1)  0.451532 r     0.160313     0.000000 0.291219
text_out_reg_58_/D (DFCSNQD1)   0.487196 f     0.195342     0.000000 0.291854
sa32_reg_7_/D (DFCSNQD1)        0.490064 f     0.198013     0.000000 0.292051
sa02_reg_5_/D (DFCSNQD4)        0.480751 f     0.187933     0.000000 0.292818
sa31_reg_1_/D (DFCSNQD4)        0.471595 f     0.178396     0.000000 0.293199
text_out_reg_90_/D (DFCSNQD1)   0.491185 f     0.196753     0.000000 0.294432
sa32_reg_0_/D (DFCSNQD4)        0.473372 f     0.178154     0.000000 0.295218
text_out_reg_89_/D (DFCSNQD1)   0.492076 f     0.196822     0.000000 0.295254
text_out_reg_87_/D (DFCSNQD1)   0.489705 f     0.193954     0.000000 0.295750
sa30_reg_6_/D (DFCSNQD1)        0.502414 f     0.205616     0.000000 0.296798
sa02_reg_2_/D (DFCSNQD4)        0.486509 f     0.188856     0.000000 0.297653
text_out_reg_50_/D (DFCSNQD1)   0.489024 f     0.191307     0.000000 0.297717
text_in_r_reg_17_/D (DFCSNQD1)  0.481892 f     0.182593     0.000000 0.299299
sa00_reg_2_/D (DFCSNQD4)        0.478535 f     0.178464     0.000000 0.300071
sa12_reg_6_/D (DFCSNQD1)        0.505028 f     0.204529     0.000000 0.300499
sa11_reg_7_/D (DFCSNQD1)        0.502774 f     0.199373     0.000000 0.303401
text_out_reg_103_/D (DFCSNQD1)  0.501197 f     0.196944     0.000000 0.304253
text_out_reg_112_/D (DFCSNQD1)  0.500702 f     0.196268     0.000000 0.304434
u0/w_reg_3__4_/D (DFCSNQD4)     0.472955 f     0.166584     0.000000 0.306371
sa30_reg_2_/D (DFCSNQD4)        0.479645 f     0.172053     0.000000 0.307592
text_out_reg_63_/D (DFCSNQD1)   0.506348 f     0.198013     0.000000 0.308335
text_out_reg_31_/D (DFCSNQD1)   0.510074 f     0.201487     0.000000 0.308587
sa11_reg_6_/D (DFCSNQD1)        0.506991 f     0.196207     0.000000 0.310784
sa01_reg_7_/D (DFCSNQD1)        0.509603 f     0.197413     0.000000 0.312190
sa23_reg_5_/D (DFCSNQD4)        0.489538 f     0.177346     0.000000 0.312192
sa32_reg_1_/D (DFCSNQD4)        0.490686 f     0.178461     0.000000 0.312225
sa31_reg_6_/D (DFCSNQD1)        0.518528 f     0.205994     0.000000 0.312534
sa01_reg_2_/D (DFCSNQD4)        0.490684 f     0.177600     0.000000 0.313084
sa03_reg_7_/D (DFCSNQD1)        0.508626 f     0.195390     0.000000 0.313236
sa31_reg_2_/D (DFCSNQD4)        0.501113 f     0.187861     0.000000 0.313252
text_out_reg_93_/D (DFCSNQD1)   0.506242 f     0.192215     0.000000 0.314027
text_out_reg_53_/D (DFCSNQD1)   0.509297 f     0.194842     0.000000 0.314456
text_out_reg_110_/D (DFCSNQD1)  0.510037 f     0.195339     0.000000 0.314698
sa03_reg_2_/D (DFCSNQD4)        0.493353 r     0.175355     0.000000 0.317998
text_out_reg_88_/D (DFCSNQD1)   0.515476 f     0.197363     0.000000 0.318114
text_out_reg_38_/D (DFCSNQD1)   0.513645 f     0.195143     0.000000 0.318502
text_out_reg_86_/D (DFCSNQD1)   0.512413 f     0.193866     0.000000 0.318547
sa02_reg_1_/D (DFCSNQD4)        0.499369 f     0.180174     0.000000 0.319196
sa03_reg_6_/D (DFCSNQD1)        0.510797 f     0.191422     0.000000 0.319375
sa21_reg_7_/D (DFCSNQD1)        0.519691 f     0.198996     0.000000 0.320695
text_out_reg_72_/D (DFCSNQD1)   0.511976 f     0.190809     0.000000 0.321167
text_out_reg_106_/D (DFCSNQD1)  0.518320 f     0.196641     0.000000 0.321679
text_out_reg_101_/D (DFCSNQD1)  0.520242 f     0.198471     0.000000 0.321771
u0/w_reg_3__13_/D (DFCSNQD4)    0.512982 f     0.191175     0.000000 0.321807
text_out_reg_100_/D (DFCSNQD1)  0.514675 f     0.192818     0.000000 0.321856
u0/w_reg_3__8_/D (DFCSNQD4)     0.501559 f     0.179264     0.000000 0.322296
text_out_reg_36_/D (DFCSNQD1)   0.521203 f     0.198848     0.000000 0.322355
text_out_reg_55_/D (DFCSNQD1)   0.519632 f     0.196818     0.000000 0.322814
sa21_reg_2_/D (DFCSNQD4)        0.501541 f     0.177680     0.000000 0.323861
text_out_reg_56_/D (DFCSNQD1)   0.512852 f     0.188984     0.000000 0.323868
sa11_reg_0_/D (DFCSNQD4)        0.496194 f     0.171862     0.000000 0.324331
text_out_reg_98_/D (DFCSNQD1)   0.517958 f     0.193123     0.000000 0.324834
sa22_reg_6_/D (DFCSNQD1)        0.531912 f     0.204747     0.000000 0.327165
u0/r0/rcnt_reg_3_/D (DFCSNQD1)  0.529319 f     0.201141     0.000000 0.328178
sa11_reg_2_/D (DFCSNQD4)        0.489109 r     0.160439     0.000000 0.328670
sa32_reg_3_/D (DFCSNQD4)        0.497108 r     0.168276     0.000000 0.328832
sa22_reg_1_/D (DFCSNQD4)        0.495441 f     0.165940     0.000000 0.329501
sa03_reg_0_/D (DFCSNQD4)        0.504020 r     0.174174     0.000000 0.329846
sa33_reg_7_/D (DFCSNQD1)        0.523562 f     0.192353     0.000000 0.331209
text_out_reg_60_/D (DFCSNQD1)   0.536482 f     0.205262     0.000000 0.331220
sa01_reg_0_/D (DFCSNQD4)        0.516011 f     0.183659     0.000000 0.332352
text_out_reg_97_/D (DFCSNQD1)   0.524251 f     0.191470     0.000000 0.332781
sa22_reg_2_/D (DFCSNQD4)        0.490277 r     0.157337     0.000000 0.332940
text_out_reg_96_/D (DFCSNQD1)   0.528034 f     0.193664     0.000000 0.334370
text_out_reg_34_/D (DFCSNQD1)   0.523482 f     0.188932     0.000000 0.334550
sa33_reg_0_/D (DFCSNQD4)        0.492880 r     0.156400     0.000000 0.336480
sa03_reg_5_/D (DFCSNQD4)        0.502981 r     0.165561     0.000000 0.337419
sa13_reg_6_/D (DFCSNQD1)        0.539498 f     0.202016     0.000000 0.337481
u0/w_reg_0__14_/D (DFCSNQD1)    0.533430 f     0.195734     0.000000 0.337696
u0/w_reg_0__0_/D (DFCSNQD1)     0.552990 f     0.214651     0.000000 0.338340
u0/w_reg_0__2_/D (DFCSNQD1)     0.541033 f     0.202394     0.000000 0.338639
text_out_reg_83_/D (DFCSNQD1)   0.543846 f     0.205106     0.000000 0.338740
sa01_reg_6_/D (DFCSNQD1)        0.533522 f     0.194280     0.000000 0.339242
u0/w_reg_1__30_/D (DFCSNQD1)    0.533910 f     0.194618     0.000000 0.339292
sa12_reg_0_/D (DFCSNQD4)        0.499956 r     0.160615     0.000000 0.339341
sa01_reg_5_/D (DFCSNQD4)        0.518245 f     0.177834     0.000000 0.340410
text_out_reg_65_/D (DFCSNQD1)   0.533729 f     0.193071     0.000000 0.340658
u0/w_reg_1__24_/D (DFCSNQD1)    0.509160 r     0.167776     0.000000 0.341384
u0/w_reg_0__22_/D (DFCSNQD1)    0.531577 f     0.189920     0.000000 0.341657
u0/w_reg_0__19_/D (DFCSNQD1)    0.542183 f     0.200198     0.000000 0.341984
u0/w_reg_0__13_/D (DFCSNQD1)    0.547322 f     0.204549     0.000000 0.342773
text_out_reg_111_/D (DFCSNQD1)  0.533880 f     0.190274     0.000000 0.343606
sa11_reg_4_/D (DFCSNQD4)        0.526240 f     0.182503     0.000000 0.343737
sa21_reg_6_/D (DFCSNQD1)        0.541041 f     0.196897     0.000000 0.344144
sa33_reg_5_/D (DFCSNQD4)        0.509240 r     0.163616     0.000000 0.345623
text_out_reg_91_/D (DFCSNQD1)   0.541589 f     0.195497     0.000000 0.346092
text_out_reg_4_/D (DFCSNQD1)    0.534698 f     0.187885     0.000000 0.346813
sa12_reg_3_/D (DFCSNQD4)        0.527234 f     0.179829     0.000000 0.347405
text_out_reg_30_/D (DFCSNQD1)   0.542103 f     0.194528     0.000000 0.347575
u0/w_reg_3__31_/D (DFCSNQD1)    0.545785 f     0.197989     0.000000 0.347796
u0/w_reg_0__27_/D (DFCSNQD1)    0.558803 f     0.209794     0.000000 0.349009
text_out_reg_54_/D (DFCSNQD1)   0.543263 f     0.194216     0.000000 0.349047
sa00_reg_0_/D (DFCSNQD4)        0.525006 f     0.175921     0.000000 0.349086
text_out_reg_51_/D (DFCSNQD1)   0.548162 f     0.198483     0.000000 0.349678
u0/w_reg_0__29_/D (DFCSNQD1)    0.551628 f     0.201504     0.000000 0.350124
sa13_reg_2_/D (DFCSNQD4)        0.526410 f     0.175144     0.000000 0.351266
u0/w_reg_0__25_/D (DFCSNQD1)    0.559850 f     0.208440     0.000000 0.351410
u0/w_reg_0__16_/D (DFCSNQD1)    0.545074 f     0.193653     0.000000 0.351420
text_out_reg_99_/D (DFCSNQD1)   0.545559 f     0.193838     0.000000 0.351721
sa12_reg_7_/D (DFCSNQD1)        0.562132 f     0.210253     0.000000 0.351879
sa33_reg_2_/D (DFCSNQD4)        0.525751 f     0.173764     0.000000 0.351987
u0/r0/out_reg_28_/D (DFCSNQD1)  0.550850 f     0.197855     0.000000 0.352995
text_out_reg_75_/D (DFCSNQD1)   0.539913 f     0.186470     0.000000 0.353443
sa20_reg_2_/D (DFCSNQD4)        0.544106 f     0.190650     0.000000 0.353456
sa23_reg_7_/D (DFCSNQD1)        0.558392 f     0.204249     0.000000 0.354143
u0/w_reg_0__6_/D (DFCSNQD1)     0.561428 f     0.207213     0.000000 0.354215
u0/w_reg_0__5_/D (DFCSNQD1)     0.562898 f     0.208573     0.000000 0.354325
u0/w_reg_0__26_/D (DFCSNQD1)    0.562047 f     0.206770     0.000000 0.355276
u0/w_reg_0__8_/D (DFCSNQD1)     0.543786 f     0.188291     0.000000 0.355495
u0/w_reg_0__9_/D (DFCSNQD1)     0.559077 f     0.203499     0.000000 0.355579
u0/r0/rcnt_reg_1_/D (DFCSNQD1)  0.561094 f     0.204926     0.000000 0.356167
u0/w_reg_0__3_/D (DFCSNQD1)     0.556897 f     0.200657     0.000000 0.356240
text_out_reg_94_/D (DFCSNQD1)   0.552180 f     0.195248     0.000000 0.356931
u0/w_reg_1__18_/D (DFCSNQD1)    0.547258 f     0.190140     0.000000 0.357118
sa31_reg_4_/D (DFCSNQD4)        0.543647 f     0.186252     0.000000 0.357395
text_out_reg_81_/D (DFCSNQD1)   0.544053 f     0.186189     0.000000 0.357865
u0/w_reg_1__14_/D (DFCSNQD1)    0.553977 f     0.196011     0.000000 0.357966
u0/w_reg_0__30_/D (DFCSNQD1)    0.561208 f     0.203014     0.000000 0.358194
text_out_reg_123_/D (DFCSNQD1)  0.553923 f     0.195570     0.000000 0.358353
u0/w_reg_1__25_/D (DFCSNQD1)    0.561994 f     0.203488     0.000000 0.358505
sa23_reg_0_/D (DFCSNQD4)        0.543065 f     0.184550     0.000000 0.358515
sa30_reg_7_/D (DFCSNQD1)        0.563673 f     0.204590     0.000000 0.359084
u0/w_reg_0__1_/D (DFCSNQD1)     0.553025 f     0.193932     0.000000 0.359092
sa13_reg_0_/D (DFCSNQD4)        0.519926 r     0.160720     0.000000 0.359206
sa21_reg_3_/D (DFCSNQD4)        0.535206 f     0.175566     0.000000 0.359640
sa12_reg_1_/D (DFCSNQD4)        0.537230 f     0.177430     0.000000 0.359800
text_out_reg_33_/D (DFCSNQD1)   0.552019 f     0.191537     0.000000 0.360482
u0/w_reg_0__18_/D (DFCSNQD1)    0.548080 f     0.185987     0.000000 0.362093
u0/w_reg_1__22_/D (DFCSNQD1)    0.553037 f     0.190628     0.000000 0.362409
sa32_reg_4_/D (DFCSNQD4)        0.532910 f     0.170306     0.000000 0.362604
text_out_reg_68_/D (DFCSNQD1)   0.547074 f     0.184470     0.000000 0.362604
u0/w_reg_3__3_/D (DFCSNQD4)     0.540246 f     0.177477     0.000000 0.362769
sa21_reg_4_/D (DFCSNQD4)        0.532378 f     0.169506     0.000000 0.362871
text_out_reg_92_/D (DFCSNQD1)   0.556471 f     0.193386     0.000000 0.363084
text_out_reg_57_/D (DFCSNQD1)   0.569237 f     0.204847     0.000000 0.364390
u0/w_reg_1__8_/D (DFCSNQD1)     0.554570 f     0.190111     0.000000 0.364459
sa11_reg_3_/D (DFCSNQD4)        0.545831 f     0.180307     0.000000 0.365524
sa03_reg_1_/D (DFCSNQD4)        0.554473 f     0.188632     0.000000 0.365842
sa12_reg_4_/D (DFCSNQD4)        0.546693 f     0.180366     0.000000 0.366327
text_out_reg_78_/D (DFCSNQD1)   0.550569 f     0.184012     0.000000 0.366557
sa20_reg_7_/D (DFCSNQD1)        0.560520 f     0.193271     0.000000 0.367249
u0/w_reg_1__1_/D (DFCSNQD1)     0.565028 f     0.195624     0.000000 0.369405
text_out_reg_47_/D (DFCSNQD1)   0.554701 f     0.184678     0.000000 0.370023
sa02_reg_4_/D (DFCSNQD4)        0.558376 f     0.188112     0.000000 0.370263
text_out_reg_3_/D (DFCSNQD1)    0.557439 f     0.186227     0.000000 0.371212
sa21_reg_5_/D (DFCSNQD4)        0.533915 r     0.162456     0.000000 0.371459
u0/w_reg_1__29_/D (DFCSNQD1)    0.576419 f     0.203198     0.000000 0.373221
u0/w_reg_0__10_/D (DFCSNQD1)    0.571322 f     0.197773     0.000000 0.373550
text_out_reg_77_/D (DFCSNQD1)   0.560190 f     0.186513     0.000000 0.373677
u0/w_reg_1__10_/D (DFCSNQD1)    0.569425 f     0.195688     0.000000 0.373737
u0/w_reg_3__16_/D (DFCSNQD2)    0.565227 f     0.190315     0.000000 0.374912
sa21_reg_0_/D (DFCSNQD4)        0.551380 f     0.176284     0.000000 0.375095
text_out_reg_70_/D (DFCSNQD1)   0.557498 f     0.181790     0.000000 0.375708
sa31_reg_5_/D (DFCSNQD4)        0.545503 r     0.169749     0.000000 0.375754
text_out_reg_71_/D (DFCSNQD1)   0.562066 f     0.185725     0.000000 0.376340
u0/w_reg_3__28_/D (DFCSNQD2)    0.582604 f     0.206059     0.000000 0.376545
sa31_reg_7_/D (DFCSNQD1)        0.579669 f     0.202501     0.000000 0.377167
sa22_reg_7_/D (DFCSNQD1)        0.583009 f     0.204846     0.000000 0.378164
sa12_reg_2_/D (DFCSNQD4)        0.564717 f     0.185542     0.000000 0.379175
u0/w_reg_0__24_/D (DFCSNQD1)    0.598863 f     0.219153     0.000000 0.379710
text_out_reg_116_/D (DFCSNQD1)  0.576050 f     0.194328     0.000000 0.381722
u0/w_reg_1__27_/D (DFCSNQD1)    0.585597 f     0.203694     0.000000 0.381903
sa02_reg_6_/D (DFCSNQD1)        0.585108 f     0.202861     0.000000 0.382248
text_out_reg_5_/D (DFCSNQD1)    0.575706 f     0.191867     0.000000 0.383840
text_out_reg_19_/D (DFCSNQD1)   0.576154 f     0.192164     0.000000 0.383990
sa22_reg_4_/D (DFCSNQD4)        0.572849 f     0.188302     0.000000 0.384548
u0/r0/rcnt_reg_2_/D (DFCSNQD1)  0.570097 r     0.185482     0.000000 0.384615
u0/w_reg_3__30_/D (DFCSNQD1)    0.578637 f     0.193669     0.000000 0.384968
sa23_reg_6_/D (DFCSNQD1)        0.584945 f     0.199888     0.000000 0.385058
u0/w_reg_1__13_/D (DFCSNQD1)    0.582785 f     0.196665     0.000000 0.386119
text_out_reg_62_/D (DFCSNQD1)   0.578810 f     0.191132     0.000000 0.387678
text_out_reg_23_/D (DFCSNQD1)   0.582180 f     0.194237     0.000000 0.387944
text_out_reg_29_/D (DFCSNQD1)   0.583204 f     0.195173     0.000000 0.388030
u0/w_reg_1__19_/D (DFCSNQD1)    0.583334 f     0.194490     0.000000 0.388844
text_out_reg_25_/D (DFCSNQD1)   0.600417 f     0.211331     0.000000 0.389086
text_out_reg_73_/D (DFCSNQD1)   0.586107 f     0.193800     0.000000 0.392307
sa11_reg_1_/D (DFCSNQD4)        0.572970 f     0.180643     0.000000 0.392327
sa01_reg_1_/D (DFCSNQD4)        0.562949 f     0.169825     0.000000 0.393124
u0/w_reg_0__17_/D (DFCSNQD1)    0.591132 f     0.197829     0.000000 0.393303
text_out_reg_52_/D (DFCSNQD1)   0.587931 f     0.194457     0.000000 0.393474
text_out_reg_76_/D (DFCSNQD1)   0.581681 f     0.187993     0.000000 0.393688
text_out_reg_20_/D (DFCSNQD1)   0.587959 f     0.192356     0.000000 0.395603
u0/w_reg_0__21_/D (DFCSNQD1)    0.582202 f     0.186272     0.000000 0.395931
u0/w_reg_3__5_/D (DFCSNQD2)     0.560836 r     0.164815     0.000000 0.396021
text_out_reg_17_/D (DFCSNQD1)   0.606303 f     0.209732     0.000000 0.396571
u0/w_reg_3__10_/D (DFCSNQD1)    0.590750 f     0.193551     0.000000 0.397199
sa13_reg_3_/D (DFCSNQD4)        0.573673 f     0.176251     0.000000 0.397423
sa12_reg_5_/D (DFCSNQD4)        0.575079 f     0.177483     0.000000 0.397596
text_out_reg_108_/D (DFCSNQD1)  0.586783 f     0.188827     0.000000 0.397956
u0/w_reg_1__16_/D (DFCSNQD1)    0.596495 f     0.197758     0.000000 0.398737
u0/w_reg_1__6_/D (DFCSNQD1)     0.596869 f     0.196728     0.000000 0.400141
u0/w_reg_1__17_/D (DFCSNQD1)    0.601448 f     0.200960     0.000000 0.400488
sa20_reg_4_/D (DFCSNQD4)        0.583486 f     0.182680     0.000000 0.400806
sa01_reg_4_/D (DFCSNQD4)        0.565607 f     0.163495     0.000000 0.402112
u0/w_reg_1__21_/D (DFCSNQD1)    0.592367 f     0.189797     0.000000 0.402570
text_out_reg_43_/D (DFCSNQD1)   0.607605 f     0.204517     0.000000 0.403089
sa31_reg_3_/D (DFCSNQD4)        0.573401 f     0.170287     0.000000 0.403114
sa03_reg_4_/D (DFCSNQD4)        0.583249 f     0.179500     0.000000 0.403749
text_out_reg_82_/D (DFCSNQD1)   0.599043 f     0.194797     0.000000 0.404246
text_out_reg_15_/D (DFCSNQD1)   0.591694 f     0.187240     0.000000 0.404454
text_out_reg_115_/D (DFCSNQD1)  0.592484 f     0.185053     0.000000 0.407430
u0/w_reg_3__20_/D (DFCSNQD4)    0.586351 f     0.178224     0.000000 0.408127
sa10_reg_3_/D (DFCSNQD4)        0.582409 f     0.174174     0.000000 0.408235
sa20_reg_3_/D (DFCSNQD4)        0.588292 f     0.179514     0.000000 0.408778
text_out_reg_24_/D (DFCSNQD1)   0.609256 f     0.200378     0.000000 0.408877
text_out_reg_105_/D (DFCSNQD1)  0.599389 f     0.189953     0.000000 0.409437
text_out_reg_22_/D (DFCSNQD1)   0.601472 f     0.191862     0.000000 0.409611
u0/w_reg_2__29_/D (DFCSNQD1)    0.611310 f     0.201191     0.000000 0.410119
sa10_reg_4_/D (DFCSNQD4)        0.584845 f     0.173545     0.000000 0.411301
sa10_reg_1_/D (DFCSNQD4)        0.584729 f     0.173376     0.000000 0.411353
u0/w_reg_2__13_/D (DFCSNQD1)    0.612105 f     0.199335     0.000000 0.412769
text_out_reg_124_/D (DFCSNQD1)  0.606779 f     0.193711     0.000000 0.413068
sa11_reg_5_/D (DFCSNQD4)        0.591924 f     0.178475     0.000000 0.413449
u0/w_reg_1__2_/D (DFCSNQD1)     0.607185 f     0.193547     0.000000 0.413638
text_out_reg_44_/D (DFCSNQD1)   0.607708 f     0.193193     0.000000 0.414514
sa02_reg_3_/D (DFCSNQD4)        0.591869 f     0.176774     0.000000 0.415095
u0/w_reg_2__30_/D (DFCSNQD1)    0.623625 f     0.207431     0.000000 0.416194
text_out_reg_74_/D (DFCSNQD1)   0.599399 f     0.182683     0.000000 0.416716
u0/w_reg_1__9_/D (DFCSNQD1)     0.612530 f     0.195661     0.000000 0.416869
sa33_reg_4_/D (DFCSNQD4)        0.597261 f     0.179984     0.000000 0.417277
sa30_reg_4_/D (DFCSNQD4)        0.590251 f     0.171990     0.000000 0.418260
u0/w_reg_1__3_/D (DFCSNQD1)     0.610945 f     0.191992     0.000000 0.418953
text_out_reg_113_/D (DFCSNQD1)  0.612303 f     0.193336     0.000000 0.418967
u0/w_reg_2__6_/D (DFCSNQD1)     0.623228 f     0.203812     0.000000 0.419416
text_out_reg_14_/D (DFCSNQD1)   0.603804 f     0.182908     0.000000 0.420895
sa01_reg_3_/D (DFCSNQD4)        0.593603 f     0.171028     0.000000 0.422575
sa00_reg_4_/D (DFCSNQD4)        0.606293 f     0.182585     0.000000 0.423709
text_out_reg_109_/D (DFCSNQD1)  0.618422 f     0.194557     0.000000 0.423866
u0/w_reg_3__29_/D (DFCSNQD2)    0.628195 f     0.204115     0.000000 0.424081
sa13_reg_7_/D (DFCSNQD1)        0.636161 f     0.211780     0.000000 0.424381
sa30_reg_1_/D (DFCSNQD4)        0.582831 r     0.158061     0.000000 0.424770
sa31_reg_0_/D (DFCSNQD4)        0.592051 r     0.166434     0.000000 0.425617
u0/w_reg_3__23_/D (DFCSNQD1)    0.626138 f     0.199642     0.000000 0.426497
sa13_reg_4_/D (DFCSNQD4)        0.604847 f     0.177855     0.000000 0.426992
sa00_reg_1_/D (DFCSNQD4)        0.592526 r     0.165215     0.000000 0.427311
text_out_reg_59_/D (DFCSNQD1)   0.620988 f     0.193447     0.000000 0.427540
text_out_reg_80_/D (DFCSNQD1)   0.624016 f     0.195702     0.000000 0.428313
u0/w_reg_3__24_/D (DFCSNQD2)    0.629690 f     0.200547     0.000000 0.429142
text_out_reg_48_/D (DFCSNQD1)   0.625285 f     0.195874     0.000000 0.429411
sa21_reg_1_/D (DFCSNQD4)        0.608780 f     0.177897     0.000000 0.430883
text_out_reg_121_/D (DFCSNQD1)  0.623051 f     0.192071     0.000000 0.430981
text_out_reg_1_/D (DFCSNQD1)    0.634041 f     0.202571     0.000000 0.431470
u0/w_reg_3__15_/D (DFCSNQD1)    0.630355 f     0.198689     0.000000 0.431666
sa20_reg_1_/D (DFCSNQD4)        0.602579 f     0.170869     0.000000 0.431711
u0/w_reg_3__21_/D (DFCSNQD2)    0.622251 f     0.190536     0.000000 0.431715
u0/w_reg_2__7_/D (DFCSNQD1)     0.633802 f     0.202016     0.000000 0.431785
sa23_reg_4_/D (DFCSNQD4)        0.614261 f     0.181384     0.000000 0.432876
u0/w_reg_3__17_/D (DFCSNQD2)    0.644746 f     0.211684     0.000000 0.433062
u0/w_reg_3__0_/D (DFCSNQD4)     0.603028 f     0.169708     0.000000 0.433319
text_out_reg_49_/D (DFCSNQD1)   0.624843 f     0.190992     0.000000 0.433851
text_out_reg_9_/D (DFCSNQD1)    0.640801 f     0.206432     0.000000 0.434369
u0/w_reg_2__14_/D (DFCSNQD1)    0.632726 f     0.198291     0.000000 0.434435
u0/w_reg_2__5_/D (DFCSNQD1)     0.647828 f     0.213150     0.000000 0.434678
sa03_reg_3_/D (DFCSNQD4)        0.611279 f     0.176123     0.000000 0.435156
u0/w_reg_2__3_/D (DFCSNQD1)     0.647969 f     0.212021     0.000000 0.435949
u0/w_reg_3__19_/D (DFCSNQD4)    0.613848 f     0.177278     0.000000 0.436570
u0/w_reg_3__25_/D (DFCSNQD2)    0.640828 f     0.202918     0.000000 0.437909
text_out_reg_66_/D (DFCSNQD1)   0.627850 f     0.189751     0.000000 0.438100
u0/w_reg_2__22_/D (DFCSNQD1)    0.628534 f     0.190399     0.000000 0.438135
sa33_reg_6_/D (DFCSNQD1)        0.640365 f     0.201597     0.000000 0.438768
sa33_reg_3_/D (DFCSNQD4)        0.602656 r     0.163857     0.000000 0.438799
text_out_reg_85_/D (DFCSNQD1)   0.636395 f     0.196897     0.000000 0.439498
text_out_reg_35_/D (DFCSNQD1)   0.633055 f     0.191876     0.000000 0.441179
sa23_reg_1_/D (DFCSNQD4)        0.625754 f     0.183422     0.000000 0.442332
u0/w_reg_2__10_/D (DFCSNQD1)    0.653844 f     0.211034     0.000000 0.442810
sa33_reg_1_/D (DFCSNQD4)        0.626114 f     0.182742     0.000000 0.443372
u0/w_reg_2__31_/D (DFCSNQD1)    0.650069 f     0.205393     0.000000 0.444676
u0/w_reg_1__5_/D (DFCSNQD1)     0.636360 f     0.190785     0.000000 0.445576
sa23_reg_3_/D (DFCSNQD4)        0.625354 f     0.179746     0.000000 0.445609
text_out_reg_26_/D (DFCSNQD1)   0.640677 f     0.193398     0.000000 0.447278
text_out_reg_41_/D (DFCSNQD1)   0.651822 f     0.203038     0.000000 0.448784
u0/w_reg_3__18_/D (DFCSNQD2)    0.639464 f     0.189843     0.000000 0.449621
u0/w_reg_2__21_/D (DFCSNQD1)    0.635697 f     0.184408     0.000000 0.451288
u0/w_reg_0__4_/D (DFCSNQD1)     0.645006 f     0.193185     0.000000 0.451821
u0/w_reg_2__18_/D (DFCSNQD1)    0.635131 f     0.181746     0.000000 0.453385
text_out_reg_42_/D (DFCSNQD1)   0.639435 f     0.185558     0.000000 0.453877
text_out_reg_6_/D (DFCSNQD1)    0.636827 f     0.182608     0.000000 0.454218
text_out_reg_28_/D (DFCSNQD1)   0.641696 f     0.187447     0.000000 0.454248
u0/w_reg_3__14_/D (DFCSNQD1)    0.648599 f     0.193115     0.000000 0.455484
text_out_reg_21_/D (DFCSNQD1)   0.651023 f     0.195328     0.000000 0.455695
text_out_reg_79_/D (DFCSNQD1)   0.638580 f     0.182500     0.000000 0.456080
u0/w_reg_0__23_/D (DFCSNQD1)    0.646270 f     0.190125     0.000000 0.456145
u0/w_reg_0__31_/D (DFCSNQD1)    0.618203 r     0.161570     0.000000 0.456632
sa22_reg_5_/D (DFCSNQD4)        0.635008 f     0.178053     0.000000 0.456955
text_out_reg_27_/D (DFCSNQD1)   0.640336 f     0.181692     0.000000 0.458645
u0/w_reg_1__15_/D (DFCSNQD1)    0.621927 r     0.161744     0.000000 0.460183
u0/w_reg_0__15_/D (DFCSNQD1)    0.622200 r     0.161573     0.000000 0.460627
sa00_reg_3_/D (DFCSNQD4)        0.623978 r     0.163030     0.000000 0.460948
text_out_reg_84_/D (DFCSNQD1)   0.646616 f     0.184941     0.000000 0.461676
text_out_reg_46_/D (DFCSNQD1)   0.659339 f     0.193912     0.000000 0.465427
text_out_reg_107_/D (DFCSNQD1)  0.655411 f     0.189680     0.000000 0.465731
sa13_reg_5_/D (DFCSNQD4)        0.638828 f     0.171639     0.000000 0.467189
sa30_reg_0_/D (DFCSNQD4)        0.642663 f     0.173488     0.000000 0.469175
u0/w_reg_3__27_/D (DFCSNQD4)    0.645783 f     0.176111     0.000000 0.469672
u0/w_reg_0__20_/D (DFCSNQD1)    0.662626 f     0.191314     0.000000 0.471312
u0/w_reg_3__9_/D (DFCSNQD2)     0.668858 f     0.195193     0.000000 0.473665
u0/w_reg_0__7_/D (DFCSNQD1)     0.636907 r     0.163010     0.000000 0.473897
u0/w_reg_2__16_/D (DFCSNQD1)    0.659969 f     0.185519     0.000000 0.474451
u0/w_reg_1__23_/D (DFCSNQD1)    0.639746 r     0.163960     0.000000 0.475786
u0/w_reg_2__8_/D (DFCSNQD1)     0.667278 f     0.191419     0.000000 0.475859
u0/w_reg_2__28_/D (DFCSNQD1)    0.688746 f     0.212444     0.000000 0.476302
u0/w_reg_3__26_/D (DFCSNQD1)    0.679326 f     0.202239     0.000000 0.477087
text_out_reg_7_/D (DFCSNQD1)    0.662021 f     0.184536     0.000000 0.477485
text_out_reg_69_/D (DFCSNQD1)   0.662679 f     0.183534     0.000000 0.479145
u0/w_reg_3__1_/D (DFCSNQD2)     0.676310 f     0.195418     0.000000 0.480892
u0/w_reg_3__7_/D (DFCSNQD1)     0.675453 f     0.189733     0.000000 0.485720
u0/w_reg_3__22_/D (DFCSNQD1)    0.676647 f     0.190661     0.000000 0.485986
text_out_reg_67_/D (DFCSNQD1)   0.668602 f     0.182413     0.000000 0.486189
text_out_reg_18_/D (DFCSNQD1)   0.682626 f     0.191758     0.000000 0.490868
text_out_reg_45_/D (DFCSNQD1)   0.681132 f     0.189338     0.000000 0.491794
u0/w_reg_1__31_/D (DFCSNQD1)    0.652337 r     0.160260     0.000000 0.492077
sa13_reg_1_/D (DFCSNQD4)        0.666628 f     0.172577     0.000000 0.494051
sa20_reg_5_/D (DFCSNQD4)        0.674052 f     0.179321     0.000000 0.494731
u0/w_reg_2__24_/D (DFCSNQD1)    0.687361 f     0.192607     0.000000 0.494754
u0/w_reg_3__6_/D (DFCSNQD1)     0.689257 f     0.193167     0.000000 0.496091
u0/w_reg_0__28_/D (DFCSNQD1)    0.698225 f     0.200993     0.000000 0.497232
u0/w_reg_2__26_/D (DFCSNQD1)    0.698229 f     0.200547     0.000000 0.497682
text_out_reg_64_/D (DFCSNQD1)   0.682151 f     0.183382     0.000000 0.498769
text_out_reg_16_/D (DFCSNQD1)   0.695351 f     0.196552     0.000000 0.498799
sa30_reg_5_/D (DFCSNQD4)        0.656602 r     0.157681     0.000000 0.498922
sa30_reg_3_/D (DFCSNQD4)        0.690898 f     0.190441     0.000000 0.500457
u0/w_reg_2__25_/D (DFCSNQD1)    0.702466 f     0.201064     0.000000 0.501402
sa22_reg_3_/D (DFCSNQD4)        0.677323 f     0.171886     0.000000 0.505437
u0/w_reg_0__12_/D (DFCSNQD1)    0.698275 f     0.192018     0.000000 0.506257
text_out_reg_2_/D (DFCSNQD1)    0.700406 f     0.189064     0.000000 0.511342
u0/w_reg_2__0_/D (DFCSNQD1)     0.678701 r     0.165299     0.000000 0.513402
u0/w_reg_2__27_/D (DFCSNQD1)    0.717497 f     0.199152     0.000000 0.518346
u0/w_reg_2__9_/D (DFCSNQD1)     0.713246 f     0.193309     0.000000 0.519937
u0/w_reg_3__12_/D (DFCSNQD2)    0.726287 f     0.201535     0.000000 0.524752
sa23_reg_2_/D (DFCSNQD4)        0.702979 r     0.168743     0.000000 0.534236
u0/w_reg_1__7_/D (DFCSNQD1)     0.699411 r     0.164470     0.000000 0.534941
u0/w_reg_2__19_/D (DFCSNQD1)    0.726956 f     0.187891     0.000000 0.539065
u0/w_reg_2__2_/D (DFCSNQD1)     0.733436 f     0.192725     0.000000 0.540711
u0/w_reg_1__28_/D (DFCSNQD1)    0.711904 r     0.170822     0.000000 0.541083
u0/w_reg_1__20_/D (DFCSNQD1)    0.702244 r     0.158976     0.000000 0.543268
text_out_reg_12_/D (DFCSNQD1)   0.737544 f     0.194067     0.000000 0.543477
u0/w_reg_2__15_/D (DFCSNQD1)    0.741238 f     0.194405     0.000000 0.546834
u0/w_reg_1__4_/D (DFCSNQD1)     0.710694 r     0.162021     0.000000 0.548673
u0/w_reg_1__12_/D (DFCSNQD1)    0.712153 r     0.163267     0.000000 0.548886
u0/w_reg_2__17_/D (DFCSNQD1)    0.758441 f     0.202835     0.000000 0.555605
u0/w_reg_2__1_/D (DFCSNQD1)     0.746234 f     0.189395     0.000000 0.556838
u0/w_reg_2__4_/D (DFCSNQD1)     0.751379 f     0.193290     0.000000 0.558089
u0/w_reg_3__2_/D (DFCSNQD2)     0.748583 f     0.188779     0.000000 0.559804
u0/w_reg_2__23_/D (DFCSNQD1)    0.752873 f     0.191059     0.000000 0.561813
u0/w_reg_2__20_/D (DFCSNQD1)    0.760866 f     0.191680     0.000000 0.569186
text_out_reg_10_/D (DFCSNQD1)   0.758992 f     0.189291     0.000000 0.569701
u0/w_reg_1__11_/D (DFCSNQD1)    0.761105 f     0.187924     0.000000 0.573181
u0/w_reg_0__11_/D (DFCSNQD1)    0.783935 f     0.200444     0.000000 0.583491
u0/w_reg_2__12_/D (DFCSNQD1)    0.794868 f     0.190289     0.000000 0.604579
text_out_reg_11_/D (DFCSNQD1)   0.808743 f     0.182145     0.000000 0.626598
u0/w_reg_2__11_/D (DFCSNQD1)    0.854773 f     0.195436     0.000000 0.659337
u0/w_reg_3__11_/D (DFCSNQD4)    0.841890 f     0.174640     0.000000 0.667249

1
