----------------------------------------------------------------------
Info:    Log written by SiliconSmart version L-2016.06-SP1-2 on Thu Mar  8 15:51:19 2018
Info:    Build date: Dec 07, 2016 16:59:49
Info:    SiliconSmart Path: /acsnfs3/software/SiliconSmartAce-2016.06-SP1-2/linux64/bin/siliconsmart
Info:    Host Name: ieng6-ece-17.ucsd.edu, User Name: shl237, PID: 17961
Info:    CPU: 8 x 2600 MHz, Intel(R) Xeon(R) CPU E5-2650 v2 @ 2.60GHz (2 socket, 4 core)
Info:    Memory: 32 GB RAM, 2 GB Swap
Info:    Directory: /home/linux/ieng6/ee260b/shl237/lab6/run_siliconsmart/LIB_FF_1.1_-40_ALL
Info:    Maximum virtual memory size: 583.24MB
Command-line: /acsnfs3/software/SiliconSmartAce-2016.06-SP1-2/linux64/bin/siliconsmart -server /home/linux/ieng6/ee260b/shl237/lab6/run_siliconsmart/LIB_FF_1.1_-40_ALL/runtime/cdpl/driver_17204.tcl
Thu Mar  8 15:51:19 2018: Establishing connection to license server
The char directory is /home/linux/ieng6/ee260b/shl237/lab6/run_siliconsmart/LIB_FF_1.1_-40_ALL
Warning: Operating condition 'FF_1.1_-40_ALL' already exists, skipped.
Info:    Reading instance file for cell AOI21D1... (SMSC-23)
Info:    Generating timing tests.
Info:    Generating power tests.
Info:    Generating template at Thu Mar  8 15:51:19 2018 
Info:    Done generating template at Thu Mar  8 15:51:29 2018
Info:    Generate Templates: Maximum virtual memory size: 624.426 MB
Info:    Cell AOI21D1 configured for characterization. (SMSC-24)
Info:    __recordTaskStats__ AOI21D1 configure 5.44 0.47 0.0 0.0 1 15.5196988583 ieng6-ece-17.ucsd.edu 1520553079.8 1520553095.31
Info:    set _SIS_CLIENT_RESULT_ {{AOI21D1 configuration {status done exportVars {} errorList {} sifName {} sofName {} eadName {} depFiles {}}}}
Info:    _SIS_CLIENT_RESULT_END
Info:    Reading instance file for cell INVD20... (SMSC-23)
Info:    Generating timing tests.
Info:    Generating power tests.
Info:    Generating template at Thu Mar  8 15:51:36 2018 
Info:    Done generating template at Thu Mar  8 15:51:38 2018
Info:    Generate Templates: Maximum virtual memory size: 625.504 MB
Info:    Cell INVD20 configured for characterization. (SMSC-24)
Info:    __recordTaskStats__ INVD20 configure 0.37 0.0 0.0 0.0 1 8.45087385178 ieng6-ece-17.ucsd.edu 1520553095.6 1520553104.05
Info:    set _SIS_CLIENT_RESULT_ {{INVD20 configuration {status done exportVars {} errorList {} sifName {} sofName {} eadName {} depFiles {}}}}
Info:    _SIS_CLIENT_RESULT_END
Info:    Reading instance file for cell MUX2D1... (SMSC-23)
Info:    Generating timing tests.
Info:    Generating power tests.
Info:    Generating template at Thu Mar  8 15:51:45 2018 
Warning: MUX2D1:For test delay__S__lh__Z__lh following when conditions are not possible ['I0&!I1']
Warning: MUX2D1:For test delay__S__lh__Z__hl following when conditions are not possible ['!I0&I1']
Warning: MUX2D1:For test delay__S__hl__Z__lh following when conditions are not possible ['!I0&I1']
Warning: MUX2D1:For test delay__S__hl__Z__hl following when conditions are not possible ['I0&!I1']
Warning: MUX2D1:For test energy__S__lh__Z__lh following when conditions are not possible ['I0&!I1']
Warning: MUX2D1:For test energy__S__lh__Z__hl following when conditions are not possible ['!I0&I1']
Warning: MUX2D1:For test energy__S__hl__Z__lh following when conditions are not possible ['!I0&I1']
Warning: MUX2D1:For test energy__S__hl__Z__hl following when conditions are not possible ['I0&!I1']
Info:    Done generating template at Thu Mar  8 15:51:59 2018
Info:    Generate Templates: Maximum virtual memory size: 628.457 MB
Info:    Cell MUX2D1 configured for characterization. (SMSC-24)
Info:    __recordTaskStats__ MUX2D1 configure 6.54 0.18 0.0 0.0 1 34.1019051075 ieng6-ece-17.ucsd.edu 1520553104.61 1520553138.71
Info:    set _SIS_CLIENT_RESULT_ {{MUX2D1 configuration {status done exportVars {} errorList {} sifName {} sofName {} eadName {} depFiles {}}}}
Info:    _SIS_CLIENT_RESULT_END
Info:    The char directory is /home/linux/ieng6/ee260b/shl237/lab6/run_siliconsmart/LIB_FF_1.1_-40_ALL
Warning: Operating condition 'FF_1.1_-40_ALL' already exists, skipped.
Info:    The char directory is /home/linux/ieng6/ee260b/shl237/lab6/run_siliconsmart/LIB_FF_1.1_-40_ALL
Warning: Operating condition 'FF_1.1_-40_ALL' already exists, skipped.
Info:    Loading information for cell DFCSNQD1... (SMSC-60)
Info:    Start Search.seeded_binary.opt_removal on removal (SIM-43)
Info:    Current directory '/home/linux/ieng6/ee260b/shl237/lab6/run_siliconsmart/LIB_FF_1.1_-40_ALL' (SIM-68)
Info:    Working in directory '/home/linux/ieng6/ee260b/shl237/lab6/run_siliconsmart/LIB_FF_1.1_-40_ALL/temp/siliconsmart.ieng6-ece-17.9333.17961/removal__SDN__lh__CP__lh__ACQ_1.sif_0' (SIM-69)
Info:    Executing 'hspice deck.cir -o deck' (SIM-30)
Warning: return code 0 (hspice: No such file or directory)
Info:    Current directory '/home/linux/ieng6/ee260b/shl237/lab6/run_siliconsmart/LIB_FF_1.1_-40_ALL' (SIM-68)
Info:    Working in directory '/home/linux/ieng6/ee260b/shl237/lab6/run_siliconsmart/LIB_FF_1.1_-40_ALL/temp/siliconsmart.ieng6-ece-17.9333.17961/removal__SDN__lh__CP__lh__ACQ_1.sif_1' (SIM-69)
Info:    Executing 'hspice deck.cir -o deck' (SIM-30)
Warning: return code 0 (hspice: No such file or directory)
Info:    Current directory '/home/linux/ieng6/ee260b/shl237/lab6/run_siliconsmart/LIB_FF_1.1_-40_ALL' (SIM-68)
Info:    Working in directory '/home/linux/ieng6/ee260b/shl237/lab6/run_siliconsmart/LIB_FF_1.1_-40_ALL/temp/siliconsmart.ieng6-ece-17.9333.17961/removal__SDN__lh__CP__lh__ACQ_1.sif_2' (SIM-69)
Info:    Executing 'hspice deck.cir -o deck' (SIM-30)
Warning: return code 0 (hspice: No such file or directory)
Info:    Current directory '/home/linux/ieng6/ee260b/shl237/lab6/run_siliconsmart/LIB_FF_1.1_-40_ALL' (SIM-68)
Info:    Working in directory '/home/linux/ieng6/ee260b/shl237/lab6/run_siliconsmart/LIB_FF_1.1_-40_ALL/temp/siliconsmart.ieng6-ece-17.9333.17961/removal__SDN__lh__CP__lh__ACQ_1.sif_3' (SIM-69)
Info:    Executing 'hspice deck.cir -o deck' (SIM-30)
Warning: return code 0 (hspice: No such file or directory)
Info:    Current directory '/home/linux/ieng6/ee260b/shl237/lab6/run_siliconsmart/LIB_FF_1.1_-40_ALL' (SIM-68)
Info:    Working in directory '/home/linux/ieng6/ee260b/shl237/lab6/run_siliconsmart/LIB_FF_1.1_-40_ALL/temp/siliconsmart.ieng6-ece-17.9333.17961/removal__SDN__lh__CP__lh__ACQ_1.sif_4' (SIM-69)
Info:    Executing 'hspice deck.cir -o deck' (SIM-30)
Warning: return code 0 (hspice: No such file or directory)
Info:    Current directory '/home/linux/ieng6/ee260b/shl237/lab6/run_siliconsmart/LIB_FF_1.1_-40_ALL' (SIM-68)
Info:    Working in directory '/home/linux/ieng6/ee260b/shl237/lab6/run_siliconsmart/LIB_FF_1.1_-40_ALL/temp/siliconsmart.ieng6-ece-17.9333.17961/removal__SDN__lh__CP__lh__ACQ_1.sif_5' (SIM-69)
Info:    Executing 'hspice deck.cir -o deck' (SIM-30)
Warning: return code 0 (hspice: No such file or directory)
Info:    Simulation removal__SDN__lh__CP__lh__ACQ_1.sif for cell DFCSNQD1 completed successfully. (SMSC-103)
Info:    IO Retry 0
Info:    set _SIS_CLIENT_RESULT_ {{DFCSNQD1 removal__SDN__lh__CP__lh__ACQ_1 {sifTS 0.0 sifName /home/linux/ieng6/ee260b/shl237/lab6/run_siliconsmart/LIB_FF_1.1_-40_ALL/temp/siliconsmart.ieng6-ece-17.9333.17961/removal__SDN__lh__CP__lh__ACQ_1.sif eadCksum b147e2bc3ef47fa597287b6d5f936a8c simulationCount 6 exportVars {} errorList {} sofName /home/linux/ieng6/ee260b/shl237/lab6/run_siliconsmart/LIB_FF_1.1_-40_ALL/temp/siliconsmart.ieng6-ece-17.9333.17961/removal__SDN__lh__CP__lh__ACQ_1.sof eadTS 0.0 eadName /home/linux/ieng6/ee260b/shl237/lab6/run_siliconsmart/LIB_FF_1.1_-40_ALL/temp/siliconsmart.ieng6-ece-17.9333.17961/removal__SDN__lh__CP__lh__ACQ_1.ead enableCache 0 status done depFiles /home/linux/ieng6/ee260b/shl237/lab6/run_siliconsmart/LIB_FF_1.1_-40_ALL/netlists/DFCSNQD1.cdl sifCksum 6f0df79a2430d2e7689d8c07daabc16a}}}
Info:    _SIS_CLIENT_RESULT_END
Info:    __recordTaskStats__ DFCSNQD1 removal__SDN__lh__CP__lh__ACQ_1 0.72 0.0 16.98 7.87 6 89.7501049042 ieng6-ece-17.ucsd.edu 1520553212.25 1520553302.0
Info:    Loading information for cell DFCSNQD4... (SMSC-60)
Info:    Start Search.seeded_binary.opt_asynch_removal on asynch_removal (SIM-43)
Info:    Current directory '/home/linux/ieng6/ee260b/shl237/lab6/run_siliconsmart/LIB_FF_1.1_-40_ALL' (SIM-68)
Info:    Working in directory '/home/linux/ieng6/ee260b/shl237/lab6/run_siliconsmart/LIB_FF_1.1_-40_ALL/temp/siliconsmart.ieng6-ece-17.9333.17961/asynch_removal__SDN__lh__CDN__lh__ACQ_1.sif_0' (SIM-69)
Info:    Executing 'hspice deck.cir -o deck' (SIM-30)
Warning: return code 0 (hspice: No such file or directory)
Info:    Current directory '/home/linux/ieng6/ee260b/shl237/lab6/run_siliconsmart/LIB_FF_1.1_-40_ALL' (SIM-68)
Info:    Working in directory '/home/linux/ieng6/ee260b/shl237/lab6/run_siliconsmart/LIB_FF_1.1_-40_ALL/temp/siliconsmart.ieng6-ece-17.9333.17961/asynch_removal__SDN__lh__CDN__lh__ACQ_1.sif_1' (SIM-69)
Info:    Executing 'hspice deck.cir -o deck' (SIM-30)
Warning: return code 0 (hspice: No such file or directory)
Info:    Current directory '/home/linux/ieng6/ee260b/shl237/lab6/run_siliconsmart/LIB_FF_1.1_-40_ALL' (SIM-68)
Info:    Working in directory '/home/linux/ieng6/ee260b/shl237/lab6/run_siliconsmart/LIB_FF_1.1_-40_ALL/temp/siliconsmart.ieng6-ece-17.9333.17961/asynch_removal__SDN__lh__CDN__lh__ACQ_1.sif_2' (SIM-69)
Info:    Executing 'hspice deck.cir -o deck' (SIM-30)
Warning: return code 0 (hspice: No such file or directory)
Info:    Current directory '/home/linux/ieng6/ee260b/shl237/lab6/run_siliconsmart/LIB_FF_1.1_-40_ALL' (SIM-68)
Info:    Working in directory '/home/linux/ieng6/ee260b/shl237/lab6/run_siliconsmart/LIB_FF_1.1_-40_ALL/temp/siliconsmart.ieng6-ece-17.9333.17961/asynch_removal__SDN__lh__CDN__lh__ACQ_1.sif_3' (SIM-69)
Info:    Executing 'hspice deck.cir -o deck' (SIM-30)
Warning: return code 0 (hspice: No such file or directory)
Info:    Current directory '/home/linux/ieng6/ee260b/shl237/lab6/run_siliconsmart/LIB_FF_1.1_-40_ALL' (SIM-68)
Info:    Working in directory '/home/linux/ieng6/ee260b/shl237/lab6/run_siliconsmart/LIB_FF_1.1_-40_ALL/temp/siliconsmart.ieng6-ece-17.9333.17961/asynch_removal__SDN__lh__CDN__lh__ACQ_1.sif_4' (SIM-69)
Info:    Executing 'hspice deck.cir -o deck' (SIM-30)
Warning: return code 0 (hspice: No such file or directory)
Info:    Current directory '/home/linux/ieng6/ee260b/shl237/lab6/run_siliconsmart/LIB_FF_1.1_-40_ALL' (SIM-68)
Info:    Working in directory '/home/linux/ieng6/ee260b/shl237/lab6/run_siliconsmart/LIB_FF_1.1_-40_ALL/temp/siliconsmart.ieng6-ece-17.9333.17961/asynch_removal__SDN__lh__CDN__lh__ACQ_1.sif_5' (SIM-69)
Info:    Executing 'hspice deck.cir -o deck' (SIM-30)
Warning: return code 0 (hspice: No such file or directory)
Info:    Simulation asynch_removal__SDN__lh__CDN__lh__ACQ_1.sif for cell DFCSNQD4 completed successfully. (SMSC-103)
Info:    IO Retry 0
Info:    set _SIS_CLIENT_RESULT_ {{DFCSNQD4 asynch_removal__SDN__lh__CDN__lh__ACQ_1 {sifTS 0.0 sifName /home/linux/ieng6/ee260b/shl237/lab6/run_siliconsmart/LIB_FF_1.1_-40_ALL/temp/siliconsmart.ieng6-ece-17.9333.17961/asynch_removal__SDN__lh__CDN__lh__ACQ_1.sif eadCksum c849c23b4fc8134ee1e5dba667725642 simulationCount 6 exportVars {} errorList {} sofName /home/linux/ieng6/ee260b/shl237/lab6/run_siliconsmart/LIB_FF_1.1_-40_ALL/temp/siliconsmart.ieng6-ece-17.9333.17961/asynch_removal__SDN__lh__CDN__lh__ACQ_1.sof eadTS 0.0 eadName /home/linux/ieng6/ee260b/shl237/lab6/run_siliconsmart/LIB_FF_1.1_-40_ALL/temp/siliconsmart.ieng6-ece-17.9333.17961/asynch_removal__SDN__lh__CDN__lh__ACQ_1.ead enableCache 0 status done depFiles /home/linux/ieng6/ee260b/shl237/lab6/run_siliconsmart/LIB_FF_1.1_-40_ALL/netlists/DFCSNQD4.cdl sifCksum 096eaa7b9a2c2b63d35146dd847e63c7}}}
Info:    _SIS_CLIENT_RESULT_END
Info:    __recordTaskStats__ DFCSNQD4 asynch_removal__SDN__lh__CDN__lh__ACQ_1 0.35 0.08 14.3 1.23 6 55.5358510017 ieng6-ece-17.ucsd.edu 1520553302.0 1520553357.54
Info:    Loading information for cell AOI21D2... (SMSC-60)
Info:    Current directory '/home/linux/ieng6/ee260b/shl237/lab6/run_siliconsmart/LIB_FF_1.1_-40_ALL' (SIM-68)
Info:    Working in directory '/home/linux/ieng6/ee260b/shl237/lab6/run_siliconsmart/LIB_FF_1.1_-40_ALL/temp/siliconsmart.ieng6-ece-17.9333.17961/delay__A1__lh__ZN__hl__ACQ_1.sif_0' (SIM-69)
Info:    Executing 'hspice deck.cir -o deck' (SIM-30)
Warning: return code 0 (hspice: No such file or directory)
Info:    Simulation delay__A1__lh__ZN__hl__ACQ_1.sif for cell AOI21D2 completed successfully. (SMSC-103)
Info:    IO Retry 0
Info:    set _SIS_CLIENT_RESULT_ {{AOI21D2 delay__A1__lh__ZN__hl__ACQ_1 {sifTS 0.0 sifName /home/linux/ieng6/ee260b/shl237/lab6/run_siliconsmart/LIB_FF_1.1_-40_ALL/temp/siliconsmart.ieng6-ece-17.9333.17961/delay__A1__lh__ZN__hl__ACQ_1.sif eadCksum adae131fe24ddb3227af02a40bec050a simulationCount 1 exportVars {} errorList {} sofName /home/linux/ieng6/ee260b/shl237/lab6/run_siliconsmart/LIB_FF_1.1_-40_ALL/temp/siliconsmart.ieng6-ece-17.9333.17961/delay__A1__lh__ZN__hl__ACQ_1.sof eadTS 0.0 eadName /home/linux/ieng6/ee260b/shl237/lab6/run_siliconsmart/LIB_FF_1.1_-40_ALL/temp/siliconsmart.ieng6-ece-17.9333.17961/delay__A1__lh__ZN__hl__ACQ_1.ead enableCache 0 status done depFiles /home/linux/ieng6/ee260b/shl237/lab6/run_siliconsmart/LIB_FF_1.1_-40_ALL/netlists/AOI21D2.cdl sifCksum 5eeaa14b4f50d1814c737fab5af5e60b}}}
Info:    _SIS_CLIENT_RESULT_END
Info:    __recordTaskStats__ AOI21D2 delay__A1__lh__ZN__hl__ACQ_1 0.19 0.0 2.57 0.14 1 9.98292589188 ieng6-ece-17.ucsd.edu 1520553357.54 1520553367.52
Info:    Loading information for cell MUX2D0... (SMSC-60)
Info:    Current directory '/home/linux/ieng6/ee260b/shl237/lab6/run_siliconsmart/LIB_FF_1.1_-40_ALL' (SIM-68)
Info:    Working in directory '/home/linux/ieng6/ee260b/shl237/lab6/run_siliconsmart/LIB_FF_1.1_-40_ALL/temp/siliconsmart.ieng6-ece-17.9333.17961/delay__S__lh__Z__lh__ACQ_1.sif_0' (SIM-69)
Info:    Executing 'hspice deck.cir -o deck' (SIM-30)
Warning: return code 0 (hspice: No such file or directory)
Info:    Simulation delay__S__lh__Z__lh__ACQ_1.sif for cell MUX2D0 completed successfully. (SMSC-103)
Info:    IO Retry 0
Info:    set _SIS_CLIENT_RESULT_ {{MUX2D0 delay__S__lh__Z__lh__ACQ_1 {sifTS 0.0 sifName /home/linux/ieng6/ee260b/shl237/lab6/run_siliconsmart/LIB_FF_1.1_-40_ALL/temp/siliconsmart.ieng6-ece-17.9333.17961/delay__S__lh__Z__lh__ACQ_1.sif eadCksum c0194f330c1c41beb8167b20361d6ed0 simulationCount 1 exportVars {} errorList {} sofName /home/linux/ieng6/ee260b/shl237/lab6/run_siliconsmart/LIB_FF_1.1_-40_ALL/temp/siliconsmart.ieng6-ece-17.9333.17961/delay__S__lh__Z__lh__ACQ_1.sof eadTS 0.0 eadName /home/linux/ieng6/ee260b/shl237/lab6/run_siliconsmart/LIB_FF_1.1_-40_ALL/temp/siliconsmart.ieng6-ece-17.9333.17961/delay__S__lh__Z__lh__ACQ_1.ead enableCache 0 status done depFiles /home/linux/ieng6/ee260b/shl237/lab6/run_siliconsmart/LIB_FF_1.1_-40_ALL/netlists/MUX2D0.cdl sifCksum 9c9b0722f5d8aecc319d1cdeba1f549c}}}
Info:    _SIS_CLIENT_RESULT_END
Info:    __recordTaskStats__ MUX2D0 delay__S__lh__Z__lh__ACQ_1 0.21 0.0 2.81 0.14 1 10.9367041588 ieng6-ece-17.ucsd.edu 1520553367.52 1520553378.46
Info:    Loading information for cell MUX2D1... (SMSC-60)
Info:    Current directory '/home/linux/ieng6/ee260b/shl237/lab6/run_siliconsmart/LIB_FF_1.1_-40_ALL' (SIM-68)
Info:    Working in directory '/home/linux/ieng6/ee260b/shl237/lab6/run_siliconsmart/LIB_FF_1.1_-40_ALL/temp/siliconsmart.ieng6-ece-17.9333.17961/delay__S__hl__Z__lh__ACQ_1.sif_0' (SIM-69)
Info:    Executing 'hspice deck.cir -o deck' (SIM-30)
Warning: return code 0 (hspice: No such file or directory)
Info:    Simulation delay__S__hl__Z__lh__ACQ_1.sif for cell MUX2D1 completed successfully. (SMSC-103)
Info:    IO Retry 0
Info:    set _SIS_CLIENT_RESULT_ {{MUX2D1 delay__S__hl__Z__lh__ACQ_1 {sifTS 0.0 sifName /home/linux/ieng6/ee260b/shl237/lab6/run_siliconsmart/LIB_FF_1.1_-40_ALL/temp/siliconsmart.ieng6-ece-17.9333.17961/delay__S__hl__Z__lh__ACQ_1.sif eadCksum 2bbc15b8fd4d39e311cfee66515b0f3d simulationCount 1 exportVars {} errorList {} sofName /home/linux/ieng6/ee260b/shl237/lab6/run_siliconsmart/LIB_FF_1.1_-40_ALL/temp/siliconsmart.ieng6-ece-17.9333.17961/delay__S__hl__Z__lh__ACQ_1.sof eadTS 0.0 eadName /home/linux/ieng6/ee260b/shl237/lab6/run_siliconsmart/LIB_FF_1.1_-40_ALL/temp/siliconsmart.ieng6-ece-17.9333.17961/delay__S__hl__Z__lh__ACQ_1.ead enableCache 0 status done depFiles /home/linux/ieng6/ee260b/shl237/lab6/run_siliconsmart/LIB_FF_1.1_-40_ALL/netlists/MUX2D1.cdl sifCksum 778570f306c227ddd8015d8f84e5413e}}}
Info:    _SIS_CLIENT_RESULT_END
Info:    __recordTaskStats__ MUX2D1 delay__S__hl__Z__lh__ACQ_1 0.21 0.0 2.84 0.16 1 11.2337398529 ieng6-ece-17.ucsd.edu 1520553378.46 1520553389.69
Info:    Loading information for cell MUX2D4... (SMSC-60)
Info:    Current directory '/home/linux/ieng6/ee260b/shl237/lab6/run_siliconsmart/LIB_FF_1.1_-40_ALL' (SIM-68)
Info:    Working in directory '/home/linux/ieng6/ee260b/shl237/lab6/run_siliconsmart/LIB_FF_1.1_-40_ALL/temp/siliconsmart.ieng6-ece-17.9333.17961/Cin__I1__hl__ACQ_1.sif_0' (SIM-69)
Info:    Executing 'hspice deck.cir -o deck' (SIM-30)
Warning: return code 0 (hspice: No such file or directory)
Info:    Simulation Cin__I1__hl__ACQ_1.sif for cell MUX2D4 completed successfully. (SMSC-103)
Info:    IO Retry 0
Info:    set _SIS_CLIENT_RESULT_ {{MUX2D4 Cin__I1__hl__ACQ_1 {sifTS 0.0 sifName /home/linux/ieng6/ee260b/shl237/lab6/run_siliconsmart/LIB_FF_1.1_-40_ALL/temp/siliconsmart.ieng6-ece-17.9333.17961/Cin__I1__hl__ACQ_1.sif eadCksum 672b3763c5ae40de1012e6a85b28401e simulationCount 1 exportVars {} errorList {} sofName /home/linux/ieng6/ee260b/shl237/lab6/run_siliconsmart/LIB_FF_1.1_-40_ALL/temp/siliconsmart.ieng6-ece-17.9333.17961/Cin__I1__hl__ACQ_1.sof eadTS 0.0 eadName /home/linux/ieng6/ee260b/shl237/lab6/run_siliconsmart/LIB_FF_1.1_-40_ALL/temp/siliconsmart.ieng6-ece-17.9333.17961/Cin__I1__hl__ACQ_1.ead enableCache 0 status done depFiles /home/linux/ieng6/ee260b/shl237/lab6/run_siliconsmart/LIB_FF_1.1_-40_ALL/netlists/MUX2D4.cdl sifCksum 5bceaa154bd6c4534bb8fb871b6180d2}}}
Info:    _SIS_CLIENT_RESULT_END
Info:    __recordTaskStats__ MUX2D4 Cin__I1__hl__ACQ_1 0.15 0.0 0.77 0.08 1 2.81925797462 ieng6-ece-17.ucsd.edu 1520553389.69 1520553392.51
Info:    Loading information for cell OAI21D0... (SMSC-60)
Info:    Current directory '/home/linux/ieng6/ee260b/shl237/lab6/run_siliconsmart/LIB_FF_1.1_-40_ALL' (SIM-68)
Info:    Working in directory '/home/linux/ieng6/ee260b/shl237/lab6/run_siliconsmart/LIB_FF_1.1_-40_ALL/temp/siliconsmart.ieng6-ece-17.9333.17961/delay__A1__hl__ZN__lh__ACQ_1.sif_0' (SIM-69)
Info:    Executing 'hspice deck.cir -o deck' (SIM-30)
Warning: return code 0 (hspice: No such file or directory)
Info:    Simulation delay__A1__hl__ZN__lh__ACQ_1.sif for cell OAI21D0 completed successfully. (SMSC-103)
Info:    IO Retry 0
Info:    set _SIS_CLIENT_RESULT_ {{OAI21D0 delay__A1__hl__ZN__lh__ACQ_1 {sifTS 0.0 sifName /home/linux/ieng6/ee260b/shl237/lab6/run_siliconsmart/LIB_FF_1.1_-40_ALL/temp/siliconsmart.ieng6-ece-17.9333.17961/delay__A1__hl__ZN__lh__ACQ_1.sif eadCksum 26a25e91d3586df6de49410d73c9c141 simulationCount 1 exportVars {} errorList {} sofName /home/linux/ieng6/ee260b/shl237/lab6/run_siliconsmart/LIB_FF_1.1_-40_ALL/temp/siliconsmart.ieng6-ece-17.9333.17961/delay__A1__hl__ZN__lh__ACQ_1.sof eadTS 0.0 eadName /home/linux/ieng6/ee260b/shl237/lab6/run_siliconsmart/LIB_FF_1.1_-40_ALL/temp/siliconsmart.ieng6-ece-17.9333.17961/delay__A1__hl__ZN__lh__ACQ_1.ead enableCache 0 status done depFiles /home/linux/ieng6/ee260b/shl237/lab6/run_siliconsmart/LIB_FF_1.1_-40_ALL/netlists/OAI21D0.cdl sifCksum 9a45dbf118b2b4f96fbcda154a0df8d1}}}
Info:    _SIS_CLIENT_RESULT_END
Info:    __recordTaskStats__ OAI21D0 delay__A1__hl__ZN__lh__ACQ_1 0.21 0.0 2.05 0.55 1 8.73731398582 ieng6-ece-17.ucsd.edu 1520553392.52 1520553401.26
Info:    Loading information for cell OAI21D2... (SMSC-60)
Info:    Current directory '/home/linux/ieng6/ee260b/shl237/lab6/run_siliconsmart/LIB_FF_1.1_-40_ALL' (SIM-68)
Info:    Working in directory '/home/linux/ieng6/ee260b/shl237/lab6/run_siliconsmart/LIB_FF_1.1_-40_ALL/temp/siliconsmart.ieng6-ece-17.9333.17961/delay__A2__lh__ZN__hl__ACQ_1.sif_0' (SIM-69)
Info:    Executing 'hspice deck.cir -o deck' (SIM-30)
Warning: return code 0 (hspice: No such file or directory)
Info:    Simulation delay__A2__lh__ZN__hl__ACQ_1.sif for cell OAI21D2 completed successfully. (SMSC-103)
Info:    IO Retry 0
Info:    set _SIS_CLIENT_RESULT_ {{OAI21D2 delay__A2__lh__ZN__hl__ACQ_1 {sifTS 0.0 sifName /home/linux/ieng6/ee260b/shl237/lab6/run_siliconsmart/LIB_FF_1.1_-40_ALL/temp/siliconsmart.ieng6-ece-17.9333.17961/delay__A2__lh__ZN__hl__ACQ_1.sif eadCksum 0d4f8174727607d73ae43425e844243b simulationCount 1 exportVars {} errorList {} sofName /home/linux/ieng6/ee260b/shl237/lab6/run_siliconsmart/LIB_FF_1.1_-40_ALL/temp/siliconsmart.ieng6-ece-17.9333.17961/delay__A2__lh__ZN__hl__ACQ_1.sof eadTS 0.0 eadName /home/linux/ieng6/ee260b/shl237/lab6/run_siliconsmart/LIB_FF_1.1_-40_ALL/temp/siliconsmart.ieng6-ece-17.9333.17961/delay__A2__lh__ZN__hl__ACQ_1.ead enableCache 0 status done depFiles /home/linux/ieng6/ee260b/shl237/lab6/run_siliconsmart/LIB_FF_1.1_-40_ALL/netlists/OAI21D2.cdl sifCksum 2cdd2604607be0c7e7229accdc567352}}}
Info:    _SIS_CLIENT_RESULT_END
Info:    __recordTaskStats__ OAI21D2 delay__A2__lh__ZN__hl__ACQ_1 0.2 0.0 2.72 0.13 1 10.0737280846 ieng6-ece-17.ucsd.edu 1520553401.76 1520553411.83
Info:    Loading information for cell AN2D2... (SMSC-60)
Info:    Current directory '/home/linux/ieng6/ee260b/shl237/lab6/run_siliconsmart/LIB_FF_1.1_-40_ALL' (SIM-68)
Info:    Working in directory '/home/linux/ieng6/ee260b/shl237/lab6/run_siliconsmart/LIB_FF_1.1_-40_ALL/temp/siliconsmart.ieng6-ece-17.9333.17961/Cin__A1__lh__ACQ_1.sif_0' (SIM-69)
Info:    Executing 'hspice deck.cir -o deck' (SIM-30)
Warning: return code 0 (hspice: No such file or directory)
Info:    Simulation Cin__A1__lh__ACQ_1.sif for cell AN2D2 completed successfully. (SMSC-103)
Info:    IO Retry 0
Info:    set _SIS_CLIENT_RESULT_ {{AN2D2 Cin__A1__lh__ACQ_1 {sifTS 0.0 sifName /home/linux/ieng6/ee260b/shl237/lab6/run_siliconsmart/LIB_FF_1.1_-40_ALL/temp/siliconsmart.ieng6-ece-17.9333.17961/Cin__A1__lh__ACQ_1.sif eadCksum 0b070a3abc0694d3b7306107d8c0af78 simulationCount 1 exportVars {} errorList {} sofName /home/linux/ieng6/ee260b/shl237/lab6/run_siliconsmart/LIB_FF_1.1_-40_ALL/temp/siliconsmart.ieng6-ece-17.9333.17961/Cin__A1__lh__ACQ_1.sof eadTS 0.0 eadName /home/linux/ieng6/ee260b/shl237/lab6/run_siliconsmart/LIB_FF_1.1_-40_ALL/temp/siliconsmart.ieng6-ece-17.9333.17961/Cin__A1__lh__ACQ_1.ead enableCache 0 status done depFiles /home/linux/ieng6/ee260b/shl237/lab6/run_siliconsmart/LIB_FF_1.1_-40_ALL/netlists/AN2D2.cdl sifCksum 6225a1e91dc35dcc418ef40baae6d62d}}}
Info:    _SIS_CLIENT_RESULT_END
Info:    __recordTaskStats__ AN2D2 Cin__A1__lh__ACQ_1 0.11 0.0 0.5 0.08 1 1.88412499428 ieng6-ece-17.ucsd.edu 1520553411.83 1520553413.72
Info:    Loading information for cell AN2D2... (SMSC-60)
Info:    Current directory '/home/linux/ieng6/ee260b/shl237/lab6/run_siliconsmart/LIB_FF_1.1_-40_ALL' (SIM-68)
Info:    Working in directory '/home/linux/ieng6/ee260b/shl237/lab6/run_siliconsmart/LIB_FF_1.1_-40_ALL/temp/siliconsmart.ieng6-ece-17.9333.17961/Cin__A2__lh__ACQ_1.sif_0' (SIM-69)
Info:    Executing 'hspice deck.cir -o deck' (SIM-30)
Warning: return code 0 (hspice: No such file or directory)
Info:    Simulation Cin__A2__lh__ACQ_1.sif for cell AN2D2 completed successfully. (SMSC-103)
Info:    IO Retry 0
Info:    set _SIS_CLIENT_RESULT_ {{AN2D2 Cin__A2__lh__ACQ_1 {sifTS 0.0 sifName /home/linux/ieng6/ee260b/shl237/lab6/run_siliconsmart/LIB_FF_1.1_-40_ALL/temp/siliconsmart.ieng6-ece-17.9333.17961/Cin__A2__lh__ACQ_1.sif eadCksum b2284aafe2b769884012c0ee706c37c7 simulationCount 1 exportVars {} errorList {} sofName /home/linux/ieng6/ee260b/shl237/lab6/run_siliconsmart/LIB_FF_1.1_-40_ALL/temp/siliconsmart.ieng6-ece-17.9333.17961/Cin__A2__lh__ACQ_1.sof eadTS 0.0 eadName /home/linux/ieng6/ee260b/shl237/lab6/run_siliconsmart/LIB_FF_1.1_-40_ALL/temp/siliconsmart.ieng6-ece-17.9333.17961/Cin__A2__lh__ACQ_1.ead enableCache 0 status done depFiles /home/linux/ieng6/ee260b/shl237/lab6/run_siliconsmart/LIB_FF_1.1_-40_ALL/netlists/AN2D2.cdl sifCksum bf8040f00cc2f7ce1192b13f2189fa9c}}}
Info:    _SIS_CLIENT_RESULT_END
Info:    __recordTaskStats__ AN2D2 Cin__A2__lh__ACQ_1 0.08 0.01 0.5 0.09 1 1.98502898216 ieng6-ece-17.ucsd.edu 1520553413.72 1520553415.7
Info:    Loading information for cell AN2D4... (SMSC-60)
Info:    Current directory '/home/linux/ieng6/ee260b/shl237/lab6/run_siliconsmart/LIB_FF_1.1_-40_ALL' (SIM-68)
Info:    Working in directory '/home/linux/ieng6/ee260b/shl237/lab6/run_siliconsmart/LIB_FF_1.1_-40_ALL/temp/siliconsmart.ieng6-ece-17.9333.17961/delay__A2__hl__Z__hl__ACQ_1.sif_0' (SIM-69)
Info:    Executing 'hspice deck.cir -o deck' (SIM-30)
Warning: return code 0 (hspice: No such file or directory)
Info:    Simulation delay__A2__hl__Z__hl__ACQ_1.sif for cell AN2D4 completed successfully. (SMSC-103)
Info:    IO Retry 0
Info:    set _SIS_CLIENT_RESULT_ {{AN2D4 delay__A2__hl__Z__hl__ACQ_1 {sifTS 0.0 sifName /home/linux/ieng6/ee260b/shl237/lab6/run_siliconsmart/LIB_FF_1.1_-40_ALL/temp/siliconsmart.ieng6-ece-17.9333.17961/delay__A2__hl__Z__hl__ACQ_1.sif eadCksum 5356ba3e2166a7ede2a7c145e89cab7f simulationCount 1 exportVars {} errorList {} sofName /home/linux/ieng6/ee260b/shl237/lab6/run_siliconsmart/LIB_FF_1.1_-40_ALL/temp/siliconsmart.ieng6-ece-17.9333.17961/delay__A2__hl__Z__hl__ACQ_1.sof eadTS 0.0 eadName /home/linux/ieng6/ee260b/shl237/lab6/run_siliconsmart/LIB_FF_1.1_-40_ALL/temp/siliconsmart.ieng6-ece-17.9333.17961/delay__A2__hl__Z__hl__ACQ_1.ead enableCache 0 status done depFiles /home/linux/ieng6/ee260b/shl237/lab6/run_siliconsmart/LIB_FF_1.1_-40_ALL/netlists/AN2D4.cdl sifCksum 66ab6e2fc1f887637275f5d9ad25951f}}}
Info:    _SIS_CLIENT_RESULT_END
Info:    __recordTaskStats__ AN2D4 delay__A2__hl__Z__hl__ACQ_1 0.2 0.0 3.28 0.16 1 11.9396529198 ieng6-ece-17.ucsd.edu 1520553415.71 1520553427.65
Info:    Loading information for cell ND2D3... (SMSC-60)
Info:    Current directory '/home/linux/ieng6/ee260b/shl237/lab6/run_siliconsmart/LIB_FF_1.1_-40_ALL' (SIM-68)
Info:    Working in directory '/home/linux/ieng6/ee260b/shl237/lab6/run_siliconsmart/LIB_FF_1.1_-40_ALL/temp/siliconsmart.ieng6-ece-17.9333.17961/leakage_power__ACQ_4.sif_0' (SIM-69)
Info:    Executing 'hspice deck.cir -o deck' (SIM-30)
Warning: return code 0 (hspice: No such file or directory)
Info:    Simulation leakage_power__ACQ_4.sif for cell ND2D3 completed successfully. (SMSC-103)
Info:    IO Retry 0
Info:    set _SIS_CLIENT_RESULT_ {{ND2D3 leakage_power__ACQ_4 {sifTS 0.0 sifName /home/linux/ieng6/ee260b/shl237/lab6/run_siliconsmart/LIB_FF_1.1_-40_ALL/temp/siliconsmart.ieng6-ece-17.9333.17961/leakage_power__ACQ_4.sif eadCksum 7e200821f0f1b4c56a695eb14a96c67c simulationCount 1 exportVars {} errorList {} sofName /home/linux/ieng6/ee260b/shl237/lab6/run_siliconsmart/LIB_FF_1.1_-40_ALL/temp/siliconsmart.ieng6-ece-17.9333.17961/leakage_power__ACQ_4.sof eadTS 0.0 eadName /home/linux/ieng6/ee260b/shl237/lab6/run_siliconsmart/LIB_FF_1.1_-40_ALL/temp/siliconsmart.ieng6-ece-17.9333.17961/leakage_power__ACQ_4.ead enableCache 0 status done depFiles /home/linux/ieng6/ee260b/shl237/lab6/run_siliconsmart/LIB_FF_1.1_-40_ALL/netlists/ND2D3.cdl sifCksum 6975a30d54bc261a49565feb6cf9a40d}}}
Info:    _SIS_CLIENT_RESULT_END
Info:    __recordTaskStats__ ND2D3 leakage_power__ACQ_4 0.1 0.01 0.32 0.07 1 1.56977295876 ieng6-ece-17.ucsd.edu 1520553427.65 1520553429.22
Info:    Loading information for cell ND2D4... (SMSC-60)
Info:    Current directory '/home/linux/ieng6/ee260b/shl237/lab6/run_siliconsmart/LIB_FF_1.1_-40_ALL' (SIM-68)
Info:    Working in directory '/home/linux/ieng6/ee260b/shl237/lab6/run_siliconsmart/LIB_FF_1.1_-40_ALL/temp/siliconsmart.ieng6-ece-17.9333.17961/leakage_power__ACQ_4.sif_0' (SIM-69)
Info:    Executing 'hspice deck.cir -o deck' (SIM-30)
Warning: return code 0 (hspice: No such file or directory)
Info:    Simulation leakage_power__ACQ_4.sif for cell ND2D4 completed successfully. (SMSC-103)
Info:    IO Retry 0
Info:    set _SIS_CLIENT_RESULT_ {{ND2D4 leakage_power__ACQ_4 {sifTS 0.0 sifName /home/linux/ieng6/ee260b/shl237/lab6/run_siliconsmart/LIB_FF_1.1_-40_ALL/temp/siliconsmart.ieng6-ece-17.9333.17961/leakage_power__ACQ_4.sif eadCksum 2b19dc06c7147dcc521f45b961e3cdf3 simulationCount 1 exportVars {} errorList {} sofName /home/linux/ieng6/ee260b/shl237/lab6/run_siliconsmart/LIB_FF_1.1_-40_ALL/temp/siliconsmart.ieng6-ece-17.9333.17961/leakage_power__ACQ_4.sof eadTS 0.0 eadName /home/linux/ieng6/ee260b/shl237/lab6/run_siliconsmart/LIB_FF_1.1_-40_ALL/temp/siliconsmart.ieng6-ece-17.9333.17961/leakage_power__ACQ_4.ead enableCache 0 status done depFiles /home/linux/ieng6/ee260b/shl237/lab6/run_siliconsmart/LIB_FF_1.1_-40_ALL/netlists/ND2D4.cdl sifCksum e6d834463e5c447398584facab23222a}}}
Info:    _SIS_CLIENT_RESULT_END
Info:    __recordTaskStats__ ND2D4 leakage_power__ACQ_4 0.1 0.03 0.64 0.1 1 3.52854299545 ieng6-ece-17.ucsd.edu 1520553429.22 1520553432.75
Info:    Loading information for cell ND2D8... (SMSC-60)
Info:    Current directory '/home/linux/ieng6/ee260b/shl237/lab6/run_siliconsmart/LIB_FF_1.1_-40_ALL' (SIM-68)
Info:    Working in directory '/home/linux/ieng6/ee260b/shl237/lab6/run_siliconsmart/LIB_FF_1.1_-40_ALL/temp/siliconsmart.ieng6-ece-17.9333.17961/Cin__A2__hl__ACQ_1.sif_0' (SIM-69)
Info:    Executing 'hspice deck.cir -o deck' (SIM-30)
Warning: return code 0 (hspice: No such file or directory)
Info:    Simulation Cin__A2__hl__ACQ_1.sif for cell ND2D8 completed successfully. (SMSC-103)
Info:    IO Retry 0
Info:    set _SIS_CLIENT_RESULT_ {{ND2D8 Cin__A2__hl__ACQ_1 {sifTS 0.0 sifName /home/linux/ieng6/ee260b/shl237/lab6/run_siliconsmart/LIB_FF_1.1_-40_ALL/temp/siliconsmart.ieng6-ece-17.9333.17961/Cin__A2__hl__ACQ_1.sif eadCksum c87f235d5481b6dec5044ca93203d434 simulationCount 1 exportVars {} errorList {} sofName /home/linux/ieng6/ee260b/shl237/lab6/run_siliconsmart/LIB_FF_1.1_-40_ALL/temp/siliconsmart.ieng6-ece-17.9333.17961/Cin__A2__hl__ACQ_1.sof eadTS 0.0 eadName /home/linux/ieng6/ee260b/shl237/lab6/run_siliconsmart/LIB_FF_1.1_-40_ALL/temp/siliconsmart.ieng6-ece-17.9333.17961/Cin__A2__hl__ACQ_1.ead enableCache 0 status done depFiles /home/linux/ieng6/ee260b/shl237/lab6/run_siliconsmart/LIB_FF_1.1_-40_ALL/netlists/ND2D8.cdl sifCksum 4a1731bdbca3c6bfae044144b06964e9}}}
Info:    _SIS_CLIENT_RESULT_END
Info:    __recordTaskStats__ ND2D8 Cin__A2__hl__ACQ_1 0.1 0.02 0.89 0.08 1 3.07099986076 ieng6-ece-17.ucsd.edu 1520553432.75 1520553435.82
Info:    Loading information for cell ND2D8... (SMSC-60)
Info:    Current directory '/home/linux/ieng6/ee260b/shl237/lab6/run_siliconsmart/LIB_FF_1.1_-40_ALL' (SIM-68)
Info:    Working in directory '/home/linux/ieng6/ee260b/shl237/lab6/run_siliconsmart/LIB_FF_1.1_-40_ALL/temp/siliconsmart.ieng6-ece-17.9333.17961/Cin__A2__lh__ACQ_1.sif_0' (SIM-69)
Info:    Executing 'hspice deck.cir -o deck' (SIM-30)
Warning: return code 0 (hspice: No such file or directory)
Info:    Simulation Cin__A2__lh__ACQ_1.sif for cell ND2D8 completed successfully. (SMSC-103)
Info:    IO Retry 0
Info:    set _SIS_CLIENT_RESULT_ {{ND2D8 Cin__A2__lh__ACQ_1 {sifTS 0.0 sifName /home/linux/ieng6/ee260b/shl237/lab6/run_siliconsmart/LIB_FF_1.1_-40_ALL/temp/siliconsmart.ieng6-ece-17.9333.17961/Cin__A2__lh__ACQ_1.sif eadCksum 150ae173d840ec45e2e8580b833e4c4f simulationCount 1 exportVars {} errorList {} sofName /home/linux/ieng6/ee260b/shl237/lab6/run_siliconsmart/LIB_FF_1.1_-40_ALL/temp/siliconsmart.ieng6-ece-17.9333.17961/Cin__A2__lh__ACQ_1.sof eadTS 0.0 eadName /home/linux/ieng6/ee260b/shl237/lab6/run_siliconsmart/LIB_FF_1.1_-40_ALL/temp/siliconsmart.ieng6-ece-17.9333.17961/Cin__A2__lh__ACQ_1.ead enableCache 0 status done depFiles /home/linux/ieng6/ee260b/shl237/lab6/run_siliconsmart/LIB_FF_1.1_-40_ALL/netlists/ND2D8.cdl sifCksum fb75d6c647a85787c89c4b27f6064d92}}}
Info:    _SIS_CLIENT_RESULT_END
Info:    __recordTaskStats__ ND2D8 Cin__A2__lh__ACQ_1 0.08 0.03 1.1 0.11 1 3.53890490532 ieng6-ece-17.ucsd.edu 1520553435.82 1520553439.36
Info:    Loading information for cell NR2D1... (SMSC-60)
Info:    Current directory '/home/linux/ieng6/ee260b/shl237/lab6/run_siliconsmart/LIB_FF_1.1_-40_ALL' (SIM-68)
Info:    Working in directory '/home/linux/ieng6/ee260b/shl237/lab6/run_siliconsmart/LIB_FF_1.1_-40_ALL/temp/siliconsmart.ieng6-ece-17.9333.17961/leakage_power__ACQ_1.sif_0' (SIM-69)
Info:    Executing 'hspice deck.cir -o deck' (SIM-30)
Warning: return code 0 (hspice: No such file or directory)
Info:    Simulation leakage_power__ACQ_1.sif for cell NR2D1 completed successfully. (SMSC-103)
Info:    IO Retry 0
Info:    set _SIS_CLIENT_RESULT_ {{NR2D1 leakage_power__ACQ_1 {sifTS 0.0 sifName /home/linux/ieng6/ee260b/shl237/lab6/run_siliconsmart/LIB_FF_1.1_-40_ALL/temp/siliconsmart.ieng6-ece-17.9333.17961/leakage_power__ACQ_1.sif eadCksum f9164f08258b67c92667a491af59959b simulationCount 1 exportVars {} errorList {} sofName /home/linux/ieng6/ee260b/shl237/lab6/run_siliconsmart/LIB_FF_1.1_-40_ALL/temp/siliconsmart.ieng6-ece-17.9333.17961/leakage_power__ACQ_1.sof eadTS 0.0 eadName /home/linux/ieng6/ee260b/shl237/lab6/run_siliconsmart/LIB_FF_1.1_-40_ALL/temp/siliconsmart.ieng6-ece-17.9333.17961/leakage_power__ACQ_1.ead enableCache 0 status done depFiles /home/linux/ieng6/ee260b/shl237/lab6/run_siliconsmart/LIB_FF_1.1_-40_ALL/netlists/NR2D1.cdl sifCksum d6b165c5fdcf09c32fad2c64c23f058b}}}
Info:    _SIS_CLIENT_RESULT_END
Info:    __recordTaskStats__ NR2D1 leakage_power__ACQ_1 0.12 0.01 0.67 0.11 1 3.08850693703 ieng6-ece-17.ucsd.edu 1520553439.38 1520553442.47
Info:    Loading information for cell NR2D2... (SMSC-60)
Info:    Current directory '/home/linux/ieng6/ee260b/shl237/lab6/run_siliconsmart/LIB_FF_1.1_-40_ALL' (SIM-68)
Info:    Working in directory '/home/linux/ieng6/ee260b/shl237/lab6/run_siliconsmart/LIB_FF_1.1_-40_ALL/temp/siliconsmart.ieng6-ece-17.9333.17961/Cin__A2__hl__ACQ_1.sif_0' (SIM-69)
Info:    Executing 'hspice deck.cir -o deck' (SIM-30)
Warning: return code 0 (hspice: No such file or directory)
Info:    Simulation Cin__A2__hl__ACQ_1.sif for cell NR2D2 completed successfully. (SMSC-103)
Info:    IO Retry 0
Info:    set _SIS_CLIENT_RESULT_ {{NR2D2 Cin__A2__hl__ACQ_1 {sifTS 0.0 sifName /home/linux/ieng6/ee260b/shl237/lab6/run_siliconsmart/LIB_FF_1.1_-40_ALL/temp/siliconsmart.ieng6-ece-17.9333.17961/Cin__A2__hl__ACQ_1.sif eadCksum 55ddd988c564f5710a8528489f52c04c simulationCount 1 exportVars {} errorList {} sofName /home/linux/ieng6/ee260b/shl237/lab6/run_siliconsmart/LIB_FF_1.1_-40_ALL/temp/siliconsmart.ieng6-ece-17.9333.17961/Cin__A2__hl__ACQ_1.sof eadTS 0.0 eadName /home/linux/ieng6/ee260b/shl237/lab6/run_siliconsmart/LIB_FF_1.1_-40_ALL/temp/siliconsmart.ieng6-ece-17.9333.17961/Cin__A2__hl__ACQ_1.ead enableCache 0 status done depFiles /home/linux/ieng6/ee260b/shl237/lab6/run_siliconsmart/LIB_FF_1.1_-40_ALL/netlists/NR2D2.cdl sifCksum d34c6f75df146f3d94ad324a618ecdc2}}}
Info:    _SIS_CLIENT_RESULT_END
Info:    __recordTaskStats__ NR2D2 Cin__A2__hl__ACQ_1 0.09 0.04 0.63 0.09 1 3.19603896141 ieng6-ece-17.ucsd.edu 1520553442.47 1520553445.66
Info:    Loading information for cell NR2D3... (SMSC-60)
Info:    Current directory '/home/linux/ieng6/ee260b/shl237/lab6/run_siliconsmart/LIB_FF_1.1_-40_ALL' (SIM-68)
Info:    Working in directory '/home/linux/ieng6/ee260b/shl237/lab6/run_siliconsmart/LIB_FF_1.1_-40_ALL/temp/siliconsmart.ieng6-ece-17.9333.17961/Cin__A1__lh__ACQ_1.sif_0' (SIM-69)
Info:    Executing 'hspice deck.cir -o deck' (SIM-30)
Warning: return code 0 (hspice: No such file or directory)
Info:    Simulation Cin__A1__lh__ACQ_1.sif for cell NR2D3 completed successfully. (SMSC-103)
Info:    IO Retry 0
Info:    set _SIS_CLIENT_RESULT_ {{NR2D3 Cin__A1__lh__ACQ_1 {sifTS 0.0 sifName /home/linux/ieng6/ee260b/shl237/lab6/run_siliconsmart/LIB_FF_1.1_-40_ALL/temp/siliconsmart.ieng6-ece-17.9333.17961/Cin__A1__lh__ACQ_1.sif eadCksum 1114df8404038806151c6738a8bb997e simulationCount 1 exportVars {} errorList {} sofName /home/linux/ieng6/ee260b/shl237/lab6/run_siliconsmart/LIB_FF_1.1_-40_ALL/temp/siliconsmart.ieng6-ece-17.9333.17961/Cin__A1__lh__ACQ_1.sof eadTS 0.0 eadName /home/linux/ieng6/ee260b/shl237/lab6/run_siliconsmart/LIB_FF_1.1_-40_ALL/temp/siliconsmart.ieng6-ece-17.9333.17961/Cin__A1__lh__ACQ_1.ead enableCache 0 status done depFiles /home/linux/ieng6/ee260b/shl237/lab6/run_siliconsmart/LIB_FF_1.1_-40_ALL/netlists/NR2D3.cdl sifCksum 0ac2dd083e2ad9c2d38dd6c9bd4bf2f8}}}
Info:    _SIS_CLIENT_RESULT_END
Info:    __recordTaskStats__ NR2D3 Cin__A1__lh__ACQ_1 0.13 0.04 0.68 0.1 1 4.64110398293 ieng6-ece-17.ucsd.edu 1520553445.66 1520553450.3
Info:    Loading information for cell NR2D8... (SMSC-60)
Info:    Current directory '/home/linux/ieng6/ee260b/shl237/lab6/run_siliconsmart/LIB_FF_1.1_-40_ALL' (SIM-68)
Info:    Working in directory '/home/linux/ieng6/ee260b/shl237/lab6/run_siliconsmart/LIB_FF_1.1_-40_ALL/temp/siliconsmart.ieng6-ece-17.9333.17961/Cin__A2__hl__ACQ_1.sif_0' (SIM-69)
Info:    Executing 'hspice deck.cir -o deck' (SIM-30)
Warning: return code 0 (hspice: No such file or directory)
Info:    Simulation Cin__A2__hl__ACQ_1.sif for cell NR2D8 completed successfully. (SMSC-103)
Info:    IO Retry 0
Info:    set _SIS_CLIENT_RESULT_ {{NR2D8 Cin__A2__hl__ACQ_1 {sifTS 0.0 sifName /home/linux/ieng6/ee260b/shl237/lab6/run_siliconsmart/LIB_FF_1.1_-40_ALL/temp/siliconsmart.ieng6-ece-17.9333.17961/Cin__A2__hl__ACQ_1.sif eadCksum ec5cd6725c082fbbe5908663b903beb1 simulationCount 1 exportVars {} errorList {} sofName /home/linux/ieng6/ee260b/shl237/lab6/run_siliconsmart/LIB_FF_1.1_-40_ALL/temp/siliconsmart.ieng6-ece-17.9333.17961/Cin__A2__hl__ACQ_1.sof eadTS 0.0 eadName /home/linux/ieng6/ee260b/shl237/lab6/run_siliconsmart/LIB_FF_1.1_-40_ALL/temp/siliconsmart.ieng6-ece-17.9333.17961/Cin__A2__hl__ACQ_1.ead enableCache 0 status done depFiles /home/linux/ieng6/ee260b/shl237/lab6/run_siliconsmart/LIB_FF_1.1_-40_ALL/netlists/NR2D8.cdl sifCksum 060ada1628a9606b6b40a79091763468}}}
Info:    _SIS_CLIENT_RESULT_END
Info:    __recordTaskStats__ NR2D8 Cin__A2__hl__ACQ_1 0.12 0.02 0.88 0.09 1 3.33335494995 ieng6-ece-17.ucsd.edu 1520553450.31 1520553453.64
Info:    Loading information for cell OR2D0... (SMSC-60)
Info:    Current directory '/home/linux/ieng6/ee260b/shl237/lab6/run_siliconsmart/LIB_FF_1.1_-40_ALL' (SIM-68)
Info:    Working in directory '/home/linux/ieng6/ee260b/shl237/lab6/run_siliconsmart/LIB_FF_1.1_-40_ALL/temp/siliconsmart.ieng6-ece-17.9333.17961/delay__A1__hl__Z__hl__ACQ_1.sif_0' (SIM-69)
Info:    Executing 'hspice deck.cir -o deck' (SIM-30)
Warning: return code 0 (hspice: No such file or directory)
Info:    Simulation delay__A1__hl__Z__hl__ACQ_1.sif for cell OR2D0 completed successfully. (SMSC-103)
Info:    IO Retry 0
Info:    set _SIS_CLIENT_RESULT_ {{OR2D0 delay__A1__hl__Z__hl__ACQ_1 {sifTS 0.0 sifName /home/linux/ieng6/ee260b/shl237/lab6/run_siliconsmart/LIB_FF_1.1_-40_ALL/temp/siliconsmart.ieng6-ece-17.9333.17961/delay__A1__hl__Z__hl__ACQ_1.sif eadCksum 9592c183051d498c21cad0525ba9c4f6 simulationCount 1 exportVars {} errorList {} sofName /home/linux/ieng6/ee260b/shl237/lab6/run_siliconsmart/LIB_FF_1.1_-40_ALL/temp/siliconsmart.ieng6-ece-17.9333.17961/delay__A1__hl__Z__hl__ACQ_1.sof eadTS 0.0 eadName /home/linux/ieng6/ee260b/shl237/lab6/run_siliconsmart/LIB_FF_1.1_-40_ALL/temp/siliconsmart.ieng6-ece-17.9333.17961/delay__A1__hl__Z__hl__ACQ_1.ead enableCache 0 status done depFiles /home/linux/ieng6/ee260b/shl237/lab6/run_siliconsmart/LIB_FF_1.1_-40_ALL/netlists/OR2D0.cdl sifCksum 9dc888d7e13cc5dc79c6bf0fe7a276be}}}
Info:    _SIS_CLIENT_RESULT_END
Info:    __recordTaskStats__ OR2D0 delay__A1__hl__Z__hl__ACQ_1 0.2 0.0 2.6 0.16 1 9.01049113274 ieng6-ece-17.ucsd.edu 1520553453.64 1520553462.65
Info:    Loading information for cell OR2D4... (SMSC-60)
Info:    Current directory '/home/linux/ieng6/ee260b/shl237/lab6/run_siliconsmart/LIB_FF_1.1_-40_ALL' (SIM-68)
Info:    Working in directory '/home/linux/ieng6/ee260b/shl237/lab6/run_siliconsmart/LIB_FF_1.1_-40_ALL/temp/siliconsmart.ieng6-ece-17.9333.17961/leakage_power__ACQ_2.sif_0' (SIM-69)
Info:    Executing 'hspice deck.cir -o deck' (SIM-30)
Warning: return code 0 (hspice: No such file or directory)
Info:    Simulation leakage_power__ACQ_2.sif for cell OR2D4 completed successfully. (SMSC-103)
Info:    IO Retry 0
Info:    set _SIS_CLIENT_RESULT_ {{OR2D4 leakage_power__ACQ_2 {sifTS 0.0 sifName /home/linux/ieng6/ee260b/shl237/lab6/run_siliconsmart/LIB_FF_1.1_-40_ALL/temp/siliconsmart.ieng6-ece-17.9333.17961/leakage_power__ACQ_2.sif eadCksum 945619bffb92db9efea6a1fa2ff62430 simulationCount 1 exportVars {} errorList {} sofName /home/linux/ieng6/ee260b/shl237/lab6/run_siliconsmart/LIB_FF_1.1_-40_ALL/temp/siliconsmart.ieng6-ece-17.9333.17961/leakage_power__ACQ_2.sof eadTS 0.0 eadName /home/linux/ieng6/ee260b/shl237/lab6/run_siliconsmart/LIB_FF_1.1_-40_ALL/temp/siliconsmart.ieng6-ece-17.9333.17961/leakage_power__ACQ_2.ead enableCache 0 status done depFiles /home/linux/ieng6/ee260b/shl237/lab6/run_siliconsmart/LIB_FF_1.1_-40_ALL/netlists/OR2D4.cdl sifCksum 3700b75ec845e13fc176290077cb2ea0}}}
Info:    _SIS_CLIENT_RESULT_END
Info:    __recordTaskStats__ OR2D4 leakage_power__ACQ_2 0.11 0.02 0.34 0.08 1 1.70948004723 ieng6-ece-17.ucsd.edu 1520553462.66 1520553464.37
Info:    Loading information for cell OR2XD1... (SMSC-60)
Info:    Current directory '/home/linux/ieng6/ee260b/shl237/lab6/run_siliconsmart/LIB_FF_1.1_-40_ALL' (SIM-68)
Info:    Working in directory '/home/linux/ieng6/ee260b/shl237/lab6/run_siliconsmart/LIB_FF_1.1_-40_ALL/temp/siliconsmart.ieng6-ece-17.9333.17961/delay__A2__hl__Z__hl__ACQ_1.sif_0' (SIM-69)
Info:    Executing 'hspice deck.cir -o deck' (SIM-30)
Warning: return code 0 (hspice: No such file or directory)
Info:    Simulation delay__A2__hl__Z__hl__ACQ_1.sif for cell OR2XD1 completed successfully. (SMSC-103)
Info:    IO Retry 0
Info:    set _SIS_CLIENT_RESULT_ {{OR2XD1 delay__A2__hl__Z__hl__ACQ_1 {sifTS 0.0 sifName /home/linux/ieng6/ee260b/shl237/lab6/run_siliconsmart/LIB_FF_1.1_-40_ALL/temp/siliconsmart.ieng6-ece-17.9333.17961/delay__A2__hl__Z__hl__ACQ_1.sif eadCksum c6ad974d68ec546a8f33835bc5f13a99 simulationCount 1 exportVars {} errorList {} sofName /home/linux/ieng6/ee260b/shl237/lab6/run_siliconsmart/LIB_FF_1.1_-40_ALL/temp/siliconsmart.ieng6-ece-17.9333.17961/delay__A2__hl__Z__hl__ACQ_1.sof eadTS 0.0 eadName /home/linux/ieng6/ee260b/shl237/lab6/run_siliconsmart/LIB_FF_1.1_-40_ALL/temp/siliconsmart.ieng6-ece-17.9333.17961/delay__A2__hl__Z__hl__ACQ_1.ead enableCache 0 status done depFiles /home/linux/ieng6/ee260b/shl237/lab6/run_siliconsmart/LIB_FF_1.1_-40_ALL/netlists/OR2XD1.cdl sifCksum 81c9310aad17978aa92e4bd595f050a5}}}
Info:    _SIS_CLIENT_RESULT_END
Info:    __recordTaskStats__ OR2XD1 delay__A2__hl__Z__hl__ACQ_1 0.19 0.0 2.45 0.14 1 8.51691603661 ieng6-ece-17.ucsd.edu 1520553464.37 1520553472.89
Info:    Loading information for cell XNR2D2... (SMSC-60)
Info:    Current directory '/home/linux/ieng6/ee260b/shl237/lab6/run_siliconsmart/LIB_FF_1.1_-40_ALL' (SIM-68)
Info:    Working in directory '/home/linux/ieng6/ee260b/shl237/lab6/run_siliconsmart/LIB_FF_1.1_-40_ALL/temp/siliconsmart.ieng6-ece-17.9333.17961/delay__A1__lh__ZN__hl__ACQ_1.sif_0' (SIM-69)
Info:    Executing 'hspice deck.cir -o deck' (SIM-30)
Warning: return code 0 (hspice: No such file or directory)
Info:    Simulation delay__A1__lh__ZN__hl__ACQ_1.sif for cell XNR2D2 completed successfully. (SMSC-103)
Info:    IO Retry 0
Info:    set _SIS_CLIENT_RESULT_ {{XNR2D2 delay__A1__lh__ZN__hl__ACQ_1 {sifTS 0.0 sifName /home/linux/ieng6/ee260b/shl237/lab6/run_siliconsmart/LIB_FF_1.1_-40_ALL/temp/siliconsmart.ieng6-ece-17.9333.17961/delay__A1__lh__ZN__hl__ACQ_1.sif eadCksum d0585c8e447b83b9628ee5da255a0d47 simulationCount 1 exportVars {} errorList {} sofName /home/linux/ieng6/ee260b/shl237/lab6/run_siliconsmart/LIB_FF_1.1_-40_ALL/temp/siliconsmart.ieng6-ece-17.9333.17961/delay__A1__lh__ZN__hl__ACQ_1.sof eadTS 0.0 eadName /home/linux/ieng6/ee260b/shl237/lab6/run_siliconsmart/LIB_FF_1.1_-40_ALL/temp/siliconsmart.ieng6-ece-17.9333.17961/delay__A1__lh__ZN__hl__ACQ_1.ead enableCache 0 status done depFiles /home/linux/ieng6/ee260b/shl237/lab6/run_siliconsmart/LIB_FF_1.1_-40_ALL/netlists/XNR2D2.cdl sifCksum d93c36a760b0385575f8e125a1df6eea}}}
Info:    _SIS_CLIENT_RESULT_END
Info:    __recordTaskStats__ XNR2D2 delay__A1__lh__ZN__hl__ACQ_1 0.22 0.01 3.56 0.16 1 13.0455598831 ieng6-ece-17.ucsd.edu 1520553472.89 1520553485.94
Info:    Loading information for cell XOR2D1... (SMSC-60)
Info:    Current directory '/home/linux/ieng6/ee260b/shl237/lab6/run_siliconsmart/LIB_FF_1.1_-40_ALL' (SIM-68)
Info:    Working in directory '/home/linux/ieng6/ee260b/shl237/lab6/run_siliconsmart/LIB_FF_1.1_-40_ALL/temp/siliconsmart.ieng6-ece-17.9333.17961/leakage_power__ACQ_2.sif_0' (SIM-69)
Info:    Executing 'hspice deck.cir -o deck' (SIM-30)
Warning: return code 0 (hspice: No such file or directory)
Info:    Simulation leakage_power__ACQ_2.sif for cell XOR2D1 completed successfully. (SMSC-103)
Info:    IO Retry 0
Info:    set _SIS_CLIENT_RESULT_ {{XOR2D1 leakage_power__ACQ_2 {sifTS 0.0 sifName /home/linux/ieng6/ee260b/shl237/lab6/run_siliconsmart/LIB_FF_1.1_-40_ALL/temp/siliconsmart.ieng6-ece-17.9333.17961/leakage_power__ACQ_2.sif eadCksum bd2b4d559d8be8c8e69bad26b7e1fa52 simulationCount 1 exportVars {} errorList {} sofName /home/linux/ieng6/ee260b/shl237/lab6/run_siliconsmart/LIB_FF_1.1_-40_ALL/temp/siliconsmart.ieng6-ece-17.9333.17961/leakage_power__ACQ_2.sof eadTS 0.0 eadName /home/linux/ieng6/ee260b/shl237/lab6/run_siliconsmart/LIB_FF_1.1_-40_ALL/temp/siliconsmart.ieng6-ece-17.9333.17961/leakage_power__ACQ_2.ead enableCache 0 status done depFiles /home/linux/ieng6/ee260b/shl237/lab6/run_siliconsmart/LIB_FF_1.1_-40_ALL/netlists/XOR2D1.cdl sifCksum 39e0202adb2b328b50cf387d22e40d2c}}}
Info:    _SIS_CLIENT_RESULT_END
Info:    __recordTaskStats__ XOR2D1 leakage_power__ACQ_2 0.16 0.0 0.4 0.11 1 2.046022892 ieng6-ece-17.ucsd.edu 1520553485.94 1520553487.99
Info:    Loading information for cell XOR2D1... (SMSC-60)
Info:    Current directory '/home/linux/ieng6/ee260b/shl237/lab6/run_siliconsmart/LIB_FF_1.1_-40_ALL' (SIM-68)
Info:    Working in directory '/home/linux/ieng6/ee260b/shl237/lab6/run_siliconsmart/LIB_FF_1.1_-40_ALL/temp/siliconsmart.ieng6-ece-17.9333.17961/delay__A2__hl__Z__lh__ACQ_1.sif_0' (SIM-69)
Info:    Executing 'hspice deck.cir -o deck' (SIM-30)
Warning: return code 0 (hspice: No such file or directory)
Info:    Simulation delay__A2__hl__Z__lh__ACQ_1.sif for cell XOR2D1 completed successfully. (SMSC-103)
Info:    IO Retry 0
Info:    set _SIS_CLIENT_RESULT_ {{XOR2D1 delay__A2__hl__Z__lh__ACQ_1 {sifTS 0.0 sifName /home/linux/ieng6/ee260b/shl237/lab6/run_siliconsmart/LIB_FF_1.1_-40_ALL/temp/siliconsmart.ieng6-ece-17.9333.17961/delay__A2__hl__Z__lh__ACQ_1.sif eadCksum 79beb6a0c5a71062c24f956ed26a72ae simulationCount 1 exportVars {} errorList {} sofName /home/linux/ieng6/ee260b/shl237/lab6/run_siliconsmart/LIB_FF_1.1_-40_ALL/temp/siliconsmart.ieng6-ece-17.9333.17961/delay__A2__hl__Z__lh__ACQ_1.sof eadTS 0.0 eadName /home/linux/ieng6/ee260b/shl237/lab6/run_siliconsmart/LIB_FF_1.1_-40_ALL/temp/siliconsmart.ieng6-ece-17.9333.17961/delay__A2__hl__Z__lh__ACQ_1.ead enableCache 0 status done depFiles /home/linux/ieng6/ee260b/shl237/lab6/run_siliconsmart/LIB_FF_1.1_-40_ALL/netlists/XOR2D1.cdl sifCksum 4415bebdb28139d169a30fe183aef580}}}
Info:    _SIS_CLIENT_RESULT_END
Info:    __recordTaskStats__ XOR2D1 delay__A2__hl__Z__lh__ACQ_1 0.2 0.03 3.46 0.17 1 11.6276519299 ieng6-ece-17.ucsd.edu 1520553487.99 1520553499.62
Info:    Loading information for cell BUFFD4... (SMSC-60)
Info:    Current directory '/home/linux/ieng6/ee260b/shl237/lab6/run_siliconsmart/LIB_FF_1.1_-40_ALL' (SIM-68)
Info:    Working in directory '/home/linux/ieng6/ee260b/shl237/lab6/run_siliconsmart/LIB_FF_1.1_-40_ALL/temp/siliconsmart.ieng6-ece-17.9333.17961/leakage_power__ACQ_1.sif_0' (SIM-69)
Info:    Executing 'hspice deck.cir -o deck' (SIM-30)
Warning: return code 0 (hspice: No such file or directory)
Info:    Simulation leakage_power__ACQ_1.sif for cell BUFFD4 completed successfully. (SMSC-103)
Info:    IO Retry 0
Info:    set _SIS_CLIENT_RESULT_ {{BUFFD4 leakage_power__ACQ_1 {sifTS 0.0 sifName /home/linux/ieng6/ee260b/shl237/lab6/run_siliconsmart/LIB_FF_1.1_-40_ALL/temp/siliconsmart.ieng6-ece-17.9333.17961/leakage_power__ACQ_1.sif eadCksum aa7d512162a36a4884295cb2fa7c0531 simulationCount 1 exportVars {} errorList {} sofName /home/linux/ieng6/ee260b/shl237/lab6/run_siliconsmart/LIB_FF_1.1_-40_ALL/temp/siliconsmart.ieng6-ece-17.9333.17961/leakage_power__ACQ_1.sof eadTS 0.0 eadName /home/linux/ieng6/ee260b/shl237/lab6/run_siliconsmart/LIB_FF_1.1_-40_ALL/temp/siliconsmart.ieng6-ece-17.9333.17961/leakage_power__ACQ_1.ead enableCache 0 status done depFiles /home/linux/ieng6/ee260b/shl237/lab6/run_siliconsmart/LIB_FF_1.1_-40_ALL/netlists/BUFFD4.cdl sifCksum 8e92071089e5d8f2f84e34782e73848b}}}
Info:    _SIS_CLIENT_RESULT_END
Info:    __recordTaskStats__ BUFFD4 leakage_power__ACQ_1 0.11 0.03 0.41 0.12 1 2.23969197273 ieng6-ece-17.ucsd.edu 1520553499.62 1520553501.86
Info:    Loading information for cell BUFFD6... (SMSC-60)
Info:    Current directory '/home/linux/ieng6/ee260b/shl237/lab6/run_siliconsmart/LIB_FF_1.1_-40_ALL' (SIM-68)
Info:    Working in directory '/home/linux/ieng6/ee260b/shl237/lab6/run_siliconsmart/LIB_FF_1.1_-40_ALL/temp/siliconsmart.ieng6-ece-17.9333.17961/delay__I__lh__Z__lh__ACQ_1.sif_0' (SIM-69)
Info:    Executing 'hspice deck.cir -o deck' (SIM-30)
Warning: return code 0 (hspice: No such file or directory)
Info:    Simulation delay__I__lh__Z__lh__ACQ_1.sif for cell BUFFD6 completed successfully. (SMSC-103)
Info:    IO Retry 0
Info:    set _SIS_CLIENT_RESULT_ {{BUFFD6 delay__I__lh__Z__lh__ACQ_1 {sifTS 0.0 sifName /home/linux/ieng6/ee260b/shl237/lab6/run_siliconsmart/LIB_FF_1.1_-40_ALL/temp/siliconsmart.ieng6-ece-17.9333.17961/delay__I__lh__Z__lh__ACQ_1.sif eadCksum 8e24c41bef345d94ecdbbbe7abf5b232 simulationCount 1 exportVars {} errorList {} sofName /home/linux/ieng6/ee260b/shl237/lab6/run_siliconsmart/LIB_FF_1.1_-40_ALL/temp/siliconsmart.ieng6-ece-17.9333.17961/delay__I__lh__Z__lh__ACQ_1.sof eadTS 0.0 eadName /home/linux/ieng6/ee260b/shl237/lab6/run_siliconsmart/LIB_FF_1.1_-40_ALL/temp/siliconsmart.ieng6-ece-17.9333.17961/delay__I__lh__Z__lh__ACQ_1.ead enableCache 0 status done depFiles /home/linux/ieng6/ee260b/shl237/lab6/run_siliconsmart/LIB_FF_1.1_-40_ALL/netlists/BUFFD6.cdl sifCksum d65958c3e6e563d4ff261c64999c0dd3}}}
Info:    _SIS_CLIENT_RESULT_END
Info:    __recordTaskStats__ BUFFD6 delay__I__lh__Z__lh__ACQ_1 0.26 0.02 4.61 0.3 1 18.9454939365 ieng6-ece-17.ucsd.edu 1520553501.86 1520553520.8
Info:    Loading information for cell INVD8... (SMSC-60)
Info:    Current directory '/home/linux/ieng6/ee260b/shl237/lab6/run_siliconsmart/LIB_FF_1.1_-40_ALL' (SIM-68)
Info:    Working in directory '/home/linux/ieng6/ee260b/shl237/lab6/run_siliconsmart/LIB_FF_1.1_-40_ALL/temp/siliconsmart.ieng6-ece-17.9333.17961/leakage_power__ACQ_1.sif_0' (SIM-69)
Info:    Executing 'hspice deck.cir -o deck' (SIM-30)
Warning: return code 0 (hspice: No such file or directory)
Info:    Simulation leakage_power__ACQ_1.sif for cell INVD8 completed successfully. (SMSC-103)
Info:    IO Retry 0
Info:    set _SIS_CLIENT_RESULT_ {{INVD8 leakage_power__ACQ_1 {sifTS 0.0 sifName /home/linux/ieng6/ee260b/shl237/lab6/run_siliconsmart/LIB_FF_1.1_-40_ALL/temp/siliconsmart.ieng6-ece-17.9333.17961/leakage_power__ACQ_1.sif eadCksum 18dd6b12103e972656d0f823a6fa0b90 simulationCount 1 exportVars {} errorList {} sofName /home/linux/ieng6/ee260b/shl237/lab6/run_siliconsmart/LIB_FF_1.1_-40_ALL/temp/siliconsmart.ieng6-ece-17.9333.17961/leakage_power__ACQ_1.sof eadTS 0.0 eadName /home/linux/ieng6/ee260b/shl237/lab6/run_siliconsmart/LIB_FF_1.1_-40_ALL/temp/siliconsmart.ieng6-ece-17.9333.17961/leakage_power__ACQ_1.ead enableCache 0 status done depFiles /home/linux/ieng6/ee260b/shl237/lab6/run_siliconsmart/LIB_FF_1.1_-40_ALL/netlists/INVD8.cdl sifCksum 0e066b23937814d7270106c6db8e9665}}}
Info:    _SIS_CLIENT_RESULT_END
Info:    __recordTaskStats__ INVD8 leakage_power__ACQ_1 0.1 0.01 0.39 0.09 1 1.54706692696 ieng6-ece-17.ucsd.edu 1520553520.81 1520553522.36
Info:    The char directory is /home/linux/ieng6/ee260b/shl237/lab6/run_siliconsmart/LIB_FF_1.1_-40_ALL
Warning: Operating condition 'FF_1.1_-40_ALL' already exists, skipped.
Info:    Initializing modeler.
Info:    Creating recharacterized libraries. 
Info:    Reading /home/linux/ieng6/ee260b/shl237/lab6/run_siliconsmart/LIB_FF_1.1_-40_ALL/models/liberty/cellmodels/header.lib ...
Info:    Reading /home/linux/ieng6/ee260b/shl237/lab6/run_siliconsmart/LIB_FF_1.1_-40_ALL/models/liberty/cellmodels/DFCSNQD2.lib ...
Info:    Writing libraries ...
Info:    Creating Liberty file "/home/linux/ieng6/ee260b/shl237/lab6/run_siliconsmart/LIB_FF_1.1_-40_ALL/models/liberty/cells/DFCSNQD2_FF_1.1_-40_ALL.lib".
Info:    re-positioning normalized_driver_waveform (ndw_ntin_nvolt_7x13) after templates
Info:    __recordTaskStats__ DFCSNQD2 modeling 3.15 0.0 0.02 0.05 1 8.41139507294 ieng6-ece-17.ucsd.edu 1520553546.58 1520553554.99
Info:    set _SIS_CLIENT_RESULT_ {{DFCSNQD2 modeling {status done exportVars {} errorList {} sifName {} sofName {} eadName {} depFiles {} tmpHeader {FF_1.1_-40_ALL /home/linux/ieng6/ee260b/shl237/lab6/run_siliconsmart/LIB_FF_1.1_-40_ALL/runtime/modeling/merge/DFCSNQD2_FF_1.1_-40_ALL.header} tmpBody {FF_1.1_-40_ALL_DFCSNQD2 /home/linux/ieng6/ee260b/shl237/lab6/run_siliconsmart/LIB_FF_1.1_-40_ALL/runtime/modeling/merge/DFCSNQD2_FF_1.1_-40_ALL.body}}}}
Info:    _SIS_CLIENT_RESULT_END
Info:    Initializing modeler.
Info:    Creating recharacterized libraries. 
Info:    Reading /home/linux/ieng6/ee260b/shl237/lab6/run_siliconsmart/LIB_FF_1.1_-40_ALL/models/liberty/cellmodels/header.lib ...
Info:    Reading /home/linux/ieng6/ee260b/shl237/lab6/run_siliconsmart/LIB_FF_1.1_-40_ALL/models/liberty/cellmodels/XOR2D0.lib ...
Info:    Writing libraries ...
Warning: Power model 2006 (internal_power_group:2004) for rise_power for related_pin A1 to Z  with when: none could not be recharacterized, therefore deleting this model..
Warning: Power model 2007 (internal_power_group:2005) for fall_power for related_pin A1 to Z  with when: none could not be recharacterized, therefore deleting this model..
Warning: Power model 2020 (internal_power_group:2018) for rise_power for related_pin A2 to Z  with when: none could not be recharacterized, therefore deleting this model..
Warning: Power model 2021 (internal_power_group:2019) for fall_power for related_pin A2 to Z  with when: none could not be recharacterized, therefore deleting this model..
Info:    Creating Liberty file "/home/linux/ieng6/ee260b/shl237/lab6/run_siliconsmart/LIB_FF_1.1_-40_ALL/models/liberty/cells/XOR2D0_FF_1.1_-40_ALL.lib".
Info:    __recordTaskStats__ XOR2D0 modeling 1.99 0.0 0.00999999999999 0.04 1 6.70860481262 ieng6-ece-17.ucsd.edu 1520553554.99 1520553561.7
Info:    set _SIS_CLIENT_RESULT_ {{XOR2D0 modeling {status done exportVars {} errorList {} sifName {} sofName {} eadName {} depFiles {} tmpHeader {FF_1.1_-40_ALL /home/linux/ieng6/ee260b/shl237/lab6/run_siliconsmart/LIB_FF_1.1_-40_ALL/runtime/modeling/merge/XOR2D0_FF_1.1_-40_ALL.header} tmpBody {FF_1.1_-40_ALL_XOR2D0 /home/linux/ieng6/ee260b/shl237/lab6/run_siliconsmart/LIB_FF_1.1_-40_ALL/runtime/modeling/merge/XOR2D0_FF_1.1_-40_ALL.body}}}}
Info:    _SIS_CLIENT_RESULT_END
Info:    CDPL worker exited normally.
Info:    Maximum virtual memory size: 656.90MB
Info:    Switching log to /home/linux/ieng6/ee260b/shl237/lab6/run_siliconsmart/LIB_FF_1.1_-40_ALL/runtime/cdpl/sis.W8.ieng6-ece-17.ucsd.edu.17961.log at Thu Mar  8 15:59:41 2018
.
----------------------------------------------------------------------
----------------------------------------------------------------------
Info:    Switching log from /home/linux/ieng6/ee260b/shl237/lab6/run_siliconsmart/LIB_FF_1.1_-40_ALL/temp/sis.shl237.17961.log at Thu Mar  8 15:59:41 2018
Info:    Log written by SiliconSmart version L-2016.06-SP1-2 on Thu Mar  8 15:59:41 2018
Info:    Build date: Dec 07, 2016 16:59:49
Info:    SiliconSmart Path: /acsnfs3/software/SiliconSmartAce-2016.06-SP1-2/linux64/bin/siliconsmart
Info:    Host Name: ieng6-ece-17.ucsd.edu, User Name: shl237, PID: 17961
Info:    CPU: 8 x 2600 MHz, Intel(R) Xeon(R) CPU E5-2650 v2 @ 2.60GHz (2 socket, 4 core)
Info:    Memory: 32 GB RAM, 2 GB Swap
Info:    Directory: /home/linux/ieng6/ee260b/shl237/lab6/run_siliconsmart/LIB_FF_1.1_-40_ALL
Info:    Maximum virtual memory size: 656.90MB
Info:    Maximum virtual memory size: 656.902 MB
