----------------------------------------------------------------------
Info:    Log written by SiliconSmart version L-2016.06-SP1-2 on Thu Mar  8 15:51:19 2018
Info:    Build date: Dec 07, 2016 16:59:49
Info:    SiliconSmart Path: /acsnfs3/software/SiliconSmartAce-2016.06-SP1-2/linux64/bin/siliconsmart
Info:    Host Name: ieng6-ece-17.ucsd.edu, User Name: shl237, PID: 17883
Info:    CPU: 8 x 2600 MHz, Intel(R) Xeon(R) CPU E5-2650 v2 @ 2.60GHz (2 socket, 4 core)
Info:    Memory: 32 GB RAM, 2 GB Swap
Info:    Directory: /home/linux/ieng6/ee260b/shl237/lab6/run_siliconsmart/LIB_FF_1.1_-40_ALL
Info:    Maximum virtual memory size: 583.24MB
Command-line: /acsnfs3/software/SiliconSmartAce-2016.06-SP1-2/linux64/bin/siliconsmart -server /home/linux/ieng6/ee260b/shl237/lab6/run_siliconsmart/LIB_FF_1.1_-40_ALL/runtime/cdpl/driver_17204.tcl
Thu Mar  8 15:51:19 2018: Establishing connection to license server
The char directory is /home/linux/ieng6/ee260b/shl237/lab6/run_siliconsmart/LIB_FF_1.1_-40_ALL
Warning: Operating condition 'FF_1.1_-40_ALL' already exists, skipped.
Info:    Reading instance file for cell AOI21D0... (SMSC-23)
Info:    Generating timing tests.
Info:    Generating power tests.
Info:    Generating template at Thu Mar  8 15:51:19 2018 
Info:    Done generating template at Thu Mar  8 15:51:22 2018
Info:    Generate Templates: Maximum virtual memory size: 624.422 MB
Info:    Cell AOI21D0 configured for characterization. (SMSC-24)
Info:    __recordTaskStats__ AOI21D0 configure 2.04 0.0 0.0 0.0 1 15.0443780422 ieng6-ece-17.ucsd.edu 1520553079.49 1520553094.54
Info:    set _SIS_CLIENT_RESULT_ {{AOI21D0 configuration {status done exportVars {} errorList {} sifName {} sofName {} eadName {} depFiles {}}}}
Info:    _SIS_CLIENT_RESULT_END
Info:    Reading instance file for cell INVD24... (SMSC-23)
Info:    Generating timing tests.
Info:    Generating power tests.
Info:    Generating template at Thu Mar  8 15:51:36 2018 
Info:    Done generating template at Thu Mar  8 15:51:38 2018
Info:    Generate Templates: Maximum virtual memory size: 625.5 MB
Info:    Cell INVD24 configured for characterization. (SMSC-24)
Info:    __recordTaskStats__ INVD24 configure 1.0 0.0 0.0 0.0 1 8.45537495613 ieng6-ece-17.ucsd.edu 1520553095.6 1520553104.06
Info:    set _SIS_CLIENT_RESULT_ {{INVD24 configuration {status done exportVars {} errorList {} sifName {} sofName {} eadName {} depFiles {}}}}
Info:    _SIS_CLIENT_RESULT_END
Info:    Reading instance file for cell MUX2D4... (SMSC-23)
Info:    Generating timing tests.
Info:    Generating power tests.
Info:    Generating template at Thu Mar  8 15:51:45 2018 
Warning: MUX2D4:For test delay__S__lh__Z__lh following when conditions are not possible ['I0&!I1']
Warning: MUX2D4:For test delay__S__lh__Z__hl following when conditions are not possible ['!I0&I1']
Warning: MUX2D4:For test delay__S__hl__Z__lh following when conditions are not possible ['!I0&I1']
Warning: MUX2D4:For test delay__S__hl__Z__hl following when conditions are not possible ['I0&!I1']
Warning: MUX2D4:For test energy__S__lh__Z__lh following when conditions are not possible ['I0&!I1']
Warning: MUX2D4:For test energy__S__lh__Z__hl following when conditions are not possible ['!I0&I1']
Warning: MUX2D4:For test energy__S__hl__Z__lh following when conditions are not possible ['!I0&I1']
Warning: MUX2D4:For test energy__S__hl__Z__hl following when conditions are not possible ['I0&!I1']
Info:    Done generating template at Thu Mar  8 15:51:56 2018
Info:    Generate Templates: Maximum virtual memory size: 628.453 MB
Info:    Cell MUX2D4 configured for characterization. (SMSC-24)
Info:    __recordTaskStats__ MUX2D4 configure 3.66 0.08 0.0 0.0 1 29.6939520836 ieng6-ece-17.ucsd.edu 1520553104.61 1520553134.3
Info:    set _SIS_CLIENT_RESULT_ {{MUX2D4 configuration {status done exportVars {} errorList {} sifName {} sofName {} eadName {} depFiles {}}}}
Info:    _SIS_CLIENT_RESULT_END
Info:    The char directory is /home/linux/ieng6/ee260b/shl237/lab6/run_siliconsmart/LIB_FF_1.1_-40_ALL
Warning: Operating condition 'FF_1.1_-40_ALL' already exists, skipped.
Info:    The char directory is /home/linux/ieng6/ee260b/shl237/lab6/run_siliconsmart/LIB_FF_1.1_-40_ALL
Warning: Operating condition 'FF_1.1_-40_ALL' already exists, skipped.
Info:    Loading information for cell DFCSNQD1... (SMSC-60)
Info:    Current directory '/home/linux/ieng6/ee260b/shl237/lab6/run_siliconsmart/LIB_FF_1.1_-40_ALL' (SIM-68)
Info:    Working in directory '/home/linux/ieng6/ee260b/shl237/lab6/run_siliconsmart/LIB_FF_1.1_-40_ALL/temp/siliconsmart.ieng6-ece-17.9333.17883/delay__CDN__hl__Q__hl__ACQ_1.sif_0' (SIM-69)
Info:    Executing 'hspice deck.cir -o deck' (SIM-30)
Warning: return code 0 (hspice: No such file or directory)
Info:    Simulation delay__CDN__hl__Q__hl__ACQ_1.sif for cell DFCSNQD1 completed successfully. (SMSC-103)
Info:    IO Retry 0
Info:    set _SIS_CLIENT_RESULT_ {{DFCSNQD1 delay__CDN__hl__Q__hl__ACQ_1 {sifTS 0.0 sifName /home/linux/ieng6/ee260b/shl237/lab6/run_siliconsmart/LIB_FF_1.1_-40_ALL/temp/siliconsmart.ieng6-ece-17.9333.17883/delay__CDN__hl__Q__hl__ACQ_1.sif eadCksum 7f582b594dbb649a44ea69f2ad4a5792 simulationCount 1 exportVars {} errorList {} sofName /home/linux/ieng6/ee260b/shl237/lab6/run_siliconsmart/LIB_FF_1.1_-40_ALL/temp/siliconsmart.ieng6-ece-17.9333.17883/delay__CDN__hl__Q__hl__ACQ_1.sof eadTS 0.0 eadName /home/linux/ieng6/ee260b/shl237/lab6/run_siliconsmart/LIB_FF_1.1_-40_ALL/temp/siliconsmart.ieng6-ece-17.9333.17883/delay__CDN__hl__Q__hl__ACQ_1.ead enableCache 0 status done depFiles /home/linux/ieng6/ee260b/shl237/lab6/run_siliconsmart/LIB_FF_1.1_-40_ALL/netlists/DFCSNQD1.cdl sifCksum a72c1be07b19221be7d67f1c2434f377}}}
Info:    _SIS_CLIENT_RESULT_END
Info:    __recordTaskStats__ DFCSNQD1 delay__CDN__hl__Q__hl__ACQ_1 3.83 0.27 11.73 5.15 1 58.8618090153 ieng6-ece-17.ucsd.edu 1520553203.4 1520553262.26
Info:    Loading information for cell DFCSNQD2... (SMSC-60)
Info:    Start Search.seeded_binary.opt_asynch_recovery on asynch_recovery (SIM-43)
Info:    Current directory '/home/linux/ieng6/ee260b/shl237/lab6/run_siliconsmart/LIB_FF_1.1_-40_ALL' (SIM-68)
Info:    Working in directory '/home/linux/ieng6/ee260b/shl237/lab6/run_siliconsmart/LIB_FF_1.1_-40_ALL/temp/siliconsmart.ieng6-ece-17.9333.17883/asynch_recover__CDN__lh__SDN__lh__ACQ_1.sif_0' (SIM-69)
Info:    Executing 'hspice deck.cir -o deck' (SIM-30)
Warning: return code 0 (hspice: No such file or directory)
Info:    Current directory '/home/linux/ieng6/ee260b/shl237/lab6/run_siliconsmart/LIB_FF_1.1_-40_ALL' (SIM-68)
Info:    Working in directory '/home/linux/ieng6/ee260b/shl237/lab6/run_siliconsmart/LIB_FF_1.1_-40_ALL/temp/siliconsmart.ieng6-ece-17.9333.17883/asynch_recover__CDN__lh__SDN__lh__ACQ_1.sif_1' (SIM-69)
Info:    Executing 'hspice deck.cir -o deck' (SIM-30)
Warning: return code 0 (hspice: No such file or directory)
Info:    Current directory '/home/linux/ieng6/ee260b/shl237/lab6/run_siliconsmart/LIB_FF_1.1_-40_ALL' (SIM-68)
Info:    Working in directory '/home/linux/ieng6/ee260b/shl237/lab6/run_siliconsmart/LIB_FF_1.1_-40_ALL/temp/siliconsmart.ieng6-ece-17.9333.17883/asynch_recover__CDN__lh__SDN__lh__ACQ_1.sif_2' (SIM-69)
Info:    Executing 'hspice deck.cir -o deck' (SIM-30)
Warning: return code 0 (hspice: No such file or directory)
Info:    Current directory '/home/linux/ieng6/ee260b/shl237/lab6/run_siliconsmart/LIB_FF_1.1_-40_ALL' (SIM-68)
Info:    Working in directory '/home/linux/ieng6/ee260b/shl237/lab6/run_siliconsmart/LIB_FF_1.1_-40_ALL/temp/siliconsmart.ieng6-ece-17.9333.17883/asynch_recover__CDN__lh__SDN__lh__ACQ_1.sif_3' (SIM-69)
Info:    Executing 'hspice deck.cir -o deck' (SIM-30)
Warning: return code 0 (hspice: No such file or directory)
Info:    Current directory '/home/linux/ieng6/ee260b/shl237/lab6/run_siliconsmart/LIB_FF_1.1_-40_ALL' (SIM-68)
Info:    Working in directory '/home/linux/ieng6/ee260b/shl237/lab6/run_siliconsmart/LIB_FF_1.1_-40_ALL/temp/siliconsmart.ieng6-ece-17.9333.17883/asynch_recover__CDN__lh__SDN__lh__ACQ_1.sif_4' (SIM-69)
Info:    Executing 'hspice deck.cir -o deck' (SIM-30)
Warning: return code 0 (hspice: No such file or directory)
Info:    Current directory '/home/linux/ieng6/ee260b/shl237/lab6/run_siliconsmart/LIB_FF_1.1_-40_ALL' (SIM-68)
Info:    Working in directory '/home/linux/ieng6/ee260b/shl237/lab6/run_siliconsmart/LIB_FF_1.1_-40_ALL/temp/siliconsmart.ieng6-ece-17.9333.17883/asynch_recover__CDN__lh__SDN__lh__ACQ_1.sif_5' (SIM-69)
Info:    Executing 'hspice deck.cir -o deck' (SIM-30)
Warning: return code 0 (hspice: No such file or directory)
Info:    Simulation asynch_recover__CDN__lh__SDN__lh__ACQ_1.sif for cell DFCSNQD2 completed successfully. (SMSC-103)
Info:    IO Retry 0
Info:    set _SIS_CLIENT_RESULT_ {{DFCSNQD2 asynch_recover__CDN__lh__SDN__lh__ACQ_1 {sifTS 0.0 sifName /home/linux/ieng6/ee260b/shl237/lab6/run_siliconsmart/LIB_FF_1.1_-40_ALL/temp/siliconsmart.ieng6-ece-17.9333.17883/asynch_recover__CDN__lh__SDN__lh__ACQ_1.sif eadCksum f81227fdcb56ccc6b9545a524a82dfdf simulationCount 6 exportVars {} errorList {} sofName /home/linux/ieng6/ee260b/shl237/lab6/run_siliconsmart/LIB_FF_1.1_-40_ALL/temp/siliconsmart.ieng6-ece-17.9333.17883/asynch_recover__CDN__lh__SDN__lh__ACQ_1.sof eadTS 0.0 eadName /home/linux/ieng6/ee260b/shl237/lab6/run_siliconsmart/LIB_FF_1.1_-40_ALL/temp/siliconsmart.ieng6-ece-17.9333.17883/asynch_recover__CDN__lh__SDN__lh__ACQ_1.ead enableCache 0 status done depFiles /home/linux/ieng6/ee260b/shl237/lab6/run_siliconsmart/LIB_FF_1.1_-40_ALL/netlists/DFCSNQD2.cdl sifCksum 38a79788f450dc92e9b9efdf42d9c298}}}
Info:    _SIS_CLIENT_RESULT_END
Info:    __recordTaskStats__ DFCSNQD2 asynch_recover__CDN__lh__SDN__lh__ACQ_1 0.38 0.1 12.39 0.66 6 46.4765031338 ieng6-ece-17.ucsd.edu 1520553262.26 1520553308.74
Info:    Loading information for cell DFCSNQD4... (SMSC-60)
Info:    Start Search.seeded_expand.opt_width on width (SIM-43)
Info:    Current directory '/home/linux/ieng6/ee260b/shl237/lab6/run_siliconsmart/LIB_FF_1.1_-40_ALL' (SIM-68)
Info:    Working in directory '/home/linux/ieng6/ee260b/shl237/lab6/run_siliconsmart/LIB_FF_1.1_-40_ALL/temp/siliconsmart.ieng6-ece-17.9333.17883/combined_setup_hold__D__hl__CP__lh__ACQ_1.sif_0' (SIM-69)
Info:    Executing 'hspice deck.cir -o deck' (SIM-30)
Warning: return code 0 (hspice: No such file or directory)
Info:    Current directory '/home/linux/ieng6/ee260b/shl237/lab6/run_siliconsmart/LIB_FF_1.1_-40_ALL' (SIM-68)
Info:    Working in directory '/home/linux/ieng6/ee260b/shl237/lab6/run_siliconsmart/LIB_FF_1.1_-40_ALL/temp/siliconsmart.ieng6-ece-17.9333.17883/combined_setup_hold__D__hl__CP__lh__ACQ_1.sif_1' (SIM-69)
Info:    Executing 'hspice deck.cir -o deck' (SIM-30)
Warning: return code 0 (hspice: No such file or directory)
Info:    Current directory '/home/linux/ieng6/ee260b/shl237/lab6/run_siliconsmart/LIB_FF_1.1_-40_ALL' (SIM-68)
Info:    Working in directory '/home/linux/ieng6/ee260b/shl237/lab6/run_siliconsmart/LIB_FF_1.1_-40_ALL/temp/siliconsmart.ieng6-ece-17.9333.17883/combined_setup_hold__D__hl__CP__lh__ACQ_1.sif_2' (SIM-69)
Info:    Executing 'hspice deck.cir -o deck' (SIM-30)
Warning: return code 0 (hspice: No such file or directory)
Info:    Current directory '/home/linux/ieng6/ee260b/shl237/lab6/run_siliconsmart/LIB_FF_1.1_-40_ALL' (SIM-68)
Info:    Working in directory '/home/linux/ieng6/ee260b/shl237/lab6/run_siliconsmart/LIB_FF_1.1_-40_ALL/temp/siliconsmart.ieng6-ece-17.9333.17883/combined_setup_hold__D__hl__CP__lh__ACQ_1.sif_3' (SIM-69)
Info:    Executing 'hspice deck.cir -o deck' (SIM-30)
Warning: return code 0 (hspice: No such file or directory)
Info:    Current directory '/home/linux/ieng6/ee260b/shl237/lab6/run_siliconsmart/LIB_FF_1.1_-40_ALL' (SIM-68)
Info:    Working in directory '/home/linux/ieng6/ee260b/shl237/lab6/run_siliconsmart/LIB_FF_1.1_-40_ALL/temp/siliconsmart.ieng6-ece-17.9333.17883/combined_setup_hold__D__hl__CP__lh__ACQ_1.sif_4' (SIM-69)
Info:    Executing 'hspice deck.cir -o deck' (SIM-30)
Warning: return code 0 (hspice: No such file or directory)
Info:    Current directory '/home/linux/ieng6/ee260b/shl237/lab6/run_siliconsmart/LIB_FF_1.1_-40_ALL' (SIM-68)
Info:    Working in directory '/home/linux/ieng6/ee260b/shl237/lab6/run_siliconsmart/LIB_FF_1.1_-40_ALL/temp/siliconsmart.ieng6-ece-17.9333.17883/combined_setup_hold__D__hl__CP__lh__ACQ_1.sif_5' (SIM-69)
Info:    Executing 'hspice deck.cir -o deck' (SIM-30)
Warning: return code 0 (hspice: No such file or directory)
Info:    Current directory '/home/linux/ieng6/ee260b/shl237/lab6/run_siliconsmart/LIB_FF_1.1_-40_ALL' (SIM-68)
Info:    Working in directory '/home/linux/ieng6/ee260b/shl237/lab6/run_siliconsmart/LIB_FF_1.1_-40_ALL/temp/siliconsmart.ieng6-ece-17.9333.17883/combined_setup_hold__D__hl__CP__lh__ACQ_1.sif_6' (SIM-69)
Info:    Executing 'hspice deck.cir -o deck' (SIM-30)
Warning: return code 0 (hspice: No such file or directory)
Info:    Current directory '/home/linux/ieng6/ee260b/shl237/lab6/run_siliconsmart/LIB_FF_1.1_-40_ALL' (SIM-68)
Info:    Working in directory '/home/linux/ieng6/ee260b/shl237/lab6/run_siliconsmart/LIB_FF_1.1_-40_ALL/temp/siliconsmart.ieng6-ece-17.9333.17883/combined_setup_hold__D__hl__CP__lh__ACQ_1.sif_7' (SIM-69)
Info:    Executing 'hspice deck.cir -o deck' (SIM-30)
Warning: return code 0 (hspice: No such file or directory)
Info:    Current directory '/home/linux/ieng6/ee260b/shl237/lab6/run_siliconsmart/LIB_FF_1.1_-40_ALL' (SIM-68)
Info:    Working in directory '/home/linux/ieng6/ee260b/shl237/lab6/run_siliconsmart/LIB_FF_1.1_-40_ALL/temp/siliconsmart.ieng6-ece-17.9333.17883/combined_setup_hold__D__hl__CP__lh__ACQ_1.sif_8' (SIM-69)
Info:    Executing 'hspice deck.cir -o deck' (SIM-30)
Warning: return code 0 (hspice: No such file or directory)
Info:    Current directory '/home/linux/ieng6/ee260b/shl237/lab6/run_siliconsmart/LIB_FF_1.1_-40_ALL' (SIM-68)
Info:    Working in directory '/home/linux/ieng6/ee260b/shl237/lab6/run_siliconsmart/LIB_FF_1.1_-40_ALL/temp/siliconsmart.ieng6-ece-17.9333.17883/combined_setup_hold__D__hl__CP__lh__ACQ_1.sif_9' (SIM-69)
Info:    Executing 'hspice deck.cir -o deck' (SIM-30)
Warning: return code 0 (hspice: No such file or directory)
Info:    Start Search.seeded_expand.opt_hold on hold (SIM-43)
Info:    Current directory '/home/linux/ieng6/ee260b/shl237/lab6/run_siliconsmart/LIB_FF_1.1_-40_ALL' (SIM-68)
Info:    Working in directory '/home/linux/ieng6/ee260b/shl237/lab6/run_siliconsmart/LIB_FF_1.1_-40_ALL/temp/siliconsmart.ieng6-ece-17.9333.17883/combined_setup_hold__D__hl__CP__lh__ACQ_1.sif_10' (SIM-69)
Info:    Executing 'hspice deck.cir -o deck' (SIM-30)
Warning: return code 0 (hspice: No such file or directory)
Info:    Start Search.refine.opt_setup on setup (SIM-43)
Info:    Current directory '/home/linux/ieng6/ee260b/shl237/lab6/run_siliconsmart/LIB_FF_1.1_-40_ALL' (SIM-68)
Info:    Working in directory '/home/linux/ieng6/ee260b/shl237/lab6/run_siliconsmart/LIB_FF_1.1_-40_ALL/temp/siliconsmart.ieng6-ece-17.9333.17883/combined_setup_hold__D__hl__CP__lh__ACQ_1.sif_11' (SIM-69)
Info:    Executing 'hspice deck.cir -o deck' (SIM-30)
Warning: return code 0 (hspice: No such file or directory)
Info:    Current directory '/home/linux/ieng6/ee260b/shl237/lab6/run_siliconsmart/LIB_FF_1.1_-40_ALL' (SIM-68)
Info:    Working in directory '/home/linux/ieng6/ee260b/shl237/lab6/run_siliconsmart/LIB_FF_1.1_-40_ALL/temp/siliconsmart.ieng6-ece-17.9333.17883/combined_setup_hold__D__hl__CP__lh__ACQ_1.sif_12' (SIM-69)
Info:    Executing 'hspice deck.cir -o deck' (SIM-30)
Warning: return code 0 (hspice: No such file or directory)
Info:    Simulation combined_setup_hold__D__hl__CP__lh__ACQ_1.sif for cell DFCSNQD4 completed successfully. (SMSC-103)
Info:    IO Retry 0
Info:    set _SIS_CLIENT_RESULT_ {{DFCSNQD4 combined_setup_hold__D__hl__CP__lh__ACQ_1 {sifTS 0.0 sifName /home/linux/ieng6/ee260b/shl237/lab6/run_siliconsmart/LIB_FF_1.1_-40_ALL/temp/siliconsmart.ieng6-ece-17.9333.17883/combined_setup_hold__D__hl__CP__lh__ACQ_1.sif eadCksum 50dfa0d608840fd572283ac28bae8b67 simulationCount 13 exportVars {} errorList {} sofName /home/linux/ieng6/ee260b/shl237/lab6/run_siliconsmart/LIB_FF_1.1_-40_ALL/temp/siliconsmart.ieng6-ece-17.9333.17883/combined_setup_hold__D__hl__CP__lh__ACQ_1.sof eadTS 0.0 eadName /home/linux/ieng6/ee260b/shl237/lab6/run_siliconsmart/LIB_FF_1.1_-40_ALL/temp/siliconsmart.ieng6-ece-17.9333.17883/combined_setup_hold__D__hl__CP__lh__ACQ_1.ead enableCache 0 status done depFiles /home/linux/ieng6/ee260b/shl237/lab6/run_siliconsmart/LIB_FF_1.1_-40_ALL/netlists/DFCSNQD4.cdl sifCksum 56964bfa218c151e4c816dd2fdc24214}}}
Info:    _SIS_CLIENT_RESULT_END
Info:    __recordTaskStats__ DFCSNQD4 combined_setup_hold__D__hl__CP__lh__ACQ_1 0.38 0.1 32.33 1.79 13 110.92921114 ieng6-ece-17.ucsd.edu 1520553308.74 1520553419.67
Info:    Loading information for cell AN2XD1... (SMSC-60)
Info:    Current directory '/home/linux/ieng6/ee260b/shl237/lab6/run_siliconsmart/LIB_FF_1.1_-40_ALL' (SIM-68)
Info:    Working in directory '/home/linux/ieng6/ee260b/shl237/lab6/run_siliconsmart/LIB_FF_1.1_-40_ALL/temp/siliconsmart.ieng6-ece-17.9333.17883/delay__A2__hl__Z__hl__ACQ_1.sif_0' (SIM-69)
Info:    Executing 'hspice deck.cir -o deck' (SIM-30)
Warning: return code 0 (hspice: No such file or directory)
Info:    Simulation delay__A2__hl__Z__hl__ACQ_1.sif for cell AN2XD1 completed successfully. (SMSC-103)
Info:    IO Retry 0
Info:    set _SIS_CLIENT_RESULT_ {{AN2XD1 delay__A2__hl__Z__hl__ACQ_1 {sifTS 0.0 sifName /home/linux/ieng6/ee260b/shl237/lab6/run_siliconsmart/LIB_FF_1.1_-40_ALL/temp/siliconsmart.ieng6-ece-17.9333.17883/delay__A2__hl__Z__hl__ACQ_1.sif eadCksum 361fd94c5b9df1cc9ee5135d3f3e61d4 simulationCount 1 exportVars {} errorList {} sofName /home/linux/ieng6/ee260b/shl237/lab6/run_siliconsmart/LIB_FF_1.1_-40_ALL/temp/siliconsmart.ieng6-ece-17.9333.17883/delay__A2__hl__Z__hl__ACQ_1.sof eadTS 0.0 eadName /home/linux/ieng6/ee260b/shl237/lab6/run_siliconsmart/LIB_FF_1.1_-40_ALL/temp/siliconsmart.ieng6-ece-17.9333.17883/delay__A2__hl__Z__hl__ACQ_1.ead enableCache 0 status done depFiles /home/linux/ieng6/ee260b/shl237/lab6/run_siliconsmart/LIB_FF_1.1_-40_ALL/netlists/AN2XD1.cdl sifCksum f9c9ec4b65b9daef15fe559c0b5dbc2c}}}
Info:    _SIS_CLIENT_RESULT_END
Info:    __recordTaskStats__ AN2XD1 delay__A2__hl__Z__hl__ACQ_1 0.17 0.01 2.28 0.16 1 7.81225800514 ieng6-ece-17.ucsd.edu 1520553419.67 1520553427.48
Info:    Loading information for cell ND2D3... (SMSC-60)
Info:    Current directory '/home/linux/ieng6/ee260b/shl237/lab6/run_siliconsmart/LIB_FF_1.1_-40_ALL' (SIM-68)
Info:    Working in directory '/home/linux/ieng6/ee260b/shl237/lab6/run_siliconsmart/LIB_FF_1.1_-40_ALL/temp/siliconsmart.ieng6-ece-17.9333.17883/delay__A1__hl__ZN__lh__ACQ_1.sif_0' (SIM-69)
Info:    Executing 'hspice deck.cir -o deck' (SIM-30)
Warning: return code 0 (hspice: No such file or directory)
Info:    Simulation delay__A1__hl__ZN__lh__ACQ_1.sif for cell ND2D3 completed successfully. (SMSC-103)
Info:    IO Retry 0
Info:    set _SIS_CLIENT_RESULT_ {{ND2D3 delay__A1__hl__ZN__lh__ACQ_1 {sifTS 0.0 sifName /home/linux/ieng6/ee260b/shl237/lab6/run_siliconsmart/LIB_FF_1.1_-40_ALL/temp/siliconsmart.ieng6-ece-17.9333.17883/delay__A1__hl__ZN__lh__ACQ_1.sif eadCksum 0a3d9ea7bfde99c5dc762670d06a4ef1 simulationCount 1 exportVars {} errorList {} sofName /home/linux/ieng6/ee260b/shl237/lab6/run_siliconsmart/LIB_FF_1.1_-40_ALL/temp/siliconsmart.ieng6-ece-17.9333.17883/delay__A1__hl__ZN__lh__ACQ_1.sof eadTS 0.0 eadName /home/linux/ieng6/ee260b/shl237/lab6/run_siliconsmart/LIB_FF_1.1_-40_ALL/temp/siliconsmart.ieng6-ece-17.9333.17883/delay__A1__hl__ZN__lh__ACQ_1.ead enableCache 0 status done depFiles /home/linux/ieng6/ee260b/shl237/lab6/run_siliconsmart/LIB_FF_1.1_-40_ALL/netlists/ND2D3.cdl sifCksum a748ccd03a2a9a9423a353594c46bd47}}}
Info:    _SIS_CLIENT_RESULT_END
Info:    __recordTaskStats__ ND2D3 delay__A1__hl__ZN__lh__ACQ_1 0.18 0.01 2.62 0.15 1 10.1441750526 ieng6-ece-17.ucsd.edu 1520553427.49 1520553437.63
Info:    Loading information for cell NR2D0... (SMSC-60)
Info:    Current directory '/home/linux/ieng6/ee260b/shl237/lab6/run_siliconsmart/LIB_FF_1.1_-40_ALL' (SIM-68)
Info:    Working in directory '/home/linux/ieng6/ee260b/shl237/lab6/run_siliconsmart/LIB_FF_1.1_-40_ALL/temp/siliconsmart.ieng6-ece-17.9333.17883/delay__A1__lh__ZN__hl__ACQ_1.sif_0' (SIM-69)
Info:    Executing 'hspice deck.cir -o deck' (SIM-30)
Warning: return code 0 (hspice: No such file or directory)
Info:    Simulation delay__A1__lh__ZN__hl__ACQ_1.sif for cell NR2D0 completed successfully. (SMSC-103)
Info:    IO Retry 0
Info:    set _SIS_CLIENT_RESULT_ {{NR2D0 delay__A1__lh__ZN__hl__ACQ_1 {sifTS 0.0 sifName /home/linux/ieng6/ee260b/shl237/lab6/run_siliconsmart/LIB_FF_1.1_-40_ALL/temp/siliconsmart.ieng6-ece-17.9333.17883/delay__A1__lh__ZN__hl__ACQ_1.sif eadCksum c9ddfef2d06cf4f2b49c4aaa3a9bb008 simulationCount 1 exportVars {} errorList {} sofName /home/linux/ieng6/ee260b/shl237/lab6/run_siliconsmart/LIB_FF_1.1_-40_ALL/temp/siliconsmart.ieng6-ece-17.9333.17883/delay__A1__lh__ZN__hl__ACQ_1.sof eadTS 0.0 eadName /home/linux/ieng6/ee260b/shl237/lab6/run_siliconsmart/LIB_FF_1.1_-40_ALL/temp/siliconsmart.ieng6-ece-17.9333.17883/delay__A1__lh__ZN__hl__ACQ_1.ead enableCache 0 status done depFiles /home/linux/ieng6/ee260b/shl237/lab6/run_siliconsmart/LIB_FF_1.1_-40_ALL/netlists/NR2D0.cdl sifCksum ea98dceff67eabd2113ecd9f5bac3211}}}
Info:    _SIS_CLIENT_RESULT_END
Info:    __recordTaskStats__ NR2D0 delay__A1__lh__ZN__hl__ACQ_1 0.39 0.06 2.04 0.15 1 7.73490619659 ieng6-ece-17.ucsd.edu 1520553437.63 1520553445.37
Info:    Loading information for cell NR2D3... (SMSC-60)
Info:    Current directory '/home/linux/ieng6/ee260b/shl237/lab6/run_siliconsmart/LIB_FF_1.1_-40_ALL' (SIM-68)
Info:    Working in directory '/home/linux/ieng6/ee260b/shl237/lab6/run_siliconsmart/LIB_FF_1.1_-40_ALL/temp/siliconsmart.ieng6-ece-17.9333.17883/Cin__A2__hl__ACQ_1.sif_0' (SIM-69)
Info:    Executing 'hspice deck.cir -o deck' (SIM-30)
Warning: return code 0 (hspice: No such file or directory)
Info:    Simulation Cin__A2__hl__ACQ_1.sif for cell NR2D3 completed successfully. (SMSC-103)
Info:    IO Retry 0
Info:    set _SIS_CLIENT_RESULT_ {{NR2D3 Cin__A2__hl__ACQ_1 {sifTS 0.0 sifName /home/linux/ieng6/ee260b/shl237/lab6/run_siliconsmart/LIB_FF_1.1_-40_ALL/temp/siliconsmart.ieng6-ece-17.9333.17883/Cin__A2__hl__ACQ_1.sif eadCksum 387b4faa72f31e5f20b1f1964de34458 simulationCount 1 exportVars {} errorList {} sofName /home/linux/ieng6/ee260b/shl237/lab6/run_siliconsmart/LIB_FF_1.1_-40_ALL/temp/siliconsmart.ieng6-ece-17.9333.17883/Cin__A2__hl__ACQ_1.sof eadTS 0.0 eadName /home/linux/ieng6/ee260b/shl237/lab6/run_siliconsmart/LIB_FF_1.1_-40_ALL/temp/siliconsmart.ieng6-ece-17.9333.17883/Cin__A2__hl__ACQ_1.ead enableCache 0 status done depFiles /home/linux/ieng6/ee260b/shl237/lab6/run_siliconsmart/LIB_FF_1.1_-40_ALL/netlists/NR2D3.cdl sifCksum 212a6257f5e8f42663f7a3a68d1fd305}}}
Info:    _SIS_CLIENT_RESULT_END
Info:    __recordTaskStats__ NR2D3 Cin__A2__hl__ACQ_1 0.11 0.03 0.9 0.9 1 4.56959605217 ieng6-ece-17.ucsd.edu 1520553445.37 1520553449.94
Info:    Loading information for cell NR2D4... (SMSC-60)
Info:    Current directory '/home/linux/ieng6/ee260b/shl237/lab6/run_siliconsmart/LIB_FF_1.1_-40_ALL' (SIM-68)
Info:    Working in directory '/home/linux/ieng6/ee260b/shl237/lab6/run_siliconsmart/LIB_FF_1.1_-40_ALL/temp/siliconsmart.ieng6-ece-17.9333.17883/delay__A2__lh__ZN__hl__ACQ_1.sif_0' (SIM-69)
Info:    Executing 'hspice deck.cir -o deck' (SIM-30)
Warning: return code 0 (hspice: No such file or directory)
Info:    Simulation delay__A2__lh__ZN__hl__ACQ_1.sif for cell NR2D4 completed successfully. (SMSC-103)
Info:    IO Retry 0
Info:    set _SIS_CLIENT_RESULT_ {{NR2D4 delay__A2__lh__ZN__hl__ACQ_1 {sifTS 0.0 sifName /home/linux/ieng6/ee260b/shl237/lab6/run_siliconsmart/LIB_FF_1.1_-40_ALL/temp/siliconsmart.ieng6-ece-17.9333.17883/delay__A2__lh__ZN__hl__ACQ_1.sif eadCksum 582fdac20b7ab6ba8d2126cfdbc9b22d simulationCount 1 exportVars {} errorList {} sofName /home/linux/ieng6/ee260b/shl237/lab6/run_siliconsmart/LIB_FF_1.1_-40_ALL/temp/siliconsmart.ieng6-ece-17.9333.17883/delay__A2__lh__ZN__hl__ACQ_1.sof eadTS 0.0 eadName /home/linux/ieng6/ee260b/shl237/lab6/run_siliconsmart/LIB_FF_1.1_-40_ALL/temp/siliconsmart.ieng6-ece-17.9333.17883/delay__A2__lh__ZN__hl__ACQ_1.ead enableCache 0 status done depFiles /home/linux/ieng6/ee260b/shl237/lab6/run_siliconsmart/LIB_FF_1.1_-40_ALL/netlists/NR2D4.cdl sifCksum 0d75fc82a94830d976e222f0f236af28}}}
Info:    _SIS_CLIENT_RESULT_END
Info:    __recordTaskStats__ NR2D4 delay__A2__lh__ZN__hl__ACQ_1 0.18 0.01 2.77 0.73 1 13.1076641083 ieng6-ece-17.ucsd.edu 1520553449.94 1520553463.05
Info:    Loading information for cell OR2D4... (SMSC-60)
Info:    Current directory '/home/linux/ieng6/ee260b/shl237/lab6/run_siliconsmart/LIB_FF_1.1_-40_ALL' (SIM-68)
Info:    Working in directory '/home/linux/ieng6/ee260b/shl237/lab6/run_siliconsmart/LIB_FF_1.1_-40_ALL/temp/siliconsmart.ieng6-ece-17.9333.17883/delay__A2__lh__Z__lh__ACQ_1.sif_0' (SIM-69)
Info:    Executing 'hspice deck.cir -o deck' (SIM-30)
Warning: return code 0 (hspice: No such file or directory)
Info:    Simulation delay__A2__lh__Z__lh__ACQ_1.sif for cell OR2D4 completed successfully. (SMSC-103)
Info:    IO Retry 0
Info:    set _SIS_CLIENT_RESULT_ {{OR2D4 delay__A2__lh__Z__lh__ACQ_1 {sifTS 0.0 sifName /home/linux/ieng6/ee260b/shl237/lab6/run_siliconsmart/LIB_FF_1.1_-40_ALL/temp/siliconsmart.ieng6-ece-17.9333.17883/delay__A2__lh__Z__lh__ACQ_1.sif eadCksum 3b48c45b8f05ee8804608dbb4013891f simulationCount 1 exportVars {} errorList {} sofName /home/linux/ieng6/ee260b/shl237/lab6/run_siliconsmart/LIB_FF_1.1_-40_ALL/temp/siliconsmart.ieng6-ece-17.9333.17883/delay__A2__lh__Z__lh__ACQ_1.sof eadTS 0.0 eadName /home/linux/ieng6/ee260b/shl237/lab6/run_siliconsmart/LIB_FF_1.1_-40_ALL/temp/siliconsmart.ieng6-ece-17.9333.17883/delay__A2__lh__Z__lh__ACQ_1.ead enableCache 0 status done depFiles /home/linux/ieng6/ee260b/shl237/lab6/run_siliconsmart/LIB_FF_1.1_-40_ALL/netlists/OR2D4.cdl sifCksum 1fea2ffe313236c9559285b7d71a2bad}}}
Info:    _SIS_CLIENT_RESULT_END
Info:    __recordTaskStats__ OR2D4 delay__A2__lh__Z__lh__ACQ_1 0.18 0.02 3.36 0.16 1 12.5978138447 ieng6-ece-17.ucsd.edu 1520553463.05 1520553475.65
Info:    Loading information for cell XNR2D4... (SMSC-60)
Info:    Current directory '/home/linux/ieng6/ee260b/shl237/lab6/run_siliconsmart/LIB_FF_1.1_-40_ALL' (SIM-68)
Info:    Working in directory '/home/linux/ieng6/ee260b/shl237/lab6/run_siliconsmart/LIB_FF_1.1_-40_ALL/temp/siliconsmart.ieng6-ece-17.9333.17883/delay__A2__lh__ZN__lh__ACQ_1.sif_0' (SIM-69)
Info:    Executing 'hspice deck.cir -o deck' (SIM-30)
Warning: return code 0 (hspice: No such file or directory)
Info:    Simulation delay__A2__lh__ZN__lh__ACQ_1.sif for cell XNR2D4 completed successfully. (SMSC-103)
Info:    IO Retry 0
Info:    set _SIS_CLIENT_RESULT_ {{XNR2D4 delay__A2__lh__ZN__lh__ACQ_1 {sifTS 0.0 sifName /home/linux/ieng6/ee260b/shl237/lab6/run_siliconsmart/LIB_FF_1.1_-40_ALL/temp/siliconsmart.ieng6-ece-17.9333.17883/delay__A2__lh__ZN__lh__ACQ_1.sif eadCksum 7f4908696cfe0f5eeefef65cfbeb77fc simulationCount 1 exportVars {} errorList {} sofName /home/linux/ieng6/ee260b/shl237/lab6/run_siliconsmart/LIB_FF_1.1_-40_ALL/temp/siliconsmart.ieng6-ece-17.9333.17883/delay__A2__lh__ZN__lh__ACQ_1.sof eadTS 0.0 eadName /home/linux/ieng6/ee260b/shl237/lab6/run_siliconsmart/LIB_FF_1.1_-40_ALL/temp/siliconsmart.ieng6-ece-17.9333.17883/delay__A2__lh__ZN__lh__ACQ_1.ead enableCache 0 status done depFiles /home/linux/ieng6/ee260b/shl237/lab6/run_siliconsmart/LIB_FF_1.1_-40_ALL/netlists/XNR2D4.cdl sifCksum b42f0c142d0ba60190995791556ba30f}}}
Info:    _SIS_CLIENT_RESULT_END
Info:    __recordTaskStats__ XNR2D4 delay__A2__lh__ZN__lh__ACQ_1 0.19 0.02 5.49 0.22 1 19.4567770958 ieng6-ece-17.ucsd.edu 1520553475.65 1520553495.1
Info:    Loading information for cell BUFFD0... (SMSC-60)
Info:    Current directory '/home/linux/ieng6/ee260b/shl237/lab6/run_siliconsmart/LIB_FF_1.1_-40_ALL' (SIM-68)
Info:    Working in directory '/home/linux/ieng6/ee260b/shl237/lab6/run_siliconsmart/LIB_FF_1.1_-40_ALL/temp/siliconsmart.ieng6-ece-17.9333.17883/delay__I__hl__Z__hl__ACQ_1.sif_0' (SIM-69)
Info:    Executing 'hspice deck.cir -o deck' (SIM-30)
Warning: return code 0 (hspice: No such file or directory)
Info:    Simulation delay__I__hl__Z__hl__ACQ_1.sif for cell BUFFD0 completed successfully. (SMSC-103)
Info:    IO Retry 0
Info:    set _SIS_CLIENT_RESULT_ {{BUFFD0 delay__I__hl__Z__hl__ACQ_1 {sifTS 0.0 sifName /home/linux/ieng6/ee260b/shl237/lab6/run_siliconsmart/LIB_FF_1.1_-40_ALL/temp/siliconsmart.ieng6-ece-17.9333.17883/delay__I__hl__Z__hl__ACQ_1.sif eadCksum 0607be9838b53c79d0d312e3c4a40cfa simulationCount 1 exportVars {} errorList {} sofName /home/linux/ieng6/ee260b/shl237/lab6/run_siliconsmart/LIB_FF_1.1_-40_ALL/temp/siliconsmart.ieng6-ece-17.9333.17883/delay__I__hl__Z__hl__ACQ_1.sof eadTS 0.0 eadName /home/linux/ieng6/ee260b/shl237/lab6/run_siliconsmart/LIB_FF_1.1_-40_ALL/temp/siliconsmart.ieng6-ece-17.9333.17883/delay__I__hl__Z__hl__ACQ_1.ead enableCache 0 status done depFiles /home/linux/ieng6/ee260b/shl237/lab6/run_siliconsmart/LIB_FF_1.1_-40_ALL/netlists/BUFFD0.cdl sifCksum 5c475bde0cfbbc0efb5bad9aa665c5ec}}}
Info:    _SIS_CLIENT_RESULT_END
Info:    __recordTaskStats__ BUFFD0 delay__I__hl__Z__hl__ACQ_1 0.2 0.03 2.3 0.16 1 7.76677894592 ieng6-ece-17.ucsd.edu 1520553495.11 1520553502.88
Info:    Loading information for cell BUFFD8... (SMSC-60)
Info:    Current directory '/home/linux/ieng6/ee260b/shl237/lab6/run_siliconsmart/LIB_FF_1.1_-40_ALL' (SIM-68)
Info:    Working in directory '/home/linux/ieng6/ee260b/shl237/lab6/run_siliconsmart/LIB_FF_1.1_-40_ALL/temp/siliconsmart.ieng6-ece-17.9333.17883/delay__I__hl__Z__hl__ACQ_1.sif_0' (SIM-69)
Info:    Executing 'hspice deck.cir -o deck' (SIM-30)
Warning: return code 0 (hspice: No such file or directory)
Info:    Simulation delay__I__hl__Z__hl__ACQ_1.sif for cell BUFFD8 completed successfully. (SMSC-103)
Info:    IO Retry 0
Info:    set _SIS_CLIENT_RESULT_ {{BUFFD8 delay__I__hl__Z__hl__ACQ_1 {sifTS 0.0 sifName /home/linux/ieng6/ee260b/shl237/lab6/run_siliconsmart/LIB_FF_1.1_-40_ALL/temp/siliconsmart.ieng6-ece-17.9333.17883/delay__I__hl__Z__hl__ACQ_1.sif eadCksum 9feafa277bac12b66d91f9574c1e76b4 simulationCount 1 exportVars {} errorList {} sofName /home/linux/ieng6/ee260b/shl237/lab6/run_siliconsmart/LIB_FF_1.1_-40_ALL/temp/siliconsmart.ieng6-ece-17.9333.17883/delay__I__hl__Z__hl__ACQ_1.sof eadTS 0.0 eadName /home/linux/ieng6/ee260b/shl237/lab6/run_siliconsmart/LIB_FF_1.1_-40_ALL/temp/siliconsmart.ieng6-ece-17.9333.17883/delay__I__hl__Z__hl__ACQ_1.ead enableCache 0 status done depFiles /home/linux/ieng6/ee260b/shl237/lab6/run_siliconsmart/LIB_FF_1.1_-40_ALL/netlists/BUFFD8.cdl sifCksum fb4ff3577e81a8f4742416f00996cb85}}}
Info:    _SIS_CLIENT_RESULT_END
Info:    __recordTaskStats__ BUFFD8 delay__I__hl__Z__hl__ACQ_1 0.22 0.0 5.09 0.22 1 20.467633009 ieng6-ece-17.ucsd.edu 1520553502.88 1520553523.35
Info:    The char directory is /home/linux/ieng6/ee260b/shl237/lab6/run_siliconsmart/LIB_FF_1.1_-40_ALL
Warning: Operating condition 'FF_1.1_-40_ALL' already exists, skipped.
Info:    Initializing modeler.
Info:    Creating recharacterized libraries. 
Info:    Reading /home/linux/ieng6/ee260b/shl237/lab6/run_siliconsmart/LIB_FF_1.1_-40_ALL/models/liberty/cellmodels/header.lib ...
Info:    Reading /home/linux/ieng6/ee260b/shl237/lab6/run_siliconsmart/LIB_FF_1.1_-40_ALL/models/liberty/cellmodels/AOI21D1.lib ...
Info:    Writing libraries ...
Info:    Creating Liberty file "/home/linux/ieng6/ee260b/shl237/lab6/run_siliconsmart/LIB_FF_1.1_-40_ALL/models/liberty/cells/AOI21D1_FF_1.1_-40_ALL.lib".
Info:    re-positioning normalized_driver_waveform (ndw_ntin_nvolt_7x13) after templates
Info:    __recordTaskStats__ AOI21D1 modeling 2.32 0.0 0.02 0.04 1 6.67556095123 ieng6-ece-17.ucsd.edu 1520553547.09 1520553553.77
Info:    set _SIS_CLIENT_RESULT_ {{AOI21D1 modeling {status done exportVars {} errorList {} sifName {} sofName {} eadName {} depFiles {} tmpHeader {FF_1.1_-40_ALL /home/linux/ieng6/ee260b/shl237/lab6/run_siliconsmart/LIB_FF_1.1_-40_ALL/runtime/modeling/merge/AOI21D1_FF_1.1_-40_ALL.header} tmpBody {FF_1.1_-40_ALL_AOI21D1 /home/linux/ieng6/ee260b/shl237/lab6/run_siliconsmart/LIB_FF_1.1_-40_ALL/runtime/modeling/merge/AOI21D1_FF_1.1_-40_ALL.body}}}}
Info:    _SIS_CLIENT_RESULT_END
Info:    Initializing modeler.
Info:    Creating recharacterized libraries. 
Info:    Reading /home/linux/ieng6/ee260b/shl237/lab6/run_siliconsmart/LIB_FF_1.1_-40_ALL/models/liberty/cellmodels/header.lib ...
Info:    Reading /home/linux/ieng6/ee260b/shl237/lab6/run_siliconsmart/LIB_FF_1.1_-40_ALL/models/liberty/cellmodels/NR2D2.lib ...
Info:    Writing libraries ...
Info:    Creating Liberty file "/home/linux/ieng6/ee260b/shl237/lab6/run_siliconsmart/LIB_FF_1.1_-40_ALL/models/liberty/cells/NR2D2_FF_1.1_-40_ALL.lib".
Info:    __recordTaskStats__ NR2D2 modeling 1.67 0.0 0.00999999999999 0.05 1 5.09856104851 ieng6-ece-17.ucsd.edu 1520553553.77 1520553558.87
Info:    set _SIS_CLIENT_RESULT_ {{NR2D2 modeling {status done exportVars {} errorList {} sifName {} sofName {} eadName {} depFiles {} tmpHeader {FF_1.1_-40_ALL /home/linux/ieng6/ee260b/shl237/lab6/run_siliconsmart/LIB_FF_1.1_-40_ALL/runtime/modeling/merge/NR2D2_FF_1.1_-40_ALL.header} tmpBody {FF_1.1_-40_ALL_NR2D2 /home/linux/ieng6/ee260b/shl237/lab6/run_siliconsmart/LIB_FF_1.1_-40_ALL/runtime/modeling/merge/NR2D2_FF_1.1_-40_ALL.body}}}}
Info:    _SIS_CLIENT_RESULT_END
Info:    Initializing modeler.
Info:    Creating recharacterized libraries. 
Info:    Reading /home/linux/ieng6/ee260b/shl237/lab6/run_siliconsmart/LIB_FF_1.1_-40_ALL/models/liberty/cellmodels/header.lib ...
Info:    Reading /home/linux/ieng6/ee260b/shl237/lab6/run_siliconsmart/LIB_FF_1.1_-40_ALL/models/liberty/cellmodels/BUFFD4.lib ...
Info:    Writing libraries ...
Info:    Creating Liberty file "/home/linux/ieng6/ee260b/shl237/lab6/run_siliconsmart/LIB_FF_1.1_-40_ALL/models/liberty/cells/BUFFD4_FF_1.1_-40_ALL.lib".
Info:    __recordTaskStats__ BUFFD4 modeling 1.46 0.0 0.01 0.04 1 3.93135404587 ieng6-ece-17.ucsd.edu 1520553558.87 1520553562.8
Info:    set _SIS_CLIENT_RESULT_ {{BUFFD4 modeling {status done exportVars {} errorList {} sifName {} sofName {} eadName {} depFiles {} tmpHeader {FF_1.1_-40_ALL /home/linux/ieng6/ee260b/shl237/lab6/run_siliconsmart/LIB_FF_1.1_-40_ALL/runtime/modeling/merge/BUFFD4_FF_1.1_-40_ALL.header} tmpBody {FF_1.1_-40_ALL_BUFFD4 /home/linux/ieng6/ee260b/shl237/lab6/run_siliconsmart/LIB_FF_1.1_-40_ALL/runtime/modeling/merge/BUFFD4_FF_1.1_-40_ALL.body}}}}
Info:    _SIS_CLIENT_RESULT_END
Info:    CDPL worker exited normally.
Info:    Maximum virtual memory size: 643.50MB
Info:    Switching log to /home/linux/ieng6/ee260b/shl237/lab6/run_siliconsmart/LIB_FF_1.1_-40_ALL/runtime/cdpl/sis.W5.ieng6-ece-17.ucsd.edu.17883.log at Thu Mar  8 15:59:41 2018
.
----------------------------------------------------------------------
----------------------------------------------------------------------
Info:    Switching log from /home/linux/ieng6/ee260b/shl237/lab6/run_siliconsmart/LIB_FF_1.1_-40_ALL/temp/sis.shl237.17883.log at Thu Mar  8 15:59:41 2018
Info:    Log written by SiliconSmart version L-2016.06-SP1-2 on Thu Mar  8 15:59:41 2018
Info:    Build date: Dec 07, 2016 16:59:49
Info:    SiliconSmart Path: /acsnfs3/software/SiliconSmartAce-2016.06-SP1-2/linux64/bin/siliconsmart
Info:    Host Name: ieng6-ece-17.ucsd.edu, User Name: shl237, PID: 17883
Info:    CPU: 8 x 2600 MHz, Intel(R) Xeon(R) CPU E5-2650 v2 @ 2.60GHz (2 socket, 4 core)
Info:    Memory: 32 GB RAM, 2 GB Swap
Info:    Directory: /home/linux/ieng6/ee260b/shl237/lab6/run_siliconsmart/LIB_FF_1.1_-40_ALL
Info:    Maximum virtual memory size: 643.50MB
Info:    Maximum virtual memory size: 643.5 MB
