1520553112.917168: 18453-7ff94f15dfa0: cdpl_log.c:221: in cdpl_log_open(): debug: @@start_of_log@@
1520553112.917220: 18453-7ff94f15dfa0: cdpl_log.c:729: in cdpl_log_dump_sysinfo(): info: time: 2018/03/08 15:51:52 PST -0800
1520553112.917229: 18453-7ff94f15dfa0: cdpl_log.c:731: in cdpl_log_dump_sysinfo(): info: version: L_2016.03_SP2_PROD_CDPL 
1520553112.917237: 18453-7ff94f15dfa0: cdpl_log.c:736: in cdpl_log_dump_sysinfo(): info: system: Linux 2.6.32-696.18.7.el6.x86_64 #1 SMP Thu Jan 4 17:31:22 UTC 2018
1520553112.917244: 18453-7ff94f15dfa0: cdpl_log.c:740: in cdpl_log_dump_sysinfo(): info: processor: x86_64 64-bits
1520553112.917251: 18453-7ff94f15dfa0: cdpl_log.c:742: in cdpl_log_dump_sysinfo(): info: hostname: ieng6-ece-17.ucsd.edu
1520553112.917258: 18453-7ff94f15dfa0: cdpl_log.c:223: in cdpl_log_open(): debug: path: /home/linux/ieng6/ee260b/shl237/lab6/run_siliconsmart/LIB_FF_1.1_-40_ALL/runtime/cdpl/worker.W21.ieng6-ece-17.ucsd.edu.18453.log
1520553112.917265: 18453-7ff94f15dfa0: cdpl_log.c:224: in cdpl_log_open(): debug: dir: /home/linux/ieng6/ee260b/shl237/lab6/run_siliconsmart/LIB_FF_1.1_-40_ALL/runtime/cdpl
1520553112.917277: 18453-7ff94f15dfa0: cdpl_worker.c:728: in cdpl_wk_new(): info: creating worker instance
1520553112.920092: 18453-7ff94f15dfa0: cdpl_worker.c:925: in cdpl_wk_start(): debug: starting worker
1520553112.920113: 18453-7ff94f15dfa0: cdpl_worker.c:276: in cdpl_wk_setup(): info: CDPL_SERVER is "128.54.67.147:38978"
1520553112.920126: 18453-7ff94f15dfa0: cdpl_worker.c:299: in cdpl_wk_setup(): info: server 128.54.67.147, port 38978
1520553112.920139: 18453-7ff94f15dfa0: cdpl_worker.c:319: in cdpl_wk_setup(): info: CDPL_ID is "21:1:1:1:769061682"
1520553112.920173: 18453-7ff94f15dfa0: cdpl_worker.c:361: in cdpl_wk_setup(): info: we are W21-B1-J1-M1-S769061682
1520553112.920186: 18453-7ff94f15dfa0: cdpl_worker.c:363: in cdpl_wk_setup(): info: we are on host ieng6-ece-17.ucsd.edu
1520553112.920197: 18453-7ff94f15dfa0: cdpl_worker.c:372: in cdpl_wk_daemonize(): debug: will *not* daemonize
1520553112.920212: 18453-7ff94f15dfa0: cdpl_ipc.c:2593: in cdpl_ipc_connect(): info: connecting to 128.54.67.147:38978
1520553112.920370: 18453-7ff94f15dfa0: cdpl_ipc.c:2659: in cdpl_ipc_connect(): info: connected as `128.54.67.147:50596'
1520553112.920408: 18453-7ff94f15dfa0: cdpl_ipc.c:1763: in cdpl_ipc_host_accept(): debug: accepted host `128.54.67.147:38978'
1520553112.920433: 18453-7ff94f15dfa0: cdpl_ipc.c:2436: in cdpl_ipc_start(): debug: starting IPC server 128.54.67.147:37369
1520553112.920634: 18453-7ff94f15dfa0: cdpl_compat_worker.c:148: in cdplStartWorker(): info: SNPSLMD_LICENSE_FILE is 1705@acms-flexlm-lnx4.ucsd.edu,1705@acms-flexlm-lnx5.ucsd.edu,1705@acms-flexlm-lnx6.ucsd.edu
1520553112.920758: 18453-7ff94f15dfa0: cdpl_compat_worker.c:597: in cdplWorkerLogInfo(): info: [Maximum lifespan of worker is set to 1200m]
1520553112.920853: 18453-7ff94f15dfa0: cdpl_compat_worker.c:597: in cdplWorkerLogInfo(): info: [Peak virtual memory is set to 128GB]
1520553112.926782: 18453-7ff945b70700: cdpl_worker.c:528: in cdpl_wk_listen(): debug: ready
1520553112.932503: 18453-7ff945b70700: cdpl_worker.c:585: in cdpl_wk_listen(): debug: received ASSIGN message
1520553112.933469: 18453-7ff94f15dfa0: cdpl_worker.c:1092: in cdpl_wk_wait_timeout(): info: starting task T49
1520553112.933507: 18453-7ff94f15dfa0: cdpl_compat_worker.c:597: in cdplWorkerLogInfo(): info: [configOneCellAdaptive { NR2D8 }]
1520553112.960078: 18453-7ff94516f700: cdpl_worker.c:656: in cdpl_wk_heartbeat(): debug: starting heartbeat
1520553112.960097: 18453-7ff94516f700: cdpl_worker.c:665: in cdpl_wk_heartbeat(): info: setting heartbeat period to 60 sec
1520553112.960107: 18453-7ff94516f700: cdpl_worker.c:673: in cdpl_wk_heartbeat(): info: first heartbeat in 1 sec
1520553124.244300: 18453-7ff94f15dfa0: cdpl_worker.c:1208: in cdpl_wk_finalize(): info: finishing task T49
1520553201.722430: 18453-7ff945b70700: cdpl_worker.c:616: in cdpl_wk_listen(): debug: received RELAY message
1520553201.991878: 18453-7ff945b70700: cdpl_worker.c:616: in cdpl_wk_listen(): debug: received RELAY message
1520553202.099315: 18453-7ff945b70700: cdpl_worker.c:585: in cdpl_wk_listen(): debug: received ASSIGN message
1520553202.099406: 18453-7ff94f15dfa0: cdpl_worker.c:1092: in cdpl_wk_wait_timeout(): info: starting task T67
1520553202.531544: 18453-7ff94f15dfa0: cdpl_compat_worker.c:597: in cdplWorkerLogInfo(): info: [runOneAcquisitionAdaptive DFCSNQD1 energy__CP__hl__ACQ_1 job_68 ]
1520553245.944633: 18453-7ff94f15dfa0: cdpl_worker.c:1208: in cdpl_wk_finalize(): info: finishing task T67
1520553245.950692: 18453-7ff945b70700: cdpl_worker.c:585: in cdpl_wk_listen(): debug: received ASSIGN message
1520553245.960411: 18453-7ff94f15dfa0: cdpl_worker.c:1092: in cdpl_wk_wait_timeout(): info: starting task T92
1520553245.960477: 18453-7ff94f15dfa0: cdpl_compat_worker.c:597: in cdplWorkerLogInfo(): info: [runOneAcquisitionAdaptive DFCSNQD1 energy__SDN__hl__ACQ_1 job_93 ]
1520553252.339978: 18453-7ff94f15dfa0: cdpl_worker.c:1208: in cdpl_wk_finalize(): info: finishing task T92
1520553252.340482: 18453-7ff945b70700: cdpl_worker.c:585: in cdpl_wk_listen(): debug: received ASSIGN message
1520553252.340535: 18453-7ff94f15dfa0: cdpl_worker.c:1092: in cdpl_wk_wait_timeout(): info: starting task T106
1520553252.340554: 18453-7ff94f15dfa0: cdpl_compat_worker.c:597: in cdplWorkerLogInfo(): info: [runOneAcquisitionAdaptive DFCSNQD2 energy__D__lh__ACQ_1 job_107 ]
1520553271.692582: 18453-7ff94f15dfa0: cdpl_worker.c:1208: in cdpl_wk_finalize(): info: finishing task T106
1520553271.697138: 18453-7ff945b70700: cdpl_worker.c:585: in cdpl_wk_listen(): debug: received ASSIGN message
1520553271.697196: 18453-7ff94f15dfa0: cdpl_worker.c:1092: in cdpl_wk_wait_timeout(): info: starting task T123
1520553271.697217: 18453-7ff94f15dfa0: cdpl_compat_worker.c:597: in cdplWorkerLogInfo(): info: [runOneAcquisitionAdaptive DFCSNQD2 combined_setup_hold__D__lh__CP__lh__ACQ_1 job_124 ]
1520553393.063234: 18453-7ff94f15dfa0: cdpl_worker.c:1208: in cdpl_wk_finalize(): info: finishing task T123
1520553393.063629: 18453-7ff945b70700: cdpl_worker.c:585: in cdpl_wk_listen(): debug: received ASSIGN message
1520553393.063696: 18453-7ff94f15dfa0: cdpl_worker.c:1092: in cdpl_wk_wait_timeout(): info: starting task T314
1520553393.063715: 18453-7ff94f15dfa0: cdpl_compat_worker.c:597: in cdplWorkerLogInfo(): info: [runOneAcquisitionAdaptive OAI21D0 delay__A2__lh__ZN__hl__ACQ_1 job_315 ]
1520553401.186904: 18453-7ff94f15dfa0: cdpl_worker.c:1208: in cdpl_wk_finalize(): info: finishing task T314
1520553401.755279: 18453-7ff945b70700: cdpl_worker.c:585: in cdpl_wk_listen(): debug: received ASSIGN message
1520553401.755310: 18453-7ff94f15dfa0: cdpl_worker.c:1092: in cdpl_wk_wait_timeout(): info: starting task T340
1520553401.755330: 18453-7ff94f15dfa0: cdpl_compat_worker.c:597: in cdplWorkerLogInfo(): info: [runOneAcquisitionAdaptive OAI21D2 Cin__A2__lh__ACQ_1 job_341 ]
1520553403.648325: 18453-7ff94f15dfa0: cdpl_worker.c:1208: in cdpl_wk_finalize(): info: finishing task T340
1520553403.648522: 18453-7ff945b70700: cdpl_worker.c:585: in cdpl_wk_listen(): debug: received ASSIGN message
1520553403.652681: 18453-7ff94f15dfa0: cdpl_worker.c:1092: in cdpl_wk_wait_timeout(): info: starting task T354
1520553403.652709: 18453-7ff94f15dfa0: cdpl_compat_worker.c:597: in cdplWorkerLogInfo(): info: [runOneAcquisitionAdaptive OAI21D4 Cin__A2__lh__ACQ_1 job_355 ]
1520553406.859320: 18453-7ff94f15dfa0: cdpl_worker.c:1208: in cdpl_wk_finalize(): info: finishing task T354
1520553406.859561: 18453-7ff945b70700: cdpl_worker.c:585: in cdpl_wk_listen(): debug: received ASSIGN message
1520553406.862018: 18453-7ff94f15dfa0: cdpl_worker.c:1092: in cdpl_wk_wait_timeout(): info: starting task T367
1520553406.862040: 18453-7ff94f15dfa0: cdpl_compat_worker.c:597: in cdplWorkerLogInfo(): info: [runOneAcquisitionAdaptive AN2D0 delay__A2__lh__Z__lh__ACQ_1 job_368 ]
1520553414.323120: 18453-7ff94f15dfa0: cdpl_worker.c:1208: in cdpl_wk_finalize(): info: finishing task T367
1520553414.323493: 18453-7ff945b70700: cdpl_worker.c:585: in cdpl_wk_listen(): debug: received ASSIGN message
1520553414.323541: 18453-7ff94f15dfa0: cdpl_worker.c:1092: in cdpl_wk_wait_timeout(): info: starting task T392
1520553414.323565: 18453-7ff94f15dfa0: cdpl_compat_worker.c:597: in cdplWorkerLogInfo(): info: [runOneAcquisitionAdaptive AN2D4 Cin__A1__lh__ACQ_1 job_393 ]
1520553416.807477: 18453-7ff94f15dfa0: cdpl_worker.c:1208: in cdpl_wk_finalize(): info: finishing task T392
1520553416.807810: 18453-7ff945b70700: cdpl_worker.c:585: in cdpl_wk_listen(): debug: received ASSIGN message
1520553416.807841: 18453-7ff94f15dfa0: cdpl_worker.c:1092: in cdpl_wk_wait_timeout(): info: starting task T404
1520553416.807859: 18453-7ff94f15dfa0: cdpl_compat_worker.c:597: in cdplWorkerLogInfo(): info: [runOneAcquisitionAdaptive AN2D8 delay__A1__hl__Z__hl__ACQ_1 job_405 ]
1520553434.854955: 18453-7ff94f15dfa0: cdpl_worker.c:1208: in cdpl_wk_finalize(): info: finishing task T404
1520553434.855953: 18453-7ff945b70700: cdpl_worker.c:585: in cdpl_wk_listen(): debug: received ASSIGN message
1520553434.856057: 18453-7ff94f15dfa0: cdpl_worker.c:1092: in cdpl_wk_wait_timeout(): info: starting task T474
1520553434.856078: 18453-7ff94f15dfa0: cdpl_compat_worker.c:597: in cdplWorkerLogInfo(): info: [runOneAcquisitionAdaptive ND2D8 delay__A1__lh__ZN__hl__ACQ_1 job_475 ]
1520553456.898679: 18453-7ff94f15dfa0: cdpl_worker.c:1208: in cdpl_wk_finalize(): info: finishing task T474
1520553456.899209: 18453-7ff945b70700: cdpl_worker.c:585: in cdpl_wk_listen(): debug: received ASSIGN message
1520553456.899258: 18453-7ff94f15dfa0: cdpl_worker.c:1092: in cdpl_wk_wait_timeout(): info: starting task T554
1520553456.899278: 18453-7ff94f15dfa0: cdpl_compat_worker.c:597: in cdplWorkerLogInfo(): info: [runOneAcquisitionAdaptive OR2D1 delay__A1__hl__Z__hl__ACQ_1 job_555 ]
1520553465.102968: 18453-7ff94f15dfa0: cdpl_worker.c:1208: in cdpl_wk_finalize(): info: finishing task T554
1520553465.103427: 18453-7ff945b70700: cdpl_worker.c:585: in cdpl_wk_listen(): debug: received ASSIGN message
1520553465.103474: 18453-7ff94f15dfa0: cdpl_worker.c:1092: in cdpl_wk_wait_timeout(): info: starting task T589
1520553465.103493: 18453-7ff94f15dfa0: cdpl_compat_worker.c:597: in cdplWorkerLogInfo(): info: [runOneAcquisitionAdaptive OR2XD1 Cin__A2__lh__ACQ_1 job_590 ]
1520553467.217258: 18453-7ff94f15dfa0: cdpl_worker.c:1208: in cdpl_wk_finalize(): info: finishing task T589
1520553467.217564: 18453-7ff945b70700: cdpl_worker.c:585: in cdpl_wk_listen(): debug: received ASSIGN message
1520553467.217596: 18453-7ff94f15dfa0: cdpl_worker.c:1092: in cdpl_wk_wait_timeout(): info: starting task T598
1520553467.217618: 18453-7ff94f15dfa0: cdpl_compat_worker.c:597: in cdplWorkerLogInfo(): info: [runOneAcquisitionAdaptive XNR2D0 delay__A2__hl__ZN__lh__ACQ_1 job_599 ]
1520553477.407511: 18453-7ff94f15dfa0: cdpl_worker.c:1208: in cdpl_wk_finalize(): info: finishing task T598
1520553477.407907: 18453-7ff945b70700: cdpl_worker.c:585: in cdpl_wk_listen(): debug: received ASSIGN message
1520553477.407989: 18453-7ff94f15dfa0: cdpl_worker.c:1092: in cdpl_wk_wait_timeout(): info: starting task T628
1520553477.408007: 18453-7ff94f15dfa0: cdpl_compat_worker.c:597: in cdplWorkerLogInfo(): info: [runOneAcquisitionAdaptive XNR2D4 delay__A2__hl__ZN__lh__ACQ_1 job_629 ]
1520553498.727541: 18453-7ff945b70700: cdpl_worker.c:585: in cdpl_wk_listen(): debug: received ASSIGN message
1520553498.731686: 18453-7ff94f15dfa0: cdpl_worker.c:1208: in cdpl_wk_finalize(): info: finishing task T628
1520553498.731790: 18453-7ff94f15dfa0: cdpl_worker.c:1092: in cdpl_wk_wait_timeout(): info: starting task T682
1520553498.731820: 18453-7ff94f15dfa0: cdpl_compat_worker.c:597: in cdplWorkerLogInfo(): info: [runOneAcquisitionAdaptive BUFFD3 leakage_power__ACQ_2 job_683 ]
1520553500.559734: 18453-7ff94f15dfa0: cdpl_worker.c:1208: in cdpl_wk_finalize(): info: finishing task T682
1520553500.560182: 18453-7ff945b70700: cdpl_worker.c:585: in cdpl_wk_listen(): debug: received ASSIGN message
1520553500.560208: 18453-7ff94f15dfa0: cdpl_worker.c:1092: in cdpl_wk_wait_timeout(): info: starting task T690
1520553500.560225: 18453-7ff94f15dfa0: cdpl_compat_worker.c:597: in cdplWorkerLogInfo(): info: [runOneAcquisitionAdaptive BUFFD6 leakage_power__ACQ_2 job_691 ]
1520553502.809519: 18453-7ff94f15dfa0: cdpl_worker.c:1208: in cdpl_wk_finalize(): info: finishing task T690
1520553502.809934: 18453-7ff945b70700: cdpl_worker.c:585: in cdpl_wk_listen(): debug: received ASSIGN message
1520553502.814051: 18453-7ff94f15dfa0: cdpl_worker.c:1092: in cdpl_wk_wait_timeout(): info: starting task T695
1520553502.814079: 18453-7ff94f15dfa0: cdpl_compat_worker.c:597: in cdplWorkerLogInfo(): info: [runOneAcquisitionAdaptive BUFFD8 delay__I__lh__Z__lh__ACQ_1 job_696 ]
1520553522.958884: 18453-7ff94f15dfa0: cdpl_worker.c:1208: in cdpl_wk_finalize(): info: finishing task T695
1520553546.210331: 18453-7ff945b70700: cdpl_worker.c:616: in cdpl_wk_listen(): debug: received RELAY message
1520553546.545309: 18453-7ff945b70700: cdpl_worker.c:585: in cdpl_wk_listen(): debug: received ASSIGN message
1520553546.545431: 18453-7ff94f15dfa0: cdpl_worker.c:1092: in cdpl_wk_wait_timeout(): info: starting task T744
1520553546.798416: 18453-7ff94f15dfa0: cdpl_compat_worker.c:597: in cdplWorkerLogInfo(): info: [modelOneCellAdaptive {LHQD2 }]
1520553552.990147: 18453-7ff94f15dfa0: cdpl_worker.c:1208: in cdpl_wk_finalize(): info: finishing task T744
1520553552.990926: 18453-7ff945b70700: cdpl_worker.c:585: in cdpl_wk_listen(): debug: received ASSIGN message
1520553552.990959: 18453-7ff94f15dfa0: cdpl_worker.c:1092: in cdpl_wk_wait_timeout(): info: starting task T766
1520553552.990983: 18453-7ff94f15dfa0: cdpl_compat_worker.c:597: in cdplWorkerLogInfo(): info: [modelOneCellAdaptive {ND2D3 }]
1520553558.113530: 18453-7ff94f15dfa0: cdpl_worker.c:1208: in cdpl_wk_finalize(): info: finishing task T766
1520553558.114043: 18453-7ff945b70700: cdpl_worker.c:585: in cdpl_wk_listen(): debug: received ASSIGN message
1520553558.114068: 18453-7ff94f15dfa0: cdpl_worker.c:1092: in cdpl_wk_wait_timeout(): info: starting task T791
1520553558.114087: 18453-7ff94f15dfa0: cdpl_compat_worker.c:597: in cdplWorkerLogInfo(): info: [modelOneCellAdaptive {BUFFD2 }]
1520553562.316162: 18453-7ff94f15dfa0: cdpl_worker.c:1208: in cdpl_wk_finalize(): info: finishing task T791
1520553580.705789: 18453-7ff945b70700: cdpl_worker.c:616: in cdpl_wk_listen(): debug: received RELAY message
1520553580.746046: 18453-7ff946571700: cdpl_ipc.c:606: in _readv(): warning: read(): EOF
1520553580.746102: 18453-7ff946571700: cdpl_ipc.c:1462: in _epoll_recv(): debug: _readv(): Broken pipe
1520553580.746121: 18453-7ff946571700: cdpl_ipc.c:1683: in _epoll_main(): debug: _epoll_recv(): Broken pipe
1520553580.746144: 18453-7ff946571700: cdpl_ipc.c:1061: in _host_drop__UNSAFE(): debug: dropping host `128.54.67.147:38978'
1520553580.746269: 18453-7ff945b70700: cdpl_worker.c:561: in cdpl_wk_listen(): debug: received DROP notification
1520553580.746289: 18453-7ff945b70700: cdpl_worker.c:565: in cdpl_wk_listen(): debug: we were dropped by the server
1520553580.746303: 18453-7ff945b70700: cdpl_worker.c:492: in _wk_kill(): debug: killing worker
1520553580.746318: 18453-7ff945b70700: cdpl_ipc.c:2481: in cdpl_ipc_kill(): debug: stopping event server
1520553580.746366: 18453-7ff946571700: cdpl_ipc.c:1720: in _epoll_main(): debug: server going down...
1520553580.746402: 18453-7ff945b70700: cdpl_worker.c:542: in cdpl_wk_listen(): debug: leaving now
1520553580.746577: 18453-7ff94f15dfa0: cdpl_compat_worker.c:597: in cdplWorkerLogInfo(): info: [Worker shutdown. Code: 3]
1520553580.861154: 18453-7ff94f15dfa0: cdpl_worker.c:856: in _wk_shutdown(): debug: waiting for heartbeat thread
1520553580.861273: 18453-7ff94516f700: cdpl_worker.c:709: in cdpl_wk_heartbeat(): info: stopping heartbeat
1520553580.861356: 18453-7ff94f15dfa0: cdpl_ipc.c:1781: in cdpl_ipc_host_release(): debug: releasing host `128.54.67.147:38978'
1520553580.861436: 18453-7ff94f15dfa0: cdpl_ipc.c:2532: in cdpl_ipc_free(): debug: releasing IPC handle
1520553580.861455: 18453-7ff94f15dfa0: cdpl_ipc.c:986: in _host_free__UNSAFE(): debug: freeing host `128.54.67.147:38978'
1520553580.861470: 18453-7ff94f15dfa0: cdpl_ipc.c:1028: in _host_free__UNSAFE(): debug: [0 outq, 0 spR, 0 spW]
1520553580.861526: 18453-7ff94f15dfa0: cdpl_ipc.c:2571: in cdpl_ipc_free(): debug: done
1520553580.861545: 18453-7ff94f15dfa0: cdpl_worker.c:912: in cdpl_wk_free(): info: freed
1520553580.861559: 18453-7ff94f15dfa0: cdpl_log.c:359: in cdpl_log_close(): debug: @@end_of_log@@
