1520553079.783549: 17961-7f05c494dfa0: cdpl_log.c:221: in cdpl_log_open(): debug: @@start_of_log@@
1520553079.783605: 17961-7f05c494dfa0: cdpl_log.c:729: in cdpl_log_dump_sysinfo(): info: time: 2018/03/08 15:51:19 PST -0800
1520553079.783615: 17961-7f05c494dfa0: cdpl_log.c:731: in cdpl_log_dump_sysinfo(): info: version: L_2016.03_SP2_PROD_CDPL 
1520553079.783622: 17961-7f05c494dfa0: cdpl_log.c:736: in cdpl_log_dump_sysinfo(): info: system: Linux 2.6.32-696.18.7.el6.x86_64 #1 SMP Thu Jan 4 17:31:22 UTC 2018
1520553079.783630: 17961-7f05c494dfa0: cdpl_log.c:740: in cdpl_log_dump_sysinfo(): info: processor: x86_64 64-bits
1520553079.783636: 17961-7f05c494dfa0: cdpl_log.c:742: in cdpl_log_dump_sysinfo(): info: hostname: ieng6-ece-17.ucsd.edu
1520553079.783644: 17961-7f05c494dfa0: cdpl_log.c:223: in cdpl_log_open(): debug: path: /home/linux/ieng6/ee260b/shl237/lab6/run_siliconsmart/LIB_FF_1.1_-40_ALL/runtime/cdpl/worker.W8.ieng6-ece-17.ucsd.edu.17961.log
1520553079.783651: 17961-7f05c494dfa0: cdpl_log.c:224: in cdpl_log_open(): debug: dir: /home/linux/ieng6/ee260b/shl237/lab6/run_siliconsmart/LIB_FF_1.1_-40_ALL/runtime/cdpl
1520553079.783663: 17961-7f05c494dfa0: cdpl_worker.c:728: in cdpl_wk_new(): info: creating worker instance
1520553079.784117: 17961-7f05c494dfa0: cdpl_worker.c:925: in cdpl_wk_start(): debug: starting worker
1520553079.784134: 17961-7f05c494dfa0: cdpl_worker.c:276: in cdpl_wk_setup(): info: CDPL_SERVER is "128.54.67.147:38978"
1520553079.784146: 17961-7f05c494dfa0: cdpl_worker.c:299: in cdpl_wk_setup(): info: server 128.54.67.147, port 38978
1520553079.784157: 17961-7f05c494dfa0: cdpl_worker.c:319: in cdpl_wk_setup(): info: CDPL_ID is "8:1:1:1:769061682"
1520553079.784187: 17961-7f05c494dfa0: cdpl_worker.c:361: in cdpl_wk_setup(): info: we are W8-B1-J1-M1-S769061682
1520553079.784198: 17961-7f05c494dfa0: cdpl_worker.c:363: in cdpl_wk_setup(): info: we are on host ieng6-ece-17.ucsd.edu
1520553079.784208: 17961-7f05c494dfa0: cdpl_worker.c:372: in cdpl_wk_daemonize(): debug: will *not* daemonize
1520553079.784222: 17961-7f05c494dfa0: cdpl_ipc.c:2593: in cdpl_ipc_connect(): info: connecting to 128.54.67.147:38978
1520553079.784431: 17961-7f05c494dfa0: cdpl_ipc.c:2659: in cdpl_ipc_connect(): info: connected as `128.54.67.147:50570'
1520553079.784473: 17961-7f05c494dfa0: cdpl_ipc.c:1763: in cdpl_ipc_host_accept(): debug: accepted host `128.54.67.147:38978'
1520553079.784501: 17961-7f05c494dfa0: cdpl_ipc.c:2436: in cdpl_ipc_start(): debug: starting IPC server 128.54.67.147:36153
1520553079.784699: 17961-7f05c494dfa0: cdpl_compat_worker.c:148: in cdplStartWorker(): info: SNPSLMD_LICENSE_FILE is 1705@acms-flexlm-lnx4.ucsd.edu,1705@acms-flexlm-lnx5.ucsd.edu,1705@acms-flexlm-lnx6.ucsd.edu
1520553079.784837: 17961-7f05c494dfa0: cdpl_compat_worker.c:597: in cdplWorkerLogInfo(): info: [Maximum lifespan of worker is set to 1200m]
1520553079.784939: 17961-7f05c494dfa0: cdpl_compat_worker.c:597: in cdplWorkerLogInfo(): info: [Peak virtual memory is set to 128GB]
1520553079.792094: 17961-7f05ba95f700: cdpl_worker.c:656: in cdpl_wk_heartbeat(): debug: starting heartbeat
1520553079.792129: 17961-7f05ba95f700: cdpl_worker.c:665: in cdpl_wk_heartbeat(): info: setting heartbeat period to 60 sec
1520553079.792144: 17961-7f05ba95f700: cdpl_worker.c:673: in cdpl_wk_heartbeat(): info: first heartbeat in 1 sec
1520553079.792827: 17961-7f05bb360700: cdpl_worker.c:528: in cdpl_wk_listen(): debug: ready
1520553079.792846: 17961-7f05bb360700: cdpl_worker.c:585: in cdpl_wk_listen(): debug: received ASSIGN message
1520553079.792896: 17961-7f05c494dfa0: cdpl_worker.c:1092: in cdpl_wk_wait_timeout(): info: starting task T7
1520553079.792951: 17961-7f05c494dfa0: cdpl_compat_worker.c:597: in cdplWorkerLogInfo(): info: [configOneCellAdaptive { AOI21D1 }]
1520553095.316519: 17961-7f05c494dfa0: cdpl_worker.c:1208: in cdpl_wk_finalize(): info: finishing task T7
1520553095.600138: 17961-7f05bb360700: cdpl_worker.c:585: in cdpl_wk_listen(): debug: received ASSIGN message
1520553095.600205: 17961-7f05c494dfa0: cdpl_worker.c:1092: in cdpl_wk_wait_timeout(): info: starting task T27
1520553095.600270: 17961-7f05c494dfa0: cdpl_compat_worker.c:597: in cdplWorkerLogInfo(): info: [configOneCellAdaptive { INVD20 }]
1520553104.053003: 17961-7f05c494dfa0: cdpl_worker.c:1208: in cdpl_wk_finalize(): info: finishing task T27
1520553104.605263: 17961-7f05bb360700: cdpl_worker.c:585: in cdpl_wk_listen(): debug: received ASSIGN message
1520553104.605318: 17961-7f05c494dfa0: cdpl_worker.c:1092: in cdpl_wk_wait_timeout(): info: starting task T35
1520553104.605354: 17961-7f05c494dfa0: cdpl_compat_worker.c:597: in cdplWorkerLogInfo(): info: [configOneCellAdaptive { MUX2D1 }]
1520553138.708790: 17961-7f05c494dfa0: cdpl_worker.c:1208: in cdpl_wk_finalize(): info: finishing task T35
1520553201.721570: 17961-7f05bb360700: cdpl_worker.c:616: in cdpl_wk_listen(): debug: received RELAY message
1520553201.990914: 17961-7f05bb360700: cdpl_worker.c:616: in cdpl_wk_listen(): debug: received RELAY message
1520553206.409325: 17961-7f05bb360700: cdpl_worker.c:585: in cdpl_wk_listen(): debug: received ASSIGN message
1520553206.409403: 17961-7f05c494dfa0: cdpl_worker.c:1092: in cdpl_wk_wait_timeout(): info: starting task T83
1520553212.238095: 17961-7f05c494dfa0: cdpl_compat_worker.c:597: in cdplWorkerLogInfo(): info: [runOneAcquisitionAdaptive DFCSNQD1 removal__SDN__lh__CP__lh__ACQ_1 job_84 ]
1520553301.996565: 17961-7f05c494dfa0: cdpl_worker.c:1208: in cdpl_wk_finalize(): info: finishing task T83
1520553302.001154: 17961-7f05bb360700: cdpl_worker.c:585: in cdpl_wk_listen(): debug: received ASSIGN message
1520553302.001228: 17961-7f05c494dfa0: cdpl_worker.c:1092: in cdpl_wk_wait_timeout(): info: starting task T149
1520553302.001256: 17961-7f05c494dfa0: cdpl_compat_worker.c:597: in cdplWorkerLogInfo(): info: [runOneAcquisitionAdaptive DFCSNQD4 asynch_removal__SDN__lh__CDN__lh__ACQ_1 job_150 ]
1520553357.537526: 17961-7f05c494dfa0: cdpl_worker.c:1208: in cdpl_wk_finalize(): info: finishing task T149
1520553357.538006: 17961-7f05bb360700: cdpl_worker.c:585: in cdpl_wk_listen(): debug: received ASSIGN message
1520553357.538055: 17961-7f05c494dfa0: cdpl_worker.c:1092: in cdpl_wk_wait_timeout(): info: starting task T218
1520553357.538074: 17961-7f05c494dfa0: cdpl_compat_worker.c:597: in cdplWorkerLogInfo(): info: [runOneAcquisitionAdaptive AOI21D2 delay__A1__lh__ZN__hl__ACQ_1 job_219 ]
1520553367.521354: 17961-7f05c494dfa0: cdpl_worker.c:1208: in cdpl_wk_finalize(): info: finishing task T218
1520553367.521788: 17961-7f05bb360700: cdpl_worker.c:585: in cdpl_wk_listen(): debug: received ASSIGN message
1520553367.521838: 17961-7f05c494dfa0: cdpl_worker.c:1092: in cdpl_wk_wait_timeout(): info: starting task T243
1520553367.521854: 17961-7f05c494dfa0: cdpl_compat_worker.c:597: in cdplWorkerLogInfo(): info: [runOneAcquisitionAdaptive MUX2D0 delay__S__lh__Z__lh__ACQ_1 job_244 ]
1520553378.458926: 17961-7f05c494dfa0: cdpl_worker.c:1208: in cdpl_wk_finalize(): info: finishing task T243
1520553378.459312: 17961-7f05bb360700: cdpl_worker.c:585: in cdpl_wk_listen(): debug: received ASSIGN message
1520553378.459360: 17961-7f05c494dfa0: cdpl_worker.c:1092: in cdpl_wk_wait_timeout(): info: starting task T269
1520553378.459375: 17961-7f05c494dfa0: cdpl_compat_worker.c:597: in cdplWorkerLogInfo(): info: [runOneAcquisitionAdaptive MUX2D1 delay__S__hl__Z__lh__ACQ_1 job_270 ]
1520553389.693464: 17961-7f05c494dfa0: cdpl_worker.c:1208: in cdpl_wk_finalize(): info: finishing task T269
1520553389.693921: 17961-7f05bb360700: cdpl_worker.c:585: in cdpl_wk_listen(): debug: received ASSIGN message
1520553389.693973: 17961-7f05c494dfa0: cdpl_worker.c:1092: in cdpl_wk_wait_timeout(): info: starting task T302
1520553389.693992: 17961-7f05c494dfa0: cdpl_compat_worker.c:597: in cdplWorkerLogInfo(): info: [runOneAcquisitionAdaptive MUX2D4 Cin__I1__hl__ACQ_1 job_303 ]
1520553392.513579: 17961-7f05c494dfa0: cdpl_worker.c:1208: in cdpl_wk_finalize(): info: finishing task T302
1520553392.513893: 17961-7f05bb360700: cdpl_worker.c:585: in cdpl_wk_listen(): debug: received ASSIGN message
1520553392.518113: 17961-7f05c494dfa0: cdpl_worker.c:1092: in cdpl_wk_wait_timeout(): info: starting task T310
1520553392.518143: 17961-7f05c494dfa0: cdpl_compat_worker.c:597: in cdplWorkerLogInfo(): info: [runOneAcquisitionAdaptive OAI21D0 delay__A1__hl__ZN__lh__ACQ_1 job_311 ]
1520553401.255821: 17961-7f05c494dfa0: cdpl_worker.c:1208: in cdpl_wk_finalize(): info: finishing task T310
1520553401.755512: 17961-7f05bb360700: cdpl_worker.c:585: in cdpl_wk_listen(): debug: received ASSIGN message
1520553401.759864: 17961-7f05c494dfa0: cdpl_worker.c:1092: in cdpl_wk_wait_timeout(): info: starting task T342
1520553401.759888: 17961-7f05c494dfa0: cdpl_compat_worker.c:597: in cdplWorkerLogInfo(): info: [runOneAcquisitionAdaptive OAI21D2 delay__A2__lh__ZN__hl__ACQ_1 job_343 ]
1520553411.834101: 17961-7f05c494dfa0: cdpl_worker.c:1208: in cdpl_wk_finalize(): info: finishing task T342
1520553411.834597: 17961-7f05bb360700: cdpl_worker.c:585: in cdpl_wk_listen(): debug: received ASSIGN message
1520553411.834646: 17961-7f05c494dfa0: cdpl_worker.c:1092: in cdpl_wk_wait_timeout(): info: starting task T382
1520553411.834667: 17961-7f05c494dfa0: cdpl_compat_worker.c:597: in cdplWorkerLogInfo(): info: [runOneAcquisitionAdaptive AN2D2 Cin__A1__lh__ACQ_1 job_383 ]
1520553413.719220: 17961-7f05c494dfa0: cdpl_worker.c:1208: in cdpl_wk_finalize(): info: finishing task T382
1520553413.719413: 17961-7f05bb360700: cdpl_worker.c:585: in cdpl_wk_listen(): debug: received ASSIGN message
1520553413.719437: 17961-7f05c494dfa0: cdpl_worker.c:1092: in cdpl_wk_wait_timeout(): info: starting task T389
1520553413.719455: 17961-7f05c494dfa0: cdpl_compat_worker.c:597: in cdplWorkerLogInfo(): info: [runOneAcquisitionAdaptive AN2D2 Cin__A2__lh__ACQ_1 job_390 ]
1520553415.704897: 17961-7f05c494dfa0: cdpl_worker.c:1208: in cdpl_wk_finalize(): info: finishing task T389
1520553415.705460: 17961-7f05bb360700: cdpl_worker.c:585: in cdpl_wk_listen(): debug: received ASSIGN message
1520553415.705484: 17961-7f05c494dfa0: cdpl_worker.c:1092: in cdpl_wk_wait_timeout(): info: starting task T398
1520553415.705502: 17961-7f05c494dfa0: cdpl_compat_worker.c:597: in cdplWorkerLogInfo(): info: [runOneAcquisitionAdaptive AN2D4 delay__A2__hl__Z__hl__ACQ_1 job_399 ]
1520553427.645593: 17961-7f05c494dfa0: cdpl_worker.c:1208: in cdpl_wk_finalize(): info: finishing task T398
1520553427.645963: 17961-7f05bb360700: cdpl_worker.c:585: in cdpl_wk_listen(): debug: received ASSIGN message
1520553427.646047: 17961-7f05c494dfa0: cdpl_worker.c:1092: in cdpl_wk_wait_timeout(): info: starting task T456
1520553427.646065: 17961-7f05c494dfa0: cdpl_compat_worker.c:597: in cdplWorkerLogInfo(): info: [runOneAcquisitionAdaptive ND2D3 leakage_power__ACQ_4 job_457 ]
1520553429.216239: 17961-7f05c494dfa0: cdpl_worker.c:1208: in cdpl_wk_finalize(): info: finishing task T456
1520553429.216445: 17961-7f05bb360700: cdpl_worker.c:585: in cdpl_wk_listen(): debug: received ASSIGN message
1520553429.216473: 17961-7f05c494dfa0: cdpl_worker.c:1092: in cdpl_wk_wait_timeout(): info: starting task T466
1520553429.216492: 17961-7f05c494dfa0: cdpl_compat_worker.c:597: in cdplWorkerLogInfo(): info: [runOneAcquisitionAdaptive ND2D4 leakage_power__ACQ_4 job_467 ]
1520553432.745467: 17961-7f05c494dfa0: cdpl_worker.c:1208: in cdpl_wk_finalize(): info: finishing task T466
1520553432.745713: 17961-7f05bb360700: cdpl_worker.c:585: in cdpl_wk_listen(): debug: received ASSIGN message
1520553432.750669: 17961-7f05c494dfa0: cdpl_worker.c:1092: in cdpl_wk_wait_timeout(): info: starting task T471
1520553432.750693: 17961-7f05c494dfa0: cdpl_compat_worker.c:597: in cdplWorkerLogInfo(): info: [runOneAcquisitionAdaptive ND2D8 Cin__A2__hl__ACQ_1 job_472 ]
1520553435.822029: 17961-7f05c494dfa0: cdpl_worker.c:1208: in cdpl_wk_finalize(): info: finishing task T471
1520553435.822296: 17961-7f05bb360700: cdpl_worker.c:585: in cdpl_wk_listen(): debug: received ASSIGN message
1520553435.822338: 17961-7f05c494dfa0: cdpl_worker.c:1092: in cdpl_wk_wait_timeout(): info: starting task T477
1520553435.822373: 17961-7f05c494dfa0: cdpl_compat_worker.c:597: in cdplWorkerLogInfo(): info: [runOneAcquisitionAdaptive ND2D8 Cin__A2__lh__ACQ_1 job_478 ]
1520553439.361639: 17961-7f05c494dfa0: cdpl_worker.c:1208: in cdpl_wk_finalize(): info: finishing task T477
1520553439.377529: 17961-7f05bb360700: cdpl_worker.c:585: in cdpl_wk_listen(): debug: received ASSIGN message
1520553439.377623: 17961-7f05c494dfa0: cdpl_worker.c:1092: in cdpl_wk_wait_timeout(): info: starting task T493
1520553439.377650: 17961-7f05c494dfa0: cdpl_compat_worker.c:597: in cdplWorkerLogInfo(): info: [runOneAcquisitionAdaptive NR2D1 leakage_power__ACQ_1 job_494 ]
1520553442.466568: 17961-7f05c494dfa0: cdpl_worker.c:1208: in cdpl_wk_finalize(): info: finishing task T493
1520553442.466890: 17961-7f05bb360700: cdpl_worker.c:585: in cdpl_wk_listen(): debug: received ASSIGN message
1520553442.466926: 17961-7f05c494dfa0: cdpl_worker.c:1092: in cdpl_wk_wait_timeout(): info: starting task T501
1520553442.466949: 17961-7f05c494dfa0: cdpl_compat_worker.c:597: in cdplWorkerLogInfo(): info: [runOneAcquisitionAdaptive NR2D2 Cin__A2__hl__ACQ_1 job_502 ]
1520553445.663338: 17961-7f05c494dfa0: cdpl_worker.c:1208: in cdpl_wk_finalize(): info: finishing task T501
1520553445.663706: 17961-7f05bb360700: cdpl_worker.c:585: in cdpl_wk_listen(): debug: received ASSIGN message
1520553445.663741: 17961-7f05c494dfa0: cdpl_worker.c:1092: in cdpl_wk_wait_timeout(): info: starting task T512
1520553445.663760: 17961-7f05c494dfa0: cdpl_compat_worker.c:597: in cdplWorkerLogInfo(): info: [runOneAcquisitionAdaptive NR2D3 Cin__A1__lh__ACQ_1 job_513 ]
1520553450.305247: 17961-7f05c494dfa0: cdpl_worker.c:1208: in cdpl_wk_finalize(): info: finishing task T512
1520553450.305552: 17961-7f05bb360700: cdpl_worker.c:585: in cdpl_wk_listen(): debug: received ASSIGN message
1520553450.305585: 17961-7f05c494dfa0: cdpl_worker.c:1092: in cdpl_wk_wait_timeout(): info: starting task T531
1520553450.305607: 17961-7f05c494dfa0: cdpl_compat_worker.c:597: in cdplWorkerLogInfo(): info: [runOneAcquisitionAdaptive NR2D8 Cin__A2__hl__ACQ_1 job_532 ]
1520553453.639290: 17961-7f05c494dfa0: cdpl_worker.c:1208: in cdpl_wk_finalize(): info: finishing task T531
1520553453.639603: 17961-7f05bb360700: cdpl_worker.c:585: in cdpl_wk_listen(): debug: received ASSIGN message
1520553453.643983: 17961-7f05c494dfa0: cdpl_worker.c:1092: in cdpl_wk_wait_timeout(): info: starting task T544
1520553453.644007: 17961-7f05c494dfa0: cdpl_compat_worker.c:597: in cdplWorkerLogInfo(): info: [runOneAcquisitionAdaptive OR2D0 delay__A1__hl__Z__hl__ACQ_1 job_545 ]
1520553462.654898: 17961-7f05c494dfa0: cdpl_worker.c:1208: in cdpl_wk_finalize(): info: finishing task T544
1520553462.659136: 17961-7f05bb360700: cdpl_worker.c:585: in cdpl_wk_listen(): debug: received ASSIGN message
1520553462.659189: 17961-7f05c494dfa0: cdpl_worker.c:1092: in cdpl_wk_wait_timeout(): info: starting task T576
1520553462.659209: 17961-7f05c494dfa0: cdpl_compat_worker.c:597: in cdplWorkerLogInfo(): info: [runOneAcquisitionAdaptive OR2D4 leakage_power__ACQ_2 job_577 ]
1520553464.369131: 17961-7f05c494dfa0: cdpl_worker.c:1208: in cdpl_wk_finalize(): info: finishing task T576
1520553464.369325: 17961-7f05bb360700: cdpl_worker.c:585: in cdpl_wk_listen(): debug: received ASSIGN message
1520553464.369349: 17961-7f05c494dfa0: cdpl_worker.c:1092: in cdpl_wk_wait_timeout(): info: starting task T588
1520553464.369367: 17961-7f05c494dfa0: cdpl_compat_worker.c:597: in cdplWorkerLogInfo(): info: [runOneAcquisitionAdaptive OR2XD1 delay__A2__hl__Z__hl__ACQ_1 job_589 ]
1520553472.886612: 17961-7f05c494dfa0: cdpl_worker.c:1208: in cdpl_wk_finalize(): info: finishing task T588
1520553472.891142: 17961-7f05bb360700: cdpl_worker.c:585: in cdpl_wk_listen(): debug: received ASSIGN message
1520553472.891211: 17961-7f05c494dfa0: cdpl_worker.c:1092: in cdpl_wk_wait_timeout(): info: starting task T615
1520553472.891232: 17961-7f05c494dfa0: cdpl_compat_worker.c:597: in cdplWorkerLogInfo(): info: [runOneAcquisitionAdaptive XNR2D2 delay__A1__lh__ZN__hl__ACQ_1 job_616 ]
1520553485.937423: 17961-7f05c494dfa0: cdpl_worker.c:1208: in cdpl_wk_finalize(): info: finishing task T615
1520553485.941857: 17961-7f05bb360700: cdpl_worker.c:585: in cdpl_wk_listen(): debug: received ASSIGN message
1520553485.942017: 17961-7f05c494dfa0: cdpl_worker.c:1092: in cdpl_wk_wait_timeout(): info: starting task T644
1520553485.942051: 17961-7f05c494dfa0: cdpl_compat_worker.c:597: in cdplWorkerLogInfo(): info: [runOneAcquisitionAdaptive XOR2D1 leakage_power__ACQ_2 job_645 ]
1520553487.988503: 17961-7f05c494dfa0: cdpl_worker.c:1208: in cdpl_wk_finalize(): info: finishing task T644
1520553487.988830: 17961-7f05bb360700: cdpl_worker.c:585: in cdpl_wk_listen(): debug: received ASSIGN message
1520553487.988868: 17961-7f05c494dfa0: cdpl_worker.c:1092: in cdpl_wk_wait_timeout(): info: starting task T650
1520553487.988891: 17961-7f05c494dfa0: cdpl_compat_worker.c:597: in cdplWorkerLogInfo(): info: [runOneAcquisitionAdaptive XOR2D1 delay__A2__hl__Z__lh__ACQ_1 job_651 ]
1520553499.616977: 17961-7f05c494dfa0: cdpl_worker.c:1208: in cdpl_wk_finalize(): info: finishing task T650
1520553499.617633: 17961-7f05bb360700: cdpl_worker.c:585: in cdpl_wk_listen(): debug: received ASSIGN message
1520553499.617668: 17961-7f05c494dfa0: cdpl_worker.c:1092: in cdpl_wk_wait_timeout(): info: starting task T685
1520553499.617693: 17961-7f05c494dfa0: cdpl_compat_worker.c:597: in cdplWorkerLogInfo(): info: [runOneAcquisitionAdaptive BUFFD4 leakage_power__ACQ_1 job_686 ]
1520553501.857944: 17961-7f05c494dfa0: cdpl_worker.c:1208: in cdpl_wk_finalize(): info: finishing task T685
1520553501.858492: 17961-7f05bb360700: cdpl_worker.c:585: in cdpl_wk_listen(): debug: received ASSIGN message
1520553501.858532: 17961-7f05c494dfa0: cdpl_worker.c:1092: in cdpl_wk_wait_timeout(): info: starting task T691
1520553501.858562: 17961-7f05c494dfa0: cdpl_compat_worker.c:597: in cdplWorkerLogInfo(): info: [runOneAcquisitionAdaptive BUFFD6 delay__I__lh__Z__lh__ACQ_1 job_692 ]
1520553520.804516: 17961-7f05c494dfa0: cdpl_worker.c:1208: in cdpl_wk_finalize(): info: finishing task T691
1520553520.809073: 17961-7f05bb360700: cdpl_worker.c:585: in cdpl_wk_listen(): debug: received ASSIGN message
1520553520.809128: 17961-7f05c494dfa0: cdpl_worker.c:1092: in cdpl_wk_wait_timeout(): info: starting task T737
1520553520.809149: 17961-7f05c494dfa0: cdpl_compat_worker.c:597: in cdplWorkerLogInfo(): info: [runOneAcquisitionAdaptive INVD8 leakage_power__ACQ_1 job_738 ]
1520553522.356624: 17961-7f05c494dfa0: cdpl_worker.c:1208: in cdpl_wk_finalize(): info: finishing task T737
1520553546.208629: 17961-7f05bb360700: cdpl_worker.c:616: in cdpl_wk_listen(): debug: received RELAY message
1520553546.329067: 17961-7f05bb360700: cdpl_worker.c:585: in cdpl_wk_listen(): debug: received ASSIGN message
1520553546.329265: 17961-7f05c494dfa0: cdpl_worker.c:1092: in cdpl_wk_wait_timeout(): info: starting task T742
1520553546.573109: 17961-7f05c494dfa0: cdpl_compat_worker.c:597: in cdplWorkerLogInfo(): info: [modelOneCellAdaptive {DFCSNQD2 }]
1520553554.987665: 17961-7f05c494dfa0: cdpl_worker.c:1208: in cdpl_wk_finalize(): info: finishing task T742
1520553554.994012: 17961-7f05bb360700: cdpl_worker.c:585: in cdpl_wk_listen(): debug: received ASSIGN message
1520553554.994060: 17961-7f05c494dfa0: cdpl_worker.c:1092: in cdpl_wk_wait_timeout(): info: starting task T784
1520553554.994082: 17961-7f05c494dfa0: cdpl_compat_worker.c:597: in cdplWorkerLogInfo(): info: [modelOneCellAdaptive {XOR2D0 }]
1520553561.703440: 17961-7f05c494dfa0: cdpl_worker.c:1208: in cdpl_wk_finalize(): info: finishing task T784
1520553580.704622: 17961-7f05bb360700: cdpl_worker.c:616: in cdpl_wk_listen(): debug: received RELAY message
1520553580.743987: 17961-7f05bbd61700: cdpl_ipc.c:606: in _readv(): warning: read(): EOF
1520553580.744066: 17961-7f05bbd61700: cdpl_ipc.c:1462: in _epoll_recv(): debug: _readv(): Broken pipe
1520553580.744131: 17961-7f05bbd61700: cdpl_ipc.c:1683: in _epoll_main(): debug: _epoll_recv(): Broken pipe
1520553580.744166: 17961-7f05bbd61700: cdpl_ipc.c:1061: in _host_drop__UNSAFE(): debug: dropping host `128.54.67.147:38978'
1520553580.746240: 17961-7f05bb360700: cdpl_worker.c:561: in cdpl_wk_listen(): debug: received DROP notification
1520553580.746281: 17961-7f05bb360700: cdpl_worker.c:565: in cdpl_wk_listen(): debug: we were dropped by the server
1520553580.746304: 17961-7f05bb360700: cdpl_worker.c:492: in _wk_kill(): debug: killing worker
1520553580.746323: 17961-7f05bb360700: cdpl_ipc.c:2481: in cdpl_ipc_kill(): debug: stopping event server
1520553580.746379: 17961-7f05bb360700: cdpl_worker.c:542: in cdpl_wk_listen(): debug: leaving now
1520553580.746527: 17961-7f05c494dfa0: cdpl_compat_worker.c:597: in cdplWorkerLogInfo(): info: [Worker shutdown. Code: 3]
1520553580.747602: 17961-7f05bbd61700: cdpl_ipc.c:1720: in _epoll_main(): debug: server going down...
1520553580.870643: 17961-7f05c494dfa0: cdpl_worker.c:856: in _wk_shutdown(): debug: waiting for heartbeat thread
1520553580.870695: 17961-7f05ba95f700: cdpl_worker.c:709: in cdpl_wk_heartbeat(): info: stopping heartbeat
1520553580.870826: 17961-7f05c494dfa0: cdpl_ipc.c:1781: in cdpl_ipc_host_release(): debug: releasing host `128.54.67.147:38978'
1520553580.870902: 17961-7f05c494dfa0: cdpl_ipc.c:2532: in cdpl_ipc_free(): debug: releasing IPC handle
1520553580.870919: 17961-7f05c494dfa0: cdpl_ipc.c:986: in _host_free__UNSAFE(): debug: freeing host `128.54.67.147:38978'
1520553580.870935: 17961-7f05c494dfa0: cdpl_ipc.c:1028: in _host_free__UNSAFE(): debug: [0 outq, 0 spR, 0 spW]
1520553580.870984: 17961-7f05c494dfa0: cdpl_ipc.c:2571: in cdpl_ipc_free(): debug: done
1520553580.871002: 17961-7f05c494dfa0: cdpl_worker.c:912: in cdpl_wk_free(): info: freed
1520553580.871016: 17961-7f05c494dfa0: cdpl_log.c:359: in cdpl_log_close(): debug: @@end_of_log@@
