1520553141.736897: 18602-7efd3383cfa0: cdpl_log.c:221: in cdpl_log_open(): debug: @@start_of_log@@
1520553141.737014: 18602-7efd3383cfa0: cdpl_log.c:729: in cdpl_log_dump_sysinfo(): info: time: 2018/03/08 15:52:21 PST -0800
1520553141.737035: 18602-7efd3383cfa0: cdpl_log.c:731: in cdpl_log_dump_sysinfo(): info: version: L_2016.03_SP2_PROD_CDPL 
1520553141.737050: 18602-7efd3383cfa0: cdpl_log.c:736: in cdpl_log_dump_sysinfo(): info: system: Linux 2.6.32-696.18.7.el6.x86_64 #1 SMP Thu Jan 4 17:31:22 UTC 2018
1520553141.737064: 18602-7efd3383cfa0: cdpl_log.c:740: in cdpl_log_dump_sysinfo(): info: processor: x86_64 64-bits
1520553141.737078: 18602-7efd3383cfa0: cdpl_log.c:742: in cdpl_log_dump_sysinfo(): info: hostname: ieng6-ece-17.ucsd.edu
1520553141.737117: 18602-7efd3383cfa0: cdpl_log.c:223: in cdpl_log_open(): debug: path: /home/linux/ieng6/ee260b/shl237/lab6/run_siliconsmart/LIB_FF_1.1_-40_ALL/runtime/cdpl/worker.W24.ieng6-ece-17.ucsd.edu.18602.log
1520553141.737134: 18602-7efd3383cfa0: cdpl_log.c:224: in cdpl_log_open(): debug: dir: /home/linux/ieng6/ee260b/shl237/lab6/run_siliconsmart/LIB_FF_1.1_-40_ALL/runtime/cdpl
1520553141.737159: 18602-7efd3383cfa0: cdpl_worker.c:728: in cdpl_wk_new(): info: creating worker instance
1520553141.738158: 18602-7efd3383cfa0: cdpl_worker.c:925: in cdpl_wk_start(): debug: starting worker
1520553141.738190: 18602-7efd3383cfa0: cdpl_worker.c:276: in cdpl_wk_setup(): info: CDPL_SERVER is "128.54.67.147:38978"
1520553141.738208: 18602-7efd3383cfa0: cdpl_worker.c:299: in cdpl_wk_setup(): info: server 128.54.67.147, port 38978
1520553141.738224: 18602-7efd3383cfa0: cdpl_worker.c:319: in cdpl_wk_setup(): info: CDPL_ID is "24:1:1:1:769061682"
1520553141.738268: 18602-7efd3383cfa0: cdpl_worker.c:361: in cdpl_wk_setup(): info: we are W24-B1-J1-M1-S769061682
1520553141.738284: 18602-7efd3383cfa0: cdpl_worker.c:363: in cdpl_wk_setup(): info: we are on host ieng6-ece-17.ucsd.edu
1520553141.738297: 18602-7efd3383cfa0: cdpl_worker.c:372: in cdpl_wk_daemonize(): debug: will *not* daemonize
1520553141.738317: 18602-7efd3383cfa0: cdpl_ipc.c:2593: in cdpl_ipc_connect(): info: connecting to 128.54.67.147:38978
1520553141.738537: 18602-7efd3383cfa0: cdpl_ipc.c:2659: in cdpl_ipc_connect(): info: connected as `128.54.67.147:50610'
1520553141.738602: 18602-7efd3383cfa0: cdpl_ipc.c:1763: in cdpl_ipc_host_accept(): debug: accepted host `128.54.67.147:38978'
1520553141.738645: 18602-7efd3383cfa0: cdpl_ipc.c:2436: in cdpl_ipc_start(): debug: starting IPC server 128.54.67.147:40104
1520553141.739114: 18602-7efd3383cfa0: cdpl_compat_worker.c:148: in cdplStartWorker(): info: SNPSLMD_LICENSE_FILE is 1705@acms-flexlm-lnx4.ucsd.edu,1705@acms-flexlm-lnx5.ucsd.edu,1705@acms-flexlm-lnx6.ucsd.edu
1520553141.739180: 18602-7efd2a24f700: cdpl_worker.c:528: in cdpl_wk_listen(): debug: ready
1520553141.739513: 18602-7efd2984e700: cdpl_worker.c:656: in cdpl_wk_heartbeat(): debug: starting heartbeat
1520553141.739557: 18602-7efd2984e700: cdpl_worker.c:665: in cdpl_wk_heartbeat(): info: setting heartbeat period to 60 sec
1520553141.739574: 18602-7efd3383cfa0: cdpl_compat_worker.c:597: in cdplWorkerLogInfo(): info: [Maximum lifespan of worker is set to 1200m]
1520553141.739636: 18602-7efd2984e700: cdpl_worker.c:673: in cdpl_wk_heartbeat(): info: first heartbeat in 1 sec
1520553141.739765: 18602-7efd3383cfa0: cdpl_compat_worker.c:597: in cdplWorkerLogInfo(): info: [Peak virtual memory is set to 128GB]
1520553201.722623: 18602-7efd2a24f700: cdpl_worker.c:616: in cdpl_wk_listen(): debug: received RELAY message
1520553201.992125: 18602-7efd2a24f700: cdpl_worker.c:616: in cdpl_wk_listen(): debug: received RELAY message
1520553209.472113: 18602-7efd2a24f700: cdpl_worker.c:585: in cdpl_wk_listen(): debug: received ASSIGN message
1520553209.472669: 18602-7efd3383cfa0: cdpl_worker.c:1092: in cdpl_wk_wait_timeout(): info: starting task T90
1520553217.990744: 18602-7efd3383cfa0: cdpl_compat_worker.c:597: in cdplWorkerLogInfo(): info: [runOneAcquisitionAdaptive DFCSNQD1 combined_setup_hold__D__hl__CP__lh__ACQ_1 job_91 ]
1520553359.298535: 18602-7efd3383cfa0: cdpl_worker.c:1208: in cdpl_wk_finalize(): info: finishing task T90
1520553359.299994: 18602-7efd2a24f700: cdpl_worker.c:585: in cdpl_wk_listen(): debug: received ASSIGN message
1520553359.300017: 18602-7efd3383cfa0: cdpl_worker.c:1092: in cdpl_wk_wait_timeout(): info: starting task T220
1520553359.300033: 18602-7efd3383cfa0: cdpl_compat_worker.c:597: in cdplWorkerLogInfo(): info: [runOneAcquisitionAdaptive AOI21D2 Cin__A2__lh__ACQ_1 job_221 ]
1520553361.725035: 18602-7efd3383cfa0: cdpl_worker.c:1208: in cdpl_wk_finalize(): info: finishing task T220
1520553361.725236: 18602-7efd2a24f700: cdpl_worker.c:585: in cdpl_wk_listen(): debug: received ASSIGN message
1520553361.730865: 18602-7efd3383cfa0: cdpl_worker.c:1092: in cdpl_wk_wait_timeout(): info: starting task T227
1520553361.730892: 18602-7efd3383cfa0: cdpl_compat_worker.c:597: in cdplWorkerLogInfo(): info: [runOneAcquisitionAdaptive AOI21D4 Cin__A2__hl__ACQ_1 job_228 ]
1520553365.103099: 18602-7efd3383cfa0: cdpl_worker.c:1208: in cdpl_wk_finalize(): info: finishing task T227
1520553365.103433: 18602-7efd2a24f700: cdpl_worker.c:585: in cdpl_wk_listen(): debug: received ASSIGN message
1520553365.107737: 18602-7efd3383cfa0: cdpl_worker.c:1092: in cdpl_wk_wait_timeout(): info: starting task T240
1520553365.107757: 18602-7efd3383cfa0: cdpl_compat_worker.c:597: in cdplWorkerLogInfo(): info: [runOneAcquisitionAdaptive AOI21D4 delay__B__hl__ZN__lh__ACQ_1 job_241 ]
1520553379.972873: 18602-7efd3383cfa0: cdpl_worker.c:1208: in cdpl_wk_finalize(): info: finishing task T240
1520553379.975124: 18602-7efd2a24f700: cdpl_worker.c:585: in cdpl_wk_listen(): debug: received ASSIGN message
1520553379.975172: 18602-7efd3383cfa0: cdpl_worker.c:1092: in cdpl_wk_wait_timeout(): info: starting task T271
1520553379.975189: 18602-7efd3383cfa0: cdpl_compat_worker.c:597: in cdplWorkerLogInfo(): info: [runOneAcquisitionAdaptive MUX2D1 Cin__I0__lh__ACQ_1 job_272 ]
1520553382.672370: 18602-7efd3383cfa0: cdpl_worker.c:1208: in cdpl_wk_finalize(): info: finishing task T271
1520553382.672688: 18602-7efd2a24f700: cdpl_worker.c:585: in cdpl_wk_listen(): debug: received ASSIGN message
1520553382.676796: 18602-7efd3383cfa0: cdpl_worker.c:1092: in cdpl_wk_wait_timeout(): info: starting task T282
1520553382.676818: 18602-7efd3383cfa0: cdpl_compat_worker.c:597: in cdplWorkerLogInfo(): info: [runOneAcquisitionAdaptive MUX2D2 Cin__I0__hl__ACQ_1 job_283 ]
1520553385.561400: 18602-7efd3383cfa0: cdpl_worker.c:1208: in cdpl_wk_finalize(): info: finishing task T282
1520553385.561601: 18602-7efd2a24f700: cdpl_worker.c:585: in cdpl_wk_listen(): debug: received ASSIGN message
1520553385.565862: 18602-7efd3383cfa0: cdpl_worker.c:1092: in cdpl_wk_wait_timeout(): info: starting task T291
1520553385.565886: 18602-7efd3383cfa0: cdpl_compat_worker.c:597: in cdplWorkerLogInfo(): info: [runOneAcquisitionAdaptive MUX2D4 delay__S__lh__Z__lh__ACQ_1 job_292 ]
1520553401.212918: 18602-7efd3383cfa0: cdpl_worker.c:1208: in cdpl_wk_finalize(): info: finishing task T291
1520553401.755421: 18602-7efd2a24f700: cdpl_worker.c:585: in cdpl_wk_listen(): debug: received ASSIGN message
1520553401.755449: 18602-7efd3383cfa0: cdpl_worker.c:1092: in cdpl_wk_wait_timeout(): info: starting task T341
1520553401.755464: 18602-7efd3383cfa0: cdpl_compat_worker.c:597: in cdplWorkerLogInfo(): info: [runOneAcquisitionAdaptive OAI21D2 Cin__A1__hl__ACQ_1 job_342 ]
1520553403.894688: 18602-7efd3383cfa0: cdpl_worker.c:1208: in cdpl_wk_finalize(): info: finishing task T341
1520553403.899079: 18602-7efd2a24f700: cdpl_worker.c:585: in cdpl_wk_listen(): debug: received ASSIGN message
1520553403.899104: 18602-7efd3383cfa0: cdpl_worker.c:1092: in cdpl_wk_wait_timeout(): info: starting task T356
1520553403.899121: 18602-7efd3383cfa0: cdpl_compat_worker.c:597: in cdplWorkerLogInfo(): info: [runOneAcquisitionAdaptive OAI21D4 delay__A2__lh__ZN__hl__ACQ_1 job_357 ]
1520553419.409096: 18602-7efd3383cfa0: cdpl_worker.c:1208: in cdpl_wk_finalize(): info: finishing task T356
1520553419.409514: 18602-7efd2a24f700: cdpl_worker.c:585: in cdpl_wk_listen(): debug: received ASSIGN message
1520553419.409597: 18602-7efd3383cfa0: cdpl_worker.c:1092: in cdpl_wk_wait_timeout(): info: starting task T417
1520553419.409612: 18602-7efd3383cfa0: cdpl_compat_worker.c:597: in cdplWorkerLogInfo(): info: [runOneAcquisitionAdaptive AN2XD1 delay__A2__lh__Z__lh__ACQ_1 job_418 ]
1520553427.142560: 18602-7efd3383cfa0: cdpl_worker.c:1208: in cdpl_wk_finalize(): info: finishing task T417
1520553427.152660: 18602-7efd2a24f700: cdpl_worker.c:585: in cdpl_wk_listen(): debug: received ASSIGN message
1520553427.152687: 18602-7efd3383cfa0: cdpl_worker.c:1092: in cdpl_wk_wait_timeout(): info: starting task T452
1520553427.152702: 18602-7efd3383cfa0: cdpl_compat_worker.c:597: in cdplWorkerLogInfo(): info: [runOneAcquisitionAdaptive ND2D3 Cin__A1__lh__ACQ_1 job_453 ]
1520553429.366937: 18602-7efd3383cfa0: cdpl_worker.c:1208: in cdpl_wk_finalize(): info: finishing task T452
1520553429.367218: 18602-7efd2a24f700: cdpl_worker.c:585: in cdpl_wk_listen(): debug: received ASSIGN message
1520553429.367249: 18602-7efd3383cfa0: cdpl_worker.c:1092: in cdpl_wk_wait_timeout(): info: starting task T467
1520553429.367269: 18602-7efd3383cfa0: cdpl_compat_worker.c:597: in cdplWorkerLogInfo(): info: [runOneAcquisitionAdaptive ND2D4 Cin__A2__lh__ACQ_1 job_468 ]
1520553433.483161: 18602-7efd3383cfa0: cdpl_worker.c:1208: in cdpl_wk_finalize(): info: finishing task T467
1520553433.483567: 18602-7efd2a24f700: cdpl_worker.c:585: in cdpl_wk_listen(): debug: received ASSIGN message
1520553433.483648: 18602-7efd3383cfa0: cdpl_worker.c:1092: in cdpl_wk_wait_timeout(): info: starting task T473
1520553433.483663: 18602-7efd3383cfa0: cdpl_compat_worker.c:597: in cdplWorkerLogInfo(): info: [runOneAcquisitionAdaptive ND2D8 leakage_power__ACQ_1 job_474 ]
1520553435.818437: 18602-7efd3383cfa0: cdpl_worker.c:1208: in cdpl_wk_finalize(): info: finishing task T473
1520553435.818731: 18602-7efd2a24f700: cdpl_worker.c:585: in cdpl_wk_listen(): debug: received ASSIGN message
1520553435.818762: 18602-7efd3383cfa0: cdpl_worker.c:1092: in cdpl_wk_wait_timeout(): info: starting task T476
1520553435.818782: 18602-7efd3383cfa0: cdpl_compat_worker.c:597: in cdplWorkerLogInfo(): info: [runOneAcquisitionAdaptive ND2D8 leakage_power__ACQ_4 job_477 ]
1520553440.168709: 18602-7efd3383cfa0: cdpl_worker.c:1208: in cdpl_wk_finalize(): info: finishing task T476
1520553440.169161: 18602-7efd2a24f700: cdpl_worker.c:585: in cdpl_wk_listen(): debug: received ASSIGN message
1520553440.169212: 18602-7efd3383cfa0: cdpl_worker.c:1092: in cdpl_wk_wait_timeout(): info: starting task T498
1520553440.169228: 18602-7efd3383cfa0: cdpl_compat_worker.c:597: in cdplWorkerLogInfo(): info: [runOneAcquisitionAdaptive NR2D1 Cin__A1__hl__ACQ_1 job_499 ]
1520553443.705603: 18602-7efd3383cfa0: cdpl_worker.c:1208: in cdpl_wk_finalize(): info: finishing task T498
1520553443.710302: 18602-7efd2a24f700: cdpl_worker.c:585: in cdpl_wk_listen(): debug: received ASSIGN message
1520553443.710336: 18602-7efd3383cfa0: cdpl_worker.c:1092: in cdpl_wk_wait_timeout(): info: starting task T508
1520553443.710356: 18602-7efd3383cfa0: cdpl_compat_worker.c:597: in cdplWorkerLogInfo(): info: [runOneAcquisitionAdaptive NR2D2 Cin__A1__hl__ACQ_1 job_509 ]
1520553448.677391: 18602-7efd3383cfa0: cdpl_worker.c:1208: in cdpl_wk_finalize(): info: finishing task T508
1520553448.677850: 18602-7efd2a24f700: cdpl_worker.c:585: in cdpl_wk_listen(): debug: received ASSIGN message
1520553448.677900: 18602-7efd3383cfa0: cdpl_worker.c:1092: in cdpl_wk_wait_timeout(): info: starting task T521
1520553448.677929: 18602-7efd3383cfa0: cdpl_compat_worker.c:597: in cdplWorkerLogInfo(): info: [runOneAcquisitionAdaptive NR2D4 Cin__A2__hl__ACQ_1 job_522 ]
1520553451.517774: 18602-7efd3383cfa0: cdpl_worker.c:1208: in cdpl_wk_finalize(): info: finishing task T521
1520553451.517829: 18602-7efd2a24f700: cdpl_worker.c:585: in cdpl_wk_listen(): debug: received ASSIGN message
1520553451.517872: 18602-7efd3383cfa0: cdpl_worker.c:1092: in cdpl_wk_wait_timeout(): info: starting task T535
1520553451.517886: 18602-7efd3383cfa0: cdpl_compat_worker.c:597: in cdplWorkerLogInfo(): info: [runOneAcquisitionAdaptive NR2D8 delay__A1__lh__ZN__hl__ACQ_1 job_536 ]
1520553468.346787: 18602-7efd3383cfa0: cdpl_worker.c:1208: in cdpl_wk_finalize(): info: finishing task T535
1520553468.349475: 18602-7efd2a24f700: cdpl_worker.c:585: in cdpl_wk_listen(): debug: received ASSIGN message
1520553468.349559: 18602-7efd3383cfa0: cdpl_worker.c:1092: in cdpl_wk_wait_timeout(): info: starting task T603
1520553468.349573: 18602-7efd3383cfa0: cdpl_compat_worker.c:597: in cdplWorkerLogInfo(): info: [runOneAcquisitionAdaptive XNR2D1 leakage_power__ACQ_1 job_604 ]
1520553470.276060: 18602-7efd3383cfa0: cdpl_worker.c:1208: in cdpl_wk_finalize(): info: finishing task T603
1520553470.276253: 18602-7efd2a24f700: cdpl_worker.c:585: in cdpl_wk_listen(): debug: received ASSIGN message
1520553470.276284: 18602-7efd3383cfa0: cdpl_worker.c:1092: in cdpl_wk_wait_timeout(): info: starting task T608
1520553470.276299: 18602-7efd3383cfa0: cdpl_compat_worker.c:597: in cdplWorkerLogInfo(): info: [runOneAcquisitionAdaptive XNR2D1 delay__A2__hl__ZN__lh__ACQ_1 job_609 ]
1520553482.957518: 18602-7efd3383cfa0: cdpl_worker.c:1208: in cdpl_wk_finalize(): info: finishing task T608
1520553482.958464: 18602-7efd2a24f700: cdpl_worker.c:585: in cdpl_wk_listen(): debug: received ASSIGN message
1520553482.963051: 18602-7efd3383cfa0: cdpl_worker.c:1092: in cdpl_wk_wait_timeout(): info: starting task T639
1520553482.963076: 18602-7efd3383cfa0: cdpl_compat_worker.c:597: in cdplWorkerLogInfo(): info: [runOneAcquisitionAdaptive XOR2D0 delay__A2__lh__Z__hl__ACQ_1 job_640 ]
1520553494.322742: 18602-7efd3383cfa0: cdpl_worker.c:1208: in cdpl_wk_finalize(): info: finishing task T639
1520553494.327128: 18602-7efd2a24f700: cdpl_worker.c:585: in cdpl_wk_listen(): debug: received ASSIGN message
1520553494.327214: 18602-7efd3383cfa0: cdpl_worker.c:1092: in cdpl_wk_wait_timeout(): info: starting task T662
1520553494.327230: 18602-7efd3383cfa0: cdpl_compat_worker.c:597: in cdplWorkerLogInfo(): info: [runOneAcquisitionAdaptive BUFFD0 leakage_power__ACQ_2 job_663 ]
1520553495.836531: 18602-7efd3383cfa0: cdpl_worker.c:1208: in cdpl_wk_finalize(): info: finishing task T662
1520553495.836751: 18602-7efd2a24f700: cdpl_worker.c:585: in cdpl_wk_listen(): debug: received ASSIGN message
1520553495.840994: 18602-7efd3383cfa0: cdpl_worker.c:1092: in cdpl_wk_wait_timeout(): info: starting task T668
1520553495.841022: 18602-7efd3383cfa0: cdpl_compat_worker.c:597: in cdplWorkerLogInfo(): info: [runOneAcquisitionAdaptive BUFFD1 delay__I__hl__Z__hl__ACQ_1 job_669 ]
1520553503.758399: 18602-7efd3383cfa0: cdpl_worker.c:1208: in cdpl_wk_finalize(): info: finishing task T668
1520553503.758818: 18602-7efd2a24f700: cdpl_worker.c:585: in cdpl_wk_listen(): debug: received ASSIGN message
1520553503.758873: 18602-7efd3383cfa0: cdpl_worker.c:1092: in cdpl_wk_wait_timeout(): info: starting task T699
1520553503.758890: 18602-7efd3383cfa0: cdpl_compat_worker.c:597: in cdplWorkerLogInfo(): info: [runOneAcquisitionAdaptive INVD0 delay__I__lh__ZN__hl__ACQ_1 job_700 ]
1520553514.715532: 18602-7efd3383cfa0: cdpl_worker.c:1208: in cdpl_wk_finalize(): info: finishing task T699
1520553514.716110: 18602-7efd2a24f700: cdpl_worker.c:585: in cdpl_wk_listen(): debug: received ASSIGN message
1520553514.719591: 18602-7efd3383cfa0: cdpl_worker.c:1092: in cdpl_wk_wait_timeout(): info: starting task T717
1520553514.719612: 18602-7efd3383cfa0: cdpl_compat_worker.c:597: in cdplWorkerLogInfo(): info: [runOneAcquisitionAdaptive INVD20 leakage_power__ACQ_1 job_718 ]
1520553516.473679: 18602-7efd3383cfa0: cdpl_worker.c:1208: in cdpl_wk_finalize(): info: finishing task T717
1520553516.473994: 18602-7efd2a24f700: cdpl_worker.c:585: in cdpl_wk_listen(): debug: received ASSIGN message
1520553516.474025: 18602-7efd3383cfa0: cdpl_worker.c:1092: in cdpl_wk_wait_timeout(): info: starting task T725
1520553516.474049: 18602-7efd3383cfa0: cdpl_compat_worker.c:597: in cdplWorkerLogInfo(): info: [runOneAcquisitionAdaptive INVD3 leakage_power__ACQ_1 job_726 ]
1520553519.141553: 18602-7efd3383cfa0: cdpl_worker.c:1208: in cdpl_wk_finalize(): info: finishing task T725
1520553519.142327: 18602-7efd2a24f700: cdpl_worker.c:585: in cdpl_wk_listen(): debug: received ASSIGN message
1520553519.146137: 18602-7efd3383cfa0: cdpl_worker.c:1092: in cdpl_wk_wait_timeout(): info: starting task T732
1520553519.146184: 18602-7efd3383cfa0: cdpl_compat_worker.c:597: in cdplWorkerLogInfo(): info: [runOneAcquisitionAdaptive INVD4 delay__I__hl__ZN__lh__ACQ_1 job_733 ]
1520553525.164082: 18602-7efd3383cfa0: cdpl_worker.c:1208: in cdpl_wk_finalize(): info: finishing task T732
1520553546.210698: 18602-7efd2a24f700: cdpl_worker.c:616: in cdpl_wk_listen(): debug: received RELAY message
1520553547.194173: 18602-7efd2a24f700: cdpl_worker.c:585: in cdpl_wk_listen(): debug: received ASSIGN message
1520553547.194252: 18602-7efd3383cfa0: cdpl_worker.c:1092: in cdpl_wk_wait_timeout(): info: starting task T750
1520553547.674469: 18602-7efd3383cfa0: cdpl_compat_worker.c:597: in cdplWorkerLogInfo(): info: [modelOneCellAdaptive {MUX2D1 }]
1520553553.891382: 18602-7efd3383cfa0: cdpl_worker.c:1208: in cdpl_wk_finalize(): info: finishing task T750
1520553553.900938: 18602-7efd2a24f700: cdpl_worker.c:585: in cdpl_wk_listen(): debug: received ASSIGN message
1520553553.900991: 18602-7efd3383cfa0: cdpl_worker.c:1092: in cdpl_wk_wait_timeout(): info: starting task T773
1520553553.901018: 18602-7efd3383cfa0: cdpl_compat_worker.c:597: in cdplWorkerLogInfo(): info: [modelOneCellAdaptive {NR2D4 }]
1520553559.429906: 18602-7efd3383cfa0: cdpl_worker.c:1208: in cdpl_wk_finalize(): info: finishing task T773
1520553559.430331: 18602-7efd2a24f700: cdpl_worker.c:585: in cdpl_wk_listen(): debug: received ASSIGN message
1520553559.430381: 18602-7efd3383cfa0: cdpl_worker.c:1092: in cdpl_wk_wait_timeout(): info: starting task T796
1520553559.430398: 18602-7efd3383cfa0: cdpl_compat_worker.c:597: in cdplWorkerLogInfo(): info: [modelOneCellAdaptive {INVD0 }]
1520553563.017526: 18602-7efd3383cfa0: cdpl_worker.c:1208: in cdpl_wk_finalize(): info: finishing task T796
1520553580.706205: 18602-7efd2a24f700: cdpl_worker.c:616: in cdpl_wk_listen(): debug: received RELAY message
1520553580.746034: 18602-7efd2ac50700: cdpl_ipc.c:606: in _readv(): warning: read(): EOF
1520553580.746090: 18602-7efd2ac50700: cdpl_ipc.c:1462: in _epoll_recv(): debug: _readv(): Broken pipe
1520553580.746109: 18602-7efd2ac50700: cdpl_ipc.c:1683: in _epoll_main(): debug: _epoll_recv(): Broken pipe
1520553580.746134: 18602-7efd2ac50700: cdpl_ipc.c:1061: in _host_drop__UNSAFE(): debug: dropping host `128.54.67.147:38978'
1520553580.746248: 18602-7efd2a24f700: cdpl_worker.c:561: in cdpl_wk_listen(): debug: received DROP notification
1520553580.746268: 18602-7efd2a24f700: cdpl_worker.c:565: in cdpl_wk_listen(): debug: we were dropped by the server
1520553580.746283: 18602-7efd2a24f700: cdpl_worker.c:492: in _wk_kill(): debug: killing worker
1520553580.746296: 18602-7efd2a24f700: cdpl_ipc.c:2481: in cdpl_ipc_kill(): debug: stopping event server
1520553580.746335: 18602-7efd2a24f700: cdpl_worker.c:542: in cdpl_wk_listen(): debug: leaving now
1520553580.746503: 18602-7efd3383cfa0: cdpl_compat_worker.c:597: in cdplWorkerLogInfo(): info: [Worker shutdown. Code: 3]
1520553580.747286: 18602-7efd2ac50700: cdpl_ipc.c:1720: in _epoll_main(): debug: server going down...
1520553580.860431: 18602-7efd3383cfa0: cdpl_worker.c:856: in _wk_shutdown(): debug: waiting for heartbeat thread
1520553580.860615: 18602-7efd2984e700: cdpl_worker.c:709: in cdpl_wk_heartbeat(): info: stopping heartbeat
1520553580.860813: 18602-7efd3383cfa0: cdpl_ipc.c:1781: in cdpl_ipc_host_release(): debug: releasing host `128.54.67.147:38978'
1520553580.860894: 18602-7efd3383cfa0: cdpl_ipc.c:2532: in cdpl_ipc_free(): debug: releasing IPC handle
1520553580.860929: 18602-7efd3383cfa0: cdpl_ipc.c:986: in _host_free__UNSAFE(): debug: freeing host `128.54.67.147:38978'
1520553580.860954: 18602-7efd3383cfa0: cdpl_ipc.c:1028: in _host_free__UNSAFE(): debug: [0 outq, 0 spR, 0 spW]
1520553580.861020: 18602-7efd3383cfa0: cdpl_ipc.c:2571: in cdpl_ipc_free(): debug: done
1520553580.861050: 18602-7efd3383cfa0: cdpl_worker.c:912: in cdpl_wk_free(): info: freed
1520553580.861082: 18602-7efd3383cfa0: cdpl_log.c:359: in cdpl_log_close(): debug: @@end_of_log@@
