1520553079.473032: 17883-7fded5564fa0: cdpl_log.c:221: in cdpl_log_open(): debug: @@start_of_log@@
1520553079.473105: 17883-7fded5564fa0: cdpl_log.c:729: in cdpl_log_dump_sysinfo(): info: time: 2018/03/08 15:51:19 PST -0800
1520553079.473119: 17883-7fded5564fa0: cdpl_log.c:731: in cdpl_log_dump_sysinfo(): info: version: L_2016.03_SP2_PROD_CDPL 
1520553079.473130: 17883-7fded5564fa0: cdpl_log.c:736: in cdpl_log_dump_sysinfo(): info: system: Linux 2.6.32-696.18.7.el6.x86_64 #1 SMP Thu Jan 4 17:31:22 UTC 2018
1520553079.473141: 17883-7fded5564fa0: cdpl_log.c:740: in cdpl_log_dump_sysinfo(): info: processor: x86_64 64-bits
1520553079.473151: 17883-7fded5564fa0: cdpl_log.c:742: in cdpl_log_dump_sysinfo(): info: hostname: ieng6-ece-17.ucsd.edu
1520553079.473162: 17883-7fded5564fa0: cdpl_log.c:223: in cdpl_log_open(): debug: path: /home/linux/ieng6/ee260b/shl237/lab6/run_siliconsmart/LIB_FF_1.1_-40_ALL/runtime/cdpl/worker.W5.ieng6-ece-17.ucsd.edu.17883.log
1520553079.473173: 17883-7fded5564fa0: cdpl_log.c:224: in cdpl_log_open(): debug: dir: /home/linux/ieng6/ee260b/shl237/lab6/run_siliconsmart/LIB_FF_1.1_-40_ALL/runtime/cdpl
1520553079.473193: 17883-7fded5564fa0: cdpl_worker.c:728: in cdpl_wk_new(): info: creating worker instance
1520553079.474176: 17883-7fded5564fa0: cdpl_worker.c:925: in cdpl_wk_start(): debug: starting worker
1520553079.474195: 17883-7fded5564fa0: cdpl_worker.c:276: in cdpl_wk_setup(): info: CDPL_SERVER is "128.54.67.147:38978"
1520553079.474207: 17883-7fded5564fa0: cdpl_worker.c:299: in cdpl_wk_setup(): info: server 128.54.67.147, port 38978
1520553079.474219: 17883-7fded5564fa0: cdpl_worker.c:319: in cdpl_wk_setup(): info: CDPL_ID is "5:1:1:1:769061682"
1520553079.474249: 17883-7fded5564fa0: cdpl_worker.c:361: in cdpl_wk_setup(): info: we are W5-B1-J1-M1-S769061682
1520553079.474261: 17883-7fded5564fa0: cdpl_worker.c:363: in cdpl_wk_setup(): info: we are on host ieng6-ece-17.ucsd.edu
1520553079.474270: 17883-7fded5564fa0: cdpl_worker.c:372: in cdpl_wk_daemonize(): debug: will *not* daemonize
1520553079.474285: 17883-7fded5564fa0: cdpl_ipc.c:2593: in cdpl_ipc_connect(): info: connecting to 128.54.67.147:38978
1520553079.474436: 17883-7fded5564fa0: cdpl_ipc.c:2659: in cdpl_ipc_connect(): info: connected as `128.54.67.147:50568'
1520553079.474483: 17883-7fded5564fa0: cdpl_ipc.c:1763: in cdpl_ipc_host_accept(): debug: accepted host `128.54.67.147:38978'
1520553079.474517: 17883-7fded5564fa0: cdpl_ipc.c:2436: in cdpl_ipc_start(): debug: starting IPC server 128.54.67.147:33945
1520553079.474722: 17883-7fded5564fa0: cdpl_compat_worker.c:148: in cdplStartWorker(): info: SNPSLMD_LICENSE_FILE is 1705@acms-flexlm-lnx4.ucsd.edu,1705@acms-flexlm-lnx5.ucsd.edu,1705@acms-flexlm-lnx6.ucsd.edu
1520553079.474876: 17883-7fded5564fa0: cdpl_compat_worker.c:597: in cdplWorkerLogInfo(): info: [Maximum lifespan of worker is set to 1200m]
1520553079.474988: 17883-7fded5564fa0: cdpl_compat_worker.c:597: in cdplWorkerLogInfo(): info: [Peak virtual memory is set to 128GB]
1520553079.482422: 17883-7fdecbf77700: cdpl_worker.c:528: in cdpl_wk_listen(): debug: ready
1520553079.489676: 17883-7fdecbf77700: cdpl_worker.c:585: in cdpl_wk_listen(): debug: received ASSIGN message
1520553079.489713: 17883-7fded5564fa0: cdpl_worker.c:1092: in cdpl_wk_wait_timeout(): info: starting task T6
1520553079.489741: 17883-7fded5564fa0: cdpl_compat_worker.c:597: in cdplWorkerLogInfo(): info: [configOneCellAdaptive { AOI21D0 }]
1520553079.501907: 17883-7fdecb576700: cdpl_worker.c:656: in cdpl_wk_heartbeat(): debug: starting heartbeat
1520553079.501935: 17883-7fdecb576700: cdpl_worker.c:665: in cdpl_wk_heartbeat(): info: setting heartbeat period to 60 sec
1520553079.501945: 17883-7fdecb576700: cdpl_worker.c:673: in cdpl_wk_heartbeat(): info: first heartbeat in 1 sec
1520553094.542746: 17883-7fded5564fa0: cdpl_worker.c:1208: in cdpl_wk_finalize(): info: finishing task T6
1520553095.604002: 17883-7fdecbf77700: cdpl_worker.c:585: in cdpl_wk_listen(): debug: received ASSIGN message
1520553095.604078: 17883-7fded5564fa0: cdpl_worker.c:1092: in cdpl_wk_wait_timeout(): info: starting task T28
1520553095.604119: 17883-7fded5564fa0: cdpl_compat_worker.c:597: in cdplWorkerLogInfo(): info: [configOneCellAdaptive { INVD24 }]
1520553104.061383: 17883-7fded5564fa0: cdpl_worker.c:1208: in cdpl_wk_finalize(): info: finishing task T28
1520553104.605321: 17883-7fdecbf77700: cdpl_worker.c:585: in cdpl_wk_listen(): debug: received ASSIGN message
1520553104.605365: 17883-7fded5564fa0: cdpl_worker.c:1092: in cdpl_wk_wait_timeout(): info: starting task T37
1520553104.605395: 17883-7fded5564fa0: cdpl_compat_worker.c:597: in cdplWorkerLogInfo(): info: [configOneCellAdaptive { MUX2D4 }]
1520553134.300707: 17883-7fded5564fa0: cdpl_worker.c:1208: in cdpl_wk_finalize(): info: finishing task T37
1520553201.721411: 17883-7fdecbf77700: cdpl_worker.c:616: in cdpl_wk_listen(): debug: received RELAY message
1520553201.990175: 17883-7fdecbf77700: cdpl_worker.c:616: in cdpl_wk_listen(): debug: received RELAY message
1520553202.302331: 17883-7fdecbf77700: cdpl_worker.c:585: in cdpl_wk_listen(): debug: received ASSIGN message
1520553202.302395: 17883-7fded5564fa0: cdpl_worker.c:1092: in cdpl_wk_wait_timeout(): info: starting task T69
1520553203.393673: 17883-7fded5564fa0: cdpl_compat_worker.c:597: in cdplWorkerLogInfo(): info: [runOneAcquisitionAdaptive DFCSNQD1 delay__CDN__hl__Q__hl__ACQ_1 job_70 ]
1520553262.261511: 17883-7fded5564fa0: cdpl_worker.c:1208: in cdpl_wk_finalize(): info: finishing task T69
1520553262.261942: 17883-7fdecbf77700: cdpl_worker.c:585: in cdpl_wk_listen(): debug: received ASSIGN message
1520553262.262010: 17883-7fded5564fa0: cdpl_worker.c:1092: in cdpl_wk_wait_timeout(): info: starting task T112
1520553262.262028: 17883-7fded5564fa0: cdpl_compat_worker.c:597: in cdplWorkerLogInfo(): info: [runOneAcquisitionAdaptive DFCSNQD2 asynch_recover__CDN__lh__SDN__lh__ACQ_1 job_113 ]
1520553308.738936: 17883-7fded5564fa0: cdpl_worker.c:1208: in cdpl_wk_finalize(): info: finishing task T112
1520553308.739389: 17883-7fdecbf77700: cdpl_worker.c:585: in cdpl_wk_listen(): debug: received ASSIGN message
1520553308.739465: 17883-7fded5564fa0: cdpl_worker.c:1092: in cdpl_wk_wait_timeout(): info: starting task T158
1520553308.739489: 17883-7fded5564fa0: cdpl_compat_worker.c:597: in cdplWorkerLogInfo(): info: [runOneAcquisitionAdaptive DFCSNQD4 combined_setup_hold__D__hl__CP__lh__ACQ_1 job_159 ]
1520553419.669098: 17883-7fded5564fa0: cdpl_worker.c:1208: in cdpl_wk_finalize(): info: finishing task T158
1520553419.669533: 17883-7fdecbf77700: cdpl_worker.c:585: in cdpl_wk_listen(): debug: received ASSIGN message
1520553419.669592: 17883-7fded5564fa0: cdpl_worker.c:1092: in cdpl_wk_wait_timeout(): info: starting task T418
1520553419.669608: 17883-7fded5564fa0: cdpl_compat_worker.c:597: in cdplWorkerLogInfo(): info: [runOneAcquisitionAdaptive AN2XD1 delay__A2__hl__Z__hl__ACQ_1 job_419 ]
1520553427.482221: 17883-7fded5564fa0: cdpl_worker.c:1208: in cdpl_wk_finalize(): info: finishing task T418
1520553427.487077: 17883-7fdecbf77700: cdpl_worker.c:585: in cdpl_wk_listen(): debug: received ASSIGN message
1520553427.487128: 17883-7fded5564fa0: cdpl_worker.c:1092: in cdpl_wk_wait_timeout(): info: starting task T455
1520553427.487144: 17883-7fded5564fa0: cdpl_compat_worker.c:597: in cdplWorkerLogInfo(): info: [runOneAcquisitionAdaptive ND2D3 delay__A1__hl__ZN__lh__ACQ_1 job_456 ]
1520553437.631677: 17883-7fded5564fa0: cdpl_worker.c:1208: in cdpl_wk_finalize(): info: finishing task T455
1520553437.632151: 17883-7fdecbf77700: cdpl_worker.c:585: in cdpl_wk_listen(): debug: received ASSIGN message
1520553437.632174: 17883-7fded5564fa0: cdpl_worker.c:1092: in cdpl_wk_wait_timeout(): info: starting task T485
1520553437.632189: 17883-7fded5564fa0: cdpl_compat_worker.c:597: in cdplWorkerLogInfo(): info: [runOneAcquisitionAdaptive NR2D0 delay__A1__lh__ZN__hl__ACQ_1 job_486 ]
1520553445.367480: 17883-7fded5564fa0: cdpl_worker.c:1208: in cdpl_wk_finalize(): info: finishing task T485
1520553445.368709: 17883-7fdecbf77700: cdpl_worker.c:585: in cdpl_wk_listen(): debug: received ASSIGN message
1520553445.368730: 17883-7fded5564fa0: cdpl_worker.c:1092: in cdpl_wk_wait_timeout(): info: starting task T511
1520553445.368748: 17883-7fded5564fa0: cdpl_compat_worker.c:597: in cdplWorkerLogInfo(): info: [runOneAcquisitionAdaptive NR2D3 Cin__A2__hl__ACQ_1 job_512 ]
1520553449.938675: 17883-7fded5564fa0: cdpl_worker.c:1208: in cdpl_wk_finalize(): info: finishing task T511
1520553449.939162: 17883-7fdecbf77700: cdpl_worker.c:585: in cdpl_wk_listen(): debug: received ASSIGN message
1520553449.939211: 17883-7fded5564fa0: cdpl_worker.c:1092: in cdpl_wk_wait_timeout(): info: starting task T529
1520553449.939226: 17883-7fded5564fa0: cdpl_compat_worker.c:597: in cdplWorkerLogInfo(): info: [runOneAcquisitionAdaptive NR2D4 delay__A2__lh__ZN__hl__ACQ_1 job_530 ]
1520553463.047256: 17883-7fded5564fa0: cdpl_worker.c:1208: in cdpl_wk_finalize(): info: finishing task T529
1520553463.047754: 17883-7fdecbf77700: cdpl_worker.c:585: in cdpl_wk_listen(): debug: received ASSIGN message
1520553463.047805: 17883-7fded5564fa0: cdpl_worker.c:1092: in cdpl_wk_wait_timeout(): info: starting task T577
1520553463.047822: 17883-7fded5564fa0: cdpl_compat_worker.c:597: in cdplWorkerLogInfo(): info: [runOneAcquisitionAdaptive OR2D4 delay__A2__lh__Z__lh__ACQ_1 job_578 ]
1520553475.646055: 17883-7fded5564fa0: cdpl_worker.c:1208: in cdpl_wk_finalize(): info: finishing task T577
1520553475.646485: 17883-7fdecbf77700: cdpl_worker.c:585: in cdpl_wk_listen(): debug: received ASSIGN message
1520553475.646517: 17883-7fded5564fa0: cdpl_worker.c:1092: in cdpl_wk_wait_timeout(): info: starting task T621
1520553475.646532: 17883-7fded5564fa0: cdpl_compat_worker.c:597: in cdplWorkerLogInfo(): info: [runOneAcquisitionAdaptive XNR2D4 delay__A2__lh__ZN__lh__ACQ_1 job_622 ]
1520553495.103764: 17883-7fded5564fa0: cdpl_worker.c:1208: in cdpl_wk_finalize(): info: finishing task T621
1520553495.108786: 17883-7fdecbf77700: cdpl_worker.c:585: in cdpl_wk_listen(): debug: received ASSIGN message
1520553495.108841: 17883-7fded5564fa0: cdpl_worker.c:1092: in cdpl_wk_wait_timeout(): info: starting task T664
1520553495.108867: 17883-7fded5564fa0: cdpl_compat_worker.c:597: in cdplWorkerLogInfo(): info: [runOneAcquisitionAdaptive BUFFD0 delay__I__hl__Z__hl__ACQ_1 job_665 ]
1520553502.876043: 17883-7fded5564fa0: cdpl_worker.c:1208: in cdpl_wk_finalize(): info: finishing task T664
1520553502.880517: 17883-7fdecbf77700: cdpl_worker.c:585: in cdpl_wk_listen(): debug: received ASSIGN message
1520553502.880586: 17883-7fded5564fa0: cdpl_worker.c:1092: in cdpl_wk_wait_timeout(): info: starting task T696
1520553502.880608: 17883-7fded5564fa0: cdpl_compat_worker.c:597: in cdplWorkerLogInfo(): info: [runOneAcquisitionAdaptive BUFFD8 delay__I__hl__Z__hl__ACQ_1 job_697 ]
1520553523.348670: 17883-7fded5564fa0: cdpl_worker.c:1208: in cdpl_wk_finalize(): info: finishing task T696
1520553546.208378: 17883-7fdecbf77700: cdpl_worker.c:616: in cdpl_wk_listen(): debug: received RELAY message
1520553546.762123: 17883-7fdecbf77700: cdpl_worker.c:585: in cdpl_wk_listen(): debug: received ASSIGN message
1520553546.762301: 17883-7fded5564fa0: cdpl_worker.c:1092: in cdpl_wk_wait_timeout(): info: starting task T746
1520553547.087504: 17883-7fded5564fa0: cdpl_compat_worker.c:597: in cdplWorkerLogInfo(): info: [modelOneCellAdaptive {AOI21D1 }]
1520553553.765947: 17883-7fded5564fa0: cdpl_worker.c:1208: in cdpl_wk_finalize(): info: finishing task T746
1520553553.766608: 17883-7fdecbf77700: cdpl_worker.c:585: in cdpl_wk_listen(): debug: received ASSIGN message
1520553553.766633: 17883-7fded5564fa0: cdpl_worker.c:1092: in cdpl_wk_wait_timeout(): info: starting task T771
1520553553.766652: 17883-7fded5564fa0: cdpl_compat_worker.c:597: in cdplWorkerLogInfo(): info: [modelOneCellAdaptive {NR2D2 }]
1520553558.865975: 17883-7fded5564fa0: cdpl_worker.c:1208: in cdpl_wk_finalize(): info: finishing task T771
1520553558.866390: 17883-7fdecbf77700: cdpl_worker.c:585: in cdpl_wk_listen(): debug: received ASSIGN message
1520553558.866480: 17883-7fded5564fa0: cdpl_worker.c:1092: in cdpl_wk_wait_timeout(): info: starting task T793
1520553558.866504: 17883-7fded5564fa0: cdpl_compat_worker.c:597: in cdplWorkerLogInfo(): info: [modelOneCellAdaptive {BUFFD4 }]
1520553562.798526: 17883-7fded5564fa0: cdpl_worker.c:1208: in cdpl_wk_finalize(): info: finishing task T793
1520553580.704318: 17883-7fdecbf77700: cdpl_worker.c:616: in cdpl_wk_listen(): debug: received RELAY message
1520553580.745698: 17883-7fdecc978700: cdpl_ipc.c:606: in _readv(): warning: read(): EOF
1520553580.745813: 17883-7fdecc978700: cdpl_ipc.c:1462: in _epoll_recv(): debug: _readv(): Broken pipe
1520553580.745835: 17883-7fdecc978700: cdpl_ipc.c:1683: in _epoll_main(): debug: _epoll_recv(): Broken pipe
1520553580.745862: 17883-7fdecc978700: cdpl_ipc.c:1061: in _host_drop__UNSAFE(): debug: dropping host `128.54.67.147:38978'
1520553580.746268: 17883-7fdecbf77700: cdpl_worker.c:561: in cdpl_wk_listen(): debug: received DROP notification
1520553580.746301: 17883-7fdecbf77700: cdpl_worker.c:565: in cdpl_wk_listen(): debug: we were dropped by the server
1520553580.746324: 17883-7fdecbf77700: cdpl_worker.c:492: in _wk_kill(): debug: killing worker
1520553580.746344: 17883-7fdecbf77700: cdpl_ipc.c:2481: in cdpl_ipc_kill(): debug: stopping event server
1520553580.746400: 17883-7fdecbf77700: cdpl_worker.c:542: in cdpl_wk_listen(): debug: leaving now
1520553580.746647: 17883-7fded5564fa0: cdpl_compat_worker.c:597: in cdplWorkerLogInfo(): info: [Worker shutdown. Code: 3]
1520553580.747322: 17883-7fdecc978700: cdpl_ipc.c:1720: in _epoll_main(): debug: server going down...
1520553580.872603: 17883-7fded5564fa0: cdpl_worker.c:856: in _wk_shutdown(): debug: waiting for heartbeat thread
1520553580.872788: 17883-7fdecb576700: cdpl_worker.c:709: in cdpl_wk_heartbeat(): info: stopping heartbeat
1520553580.873140: 17883-7fded5564fa0: cdpl_ipc.c:1781: in cdpl_ipc_host_release(): debug: releasing host `128.54.67.147:38978'
1520553580.873203: 17883-7fded5564fa0: cdpl_ipc.c:2532: in cdpl_ipc_free(): debug: releasing IPC handle
1520553580.873220: 17883-7fded5564fa0: cdpl_ipc.c:986: in _host_free__UNSAFE(): debug: freeing host `128.54.67.147:38978'
1520553580.873235: 17883-7fded5564fa0: cdpl_ipc.c:1028: in _host_free__UNSAFE(): debug: [0 outq, 0 spR, 0 spW]
1520553580.873283: 17883-7fded5564fa0: cdpl_ipc.c:2571: in cdpl_ipc_free(): debug: done
1520553580.873301: 17883-7fded5564fa0: cdpl_worker.c:912: in cdpl_wk_free(): info: freed
1520553580.873316: 17883-7fded5564fa0: cdpl_log.c:359: in cdpl_log_close(): debug: @@end_of_log@@
