1520553132.783390: 18659-7f00195a9fa0: cdpl_log.c:221: in cdpl_log_open(): debug: @@start_of_log@@
1520553132.783608: 18659-7f00195a9fa0: cdpl_log.c:729: in cdpl_log_dump_sysinfo(): info: time: 2018/03/08 15:52:12 PST -0800
1520553132.783632: 18659-7f00195a9fa0: cdpl_log.c:731: in cdpl_log_dump_sysinfo(): info: version: L_2016.03_SP2_PROD_CDPL 
1520553132.783647: 18659-7f00195a9fa0: cdpl_log.c:736: in cdpl_log_dump_sysinfo(): info: system: Linux 2.6.32-696.18.7.el6.x86_64 #1 SMP Thu Jan 4 17:31:22 UTC 2018
1520553132.783661: 18659-7f00195a9fa0: cdpl_log.c:740: in cdpl_log_dump_sysinfo(): info: processor: x86_64 64-bits
1520553132.783674: 18659-7f00195a9fa0: cdpl_log.c:742: in cdpl_log_dump_sysinfo(): info: hostname: ieng6-ece-17.ucsd.edu
1520553132.783689: 18659-7f00195a9fa0: cdpl_log.c:223: in cdpl_log_open(): debug: path: /home/linux/ieng6/ee260b/shl237/lab6/run_siliconsmart/LIB_FF_1.1_-40_ALL/runtime/cdpl/worker.W25.ieng6-ece-17.ucsd.edu.18659.log
1520553132.783703: 18659-7f00195a9fa0: cdpl_log.c:224: in cdpl_log_open(): debug: dir: /home/linux/ieng6/ee260b/shl237/lab6/run_siliconsmart/LIB_FF_1.1_-40_ALL/runtime/cdpl
1520553132.783728: 18659-7f00195a9fa0: cdpl_worker.c:728: in cdpl_wk_new(): info: creating worker instance
1520553132.812311: 18659-7f00195a9fa0: cdpl_worker.c:925: in cdpl_wk_start(): debug: starting worker
1520553132.812348: 18659-7f00195a9fa0: cdpl_worker.c:276: in cdpl_wk_setup(): info: CDPL_SERVER is "128.54.67.147:38978"
1520553132.812365: 18659-7f00195a9fa0: cdpl_worker.c:299: in cdpl_wk_setup(): info: server 128.54.67.147, port 38978
1520553132.812382: 18659-7f00195a9fa0: cdpl_worker.c:319: in cdpl_wk_setup(): info: CDPL_ID is "25:1:1:1:769061682"
1520553132.812426: 18659-7f00195a9fa0: cdpl_worker.c:361: in cdpl_wk_setup(): info: we are W25-B1-J1-M1-S769061682
1520553132.812441: 18659-7f00195a9fa0: cdpl_worker.c:363: in cdpl_wk_setup(): info: we are on host ieng6-ece-17.ucsd.edu
1520553132.812454: 18659-7f00195a9fa0: cdpl_worker.c:372: in cdpl_wk_daemonize(): debug: will *not* daemonize
1520553132.812474: 18659-7f00195a9fa0: cdpl_ipc.c:2593: in cdpl_ipc_connect(): info: connecting to 128.54.67.147:38978
1520553132.812924: 18659-7f00195a9fa0: cdpl_ipc.c:2659: in cdpl_ipc_connect(): info: connected as `128.54.67.147:50604'
1520553132.812990: 18659-7f00195a9fa0: cdpl_ipc.c:1763: in cdpl_ipc_host_accept(): debug: accepted host `128.54.67.147:38978'
1520553132.813032: 18659-7f00195a9fa0: cdpl_ipc.c:2436: in cdpl_ipc_start(): debug: starting IPC server 128.54.67.147:34816
1520553132.813333: 18659-7f00195a9fa0: cdpl_compat_worker.c:148: in cdplStartWorker(): info: SNPSLMD_LICENSE_FILE is 1705@acms-flexlm-lnx4.ucsd.edu,1705@acms-flexlm-lnx5.ucsd.edu,1705@acms-flexlm-lnx6.ucsd.edu
1520553132.813661: 18659-7f00195a9fa0: cdpl_compat_worker.c:597: in cdplWorkerLogInfo(): info: [Maximum lifespan of worker is set to 1200m]
1520553132.813844: 18659-7f00195a9fa0: cdpl_compat_worker.c:597: in cdplWorkerLogInfo(): info: [Peak virtual memory is set to 128GB]
1520553132.814105: 18659-7f000f5bb700: cdpl_worker.c:656: in cdpl_wk_heartbeat(): debug: starting heartbeat
1520553132.814129: 18659-7f000f5bb700: cdpl_worker.c:665: in cdpl_wk_heartbeat(): info: setting heartbeat period to 60 sec
1520553132.814145: 18659-7f000f5bb700: cdpl_worker.c:673: in cdpl_wk_heartbeat(): info: first heartbeat in 1 sec
1520553132.814536: 18659-7f000ffbc700: cdpl_worker.c:528: in cdpl_wk_listen(): debug: ready
1520553201.722716: 18659-7f000ffbc700: cdpl_worker.c:616: in cdpl_wk_listen(): debug: received RELAY message
1520553201.992213: 18659-7f000ffbc700: cdpl_worker.c:616: in cdpl_wk_listen(): debug: received RELAY message
1520553202.200821: 18659-7f000ffbc700: cdpl_worker.c:585: in cdpl_wk_listen(): debug: received ASSIGN message
1520553202.200887: 18659-7f00195a9fa0: cdpl_worker.c:1092: in cdpl_wk_wait_timeout(): info: starting task T68
1520553203.434040: 18659-7f00195a9fa0: cdpl_compat_worker.c:597: in cdplWorkerLogInfo(): info: [runOneAcquisitionAdaptive DFCSNQD1 delay__SDN__hl__Q__lh__ACQ_1 job_69 ]
1520553260.524069: 18659-7f00195a9fa0: cdpl_worker.c:1208: in cdpl_wk_finalize(): info: finishing task T68
1520553260.524592: 18659-7f000ffbc700: cdpl_worker.c:585: in cdpl_wk_listen(): debug: received ASSIGN message
1520553260.524615: 18659-7f00195a9fa0: cdpl_worker.c:1092: in cdpl_wk_wait_timeout(): info: starting task T110
1520553260.524630: 18659-7f00195a9fa0: cdpl_compat_worker.c:597: in cdplWorkerLogInfo(): info: [runOneAcquisitionAdaptive DFCSNQD2 cmpw__CDN__hl__CDN__lh__ACQ_1 job_111 ]
1520553269.816503: 18659-7f00195a9fa0: cdpl_worker.c:1208: in cdpl_wk_finalize(): info: finishing task T110
1520553269.816958: 18659-7f000ffbc700: cdpl_worker.c:585: in cdpl_wk_listen(): debug: received ASSIGN message
1520553269.817008: 18659-7f00195a9fa0: cdpl_worker.c:1092: in cdpl_wk_wait_timeout(): info: starting task T119
1520553269.817024: 18659-7f00195a9fa0: cdpl_compat_worker.c:597: in cdplWorkerLogInfo(): info: [runOneAcquisitionAdaptive DFCSNQD2 recover__SDN__lh__CP__lh__ACQ_1 job_120 ]
1520553321.216475: 18659-7f00195a9fa0: cdpl_worker.c:1208: in cdpl_wk_finalize(): info: finishing task T119
1520553321.216949: 18659-7f000ffbc700: cdpl_worker.c:585: in cdpl_wk_listen(): debug: received ASSIGN message
1520553321.217000: 18659-7f00195a9fa0: cdpl_worker.c:1092: in cdpl_wk_wait_timeout(): info: starting task T170
1520553321.217014: 18659-7f00195a9fa0: cdpl_compat_worker.c:597: in cdplWorkerLogInfo(): info: [runOneAcquisitionAdaptive LHQD2 energy__E__hl__ACQ_1 job_171 ]
1520553326.055928: 18659-7f00195a9fa0: cdpl_worker.c:1208: in cdpl_wk_finalize(): info: finishing task T170
1520553326.061066: 18659-7f000ffbc700: cdpl_worker.c:585: in cdpl_wk_listen(): debug: received ASSIGN message
1520553326.061113: 18659-7f00195a9fa0: cdpl_worker.c:1092: in cdpl_wk_wait_timeout(): info: starting task T175
1520553326.061132: 18659-7f00195a9fa0: cdpl_compat_worker.c:597: in cdplWorkerLogInfo(): info: [runOneAcquisitionAdaptive LHQD2 leakage_power__ACQ_4 job_176 ]
1520553331.976179: 18659-7f000ffbc700: cdpl_worker.c:585: in cdpl_wk_listen(): debug: received ASSIGN message
1520553331.976577: 18659-7f00195a9fa0: cdpl_worker.c:1208: in cdpl_wk_finalize(): info: finishing task T175
1520553331.976656: 18659-7f00195a9fa0: cdpl_worker.c:1092: in cdpl_wk_wait_timeout(): info: starting task T178
1520553331.976670: 18659-7f00195a9fa0: cdpl_compat_worker.c:597: in cdplWorkerLogInfo(): info: [runOneAcquisitionAdaptive LHQD2 energy__E__lh__ACQ_1 job_179 ]
1520553337.767784: 18659-7f00195a9fa0: cdpl_worker.c:1208: in cdpl_wk_finalize(): info: finishing task T178
1520553337.768222: 18659-7f000ffbc700: cdpl_worker.c:585: in cdpl_wk_listen(): debug: received ASSIGN message
1520553337.768246: 18659-7f00195a9fa0: cdpl_worker.c:1092: in cdpl_wk_wait_timeout(): info: starting task T181
1520553337.768261: 18659-7f00195a9fa0: cdpl_compat_worker.c:597: in cdplWorkerLogInfo(): info: [runOneAcquisitionAdaptive LHQD2 delay__D__lh__Q__lh__ACQ_1 job_182 ]
1520553355.069060: 18659-7f00195a9fa0: cdpl_worker.c:1208: in cdpl_wk_finalize(): info: finishing task T181
1520553355.069480: 18659-7f000ffbc700: cdpl_worker.c:585: in cdpl_wk_listen(): debug: received ASSIGN message
1520553355.069527: 18659-7f00195a9fa0: cdpl_worker.c:1092: in cdpl_wk_wait_timeout(): info: starting task T210
1520553355.069543: 18659-7f00195a9fa0: cdpl_compat_worker.c:597: in cdplWorkerLogInfo(): info: [runOneAcquisitionAdaptive AOI21D1 Cin__B__hl__ACQ_1 job_211 ]
1520553357.517440: 18659-7f00195a9fa0: cdpl_worker.c:1208: in cdpl_wk_finalize(): info: finishing task T210
1520553357.517729: 18659-7f000ffbc700: cdpl_worker.c:585: in cdpl_wk_listen(): debug: received ASSIGN message
1520553357.517759: 18659-7f00195a9fa0: cdpl_worker.c:1092: in cdpl_wk_wait_timeout(): info: starting task T217
1520553357.517777: 18659-7f00195a9fa0: cdpl_compat_worker.c:597: in cdplWorkerLogInfo(): info: [runOneAcquisitionAdaptive AOI21D2 leakage_power__ACQ_2 job_218 ]
1520553359.494268: 18659-7f00195a9fa0: cdpl_worker.c:1208: in cdpl_wk_finalize(): info: finishing task T217
1520553359.494486: 18659-7f000ffbc700: cdpl_worker.c:585: in cdpl_wk_listen(): debug: received ASSIGN message
1520553359.494515: 18659-7f00195a9fa0: cdpl_worker.c:1092: in cdpl_wk_wait_timeout(): info: starting task T222
1520553359.494530: 18659-7f00195a9fa0: cdpl_compat_worker.c:597: in cdplWorkerLogInfo(): info: [runOneAcquisitionAdaptive AOI21D2 delay__A2__lh__ZN__hl__ACQ_1 job_223 ]
1520553370.431643: 18659-7f00195a9fa0: cdpl_worker.c:1208: in cdpl_wk_finalize(): info: finishing task T222
1520553370.436830: 18659-7f000ffbc700: cdpl_worker.c:585: in cdpl_wk_listen(): debug: received ASSIGN message
1520553370.436942: 18659-7f00195a9fa0: cdpl_worker.c:1092: in cdpl_wk_wait_timeout(): info: starting task T249
1520553370.436963: 18659-7f00195a9fa0: cdpl_compat_worker.c:597: in cdplWorkerLogInfo(): info: [runOneAcquisitionAdaptive MUX2D0 delay__I1__hl__Z__hl__ACQ_1 job_250 ]
1520553380.435057: 18659-7f00195a9fa0: cdpl_worker.c:1208: in cdpl_wk_finalize(): info: finishing task T249
1520553380.435446: 18659-7f000ffbc700: cdpl_worker.c:585: in cdpl_wk_listen(): debug: received ASSIGN message
1520553380.435533: 18659-7f00195a9fa0: cdpl_worker.c:1092: in cdpl_wk_wait_timeout(): info: starting task T275
1520553380.435549: 18659-7f00195a9fa0: cdpl_compat_worker.c:597: in cdplWorkerLogInfo(): info: [runOneAcquisitionAdaptive MUX2D2 delay__S__lh__Z__lh__ACQ_1 job_276 ]
1520553391.804869: 18659-7f00195a9fa0: cdpl_worker.c:1208: in cdpl_wk_finalize(): info: finishing task T275
1520553391.805267: 18659-7f000ffbc700: cdpl_worker.c:585: in cdpl_wk_listen(): debug: received ASSIGN message
1520553391.805348: 18659-7f00195a9fa0: cdpl_worker.c:1092: in cdpl_wk_wait_timeout(): info: starting task T308
1520553391.805364: 18659-7f00195a9fa0: cdpl_compat_worker.c:597: in cdplWorkerLogInfo(): info: [runOneAcquisitionAdaptive OAI21D0 leakage_power__ACQ_1 job_309 ]
1520553393.368305: 18659-7f00195a9fa0: cdpl_worker.c:1208: in cdpl_wk_finalize(): info: finishing task T308
1520553393.368614: 18659-7f000ffbc700: cdpl_worker.c:585: in cdpl_wk_listen(): debug: received ASSIGN message
1520553393.368645: 18659-7f00195a9fa0: cdpl_worker.c:1092: in cdpl_wk_wait_timeout(): info: starting task T317
1520553393.368665: 18659-7f00195a9fa0: cdpl_compat_worker.c:597: in cdplWorkerLogInfo(): info: [runOneAcquisitionAdaptive OAI21D0 delay__B__lh__ZN__hl__ACQ_1 job_318 ]
1520553402.640244: 18659-7f00195a9fa0: cdpl_worker.c:1208: in cdpl_wk_finalize(): info: finishing task T317
1520553402.640661: 18659-7f000ffbc700: cdpl_worker.c:585: in cdpl_wk_listen(): debug: received ASSIGN message
1520553402.640719: 18659-7f00195a9fa0: cdpl_worker.c:1092: in cdpl_wk_wait_timeout(): info: starting task T346
1520553402.640734: 18659-7f00195a9fa0: cdpl_compat_worker.c:597: in cdplWorkerLogInfo(): info: [runOneAcquisitionAdaptive OAI21D2 delay__B__hl__ZN__lh__ACQ_1 job_347 ]
1520553414.112412: 18659-7f00195a9fa0: cdpl_worker.c:1208: in cdpl_wk_finalize(): info: finishing task T346
1520553414.113487: 18659-7f000ffbc700: cdpl_worker.c:585: in cdpl_wk_listen(): debug: received ASSIGN message
1520553414.113536: 18659-7f00195a9fa0: cdpl_worker.c:1092: in cdpl_wk_wait_timeout(): info: starting task T391
1520553414.113553: 18659-7f00195a9fa0: cdpl_compat_worker.c:597: in cdplWorkerLogInfo(): info: [runOneAcquisitionAdaptive AN2D4 Cin__A2__hl__ACQ_1 job_392 ]
1520553416.462929: 18659-7f00195a9fa0: cdpl_worker.c:1208: in cdpl_wk_finalize(): info: finishing task T391
1520553416.463258: 18659-7f000ffbc700: cdpl_worker.c:585: in cdpl_wk_listen(): debug: received ASSIGN message
1520553416.463296: 18659-7f00195a9fa0: cdpl_worker.c:1092: in cdpl_wk_wait_timeout(): info: starting task T400
1520553416.463315: 18659-7f00195a9fa0: cdpl_compat_worker.c:597: in cdplWorkerLogInfo(): info: [runOneAcquisitionAdaptive AN2D4 Cin__A1__hl__ACQ_1 job_401 ]
1520553418.728575: 18659-7f00195a9fa0: cdpl_worker.c:1208: in cdpl_wk_finalize(): info: finishing task T400
1520553418.728892: 18659-7f000ffbc700: cdpl_worker.c:585: in cdpl_wk_listen(): debug: received ASSIGN message
1520553418.731897: 18659-7f00195a9fa0: cdpl_worker.c:1092: in cdpl_wk_wait_timeout(): info: starting task T412
1520553418.731917: 18659-7f00195a9fa0: cdpl_compat_worker.c:597: in cdplWorkerLogInfo(): info: [runOneAcquisitionAdaptive AN2XD1 Cin__A1__lh__ACQ_1 job_413 ]
1520553420.818544: 18659-7f00195a9fa0: cdpl_worker.c:1208: in cdpl_wk_finalize(): info: finishing task T412
1520553420.818823: 18659-7f000ffbc700: cdpl_worker.c:585: in cdpl_wk_listen(): debug: received ASSIGN message
1520553420.818858: 18659-7f00195a9fa0: cdpl_worker.c:1092: in cdpl_wk_wait_timeout(): info: starting task T422
1520553420.818878: 18659-7f00195a9fa0: cdpl_compat_worker.c:597: in cdplWorkerLogInfo(): info: [runOneAcquisitionAdaptive ND2D0 Cin__A1__lh__ACQ_1 job_423 ]
1520553422.884548: 18659-7f00195a9fa0: cdpl_worker.c:1208: in cdpl_wk_finalize(): info: finishing task T422
1520553422.884943: 18659-7f000ffbc700: cdpl_worker.c:585: in cdpl_wk_listen(): debug: received ASSIGN message
1520553422.884988: 18659-7f00195a9fa0: cdpl_worker.c:1092: in cdpl_wk_wait_timeout(): info: starting task T435
1520553422.885006: 18659-7f00195a9fa0: cdpl_compat_worker.c:597: in cdplWorkerLogInfo(): info: [runOneAcquisitionAdaptive ND2D1 delay__A1__hl__ZN__lh__ACQ_1 job_436 ]
1520553428.347478: 18659-7f00195a9fa0: cdpl_worker.c:1208: in cdpl_wk_finalize(): info: finishing task T435
1520553428.347886: 18659-7f000ffbc700: cdpl_worker.c:585: in cdpl_wk_listen(): debug: received ASSIGN message
1520553428.347936: 18659-7f00195a9fa0: cdpl_worker.c:1092: in cdpl_wk_wait_timeout(): info: starting task T459
1520553428.347952: 18659-7f00195a9fa0: cdpl_compat_worker.c:597: in cdplWorkerLogInfo(): info: [runOneAcquisitionAdaptive ND2D3 delay__A2__lh__ZN__hl__ACQ_1 job_460 ]
1520553440.420778: 18659-7f00195a9fa0: cdpl_worker.c:1208: in cdpl_wk_finalize(): info: finishing task T459
1520553440.562362: 18659-7f000ffbc700: cdpl_worker.c:585: in cdpl_wk_listen(): debug: received ASSIGN message
1520553440.562402: 18659-7f00195a9fa0: cdpl_worker.c:1092: in cdpl_wk_wait_timeout(): info: starting task T499
1520553440.562429: 18659-7f00195a9fa0: cdpl_compat_worker.c:597: in cdplWorkerLogInfo(): info: [runOneAcquisitionAdaptive NR2D1 delay__A2__lh__ZN__hl__ACQ_1 job_500 ]
1520553450.093510: 18659-7f00195a9fa0: cdpl_worker.c:1208: in cdpl_wk_finalize(): info: finishing task T499
1520553450.097893: 18659-7f000ffbc700: cdpl_worker.c:585: in cdpl_wk_listen(): debug: received ASSIGN message
1520553450.098011: 18659-7f00195a9fa0: cdpl_worker.c:1092: in cdpl_wk_wait_timeout(): info: starting task T530
1520553450.098031: 18659-7f00195a9fa0: cdpl_compat_worker.c:597: in cdplWorkerLogInfo(): info: [runOneAcquisitionAdaptive NR2D4 delay__A2__hl__ZN__lh__ACQ_1 job_531 ]
1520553463.112072: 18659-7f00195a9fa0: cdpl_worker.c:1208: in cdpl_wk_finalize(): info: finishing task T530
1520553463.112511: 18659-7f000ffbc700: cdpl_worker.c:585: in cdpl_wk_listen(): debug: received ASSIGN message
1520553463.112556: 18659-7f00195a9fa0: cdpl_worker.c:1092: in cdpl_wk_wait_timeout(): info: starting task T581
1520553463.112570: 18659-7f00195a9fa0: cdpl_compat_worker.c:597: in cdplWorkerLogInfo(): info: [runOneAcquisitionAdaptive OR2XD1 Cin__A2__hl__ACQ_1 job_582 ]
1520553465.157282: 18659-7f00195a9fa0: cdpl_worker.c:1208: in cdpl_wk_finalize(): info: finishing task T581
1520553465.157608: 18659-7f000ffbc700: cdpl_worker.c:585: in cdpl_wk_listen(): debug: received ASSIGN message
1520553465.162116: 18659-7f00195a9fa0: cdpl_worker.c:1092: in cdpl_wk_wait_timeout(): info: starting task T590
1520553465.162140: 18659-7f00195a9fa0: cdpl_compat_worker.c:597: in cdplWorkerLogInfo(): info: [runOneAcquisitionAdaptive OR2XD1 Cin__A1__hl__ACQ_1 job_591 ]
1520553467.256074: 18659-7f00195a9fa0: cdpl_worker.c:1208: in cdpl_wk_finalize(): info: finishing task T590
1520553467.256382: 18659-7f000ffbc700: cdpl_worker.c:585: in cdpl_wk_listen(): debug: received ASSIGN message
1520553467.256412: 18659-7f00195a9fa0: cdpl_worker.c:1092: in cdpl_wk_wait_timeout(): info: starting task T599
1520553467.256431: 18659-7f00195a9fa0: cdpl_compat_worker.c:597: in cdplWorkerLogInfo(): info: [runOneAcquisitionAdaptive XNR2D0 delay__A1__lh__ZN__lh__ACQ_1 job_600 ]
1520553476.581684: 18659-7f00195a9fa0: cdpl_worker.c:1208: in cdpl_wk_finalize(): info: finishing task T599
1520553476.582455: 18659-7f000ffbc700: cdpl_worker.c:585: in cdpl_wk_listen(): debug: received ASSIGN message
1520553476.582539: 18659-7f00195a9fa0: cdpl_worker.c:1092: in cdpl_wk_wait_timeout(): info: starting task T625
1520553476.582556: 18659-7f00195a9fa0: cdpl_compat_worker.c:597: in cdplWorkerLogInfo(): info: [runOneAcquisitionAdaptive XNR2D4 delay__A1__lh__ZN__hl__ACQ_1 job_626 ]
1520553495.654390: 18659-7f00195a9fa0: cdpl_worker.c:1208: in cdpl_wk_finalize(): info: finishing task T625
1520553495.659027: 18659-7f000ffbc700: cdpl_worker.c:585: in cdpl_wk_listen(): debug: received ASSIGN message
1520553495.659086: 18659-7f00195a9fa0: cdpl_worker.c:1092: in cdpl_wk_wait_timeout(): info: starting task T667
1520553495.659104: 18659-7f00195a9fa0: cdpl_compat_worker.c:597: in cdplWorkerLogInfo(): info: [runOneAcquisitionAdaptive BUFFD1 delay__I__lh__Z__lh__ACQ_1 job_668 ]
1520553503.665384: 18659-7f00195a9fa0: cdpl_worker.c:1208: in cdpl_wk_finalize(): info: finishing task T667
1520553503.665893: 18659-7f000ffbc700: cdpl_worker.c:585: in cdpl_wk_listen(): debug: received ASSIGN message
1520553503.665929: 18659-7f00195a9fa0: cdpl_worker.c:1092: in cdpl_wk_wait_timeout(): info: starting task T698
1520553503.665946: 18659-7f00195a9fa0: cdpl_compat_worker.c:597: in cdplWorkerLogInfo(): info: [runOneAcquisitionAdaptive INVD0 leakage_power__ACQ_2 job_699 ]
1520553505.291977: 18659-7f00195a9fa0: cdpl_worker.c:1208: in cdpl_wk_finalize(): info: finishing task T698
1520553505.292501: 18659-7f000ffbc700: cdpl_worker.c:585: in cdpl_wk_listen(): debug: received ASSIGN message
1520553505.296936: 18659-7f00195a9fa0: cdpl_worker.c:1092: in cdpl_wk_wait_timeout(): info: starting task T703
1520553505.296964: 18659-7f00195a9fa0: cdpl_compat_worker.c:597: in cdplWorkerLogInfo(): info: [runOneAcquisitionAdaptive INVD1 delay__I__lh__ZN__hl__ACQ_1 job_704 ]
1520553516.482347: 18659-7f00195a9fa0: cdpl_worker.c:1208: in cdpl_wk_finalize(): info: finishing task T703
1520553516.483162: 18659-7f000ffbc700: cdpl_worker.c:585: in cdpl_wk_listen(): debug: received ASSIGN message
1520553516.483226: 18659-7f00195a9fa0: cdpl_worker.c:1092: in cdpl_wk_wait_timeout(): info: starting task T726
1520553516.483247: 18659-7f00195a9fa0: cdpl_compat_worker.c:597: in cdplWorkerLogInfo(): info: [runOneAcquisitionAdaptive INVD3 leakage_power__ACQ_2 job_727 ]
1520553519.121720: 18659-7f00195a9fa0: cdpl_worker.c:1208: in cdpl_wk_finalize(): info: finishing task T726
1520553519.123479: 18659-7f000ffbc700: cdpl_worker.c:585: in cdpl_wk_listen(): debug: received ASSIGN message
1520553519.137899: 18659-7f00195a9fa0: cdpl_worker.c:1092: in cdpl_wk_wait_timeout(): info: starting task T731
1520553519.137982: 18659-7f00195a9fa0: cdpl_compat_worker.c:597: in cdplWorkerLogInfo(): info: [runOneAcquisitionAdaptive INVD4 delay__I__lh__ZN__hl__ACQ_1 job_732 ]
1520553525.584865: 18659-7f00195a9fa0: cdpl_worker.c:1208: in cdpl_wk_finalize(): info: finishing task T731
1520553546.210836: 18659-7f000ffbc700: cdpl_worker.c:616: in cdpl_wk_listen(): debug: received RELAY message
1520553547.521516: 18659-7f000ffbc700: cdpl_worker.c:585: in cdpl_wk_listen(): debug: received ASSIGN message
1520553547.521598: 18659-7f00195a9fa0: cdpl_worker.c:1092: in cdpl_wk_wait_timeout(): info: starting task T753
1520553548.188535: 18659-7f00195a9fa0: cdpl_compat_worker.c:597: in cdplWorkerLogInfo(): info: [modelOneCellAdaptive {OAI21D0 }]
1520553555.171694: 18659-7f00195a9fa0: cdpl_worker.c:1208: in cdpl_wk_finalize(): info: finishing task T753
1520553555.173365: 18659-7f000ffbc700: cdpl_worker.c:585: in cdpl_wk_listen(): debug: received ASSIGN message
1520553555.173407: 18659-7f00195a9fa0: cdpl_worker.c:1092: in cdpl_wk_wait_timeout(): info: starting task T788
1520553555.173424: 18659-7f00195a9fa0: cdpl_compat_worker.c:597: in cdplWorkerLogInfo(): info: [modelOneCellAdaptive {BUFFD1 }]
1520553560.295232: 18659-7f00195a9fa0: cdpl_worker.c:1208: in cdpl_wk_finalize(): info: finishing task T788
1520553560.295538: 18659-7f000ffbc700: cdpl_worker.c:585: in cdpl_wk_listen(): debug: received ASSIGN message
1520553560.295574: 18659-7f00195a9fa0: cdpl_worker.c:1092: in cdpl_wk_wait_timeout(): info: starting task T805
1520553560.295594: 18659-7f00195a9fa0: cdpl_compat_worker.c:597: in cdplWorkerLogInfo(): info: [modelOneCellAdaptive {INVD6 }]
1520553563.440905: 18659-7f00195a9fa0: cdpl_worker.c:1208: in cdpl_wk_finalize(): info: finishing task T805
1520553580.706326: 18659-7f000ffbc700: cdpl_worker.c:616: in cdpl_wk_listen(): debug: received RELAY message
1520553580.746756: 18659-7f00109bd700: cdpl_ipc.c:606: in _readv(): warning: read(): EOF
1520553580.746836: 18659-7f00109bd700: cdpl_ipc.c:1462: in _epoll_recv(): debug: _readv(): Broken pipe
1520553580.746900: 18659-7f00109bd700: cdpl_ipc.c:1683: in _epoll_main(): debug: _epoll_recv(): Broken pipe
1520553580.746935: 18659-7f00109bd700: cdpl_ipc.c:1061: in _host_drop__UNSAFE(): debug: dropping host `128.54.67.147:38978'
1520553580.747131: 18659-7f000ffbc700: cdpl_worker.c:561: in cdpl_wk_listen(): debug: received DROP notification
1520553580.747156: 18659-7f000ffbc700: cdpl_worker.c:565: in cdpl_wk_listen(): debug: we were dropped by the server
1520553580.747174: 18659-7f000ffbc700: cdpl_worker.c:492: in _wk_kill(): debug: killing worker
1520553580.747195: 18659-7f000ffbc700: cdpl_ipc.c:2481: in cdpl_ipc_kill(): debug: stopping event server
1520553580.747258: 18659-7f000ffbc700: cdpl_worker.c:542: in cdpl_wk_listen(): debug: leaving now
1520553580.747502: 18659-7f00109bd700: cdpl_ipc.c:1720: in _epoll_main(): debug: server going down...
1520553580.747900: 18659-7f00195a9fa0: cdpl_compat_worker.c:597: in cdplWorkerLogInfo(): info: [Worker shutdown. Code: 3]
1520553580.884298: 18659-7f00195a9fa0: cdpl_worker.c:856: in _wk_shutdown(): debug: waiting for heartbeat thread
1520553580.884401: 18659-7f000f5bb700: cdpl_worker.c:709: in cdpl_wk_heartbeat(): info: stopping heartbeat
1520553580.884516: 18659-7f00195a9fa0: cdpl_ipc.c:1781: in cdpl_ipc_host_release(): debug: releasing host `128.54.67.147:38978'
1520553580.884572: 18659-7f00195a9fa0: cdpl_ipc.c:2532: in cdpl_ipc_free(): debug: releasing IPC handle
1520553580.884589: 18659-7f00195a9fa0: cdpl_ipc.c:986: in _host_free__UNSAFE(): debug: freeing host `128.54.67.147:38978'
1520553580.884605: 18659-7f00195a9fa0: cdpl_ipc.c:1028: in _host_free__UNSAFE(): debug: [0 outq, 0 spR, 0 spW]
1520553580.884652: 18659-7f00195a9fa0: cdpl_ipc.c:2571: in cdpl_ipc_free(): debug: done
1520553580.884671: 18659-7f00195a9fa0: cdpl_worker.c:912: in cdpl_wk_free(): info: freed
1520553580.884685: 18659-7f00195a9fa0: cdpl_log.c:359: in cdpl_log_close(): debug: @@end_of_log@@
