1520553079.948436: 17942-7f1f1b108fa0: cdpl_log.c:221: in cdpl_log_open(): debug: @@start_of_log@@
1520553079.948494: 17942-7f1f1b108fa0: cdpl_log.c:729: in cdpl_log_dump_sysinfo(): info: time: 2018/03/08 15:51:19 PST -0800
1520553079.948504: 17942-7f1f1b108fa0: cdpl_log.c:731: in cdpl_log_dump_sysinfo(): info: version: L_2016.03_SP2_PROD_CDPL 
1520553079.948511: 17942-7f1f1b108fa0: cdpl_log.c:736: in cdpl_log_dump_sysinfo(): info: system: Linux 2.6.32-696.18.7.el6.x86_64 #1 SMP Thu Jan 4 17:31:22 UTC 2018
1520553079.948518: 17942-7f1f1b108fa0: cdpl_log.c:740: in cdpl_log_dump_sysinfo(): info: processor: x86_64 64-bits
1520553079.948525: 17942-7f1f1b108fa0: cdpl_log.c:742: in cdpl_log_dump_sysinfo(): info: hostname: ieng6-ece-17.ucsd.edu
1520553079.948532: 17942-7f1f1b108fa0: cdpl_log.c:223: in cdpl_log_open(): debug: path: /home/linux/ieng6/ee260b/shl237/lab6/run_siliconsmart/LIB_FF_1.1_-40_ALL/runtime/cdpl/worker.W7.ieng6-ece-17.ucsd.edu.17942.log
1520553079.948539: 17942-7f1f1b108fa0: cdpl_log.c:224: in cdpl_log_open(): debug: dir: /home/linux/ieng6/ee260b/shl237/lab6/run_siliconsmart/LIB_FF_1.1_-40_ALL/runtime/cdpl
1520553079.948551: 17942-7f1f1b108fa0: cdpl_worker.c:728: in cdpl_wk_new(): info: creating worker instance
1520553079.949007: 17942-7f1f1b108fa0: cdpl_worker.c:925: in cdpl_wk_start(): debug: starting worker
1520553079.949021: 17942-7f1f1b108fa0: cdpl_worker.c:276: in cdpl_wk_setup(): info: CDPL_SERVER is "128.54.67.147:38978"
1520553079.949029: 17942-7f1f1b108fa0: cdpl_worker.c:299: in cdpl_wk_setup(): info: server 128.54.67.147, port 38978
1520553079.949037: 17942-7f1f1b108fa0: cdpl_worker.c:319: in cdpl_wk_setup(): info: CDPL_ID is "7:1:1:1:769061682"
1520553079.949059: 17942-7f1f1b108fa0: cdpl_worker.c:361: in cdpl_wk_setup(): info: we are W7-B1-J1-M1-S769061682
1520553079.949067: 17942-7f1f1b108fa0: cdpl_worker.c:363: in cdpl_wk_setup(): info: we are on host ieng6-ece-17.ucsd.edu
1520553079.949074: 17942-7f1f1b108fa0: cdpl_worker.c:372: in cdpl_wk_daemonize(): debug: will *not* daemonize
1520553079.949084: 17942-7f1f1b108fa0: cdpl_ipc.c:2593: in cdpl_ipc_connect(): info: connecting to 128.54.67.147:38978
1520553079.949194: 17942-7f1f1b108fa0: cdpl_ipc.c:2659: in cdpl_ipc_connect(): info: connected as `128.54.67.147:50578'
1520553079.949227: 17942-7f1f1b108fa0: cdpl_ipc.c:1763: in cdpl_ipc_host_accept(): debug: accepted host `128.54.67.147:38978'
1520553079.949248: 17942-7f1f1b108fa0: cdpl_ipc.c:2436: in cdpl_ipc_start(): debug: starting IPC server 128.54.67.147:34328
1520553079.949401: 17942-7f1f1b108fa0: cdpl_compat_worker.c:148: in cdplStartWorker(): info: SNPSLMD_LICENSE_FILE is 1705@acms-flexlm-lnx4.ucsd.edu,1705@acms-flexlm-lnx5.ucsd.edu,1705@acms-flexlm-lnx6.ucsd.edu
1520553079.949510: 17942-7f1f1b108fa0: cdpl_compat_worker.c:597: in cdplWorkerLogInfo(): info: [Maximum lifespan of worker is set to 1200m]
1520553079.949570: 17942-7f1f1b108fa0: cdpl_compat_worker.c:597: in cdplWorkerLogInfo(): info: [Peak virtual memory is set to 128GB]
1520553079.956706: 17942-7f1f11b1b700: cdpl_worker.c:528: in cdpl_wk_listen(): debug: ready
1520553079.962962: 17942-7f1f1111a700: cdpl_worker.c:656: in cdpl_wk_heartbeat(): debug: starting heartbeat
1520553079.962985: 17942-7f1f1111a700: cdpl_worker.c:665: in cdpl_wk_heartbeat(): info: setting heartbeat period to 60 sec
1520553079.962998: 17942-7f1f1111a700: cdpl_worker.c:673: in cdpl_wk_heartbeat(): info: first heartbeat in 1 sec
1520553079.963438: 17942-7f1f11b1b700: cdpl_worker.c:585: in cdpl_wk_listen(): debug: received ASSIGN message
1520553079.963476: 17942-7f1f1b108fa0: cdpl_worker.c:1092: in cdpl_wk_wait_timeout(): info: starting task T11
1520553079.963516: 17942-7f1f1b108fa0: cdpl_compat_worker.c:597: in cdplWorkerLogInfo(): info: [configOneCellAdaptive { BUFFD1 }]
1520553091.976575: 17942-7f1f1b108fa0: cdpl_worker.c:1208: in cdpl_wk_finalize(): info: finishing task T11
1520553092.764431: 17942-7f1f11b1b700: cdpl_worker.c:585: in cdpl_wk_listen(): debug: received ASSIGN message
1520553092.764503: 17942-7f1f1b108fa0: cdpl_worker.c:1092: in cdpl_wk_wait_timeout(): info: starting task T21
1520553092.764563: 17942-7f1f1b108fa0: cdpl_compat_worker.c:597: in cdplWorkerLogInfo(): info: [configOneCellAdaptive { DFCSNQD4 }]
1520553134.856585: 17942-7f1f1b108fa0: cdpl_worker.c:1208: in cdpl_wk_finalize(): info: finishing task T21
1520553201.721563: 17942-7f1f11b1b700: cdpl_worker.c:616: in cdpl_wk_listen(): debug: received RELAY message
1520553201.990695: 17942-7f1f11b1b700: cdpl_worker.c:616: in cdpl_wk_listen(): debug: received RELAY message
1520553202.404771: 17942-7f1f11b1b700: cdpl_worker.c:585: in cdpl_wk_listen(): debug: received ASSIGN message
1520553202.404931: 17942-7f1f1b108fa0: cdpl_worker.c:1092: in cdpl_wk_wait_timeout(): info: starting task T70
1520553203.579337: 17942-7f1f1b108fa0: cdpl_compat_worker.c:597: in cdplWorkerLogInfo(): info: [runOneAcquisitionAdaptive DFCSNQD1 Cin__CP__hl__ACQ_1 job_71 ]
1520553248.683202: 17942-7f1f1b108fa0: cdpl_worker.c:1208: in cdpl_wk_finalize(): info: finishing task T70
1520553248.683612: 17942-7f1f11b1b700: cdpl_worker.c:585: in cdpl_wk_listen(): debug: received ASSIGN message
1520553248.683694: 17942-7f1f1b108fa0: cdpl_worker.c:1092: in cdpl_wk_wait_timeout(): info: starting task T101
1520553248.683708: 17942-7f1f1b108fa0: cdpl_compat_worker.c:597: in cdplWorkerLogInfo(): info: [runOneAcquisitionAdaptive DFCSNQD2 energy__CP__hl__ACQ_1 job_102 ]
1520553262.236843: 17942-7f1f1b108fa0: cdpl_worker.c:1208: in cdpl_wk_finalize(): info: finishing task T101
1520553262.239215: 17942-7f1f11b1b700: cdpl_worker.c:585: in cdpl_wk_listen(): debug: received ASSIGN message
1520553262.239246: 17942-7f1f1b108fa0: cdpl_worker.c:1092: in cdpl_wk_wait_timeout(): info: starting task T111
1520553262.239262: 17942-7f1f1b108fa0: cdpl_compat_worker.c:597: in cdplWorkerLogInfo(): info: [runOneAcquisitionAdaptive DFCSNQD2 ncmpw__CP__hl__CP__lh__ACQ_1 job_112 ]
1520553270.101220: 17942-7f1f1b108fa0: cdpl_worker.c:1208: in cdpl_wk_finalize(): info: finishing task T111
1520553270.106135: 17942-7f1f11b1b700: cdpl_worker.c:585: in cdpl_wk_listen(): debug: received ASSIGN message
1520553270.106188: 17942-7f1f1b108fa0: cdpl_worker.c:1092: in cdpl_wk_wait_timeout(): info: starting task T120
1520553270.106204: 17942-7f1f1b108fa0: cdpl_compat_worker.c:597: in cdplWorkerLogInfo(): info: [runOneAcquisitionAdaptive DFCSNQD2 recover__CDN__lh__CP__lh__ACQ_1 job_121 ]
1520553345.784897: 17942-7f1f1b108fa0: cdpl_worker.c:1208: in cdpl_wk_finalize(): info: finishing task T120
1520553345.785609: 17942-7f1f11b1b700: cdpl_worker.c:585: in cdpl_wk_listen(): debug: received ASSIGN message
1520553345.785638: 17942-7f1f1b108fa0: cdpl_worker.c:1092: in cdpl_wk_wait_timeout(): info: starting task T187
1520553345.785668: 17942-7f1f1b108fa0: cdpl_compat_worker.c:597: in cdplWorkerLogInfo(): info: [runOneAcquisitionAdaptive AOI21D0 Cin__B__lh__ACQ_1 job_188 ]
1520553348.115193: 17942-7f1f1b108fa0: cdpl_worker.c:1208: in cdpl_wk_finalize(): info: finishing task T187
1520553348.115498: 17942-7f1f11b1b700: cdpl_worker.c:585: in cdpl_wk_listen(): debug: received ASSIGN message
1520553348.115528: 17942-7f1f1b108fa0: cdpl_worker.c:1092: in cdpl_wk_wait_timeout(): info: starting task T193
1520553348.115546: 17942-7f1f1b108fa0: cdpl_compat_worker.c:597: in cdplWorkerLogInfo(): info: [runOneAcquisitionAdaptive AOI21D0 Cin__A1__hl__ACQ_1 job_194 ]
1520553350.304468: 17942-7f1f1b108fa0: cdpl_worker.c:1208: in cdpl_wk_finalize(): info: finishing task T193
1520553350.304792: 17942-7f1f11b1b700: cdpl_worker.c:585: in cdpl_wk_listen(): debug: received ASSIGN message
1520553350.304825: 17942-7f1f1b108fa0: cdpl_worker.c:1092: in cdpl_wk_wait_timeout(): info: starting task T199
1520553350.304845: 17942-7f1f1b108fa0: cdpl_compat_worker.c:597: in cdplWorkerLogInfo(): info: [runOneAcquisitionAdaptive AOI21D1 Cin__A2__hl__ACQ_1 job_200 ]
1520553353.093841: 17942-7f1f1b108fa0: cdpl_worker.c:1208: in cdpl_wk_finalize(): info: finishing task T199
1520553353.094135: 17942-7f1f11b1b700: cdpl_worker.c:585: in cdpl_wk_listen(): debug: received ASSIGN message
1520553353.094168: 17942-7f1f1b108fa0: cdpl_worker.c:1092: in cdpl_wk_wait_timeout(): info: starting task T202
1520553353.094193: 17942-7f1f1b108fa0: cdpl_compat_worker.c:597: in cdplWorkerLogInfo(): info: [runOneAcquisitionAdaptive AOI21D1 leakage_power__ACQ_1 job_203 ]
1520553354.693740: 17942-7f1f1b108fa0: cdpl_worker.c:1208: in cdpl_wk_finalize(): info: finishing task T202
1520553354.694054: 17942-7f1f11b1b700: cdpl_worker.c:585: in cdpl_wk_listen(): debug: received ASSIGN message
1520553354.698801: 17942-7f1f1b108fa0: cdpl_worker.c:1092: in cdpl_wk_wait_timeout(): info: starting task T207
1520553354.698821: 17942-7f1f1b108fa0: cdpl_compat_worker.c:597: in cdplWorkerLogInfo(): info: [runOneAcquisitionAdaptive AOI21D1 Cin__A1__hl__ACQ_1 job_208 ]
1520553356.879072: 17942-7f1f1b108fa0: cdpl_worker.c:1208: in cdpl_wk_finalize(): info: finishing task T207
1520553356.879349: 17942-7f1f11b1b700: cdpl_worker.c:585: in cdpl_wk_listen(): debug: received ASSIGN message
1520553356.879382: 17942-7f1f1b108fa0: cdpl_worker.c:1092: in cdpl_wk_wait_timeout(): info: starting task T212
1520553356.879402: 17942-7f1f1b108fa0: cdpl_compat_worker.c:597: in cdplWorkerLogInfo(): info: [runOneAcquisitionAdaptive AOI21D1 delay__B__hl__ZN__lh__ACQ_1 job_213 ]
1520553364.975574: 17942-7f1f1b108fa0: cdpl_worker.c:1208: in cdpl_wk_finalize(): info: finishing task T212
1520553364.980021: 17942-7f1f11b1b700: cdpl_worker.c:585: in cdpl_wk_listen(): debug: received ASSIGN message
1520553364.980140: 17942-7f1f1b108fa0: cdpl_worker.c:1092: in cdpl_wk_wait_timeout(): info: starting task T239
1520553364.980162: 17942-7f1f1b108fa0: cdpl_compat_worker.c:597: in cdplWorkerLogInfo(): info: [runOneAcquisitionAdaptive AOI21D4 delay__B__lh__ZN__hl__ACQ_1 job_240 ]
1520553381.381640: 17942-7f1f1b108fa0: cdpl_worker.c:1208: in cdpl_wk_finalize(): info: finishing task T239
1520553381.386224: 17942-7f1f11b1b700: cdpl_worker.c:585: in cdpl_wk_listen(): debug: received ASSIGN message
1520553381.386373: 17942-7f1f1b108fa0: cdpl_worker.c:1092: in cdpl_wk_wait_timeout(): info: starting task T278
1520553381.386437: 17942-7f1f1b108fa0: cdpl_compat_worker.c:597: in cdplWorkerLogInfo(): info: [runOneAcquisitionAdaptive MUX2D2 leakage_power__ACQ_1 job_279 ]
1520553383.386854: 17942-7f1f1b108fa0: cdpl_worker.c:1208: in cdpl_wk_finalize(): info: finishing task T278
1520553383.391870: 17942-7f1f11b1b700: cdpl_worker.c:585: in cdpl_wk_listen(): debug: received ASSIGN message
1520553383.391903: 17942-7f1f1b108fa0: cdpl_worker.c:1092: in cdpl_wk_wait_timeout(): info: starting task T287
1520553383.391922: 17942-7f1f1b108fa0: cdpl_compat_worker.c:597: in cdplWorkerLogInfo(): info: [runOneAcquisitionAdaptive MUX2D2 Cin__I0__lh__ACQ_1 job_288 ]
1520553386.109209: 17942-7f1f1b108fa0: cdpl_worker.c:1208: in cdpl_wk_finalize(): info: finishing task T287
1520553386.109500: 17942-7f1f11b1b700: cdpl_worker.c:585: in cdpl_wk_listen(): debug: received ASSIGN message
1520553386.109533: 17942-7f1f1b108fa0: cdpl_worker.c:1092: in cdpl_wk_wait_timeout(): info: starting task T295
1520553386.109552: 17942-7f1f1b108fa0: cdpl_compat_worker.c:597: in cdplWorkerLogInfo(): info: [runOneAcquisitionAdaptive MUX2D4 leakage_power__ACQ_4 job_296 ]
1520553388.103596: 17942-7f1f1b108fa0: cdpl_worker.c:1208: in cdpl_wk_finalize(): info: finishing task T295
1520553388.103901: 17942-7f1f11b1b700: cdpl_worker.c:585: in cdpl_wk_listen(): debug: received ASSIGN message
1520553388.104018: 17942-7f1f1b108fa0: cdpl_worker.c:1092: in cdpl_wk_wait_timeout(): info: starting task T299
1520553388.104037: 17942-7f1f1b108fa0: cdpl_compat_worker.c:597: in cdplWorkerLogInfo(): info: [runOneAcquisitionAdaptive MUX2D4 Cin__S__hl__ACQ_1 job_300 ]
1520553390.824726: 17942-7f1f1b108fa0: cdpl_worker.c:1208: in cdpl_wk_finalize(): info: finishing task T299
1520553390.824934: 17942-7f1f11b1b700: cdpl_worker.c:585: in cdpl_wk_listen(): debug: received ASSIGN message
1520553390.828985: 17942-7f1f1b108fa0: cdpl_worker.c:1092: in cdpl_wk_wait_timeout(): info: starting task T305
1520553390.829005: 17942-7f1f1b108fa0: cdpl_compat_worker.c:597: in cdplWorkerLogInfo(): info: [runOneAcquisitionAdaptive OAI21D0 Cin__A2__hl__ACQ_1 job_306 ]
1520553392.899588: 17942-7f1f1b108fa0: cdpl_worker.c:1208: in cdpl_wk_finalize(): info: finishing task T305
1520553392.899811: 17942-7f1f11b1b700: cdpl_worker.c:585: in cdpl_wk_listen(): debug: received ASSIGN message
1520553392.899835: 17942-7f1f1b108fa0: cdpl_worker.c:1092: in cdpl_wk_wait_timeout(): info: starting task T312
1520553392.899850: 17942-7f1f1b108fa0: cdpl_compat_worker.c:597: in cdplWorkerLogInfo(): info: [runOneAcquisitionAdaptive OAI21D0 Cin__A2__lh__ACQ_1 job_313 ]
1520553394.612357: 17942-7f1f1b108fa0: cdpl_worker.c:1208: in cdpl_wk_finalize(): info: finishing task T312
1520553394.612570: 17942-7f1f11b1b700: cdpl_worker.c:585: in cdpl_wk_listen(): debug: received ASSIGN message
1520553394.612595: 17942-7f1f1b108fa0: cdpl_worker.c:1092: in cdpl_wk_wait_timeout(): info: starting task T323
1520553394.612610: 17942-7f1f1b108fa0: cdpl_compat_worker.c:597: in cdplWorkerLogInfo(): info: [runOneAcquisitionAdaptive OAI21D1 delay__A1__lh__ZN__hl__ACQ_1 job_324 ]
1520553402.864551: 17942-7f1f1b108fa0: cdpl_worker.c:1208: in cdpl_wk_finalize(): info: finishing task T323
1520553402.873817: 17942-7f1f11b1b700: cdpl_worker.c:585: in cdpl_wk_listen(): debug: received ASSIGN message
1520553402.873875: 17942-7f1f1b108fa0: cdpl_worker.c:1092: in cdpl_wk_wait_timeout(): info: starting task T348
1520553402.873892: 17942-7f1f1b108fa0: cdpl_compat_worker.c:597: in cdplWorkerLogInfo(): info: [runOneAcquisitionAdaptive OAI21D4 Cin__A1__lh__ACQ_1 job_349 ]
1520553406.042064: 17942-7f1f1b108fa0: cdpl_worker.c:1208: in cdpl_wk_finalize(): info: finishing task T348
1520553406.042372: 17942-7f1f11b1b700: cdpl_worker.c:585: in cdpl_wk_listen(): debug: received ASSIGN message
1520553406.042401: 17942-7f1f1b108fa0: cdpl_worker.c:1092: in cdpl_wk_wait_timeout(): info: starting task T363
1520553406.042420: 17942-7f1f1b108fa0: cdpl_compat_worker.c:597: in cdplWorkerLogInfo(): info: [runOneAcquisitionAdaptive AN2D0 delay__A1__lh__Z__lh__ACQ_1 job_364 ]
1520553413.619821: 17942-7f1f1b108fa0: cdpl_worker.c:1208: in cdpl_wk_finalize(): info: finishing task T363
1520553413.620287: 17942-7f1f11b1b700: cdpl_worker.c:585: in cdpl_wk_listen(): debug: received ASSIGN message
1520553413.620355: 17942-7f1f1b108fa0: cdpl_worker.c:1092: in cdpl_wk_wait_timeout(): info: starting task T388
1520553413.620375: 17942-7f1f1b108fa0: cdpl_compat_worker.c:597: in cdplWorkerLogInfo(): info: [runOneAcquisitionAdaptive AN2D2 delay__A2__hl__Z__hl__ACQ_1 job_389 ]
1520553422.871930: 17942-7f1f1b108fa0: cdpl_worker.c:1208: in cdpl_wk_finalize(): info: finishing task T388
1520553422.876783: 17942-7f1f11b1b700: cdpl_worker.c:585: in cdpl_wk_listen(): debug: received ASSIGN message
1520553422.876921: 17942-7f1f1b108fa0: cdpl_worker.c:1092: in cdpl_wk_wait_timeout(): info: starting task T434
1520553422.876943: 17942-7f1f1b108fa0: cdpl_compat_worker.c:597: in cdplWorkerLogInfo(): info: [runOneAcquisitionAdaptive ND2D1 delay__A1__lh__ZN__hl__ACQ_1 job_435 ]
1520553428.678004: 17942-7f1f1b108fa0: cdpl_worker.c:1208: in cdpl_wk_finalize(): info: finishing task T434
1520553428.678452: 17942-7f1f11b1b700: cdpl_worker.c:585: in cdpl_wk_listen(): debug: received ASSIGN message
1520553428.678500: 17942-7f1f1b108fa0: cdpl_worker.c:1092: in cdpl_wk_wait_timeout(): info: starting task T460
1520553428.678516: 17942-7f1f1b108fa0: cdpl_compat_worker.c:597: in cdplWorkerLogInfo(): info: [runOneAcquisitionAdaptive ND2D3 delay__A2__hl__ZN__lh__ACQ_1 job_461 ]
1520553448.333587: 17942-7f1f1b108fa0: cdpl_worker.c:1208: in cdpl_wk_finalize(): info: finishing task T460
1520553448.337918: 17942-7f1f11b1b700: cdpl_worker.c:585: in cdpl_wk_listen(): debug: received ASSIGN message
1520553448.337962: 17942-7f1f1b108fa0: cdpl_worker.c:1092: in cdpl_wk_wait_timeout(): info: starting task T518
1520553448.337980: 17942-7f1f1b108fa0: cdpl_compat_worker.c:597: in cdplWorkerLogInfo(): info: [runOneAcquisitionAdaptive NR2D3 Cin__A1__hl__ACQ_1 job_519 ]
1520553450.633672: 17942-7f1f1b108fa0: cdpl_worker.c:1208: in cdpl_wk_finalize(): info: finishing task T518
1520553450.634036: 17942-7f1f11b1b700: cdpl_worker.c:585: in cdpl_wk_listen(): debug: received ASSIGN message
1520553450.637942: 17942-7f1f1b108fa0: cdpl_worker.c:1092: in cdpl_wk_wait_timeout(): info: starting task T532
1520553450.637981: 17942-7f1f1b108fa0: cdpl_compat_worker.c:597: in cdplWorkerLogInfo(): info: [runOneAcquisitionAdaptive NR2D8 Cin__A1__lh__ACQ_1 job_533 ]
1520553454.329948: 17942-7f1f1b108fa0: cdpl_worker.c:1208: in cdpl_wk_finalize(): info: finishing task T532
1520553454.330165: 17942-7f1f11b1b700: cdpl_worker.c:585: in cdpl_wk_listen(): debug: received ASSIGN message
1520553454.335050: 17942-7f1f1b108fa0: cdpl_worker.c:1092: in cdpl_wk_wait_timeout(): info: starting task T545
1520553454.335071: 17942-7f1f1b108fa0: cdpl_compat_worker.c:597: in cdplWorkerLogInfo(): info: [runOneAcquisitionAdaptive OR2D0 leakage_power__ACQ_1 job_546 ]
1520553456.424453: 17942-7f1f1b108fa0: cdpl_worker.c:1208: in cdpl_wk_finalize(): info: finishing task T545
1520553456.424649: 17942-7f1f11b1b700: cdpl_worker.c:585: in cdpl_wk_listen(): debug: received ASSIGN message
1520553456.424673: 17942-7f1f1b108fa0: cdpl_worker.c:1092: in cdpl_wk_wait_timeout(): info: starting task T552
1520553456.424688: 17942-7f1f1b108fa0: cdpl_compat_worker.c:597: in cdplWorkerLogInfo(): info: [runOneAcquisitionAdaptive OR2D1 Cin__A1__lh__ACQ_1 job_553 ]
1520553458.861229: 17942-7f1f1b108fa0: cdpl_worker.c:1208: in cdpl_wk_finalize(): info: finishing task T552
1520553458.861617: 17942-7f1f11b1b700: cdpl_worker.c:585: in cdpl_wk_listen(): debug: received ASSIGN message
1520553458.866127: 17942-7f1f1b108fa0: cdpl_worker.c:1092: in cdpl_wk_wait_timeout(): info: starting task T561
1520553458.866160: 17942-7f1f1b108fa0: cdpl_compat_worker.c:597: in cdplWorkerLogInfo(): info: [runOneAcquisitionAdaptive OR2D2 Cin__A2__hl__ACQ_1 job_562 ]
1520553461.307978: 17942-7f1f1b108fa0: cdpl_worker.c:1208: in cdpl_wk_finalize(): info: finishing task T561
1520553461.308195: 17942-7f1f11b1b700: cdpl_worker.c:585: in cdpl_wk_listen(): debug: received ASSIGN message
1520553461.308219: 17942-7f1f1b108fa0: cdpl_worker.c:1092: in cdpl_wk_wait_timeout(): info: starting task T571
1520553461.308234: 17942-7f1f1b108fa0: cdpl_compat_worker.c:597: in cdplWorkerLogInfo(): info: [runOneAcquisitionAdaptive OR2D4 Cin__A2__hl__ACQ_1 job_572 ]
1520553463.845370: 17942-7f1f1b108fa0: cdpl_worker.c:1208: in cdpl_wk_finalize(): info: finishing task T571
1520553463.845681: 17942-7f1f11b1b700: cdpl_worker.c:585: in cdpl_wk_listen(): debug: received ASSIGN message
1520553463.845713: 17942-7f1f1b108fa0: cdpl_worker.c:1092: in cdpl_wk_wait_timeout(): info: starting task T584
1520553463.845732: 17942-7f1f1b108fa0: cdpl_compat_worker.c:597: in cdplWorkerLogInfo(): info: [runOneAcquisitionAdaptive OR2XD1 delay__A1__hl__Z__hl__ACQ_1 job_585 ]
1520553472.473354: 17942-7f1f1b108fa0: cdpl_worker.c:1208: in cdpl_wk_finalize(): info: finishing task T584
1520553472.473757: 17942-7f1f11b1b700: cdpl_worker.c:585: in cdpl_wk_listen(): debug: received ASSIGN message
1520553472.473803: 17942-7f1f1b108fa0: cdpl_worker.c:1092: in cdpl_wk_wait_timeout(): info: starting task T614
1520553472.473819: 17942-7f1f1b108fa0: cdpl_compat_worker.c:597: in cdplWorkerLogInfo(): info: [runOneAcquisitionAdaptive XNR2D2 leakage_power__ACQ_2 job_615 ]
1520553474.051430: 17942-7f1f1b108fa0: cdpl_worker.c:1208: in cdpl_wk_finalize(): info: finishing task T614
1520553474.051632: 17942-7f1f11b1b700: cdpl_worker.c:585: in cdpl_wk_listen(): debug: received ASSIGN message
1520553474.051656: 17942-7f1f1b108fa0: cdpl_worker.c:1092: in cdpl_wk_wait_timeout(): info: starting task T618
1520553474.051671: 17942-7f1f1b108fa0: cdpl_compat_worker.c:597: in cdplWorkerLogInfo(): info: [runOneAcquisitionAdaptive XNR2D2 delay__A2__hl__ZN__lh__ACQ_1 job_619 ]
1520553487.952693: 17942-7f1f1b108fa0: cdpl_worker.c:1208: in cdpl_wk_finalize(): info: finishing task T618
1520553487.954686: 17942-7f1f11b1b700: cdpl_worker.c:585: in cdpl_wk_listen(): debug: received ASSIGN message
1520553487.954737: 17942-7f1f1b108fa0: cdpl_worker.c:1092: in cdpl_wk_wait_timeout(): info: starting task T649
1520553487.954758: 17942-7f1f1b108fa0: cdpl_compat_worker.c:597: in cdplWorkerLogInfo(): info: [runOneAcquisitionAdaptive XOR2D1 delay__A2__lh__Z__hl__ACQ_1 job_650 ]
1520553498.580861: 17942-7f1f1b108fa0: cdpl_worker.c:1208: in cdpl_wk_finalize(): info: finishing task T649
1520553498.585147: 17942-7f1f11b1b700: cdpl_worker.c:585: in cdpl_wk_listen(): debug: received ASSIGN message
1520553498.585215: 17942-7f1f1b108fa0: cdpl_worker.c:1092: in cdpl_wk_wait_timeout(): info: starting task T681
1520553498.585233: 17942-7f1f1b108fa0: cdpl_compat_worker.c:597: in cdplWorkerLogInfo(): info: [runOneAcquisitionAdaptive BUFFD3 leakage_power__ACQ_1 job_682 ]
1520553500.559640: 17942-7f1f1b108fa0: cdpl_worker.c:1208: in cdpl_wk_finalize(): info: finishing task T681
1520553500.560068: 17942-7f1f11b1b700: cdpl_worker.c:585: in cdpl_wk_listen(): debug: received ASSIGN message
1520553500.560094: 17942-7f1f1b108fa0: cdpl_worker.c:1092: in cdpl_wk_wait_timeout(): info: starting task T689
1520553500.560109: 17942-7f1f1b108fa0: cdpl_compat_worker.c:597: in cdplWorkerLogInfo(): info: [runOneAcquisitionAdaptive BUFFD6 leakage_power__ACQ_1 job_690 ]
1520553502.989653: 17942-7f1f1b108fa0: cdpl_worker.c:1208: in cdpl_wk_finalize(): info: finishing task T689
1520553502.989961: 17942-7f1f11b1b700: cdpl_worker.c:585: in cdpl_wk_listen(): debug: received ASSIGN message
1520553502.994112: 17942-7f1f1b108fa0: cdpl_worker.c:1092: in cdpl_wk_wait_timeout(): info: starting task T697
1520553502.994134: 17942-7f1f1b108fa0: cdpl_compat_worker.c:597: in cdplWorkerLogInfo(): info: [runOneAcquisitionAdaptive INVD0 leakage_power__ACQ_1 job_698 ]
1520553504.486287: 17942-7f1f1b108fa0: cdpl_worker.c:1208: in cdpl_wk_finalize(): info: finishing task T697
1520553504.486608: 17942-7f1f11b1b700: cdpl_worker.c:585: in cdpl_wk_listen(): debug: received ASSIGN message
1520553504.491121: 17942-7f1f1b108fa0: cdpl_worker.c:1092: in cdpl_wk_wait_timeout(): info: starting task T700
1520553504.491153: 17942-7f1f1b108fa0: cdpl_compat_worker.c:597: in cdplWorkerLogInfo(): info: [runOneAcquisitionAdaptive INVD0 delay__I__hl__ZN__lh__ACQ_1 job_701 ]
1520553514.541861: 17942-7f1f1b108fa0: cdpl_worker.c:1208: in cdpl_wk_finalize(): info: finishing task T700
1520553514.543730: 17942-7f1f11b1b700: cdpl_worker.c:585: in cdpl_wk_listen(): debug: received ASSIGN message
1520553514.543758: 17942-7f1f1b108fa0: cdpl_worker.c:1092: in cdpl_wk_wait_timeout(): info: starting task T716
1520553514.543778: 17942-7f1f1b108fa0: cdpl_compat_worker.c:597: in cdplWorkerLogInfo(): info: [runOneAcquisitionAdaptive INVD2 delay__I__hl__ZN__lh__ACQ_1 job_717 ]
1520553521.672928: 17942-7f1f1b108fa0: cdpl_worker.c:1208: in cdpl_wk_finalize(): info: finishing task T716
1520553521.677890: 17942-7f1f11b1b700: cdpl_worker.c:585: in cdpl_wk_listen(): debug: received ASSIGN message
1520553521.677937: 17942-7f1f1b108fa0: cdpl_worker.c:1092: in cdpl_wk_wait_timeout(): info: starting task T740
1520553521.677953: 17942-7f1f1b108fa0: cdpl_compat_worker.c:597: in cdplWorkerLogInfo(): info: [runOneAcquisitionAdaptive INVD8 delay__I__hl__ZN__lh__ACQ_1 job_741 ]
1520553526.520773: 17942-7f1f1b108fa0: cdpl_worker.c:1208: in cdpl_wk_finalize(): info: finishing task T740
1520553546.208576: 17942-7f1f11b1b700: cdpl_worker.c:616: in cdpl_wk_listen(): debug: received RELAY message
1520553548.160011: 17942-7f1f11b1b700: cdpl_worker.c:585: in cdpl_wk_listen(): debug: received ASSIGN message
1520553548.160050: 17942-7f1f1b108fa0: cdpl_worker.c:1092: in cdpl_wk_wait_timeout(): info: starting task T759
1520553548.480075: 17942-7f1f1b108fa0: cdpl_compat_worker.c:597: in cdplWorkerLogInfo(): info: [modelOneCellAdaptive {AN2D2 }]
1520553554.751619: 17942-7f1f1b108fa0: cdpl_worker.c:1208: in cdpl_wk_finalize(): info: finishing task T759
1520553554.752015: 17942-7f1f11b1b700: cdpl_worker.c:585: in cdpl_wk_listen(): debug: received ASSIGN message
1520553554.752068: 17942-7f1f1b108fa0: cdpl_worker.c:1092: in cdpl_wk_wait_timeout(): info: starting task T780
1520553554.752102: 17942-7f1f1b108fa0: cdpl_compat_worker.c:597: in cdplWorkerLogInfo(): info: [modelOneCellAdaptive {XNR2D0 }]
1520553561.742208: 17942-7f1f1b108fa0: cdpl_worker.c:1208: in cdpl_wk_finalize(): info: finishing task T780
1520553580.704543: 17942-7f1f11b1b700: cdpl_worker.c:616: in cdpl_wk_listen(): debug: received RELAY message
1520553580.744174: 17942-7f1f1251c700: cdpl_ipc.c:606: in _readv(): warning: read(): EOF
1520553580.744255: 17942-7f1f1251c700: cdpl_ipc.c:1462: in _epoll_recv(): debug: _readv(): Broken pipe
1520553580.744276: 17942-7f1f1251c700: cdpl_ipc.c:1683: in _epoll_main(): debug: _epoll_recv(): Broken pipe
1520553580.744304: 17942-7f1f1251c700: cdpl_ipc.c:1061: in _host_drop__UNSAFE(): debug: dropping host `128.54.67.147:38978'
1520553580.745459: 17942-7f1f11b1b700: cdpl_worker.c:561: in cdpl_wk_listen(): debug: received DROP notification
1520553580.745501: 17942-7f1f11b1b700: cdpl_worker.c:565: in cdpl_wk_listen(): debug: we were dropped by the server
1520553580.745517: 17942-7f1f11b1b700: cdpl_worker.c:492: in _wk_kill(): debug: killing worker
1520553580.745531: 17942-7f1f11b1b700: cdpl_ipc.c:2481: in cdpl_ipc_kill(): debug: stopping event server
1520553580.745573: 17942-7f1f11b1b700: cdpl_worker.c:542: in cdpl_wk_listen(): debug: leaving now
1520553580.745696: 17942-7f1f1251c700: cdpl_ipc.c:1720: in _epoll_main(): debug: server going down...
1520553580.745745: 17942-7f1f1b108fa0: cdpl_compat_worker.c:597: in cdplWorkerLogInfo(): info: [Worker shutdown. Code: 3]
1520553580.855343: 17942-7f1f1b108fa0: cdpl_worker.c:856: in _wk_shutdown(): debug: waiting for heartbeat thread
1520553580.855384: 17942-7f1f1111a700: cdpl_worker.c:709: in cdpl_wk_heartbeat(): info: stopping heartbeat
1520553580.855522: 17942-7f1f1b108fa0: cdpl_ipc.c:1781: in cdpl_ipc_host_release(): debug: releasing host `128.54.67.147:38978'
1520553580.855645: 17942-7f1f1b108fa0: cdpl_ipc.c:2532: in cdpl_ipc_free(): debug: releasing IPC handle
1520553580.855664: 17942-7f1f1b108fa0: cdpl_ipc.c:986: in _host_free__UNSAFE(): debug: freeing host `128.54.67.147:38978'
1520553580.855679: 17942-7f1f1b108fa0: cdpl_ipc.c:1028: in _host_free__UNSAFE(): debug: [0 outq, 0 spR, 0 spW]
1520553580.855727: 17942-7f1f1b108fa0: cdpl_ipc.c:2571: in cdpl_ipc_free(): debug: done
1520553580.855745: 17942-7f1f1b108fa0: cdpl_worker.c:912: in cdpl_wk_free(): info: freed
1520553580.855759: 17942-7f1f1b108fa0: cdpl_log.c:359: in cdpl_log_close(): debug: @@end_of_log@@
