1520553066.715057: 17755-7ff9ee79efa0: cdpl_log.c:221: in cdpl_log_open(): debug: @@start_of_log@@
1520553066.715190: 17755-7ff9ee79efa0: cdpl_log.c:729: in cdpl_log_dump_sysinfo(): info: time: 2018/03/08 15:51:06 PST -0800
1520553066.715219: 17755-7ff9ee79efa0: cdpl_log.c:731: in cdpl_log_dump_sysinfo(): info: version: L_2016.03_SP2_PROD_CDPL 
1520553066.715240: 17755-7ff9ee79efa0: cdpl_log.c:736: in cdpl_log_dump_sysinfo(): info: system: Linux 2.6.32-696.18.7.el6.x86_64 #1 SMP Thu Jan 4 17:31:22 UTC 2018
1520553066.715262: 17755-7ff9ee79efa0: cdpl_log.c:740: in cdpl_log_dump_sysinfo(): info: processor: x86_64 64-bits
1520553066.715280: 17755-7ff9ee79efa0: cdpl_log.c:742: in cdpl_log_dump_sysinfo(): info: hostname: ieng6-ece-17.ucsd.edu
1520553066.715301: 17755-7ff9ee79efa0: cdpl_log.c:223: in cdpl_log_open(): debug: path: /home/linux/ieng6/ee260b/shl237/lab6/run_siliconsmart/LIB_FF_1.1_-40_ALL/runtime/cdpl/worker.W1.ieng6-ece-17.ucsd.edu.17755.log
1520553066.715325: 17755-7ff9ee79efa0: cdpl_log.c:224: in cdpl_log_open(): debug: dir: /home/linux/ieng6/ee260b/shl237/lab6/run_siliconsmart/LIB_FF_1.1_-40_ALL/runtime/cdpl
1520553066.715357: 17755-7ff9ee79efa0: cdpl_worker.c:728: in cdpl_wk_new(): info: creating worker instance
1520553066.716406: 17755-7ff9ee79efa0: cdpl_worker.c:925: in cdpl_wk_start(): debug: starting worker
1520553066.716448: 17755-7ff9ee79efa0: cdpl_worker.c:276: in cdpl_wk_setup(): info: CDPL_SERVER is "128.54.67.147:38978"
1520553066.716474: 17755-7ff9ee79efa0: cdpl_worker.c:299: in cdpl_wk_setup(): info: server 128.54.67.147, port 38978
1520553066.716497: 17755-7ff9ee79efa0: cdpl_worker.c:319: in cdpl_wk_setup(): info: CDPL_ID is "1:1:1:1:769061682"
1520553066.716559: 17755-7ff9ee79efa0: cdpl_worker.c:361: in cdpl_wk_setup(): info: we are W1-B1-J1-M1-S769061682
1520553066.716582: 17755-7ff9ee79efa0: cdpl_worker.c:363: in cdpl_wk_setup(): info: we are on host ieng6-ece-17.ucsd.edu
1520553066.716601: 17755-7ff9ee79efa0: cdpl_worker.c:372: in cdpl_wk_daemonize(): debug: will *not* daemonize
1520553066.716629: 17755-7ff9ee79efa0: cdpl_ipc.c:2593: in cdpl_ipc_connect(): info: connecting to 128.54.67.147:38978
1520553066.717001: 17755-7ff9ee79efa0: cdpl_ipc.c:2659: in cdpl_ipc_connect(): info: connected as `128.54.67.147:50560'
1520553066.717091: 17755-7ff9ee79efa0: cdpl_ipc.c:1763: in cdpl_ipc_host_accept(): debug: accepted host `128.54.67.147:38978'
1520553066.717155: 17755-7ff9ee79efa0: cdpl_ipc.c:2436: in cdpl_ipc_start(): debug: starting IPC server 128.54.67.147:33795
1520553066.717457: 17755-7ff9ee79efa0: cdpl_compat_worker.c:148: in cdplStartWorker(): info: SNPSLMD_LICENSE_FILE is 1705@acms-flexlm-lnx4.ucsd.edu,1705@acms-flexlm-lnx5.ucsd.edu,1705@acms-flexlm-lnx6.ucsd.edu
1520553066.717672: 17755-7ff9ee79efa0: cdpl_compat_worker.c:597: in cdplWorkerLogInfo(): info: [Maximum lifespan of worker is set to 1200m]
1520553066.717851: 17755-7ff9ee79efa0: cdpl_compat_worker.c:597: in cdplWorkerLogInfo(): info: [Peak virtual memory is set to 128GB]
1520553066.723958: 17755-7ff9e51b1700: cdpl_worker.c:528: in cdpl_wk_listen(): debug: ready
1520553066.727841: 17755-7ff9e51b1700: cdpl_worker.c:585: in cdpl_wk_listen(): debug: received ASSIGN message
1520553066.727919: 17755-7ff9ee79efa0: cdpl_worker.c:1092: in cdpl_wk_wait_timeout(): info: starting task T0
1520553066.727990: 17755-7ff9ee79efa0: cdpl_compat_worker.c:597: in cdplWorkerLogInfo(): info: [configOneCellAdaptive { AN2D0 }]
1520553066.728208: 17755-7ff9e47b0700: cdpl_worker.c:656: in cdpl_wk_heartbeat(): debug: starting heartbeat
1520553066.728275: 17755-7ff9e47b0700: cdpl_worker.c:665: in cdpl_wk_heartbeat(): info: setting heartbeat period to 60 sec
1520553066.728320: 17755-7ff9e47b0700: cdpl_worker.c:673: in cdpl_wk_heartbeat(): info: first heartbeat in 1 sec
1520553076.575711: 17755-7ff9e51b1700: cdpl_worker.c:585: in cdpl_wk_listen(): debug: received ASSIGN message
1520553076.576919: 17755-7ff9ee79efa0: cdpl_worker.c:1208: in cdpl_wk_finalize(): info: finishing task T0
1520553076.577092: 17755-7ff9ee79efa0: cdpl_worker.c:1092: in cdpl_wk_wait_timeout(): info: starting task T1
1520553076.577121: 17755-7ff9ee79efa0: cdpl_compat_worker.c:597: in cdplWorkerLogInfo(): info: [configOneCellAdaptive { AN2D1 }]
1520553079.449134: 17755-7ff9ee79efa0: cdpl_worker.c:1208: in cdpl_wk_finalize(): info: finishing task T1
1520553079.449526: 17755-7ff9e51b1700: cdpl_worker.c:585: in cdpl_wk_listen(): debug: received ASSIGN message
1520553079.449564: 17755-7ff9ee79efa0: cdpl_worker.c:1092: in cdpl_wk_wait_timeout(): info: starting task T5
1520553079.449586: 17755-7ff9ee79efa0: cdpl_compat_worker.c:597: in cdplWorkerLogInfo(): info: [configOneCellAdaptive { AN2XD1 }]
1520553081.974377: 17755-7ff9ee79efa0: cdpl_worker.c:1208: in cdpl_wk_finalize(): info: finishing task T5
1520553081.974817: 17755-7ff9e51b1700: cdpl_worker.c:585: in cdpl_wk_listen(): debug: received ASSIGN message
1520553081.979118: 17755-7ff9ee79efa0: cdpl_worker.c:1092: in cdpl_wk_wait_timeout(): info: starting task T16
1520553081.979145: 17755-7ff9ee79efa0: cdpl_compat_worker.c:597: in cdplWorkerLogInfo(): info: [configOneCellAdaptive { BUFFD4 }]
1520553091.898728: 17755-7ff9ee79efa0: cdpl_worker.c:1208: in cdpl_wk_finalize(): info: finishing task T16
1520553092.553776: 17755-7ff9e51b1700: cdpl_worker.c:585: in cdpl_wk_listen(): debug: received ASSIGN message
1520553092.553851: 17755-7ff9ee79efa0: cdpl_worker.c:1092: in cdpl_wk_wait_timeout(): info: starting task T19
1520553092.553897: 17755-7ff9ee79efa0: cdpl_compat_worker.c:597: in cdplWorkerLogInfo(): info: [configOneCellAdaptive { DFCSNQD1 }]
1520553116.709991: 17755-7ff9ee79efa0: cdpl_worker.c:1208: in cdpl_wk_finalize(): info: finishing task T19
1520553116.714963: 17755-7ff9e51b1700: cdpl_worker.c:585: in cdpl_wk_listen(): debug: received ASSIGN message
1520553116.715096: 17755-7ff9ee79efa0: cdpl_worker.c:1092: in cdpl_wk_wait_timeout(): info: starting task T64
1520553116.715121: 17755-7ff9ee79efa0: cdpl_compat_worker.c:597: in cdplWorkerLogInfo(): info: [configOneCellAdaptive { XOR2D1 }]
1520553138.745278: 17755-7ff9ee79efa0: cdpl_worker.c:1208: in cdpl_wk_finalize(): info: finishing task T64
1520553201.721068: 17755-7ff9e51b1700: cdpl_worker.c:616: in cdpl_wk_listen(): debug: received RELAY message
1520553201.989837: 17755-7ff9e51b1700: cdpl_worker.c:616: in cdpl_wk_listen(): debug: received RELAY message
1520553206.407593: 17755-7ff9e51b1700: cdpl_worker.c:585: in cdpl_wk_listen(): debug: received ASSIGN message
1520553206.407687: 17755-7ff9ee79efa0: cdpl_worker.c:1092: in cdpl_wk_wait_timeout(): info: starting task T84
1520553209.476465: 17755-7ff9ee79efa0: cdpl_compat_worker.c:597: in cdplWorkerLogInfo(): info: [runOneAcquisitionAdaptive DFCSNQD1 removal__CDN__lh__CP__lh__ACQ_1 job_85 ]
1520553308.355885: 17755-7ff9ee79efa0: cdpl_worker.c:1208: in cdpl_wk_finalize(): info: finishing task T84
1520553308.356334: 17755-7ff9e51b1700: cdpl_worker.c:585: in cdpl_wk_listen(): debug: received ASSIGN message
1520553308.356385: 17755-7ff9ee79efa0: cdpl_worker.c:1092: in cdpl_wk_wait_timeout(): info: starting task T156
1520553308.356401: 17755-7ff9ee79efa0: cdpl_compat_worker.c:597: in cdplWorkerLogInfo(): info: [runOneAcquisitionAdaptive DFCSNQD4 leakage_power__ACQ_10 job_157 ]
1520553311.141328: 17755-7ff9ee79efa0: cdpl_worker.c:1208: in cdpl_wk_finalize(): info: finishing task T156
1520553311.142066: 17755-7ff9e51b1700: cdpl_worker.c:585: in cdpl_wk_listen(): debug: received ASSIGN message
1520553311.146120: 17755-7ff9ee79efa0: cdpl_worker.c:1092: in cdpl_wk_wait_timeout(): info: starting task T160
1520553311.146151: 17755-7ff9ee79efa0: cdpl_compat_worker.c:597: in cdplWorkerLogInfo(): info: [runOneAcquisitionAdaptive DFCSNQD4 energy__SDN__hl__ACQ_1 job_161 ]
1520553315.747533: 17755-7ff9ee79efa0: cdpl_worker.c:1208: in cdpl_wk_finalize(): info: finishing task T160
1520553315.752140: 17755-7ff9e51b1700: cdpl_worker.c:585: in cdpl_wk_listen(): debug: received ASSIGN message
1520553315.752197: 17755-7ff9ee79efa0: cdpl_worker.c:1092: in cdpl_wk_wait_timeout(): info: starting task T164
1520553315.752214: 17755-7ff9ee79efa0: cdpl_compat_worker.c:597: in cdplWorkerLogInfo(): info: [runOneAcquisitionAdaptive DFCSNQD4 energy__CDN__lh__Q__lh__ACQ_1 job_165 ]
1520553342.010438: 17755-7ff9ee79efa0: cdpl_worker.c:1208: in cdpl_wk_finalize(): info: finishing task T164
1520553342.015136: 17755-7ff9e51b1700: cdpl_worker.c:585: in cdpl_wk_listen(): debug: received ASSIGN message
1520553342.015250: 17755-7ff9ee79efa0: cdpl_worker.c:1092: in cdpl_wk_wait_timeout(): info: starting task T183
1520553342.015267: 17755-7ff9ee79efa0: cdpl_compat_worker.c:597: in cdplWorkerLogInfo(): info: [runOneAcquisitionAdaptive LHQD2 Cin__E__hl__ACQ_1 job_184 ]
1520553346.918134: 17755-7ff9ee79efa0: cdpl_worker.c:1208: in cdpl_wk_finalize(): info: finishing task T183
1520553346.922874: 17755-7ff9e51b1700: cdpl_worker.c:585: in cdpl_wk_listen(): debug: received ASSIGN message
1520553346.922984: 17755-7ff9ee79efa0: cdpl_worker.c:1092: in cdpl_wk_wait_timeout(): info: starting task T190
1520553346.923000: 17755-7ff9ee79efa0: cdpl_compat_worker.c:597: in cdplWorkerLogInfo(): info: [runOneAcquisitionAdaptive AOI21D0 delay__A1__lh__ZN__hl__ACQ_1 job_191 ]
1520553354.553693: 17755-7ff9ee79efa0: cdpl_worker.c:1208: in cdpl_wk_finalize(): info: finishing task T190
1520553354.554129: 17755-7ff9e51b1700: cdpl_worker.c:585: in cdpl_wk_listen(): debug: received ASSIGN message
1520553354.554199: 17755-7ff9ee79efa0: cdpl_worker.c:1092: in cdpl_wk_wait_timeout(): info: starting task T206
1520553354.554220: 17755-7ff9ee79efa0: cdpl_compat_worker.c:597: in cdplWorkerLogInfo(): info: [runOneAcquisitionAdaptive AOI21D1 Cin__A2__lh__ACQ_1 job_207 ]
1520553356.968394: 17755-7ff9ee79efa0: cdpl_worker.c:1208: in cdpl_wk_finalize(): info: finishing task T206
1520553356.968425: 17755-7ff9e51b1700: cdpl_worker.c:585: in cdpl_wk_listen(): debug: received ASSIGN message
1520553356.968476: 17755-7ff9ee79efa0: cdpl_worker.c:1092: in cdpl_wk_wait_timeout(): info: starting task T213
1520553356.968491: 17755-7ff9ee79efa0: cdpl_compat_worker.c:597: in cdplWorkerLogInfo(): info: [runOneAcquisitionAdaptive AOI21D2 Cin__A2__hl__ACQ_1 job_214 ]
1520553359.501632: 17755-7ff9ee79efa0: cdpl_worker.c:1208: in cdpl_wk_finalize(): info: finishing task T213
1520553359.502203: 17755-7ff9e51b1700: cdpl_worker.c:585: in cdpl_wk_listen(): debug: received ASSIGN message
1520553359.502241: 17755-7ff9ee79efa0: cdpl_worker.c:1092: in cdpl_wk_wait_timeout(): info: starting task T223
1520553359.502260: 17755-7ff9ee79efa0: cdpl_compat_worker.c:597: in cdplWorkerLogInfo(): info: [runOneAcquisitionAdaptive AOI21D2 delay__A2__hl__ZN__lh__ACQ_1 job_224 ]
1520553369.790079: 17755-7ff9ee79efa0: cdpl_worker.c:1208: in cdpl_wk_finalize(): info: finishing task T223
1520553369.795122: 17755-7ff9e51b1700: cdpl_worker.c:585: in cdpl_wk_listen(): debug: received ASSIGN message
1520553369.795203: 17755-7ff9ee79efa0: cdpl_worker.c:1092: in cdpl_wk_wait_timeout(): info: starting task T247
1520553369.795218: 17755-7ff9ee79efa0: cdpl_compat_worker.c:597: in cdplWorkerLogInfo(): info: [runOneAcquisitionAdaptive MUX2D0 leakage_power__ACQ_4 job_248 ]
1520553371.829440: 17755-7ff9ee79efa0: cdpl_worker.c:1208: in cdpl_wk_finalize(): info: finishing task T247
1520553371.829648: 17755-7ff9e51b1700: cdpl_worker.c:585: in cdpl_wk_listen(): debug: received ASSIGN message
1520553371.829671: 17755-7ff9ee79efa0: cdpl_worker.c:1092: in cdpl_wk_wait_timeout(): info: starting task T255
1520553371.829685: 17755-7ff9ee79efa0: cdpl_compat_worker.c:597: in cdplWorkerLogInfo(): info: [runOneAcquisitionAdaptive MUX2D0 Cin__I0__lh__ACQ_1 job_256 ]
1520553373.890492: 17755-7ff9ee79efa0: cdpl_worker.c:1208: in cdpl_wk_finalize(): info: finishing task T255
1520553373.891196: 17755-7ff9e51b1700: cdpl_worker.c:585: in cdpl_wk_listen(): debug: received ASSIGN message
1520553373.894799: 17755-7ff9ee79efa0: cdpl_worker.c:1092: in cdpl_wk_wait_timeout(): info: starting task T259
1520553373.894825: 17755-7ff9ee79efa0: cdpl_compat_worker.c:597: in cdplWorkerLogInfo(): info: [runOneAcquisitionAdaptive MUX2D1 delay__S__lh__Z__lh__ACQ_1 job_260 ]
1520553384.037972: 17755-7ff9ee79efa0: cdpl_worker.c:1208: in cdpl_wk_finalize(): info: finishing task T259
1520553384.042703: 17755-7ff9e51b1700: cdpl_worker.c:585: in cdpl_wk_listen(): debug: received ASSIGN message
1520553384.042751: 17755-7ff9ee79efa0: cdpl_worker.c:1092: in cdpl_wk_wait_timeout(): info: starting task T289
1520553384.042767: 17755-7ff9ee79efa0: cdpl_compat_worker.c:597: in cdplWorkerLogInfo(): info: [runOneAcquisitionAdaptive MUX2D4 delay__I0__lh__Z__lh__ACQ_1 job_290 ]
1520553398.321915: 17755-7ff9ee79efa0: cdpl_worker.c:1208: in cdpl_wk_finalize(): info: finishing task T289
1520553398.327062: 17755-7ff9e51b1700: cdpl_worker.c:585: in cdpl_wk_listen(): debug: received ASSIGN message
1520553398.327151: 17755-7ff9ee79efa0: cdpl_worker.c:1092: in cdpl_wk_wait_timeout(): info: starting task T333
1520553398.327166: 17755-7ff9ee79efa0: cdpl_compat_worker.c:597: in cdplWorkerLogInfo(): info: [runOneAcquisitionAdaptive OAI21D2 Cin__A2__hl__ACQ_1 job_334 ]
1520553401.063790: 17755-7ff9ee79efa0: cdpl_worker.c:1208: in cdpl_wk_finalize(): info: finishing task T333
1520553401.754886: 17755-7ff9e51b1700: cdpl_worker.c:585: in cdpl_wk_listen(): debug: received ASSIGN message
1520553401.754922: 17755-7ff9ee79efa0: cdpl_worker.c:1092: in cdpl_wk_wait_timeout(): info: starting task T337
1520553401.754946: 17755-7ff9ee79efa0: cdpl_compat_worker.c:597: in cdplWorkerLogInfo(): info: [runOneAcquisitionAdaptive OAI21D2 delay__A1__lh__ZN__hl__ACQ_1 job_338 ]
1520553411.376081: 17755-7ff9ee79efa0: cdpl_worker.c:1208: in cdpl_wk_finalize(): info: finishing task T337
1520553411.376467: 17755-7ff9e51b1700: cdpl_worker.c:585: in cdpl_wk_listen(): debug: received ASSIGN message
1520553411.376517: 17755-7ff9ee79efa0: cdpl_worker.c:1092: in cdpl_wk_wait_timeout(): info: starting task T379
1520553411.376533: 17755-7ff9ee79efa0: cdpl_compat_worker.c:597: in cdplWorkerLogInfo(): info: [runOneAcquisitionAdaptive AN2D1 Cin__A2__lh__ACQ_1 job_380 ]
1520553413.618810: 17755-7ff9ee79efa0: cdpl_worker.c:1208: in cdpl_wk_finalize(): info: finishing task T379
1520553413.619107: 17755-7ff9e51b1700: cdpl_worker.c:585: in cdpl_wk_listen(): debug: received ASSIGN message
1520553413.619139: 17755-7ff9ee79efa0: cdpl_worker.c:1092: in cdpl_wk_wait_timeout(): info: starting task T385
1520553413.619158: 17755-7ff9ee79efa0: cdpl_compat_worker.c:597: in cdplWorkerLogInfo(): info: [runOneAcquisitionAdaptive AN2D2 leakage_power__ACQ_1 job_386 ]
1520553415.148129: 17755-7ff9ee79efa0: cdpl_worker.c:1208: in cdpl_wk_finalize(): info: finishing task T385
1520553415.148428: 17755-7ff9e51b1700: cdpl_worker.c:585: in cdpl_wk_listen(): debug: received ASSIGN message
1520553415.148460: 17755-7ff9ee79efa0: cdpl_worker.c:1092: in cdpl_wk_wait_timeout(): info: starting task T396
1520553415.148480: 17755-7ff9ee79efa0: cdpl_compat_worker.c:597: in cdplWorkerLogInfo(): info: [runOneAcquisitionAdaptive AN2D4 leakage_power__ACQ_4 job_397 ]
1520553416.810908: 17755-7ff9ee79efa0: cdpl_worker.c:1208: in cdpl_wk_finalize(): info: finishing task T396
1520553416.811154: 17755-7ff9e51b1700: cdpl_worker.c:585: in cdpl_wk_listen(): debug: received ASSIGN message
1520553416.811187: 17755-7ff9ee79efa0: cdpl_worker.c:1092: in cdpl_wk_wait_timeout(): info: starting task T405
1520553416.811205: 17755-7ff9ee79efa0: cdpl_compat_worker.c:597: in cdplWorkerLogInfo(): info: [runOneAcquisitionAdaptive AN2D8 leakage_power__ACQ_1 job_406 ]
1520553418.473314: 17755-7ff9ee79efa0: cdpl_worker.c:1208: in cdpl_wk_finalize(): info: finishing task T405
1520553418.473601: 17755-7ff9e51b1700: cdpl_worker.c:585: in cdpl_wk_listen(): debug: received ASSIGN message
1520553418.477986: 17755-7ff9ee79efa0: cdpl_worker.c:1092: in cdpl_wk_wait_timeout(): info: starting task T409
1520553418.478006: 17755-7ff9ee79efa0: cdpl_compat_worker.c:597: in cdplWorkerLogInfo(): info: [runOneAcquisitionAdaptive AN2D8 Cin__A2__lh__ACQ_1 job_410 ]
1520553421.380768: 17755-7ff9ee79efa0: cdpl_worker.c:1208: in cdpl_wk_finalize(): info: finishing task T409
1520553421.380966: 17755-7ff9e51b1700: cdpl_worker.c:585: in cdpl_wk_listen(): debug: received ASSIGN message
1520553421.383601: 17755-7ff9ee79efa0: cdpl_worker.c:1092: in cdpl_wk_wait_timeout(): info: starting task T427
1520553421.383627: 17755-7ff9ee79efa0: cdpl_compat_worker.c:597: in cdplWorkerLogInfo(): info: [runOneAcquisitionAdaptive ND2D0 Cin__A2__lh__ACQ_1 job_428 ]
1520553423.852791: 17755-7ff9ee79efa0: cdpl_worker.c:1208: in cdpl_wk_finalize(): info: finishing task T427
1520553423.852985: 17755-7ff9e51b1700: cdpl_worker.c:585: in cdpl_wk_listen(): debug: received ASSIGN message
1520553423.857111: 17755-7ff9ee79efa0: cdpl_worker.c:1092: in cdpl_wk_wait_timeout(): info: starting task T437
1520553423.857131: 17755-7ff9ee79efa0: cdpl_compat_worker.c:597: in cdplWorkerLogInfo(): info: [runOneAcquisitionAdaptive ND2D1 Cin__A2__lh__ACQ_1 job_438 ]
1520553425.859976: 17755-7ff9ee79efa0: cdpl_worker.c:1208: in cdpl_wk_finalize(): info: finishing task T437
1520553425.860276: 17755-7ff9e51b1700: cdpl_worker.c:585: in cdpl_wk_listen(): debug: received ASSIGN message
1520553425.860309: 17755-7ff9ee79efa0: cdpl_worker.c:1092: in cdpl_wk_wait_timeout(): info: starting task T443
1520553425.860329: 17755-7ff9ee79efa0: cdpl_compat_worker.c:597: in cdplWorkerLogInfo(): info: [runOneAcquisitionAdaptive ND2D2 leakage_power__ACQ_1 job_444 ]
1520553427.470700: 17755-7ff9ee79efa0: cdpl_worker.c:1208: in cdpl_wk_finalize(): info: finishing task T443
1520553427.470990: 17755-7ff9e51b1700: cdpl_worker.c:585: in cdpl_wk_listen(): debug: received ASSIGN message
1520553427.471013: 17755-7ff9ee79efa0: cdpl_worker.c:1092: in cdpl_wk_wait_timeout(): info: starting task T454
1520553427.471028: 17755-7ff9ee79efa0: cdpl_compat_worker.c:597: in cdplWorkerLogInfo(): info: [runOneAcquisitionAdaptive ND2D3 delay__A1__lh__ZN__hl__ACQ_1 job_455 ]
1520553437.963220: 17755-7ff9ee79efa0: cdpl_worker.c:1208: in cdpl_wk_finalize(): info: finishing task T454
1520553437.963685: 17755-7ff9e51b1700: cdpl_worker.c:585: in cdpl_wk_listen(): debug: received ASSIGN message
1520553437.963737: 17755-7ff9ee79efa0: cdpl_worker.c:1092: in cdpl_wk_wait_timeout(): info: starting task T489
1520553437.963753: 17755-7ff9ee79efa0: cdpl_compat_worker.c:597: in cdplWorkerLogInfo(): info: [runOneAcquisitionAdaptive NR2D0 delay__A2__lh__ZN__hl__ACQ_1 job_490 ]
1520553446.424059: 17755-7ff9ee79efa0: cdpl_worker.c:1208: in cdpl_wk_finalize(): info: finishing task T489
1520553446.502907: 17755-7ff9e51b1700: cdpl_worker.c:585: in cdpl_wk_listen(): debug: received ASSIGN message
1520553446.502992: 17755-7ff9ee79efa0: cdpl_worker.c:1092: in cdpl_wk_wait_timeout(): info: starting task T515
1520553446.503023: 17755-7ff9ee79efa0: cdpl_compat_worker.c:597: in cdplWorkerLogInfo(): info: [runOneAcquisitionAdaptive NR2D3 delay__A1__lh__ZN__hl__ACQ_1 job_516 ]
1520553457.741694: 17755-7ff9ee79efa0: cdpl_worker.c:1208: in cdpl_wk_finalize(): info: finishing task T515
1520553457.743147: 17755-7ff9e51b1700: cdpl_worker.c:585: in cdpl_wk_listen(): debug: received ASSIGN message
1520553457.743174: 17755-7ff9ee79efa0: cdpl_worker.c:1092: in cdpl_wk_wait_timeout(): info: starting task T555
1520553457.743193: 17755-7ff9ee79efa0: cdpl_compat_worker.c:597: in cdplWorkerLogInfo(): info: [runOneAcquisitionAdaptive OR2D1 leakage_power__ACQ_1 job_556 ]
1520553460.060085: 17755-7ff9e51b1700: cdpl_worker.c:585: in cdpl_wk_listen(): debug: received ASSIGN message
1520553460.060111: 17755-7ff9ee79efa0: cdpl_worker.c:1208: in cdpl_wk_finalize(): info: finishing task T555
1520553460.060187: 17755-7ff9ee79efa0: cdpl_worker.c:1092: in cdpl_wk_wait_timeout(): info: starting task T564
1520553460.060202: 17755-7ff9ee79efa0: cdpl_compat_worker.c:597: in cdplWorkerLogInfo(): info: [runOneAcquisitionAdaptive OR2D2 delay__A1__hl__Z__hl__ACQ_1 job_565 ]
1520553468.282479: 17755-7ff9ee79efa0: cdpl_worker.c:1208: in cdpl_wk_finalize(): info: finishing task T564
1520553468.282866: 17755-7ff9e51b1700: cdpl_worker.c:585: in cdpl_wk_listen(): debug: received ASSIGN message
1520553468.282918: 17755-7ff9ee79efa0: cdpl_worker.c:1092: in cdpl_wk_wait_timeout(): info: starting task T602
1520553468.282934: 17755-7ff9ee79efa0: cdpl_compat_worker.c:597: in cdplWorkerLogInfo(): info: [runOneAcquisitionAdaptive XNR2D1 delay__A2__hl__ZN__hl__ACQ_1 job_603 ]
1520553480.830622: 17755-7ff9ee79efa0: cdpl_worker.c:1208: in cdpl_wk_finalize(): info: finishing task T602
1520553480.831651: 17755-7ff9e51b1700: cdpl_worker.c:585: in cdpl_wk_listen(): debug: received ASSIGN message
1520553480.831684: 17755-7ff9ee79efa0: cdpl_worker.c:1092: in cdpl_wk_wait_timeout(): info: starting task T634
1520553480.831704: 17755-7ff9ee79efa0: cdpl_compat_worker.c:597: in cdplWorkerLogInfo(): info: [runOneAcquisitionAdaptive XOR2D0 leakage_power__ACQ_2 job_635 ]
1520553483.208399: 17755-7ff9ee79efa0: cdpl_worker.c:1208: in cdpl_wk_finalize(): info: finishing task T634
1520553483.208670: 17755-7ff9e51b1700: cdpl_worker.c:585: in cdpl_wk_listen(): debug: received ASSIGN message
1520553483.208707: 17755-7ff9ee79efa0: cdpl_worker.c:1092: in cdpl_wk_wait_timeout(): info: starting task T641
1520553483.208730: 17755-7ff9ee79efa0: cdpl_compat_worker.c:597: in cdplWorkerLogInfo(): info: [runOneAcquisitionAdaptive XOR2D1 delay__A1__lh__Z__lh__ACQ_1 job_642 ]
1520553493.836876: 17755-7ff9ee79efa0: cdpl_worker.c:1208: in cdpl_wk_finalize(): info: finishing task T641
1520553493.841867: 17755-7ff9e51b1700: cdpl_worker.c:585: in cdpl_wk_listen(): debug: received ASSIGN message
1520553493.841916: 17755-7ff9ee79efa0: cdpl_worker.c:1092: in cdpl_wk_wait_timeout(): info: starting task T660
1520553493.841935: 17755-7ff9ee79efa0: cdpl_compat_worker.c:597: in cdplWorkerLogInfo(): info: [runOneAcquisitionAdaptive XOR2D2 delay__A2__hl__Z__lh__ACQ_1 job_661 ]
1520553513.678868: 17755-7ff9ee79efa0: cdpl_worker.c:1208: in cdpl_wk_finalize(): info: finishing task T660
1520553513.679807: 17755-7ff9e51b1700: cdpl_worker.c:585: in cdpl_wk_listen(): debug: received ASSIGN message
1520553513.679873: 17755-7ff9ee79efa0: cdpl_worker.c:1092: in cdpl_wk_wait_timeout(): info: starting task T714
1520553513.679893: 17755-7ff9ee79efa0: cdpl_compat_worker.c:597: in cdplWorkerLogInfo(): info: [runOneAcquisitionAdaptive INVD2 leakage_power__ACQ_2 job_715 ]
1520553515.162463: 17755-7ff9ee79efa0: cdpl_worker.c:1208: in cdpl_wk_finalize(): info: finishing task T714
1520553515.162812: 17755-7ff9e51b1700: cdpl_worker.c:585: in cdpl_wk_listen(): debug: received ASSIGN message
1520553515.162836: 17755-7ff9ee79efa0: cdpl_worker.c:1092: in cdpl_wk_wait_timeout(): info: starting task T722
1520553515.162855: 17755-7ff9ee79efa0: cdpl_compat_worker.c:597: in cdplWorkerLogInfo(): info: [runOneAcquisitionAdaptive INVD24 leakage_power__ACQ_2 job_723 ]
1520553517.110942: 17755-7ff9ee79efa0: cdpl_worker.c:1208: in cdpl_wk_finalize(): info: finishing task T722
1520553517.111314: 17755-7ff9e51b1700: cdpl_worker.c:585: in cdpl_wk_listen(): debug: received ASSIGN message
1520553517.111353: 17755-7ff9ee79efa0: cdpl_worker.c:1092: in cdpl_wk_wait_timeout(): info: starting task T730
1520553517.111371: 17755-7ff9ee79efa0: cdpl_compat_worker.c:597: in cdplWorkerLogInfo(): info: [runOneAcquisitionAdaptive INVD4 leakage_power__ACQ_2 job_731 ]
1520553520.346758: 17755-7ff9ee79efa0: cdpl_worker.c:1208: in cdpl_wk_finalize(): info: finishing task T730
1520553520.347102: 17755-7ff9e51b1700: cdpl_worker.c:585: in cdpl_wk_listen(): debug: received ASSIGN message
1520553520.347137: 17755-7ff9ee79efa0: cdpl_worker.c:1092: in cdpl_wk_wait_timeout(): info: starting task T734
1520553520.347169: 17755-7ff9ee79efa0: cdpl_compat_worker.c:597: in cdplWorkerLogInfo(): info: [runOneAcquisitionAdaptive INVD6 leakage_power__ACQ_2 job_735 ]
1520553521.994559: 17755-7ff9ee79efa0: cdpl_worker.c:1208: in cdpl_wk_finalize(): info: finishing task T734
1520553546.208092: 17755-7ff9e51b1700: cdpl_worker.c:616: in cdpl_wk_listen(): debug: received RELAY message
1520553546.221304: 17755-7ff9e51b1700: cdpl_worker.c:585: in cdpl_wk_listen(): debug: received ASSIGN message
1520553546.221416: 17755-7ff9ee79efa0: cdpl_worker.c:1092: in cdpl_wk_wait_timeout(): info: starting task T741
1520553546.451995: 17755-7ff9ee79efa0: cdpl_compat_worker.c:597: in cdplWorkerLogInfo(): info: [modelOneCellAdaptive {DFCSNQD1 }]
1520553555.788484: 17755-7ff9ee79efa0: cdpl_worker.c:1208: in cdpl_wk_finalize(): info: finishing task T741
1520553555.788981: 17755-7ff9e51b1700: cdpl_worker.c:585: in cdpl_wk_listen(): debug: received ASSIGN message
1520553555.789067: 17755-7ff9ee79efa0: cdpl_worker.c:1092: in cdpl_wk_wait_timeout(): info: starting task T790
1520553555.789092: 17755-7ff9ee79efa0: cdpl_compat_worker.c:597: in cdplWorkerLogInfo(): info: [modelOneCellAdaptive {BUFFD16 }]
1520553561.056135: 17755-7ff9ee79efa0: cdpl_worker.c:1208: in cdpl_wk_finalize(): info: finishing task T790
1520553580.703897: 17755-7ff9e51b1700: cdpl_worker.c:616: in cdpl_wk_listen(): debug: received RELAY message
1520553580.743534: 17755-7ff9e5bb2700: cdpl_ipc.c:606: in _readv(): warning: read(): EOF
1520553580.743618: 17755-7ff9e5bb2700: cdpl_ipc.c:1462: in _epoll_recv(): debug: _readv(): Broken pipe
1520553580.743649: 17755-7ff9e5bb2700: cdpl_ipc.c:1683: in _epoll_main(): debug: _epoll_recv(): Broken pipe
1520553580.743742: 17755-7ff9e5bb2700: cdpl_ipc.c:1061: in _host_drop__UNSAFE(): debug: dropping host `128.54.67.147:38978'
1520553580.743936: 17755-7ff9e51b1700: cdpl_worker.c:561: in cdpl_wk_listen(): debug: received DROP notification
1520553580.743962: 17755-7ff9e51b1700: cdpl_worker.c:565: in cdpl_wk_listen(): debug: we were dropped by the server
1520553580.743976: 17755-7ff9e51b1700: cdpl_worker.c:492: in _wk_kill(): debug: killing worker
1520553580.743991: 17755-7ff9e51b1700: cdpl_ipc.c:2481: in cdpl_ipc_kill(): debug: stopping event server
1520553580.744039: 17755-7ff9e51b1700: cdpl_worker.c:542: in cdpl_wk_listen(): debug: leaving now
1520553580.744238: 17755-7ff9ee79efa0: cdpl_compat_worker.c:597: in cdplWorkerLogInfo(): info: [Worker shutdown. Code: 3]
1520553580.747080: 17755-7ff9e5bb2700: cdpl_ipc.c:1720: in _epoll_main(): debug: server going down...
1520553580.853666: 17755-7ff9ee79efa0: cdpl_worker.c:856: in _wk_shutdown(): debug: waiting for heartbeat thread
1520553580.853727: 17755-7ff9e47b0700: cdpl_worker.c:709: in cdpl_wk_heartbeat(): info: stopping heartbeat
1520553580.853889: 17755-7ff9ee79efa0: cdpl_ipc.c:1781: in cdpl_ipc_host_release(): debug: releasing host `128.54.67.147:38978'
1520553580.853969: 17755-7ff9ee79efa0: cdpl_ipc.c:2532: in cdpl_ipc_free(): debug: releasing IPC handle
1520553580.853988: 17755-7ff9ee79efa0: cdpl_ipc.c:986: in _host_free__UNSAFE(): debug: freeing host `128.54.67.147:38978'
1520553580.854004: 17755-7ff9ee79efa0: cdpl_ipc.c:1028: in _host_free__UNSAFE(): debug: [0 outq, 0 spR, 0 spW]
1520553580.854077: 17755-7ff9ee79efa0: cdpl_ipc.c:2571: in cdpl_ipc_free(): debug: done
1520553580.854097: 17755-7ff9ee79efa0: cdpl_worker.c:912: in cdpl_wk_free(): info: freed
1520553580.854112: 17755-7ff9ee79efa0: cdpl_log.c:359: in cdpl_log_close(): debug: @@end_of_log@@
