1520553116.858788: 18490-7fa6032eafa0: cdpl_log.c:221: in cdpl_log_open(): debug: @@start_of_log@@
1520553116.858838: 18490-7fa6032eafa0: cdpl_log.c:729: in cdpl_log_dump_sysinfo(): info: time: 2018/03/08 15:51:56 PST -0800
1520553116.858848: 18490-7fa6032eafa0: cdpl_log.c:731: in cdpl_log_dump_sysinfo(): info: version: L_2016.03_SP2_PROD_CDPL 
1520553116.858855: 18490-7fa6032eafa0: cdpl_log.c:736: in cdpl_log_dump_sysinfo(): info: system: Linux 2.6.32-696.18.7.el6.x86_64 #1 SMP Thu Jan 4 17:31:22 UTC 2018
1520553116.858862: 18490-7fa6032eafa0: cdpl_log.c:740: in cdpl_log_dump_sysinfo(): info: processor: x86_64 64-bits
1520553116.858869: 18490-7fa6032eafa0: cdpl_log.c:742: in cdpl_log_dump_sysinfo(): info: hostname: ieng6-ece-17.ucsd.edu
1520553116.858876: 18490-7fa6032eafa0: cdpl_log.c:223: in cdpl_log_open(): debug: path: /home/linux/ieng6/ee260b/shl237/lab6/run_siliconsmart/LIB_FF_1.1_-40_ALL/runtime/cdpl/worker.W22.ieng6-ece-17.ucsd.edu.18490.log
1520553116.858884: 18490-7fa6032eafa0: cdpl_log.c:224: in cdpl_log_open(): debug: dir: /home/linux/ieng6/ee260b/shl237/lab6/run_siliconsmart/LIB_FF_1.1_-40_ALL/runtime/cdpl
1520553116.858895: 18490-7fa6032eafa0: cdpl_worker.c:728: in cdpl_wk_new(): info: creating worker instance
1520553116.859324: 18490-7fa6032eafa0: cdpl_worker.c:925: in cdpl_wk_start(): debug: starting worker
1520553116.859338: 18490-7fa6032eafa0: cdpl_worker.c:276: in cdpl_wk_setup(): info: CDPL_SERVER is "128.54.67.147:38978"
1520553116.859347: 18490-7fa6032eafa0: cdpl_worker.c:299: in cdpl_wk_setup(): info: server 128.54.67.147, port 38978
1520553116.859354: 18490-7fa6032eafa0: cdpl_worker.c:319: in cdpl_wk_setup(): info: CDPL_ID is "22:1:1:1:769061682"
1520553116.859376: 18490-7fa6032eafa0: cdpl_worker.c:361: in cdpl_wk_setup(): info: we are W22-B1-J1-M1-S769061682
1520553116.859384: 18490-7fa6032eafa0: cdpl_worker.c:363: in cdpl_wk_setup(): info: we are on host ieng6-ece-17.ucsd.edu
1520553116.859390: 18490-7fa6032eafa0: cdpl_worker.c:372: in cdpl_wk_daemonize(): debug: will *not* daemonize
1520553116.859400: 18490-7fa6032eafa0: cdpl_ipc.c:2593: in cdpl_ipc_connect(): info: connecting to 128.54.67.147:38978
1520553116.859510: 18490-7fa6032eafa0: cdpl_ipc.c:2659: in cdpl_ipc_connect(): info: connected as `128.54.67.147:50602'
1520553116.859543: 18490-7fa6032eafa0: cdpl_ipc.c:1763: in cdpl_ipc_host_accept(): debug: accepted host `128.54.67.147:38978'
1520553116.859564: 18490-7fa6032eafa0: cdpl_ipc.c:2436: in cdpl_ipc_start(): debug: starting IPC server 128.54.67.147:45696
1520553116.859763: 18490-7fa6032eafa0: cdpl_compat_worker.c:148: in cdplStartWorker(): info: SNPSLMD_LICENSE_FILE is 1705@acms-flexlm-lnx4.ucsd.edu,1705@acms-flexlm-lnx5.ucsd.edu,1705@acms-flexlm-lnx6.ucsd.edu
1520553116.859867: 18490-7fa6032eafa0: cdpl_compat_worker.c:597: in cdplWorkerLogInfo(): info: [Maximum lifespan of worker is set to 1200m]
1520553116.859930: 18490-7fa6032eafa0: cdpl_compat_worker.c:597: in cdplWorkerLogInfo(): info: [Peak virtual memory is set to 128GB]
1520553116.870829: 18490-7fa5f9cfd700: cdpl_worker.c:528: in cdpl_wk_listen(): debug: ready
1520553116.870849: 18490-7fa5f9cfd700: cdpl_worker.c:585: in cdpl_wk_listen(): debug: received ASSIGN message
1520553116.870892: 18490-7fa5f92fc700: cdpl_worker.c:656: in cdpl_wk_heartbeat(): debug: starting heartbeat
1520553116.870923: 18490-7fa6032eafa0: cdpl_worker.c:1092: in cdpl_wk_wait_timeout(): info: starting task T65
1520553116.870963: 18490-7fa6032eafa0: cdpl_compat_worker.c:597: in cdplWorkerLogInfo(): info: [configOneCellAdaptive { XOR2D2 }]
1520553116.884039: 18490-7fa5f92fc700: cdpl_worker.c:665: in cdpl_wk_heartbeat(): info: setting heartbeat period to 60 sec
1520553116.884053: 18490-7fa5f92fc700: cdpl_worker.c:673: in cdpl_wk_heartbeat(): info: first heartbeat in 1 sec
1520553136.220440: 18490-7fa6032eafa0: cdpl_worker.c:1208: in cdpl_wk_finalize(): info: finishing task T65
1520553201.722524: 18490-7fa5f9cfd700: cdpl_worker.c:616: in cdpl_wk_listen(): debug: received RELAY message
1520553201.991971: 18490-7fa5f9cfd700: cdpl_worker.c:616: in cdpl_wk_listen(): debug: received RELAY message
1520553204.563587: 18490-7fa5f9cfd700: cdpl_worker.c:585: in cdpl_wk_listen(): debug: received ASSIGN message
1520553204.563795: 18490-7fa6032eafa0: cdpl_worker.c:1092: in cdpl_wk_wait_timeout(): info: starting task T77
1520553209.228492: 18490-7fa6032eafa0: cdpl_compat_worker.c:597: in cdplWorkerLogInfo(): info: [runOneAcquisitionAdaptive DFCSNQD1 ncmpw__CP__hl__CP__lh__ACQ_1 job_78 ]
1520553247.336279: 18490-7fa6032eafa0: cdpl_worker.c:1208: in cdpl_wk_finalize(): info: finishing task T77
1520553247.336806: 18490-7fa5f9cfd700: cdpl_worker.c:585: in cdpl_wk_listen(): debug: received ASSIGN message
1520553247.336879: 18490-7fa6032eafa0: cdpl_worker.c:1092: in cdpl_wk_wait_timeout(): info: starting task T95
1520553247.336907: 18490-7fa6032eafa0: cdpl_compat_worker.c:597: in cdplWorkerLogInfo(): info: [runOneAcquisitionAdaptive DFCSNQD1 Cin__SDN__lh__ACQ_1 job_96 ]
1520553262.933751: 18490-7fa6032eafa0: cdpl_worker.c:1208: in cdpl_wk_finalize(): info: finishing task T95
1520553262.934234: 18490-7fa5f9cfd700: cdpl_worker.c:585: in cdpl_wk_listen(): debug: received ASSIGN message
1520553262.934285: 18490-7fa6032eafa0: cdpl_worker.c:1092: in cdpl_wk_wait_timeout(): info: starting task T114
1520553262.934303: 18490-7fa6032eafa0: cdpl_compat_worker.c:597: in cdplWorkerLogInfo(): info: [runOneAcquisitionAdaptive DFCSNQD2 asynch_removal__CDN__lh__SDN__lh__ACQ_1 job_115 ]
1520553308.586750: 18490-7fa6032eafa0: cdpl_worker.c:1208: in cdpl_wk_finalize(): info: finishing task T114
1520553308.587339: 18490-7fa5f9cfd700: cdpl_worker.c:585: in cdpl_wk_listen(): debug: received ASSIGN message
1520553308.587370: 18490-7fa6032eafa0: cdpl_worker.c:1092: in cdpl_wk_wait_timeout(): info: starting task T157
1520553308.587393: 18490-7fa6032eafa0: cdpl_compat_worker.c:597: in cdplWorkerLogInfo(): info: [runOneAcquisitionAdaptive DFCSNQD4 combined_setup_hold__D__lh__CP__lh__ACQ_1 job_158 ]
1520553449.756042: 18490-7fa6032eafa0: cdpl_worker.c:1208: in cdpl_wk_finalize(): info: finishing task T157
1520553449.756493: 18490-7fa5f9cfd700: cdpl_worker.c:585: in cdpl_wk_listen(): debug: received ASSIGN message
1520553449.756579: 18490-7fa6032eafa0: cdpl_worker.c:1092: in cdpl_wk_wait_timeout(): info: starting task T525
1520553449.756597: 18490-7fa6032eafa0: cdpl_compat_worker.c:597: in cdplWorkerLogInfo(): info: [runOneAcquisitionAdaptive NR2D4 delay__A1__lh__ZN__hl__ACQ_1 job_526 ]
1520553461.293075: 18490-7fa6032eafa0: cdpl_worker.c:1208: in cdpl_wk_finalize(): info: finishing task T525
1520553461.298160: 18490-7fa5f9cfd700: cdpl_worker.c:585: in cdpl_wk_listen(): debug: received ASSIGN message
1520553461.298234: 18490-7fa6032eafa0: cdpl_worker.c:1092: in cdpl_wk_wait_timeout(): info: starting task T570
1520553461.298261: 18490-7fa6032eafa0: cdpl_compat_worker.c:597: in cdplWorkerLogInfo(): info: [runOneAcquisitionAdaptive OR2D2 Cin__A1__hl__ACQ_1 job_571 ]
1520553463.460686: 18490-7fa6032eafa0: cdpl_worker.c:1208: in cdpl_wk_finalize(): info: finishing task T570
1520553463.460880: 18490-7fa5f9cfd700: cdpl_worker.c:585: in cdpl_wk_listen(): debug: received ASSIGN message
1520553463.460903: 18490-7fa6032eafa0: cdpl_worker.c:1092: in cdpl_wk_wait_timeout(): info: starting task T583
1520553463.460919: 18490-7fa6032eafa0: cdpl_compat_worker.c:597: in cdplWorkerLogInfo(): info: [runOneAcquisitionAdaptive OR2XD1 delay__A1__lh__Z__lh__ACQ_1 job_584 ]
1520553471.022642: 18490-7fa6032eafa0: cdpl_worker.c:1208: in cdpl_wk_finalize(): info: finishing task T583
1520553471.027687: 18490-7fa5f9cfd700: cdpl_worker.c:585: in cdpl_wk_listen(): debug: received ASSIGN message
1520553471.027766: 18490-7fa6032eafa0: cdpl_worker.c:1092: in cdpl_wk_wait_timeout(): info: starting task T610
1520553471.027785: 18490-7fa6032eafa0: cdpl_compat_worker.c:597: in cdplWorkerLogInfo(): info: [runOneAcquisitionAdaptive XNR2D1 delay__A1__hl__ZN__hl__ACQ_1 job_611 ]
1520553481.970218: 18490-7fa6032eafa0: cdpl_worker.c:1208: in cdpl_wk_finalize(): info: finishing task T610
1520553481.976079: 18490-7fa5f9cfd700: cdpl_worker.c:585: in cdpl_wk_listen(): debug: received ASSIGN message
1520553481.976191: 18490-7fa6032eafa0: cdpl_worker.c:1092: in cdpl_wk_wait_timeout(): info: starting task T637
1520553481.976241: 18490-7fa6032eafa0: cdpl_compat_worker.c:597: in cdplWorkerLogInfo(): info: [runOneAcquisitionAdaptive XOR2D0 delay__A1__lh__Z__hl__ACQ_1 job_638 ]
1520553493.211133: 18490-7fa6032eafa0: cdpl_worker.c:1208: in cdpl_wk_finalize(): info: finishing task T637
1520553493.212002: 18490-7fa5f9cfd700: cdpl_worker.c:585: in cdpl_wk_listen(): debug: received ASSIGN message
1520553493.212035: 18490-7fa6032eafa0: cdpl_worker.c:1092: in cdpl_wk_wait_timeout(): info: starting task T656
1520553493.212057: 18490-7fa6032eafa0: cdpl_compat_worker.c:597: in cdplWorkerLogInfo(): info: [runOneAcquisitionAdaptive XOR2D2 delay__A2__hl__Z__hl__ACQ_1 job_657 ]
1520553505.652643: 18490-7fa6032eafa0: cdpl_worker.c:1208: in cdpl_wk_finalize(): info: finishing task T656
1520553505.653101: 18490-7fa5f9cfd700: cdpl_worker.c:585: in cdpl_wk_listen(): debug: received ASSIGN message
1520553505.653154: 18490-7fa6032eafa0: cdpl_worker.c:1092: in cdpl_wk_wait_timeout(): info: starting task T705
1520553505.653183: 18490-7fa6032eafa0: cdpl_compat_worker.c:597: in cdplWorkerLogInfo(): info: [runOneAcquisitionAdaptive INVD12 leakage_power__ACQ_1 job_706 ]
1520553513.165095: 18490-7fa6032eafa0: cdpl_worker.c:1208: in cdpl_wk_finalize(): info: finishing task T705
1520553513.176907: 18490-7fa5f9cfd700: cdpl_worker.c:585: in cdpl_wk_listen(): debug: received ASSIGN message
1520553513.177054: 18490-7fa6032eafa0: cdpl_worker.c:1092: in cdpl_wk_wait_timeout(): info: starting task T712
1520553513.177081: 18490-7fa6032eafa0: cdpl_compat_worker.c:597: in cdplWorkerLogInfo(): info: [runOneAcquisitionAdaptive INVD16 delay__I__hl__ZN__lh__ACQ_1 job_713 ]
1520553526.750113: 18490-7fa6032eafa0: cdpl_worker.c:1208: in cdpl_wk_finalize(): info: finishing task T712
1520553546.210446: 18490-7fa5f9cfd700: cdpl_worker.c:616: in cdpl_wk_listen(): debug: received RELAY message
1520553548.268719: 18490-7fa5f9cfd700: cdpl_worker.c:585: in cdpl_wk_listen(): debug: received ASSIGN message
1520553548.268758: 18490-7fa6032eafa0: cdpl_worker.c:1092: in cdpl_wk_wait_timeout(): info: starting task T760
1520553548.544400: 18490-7fa6032eafa0: cdpl_compat_worker.c:597: in cdplWorkerLogInfo(): info: [modelOneCellAdaptive {AN2D4 }]
1520553553.056826: 18490-7fa6032eafa0: cdpl_worker.c:1208: in cdpl_wk_finalize(): info: finishing task T760
1520553553.056994: 18490-7fa5f9cfd700: cdpl_worker.c:585: in cdpl_wk_listen(): debug: received ASSIGN message
1520553553.057016: 18490-7fa6032eafa0: cdpl_worker.c:1092: in cdpl_wk_wait_timeout(): info: starting task T767
1520553553.057035: 18490-7fa6032eafa0: cdpl_compat_worker.c:597: in cdplWorkerLogInfo(): info: [modelOneCellAdaptive {ND2D4 }]
1520553558.590765: 18490-7fa6032eafa0: cdpl_worker.c:1208: in cdpl_wk_finalize(): info: finishing task T767
1520553558.591183: 18490-7fa5f9cfd700: cdpl_worker.c:585: in cdpl_wk_listen(): debug: received ASSIGN message
1520553558.591233: 18490-7fa6032eafa0: cdpl_worker.c:1092: in cdpl_wk_wait_timeout(): info: starting task T792
1520553558.591254: 18490-7fa6032eafa0: cdpl_compat_worker.c:597: in cdplWorkerLogInfo(): info: [modelOneCellAdaptive {BUFFD3 }]
1520553562.456060: 18490-7fa6032eafa0: cdpl_worker.c:1208: in cdpl_wk_finalize(): info: finishing task T792
1520553580.705939: 18490-7fa5f9cfd700: cdpl_worker.c:616: in cdpl_wk_listen(): debug: received RELAY message
1520553580.745491: 18490-7fa5fa6fe700: cdpl_ipc.c:606: in _readv(): warning: read(): EOF
1520553580.745574: 18490-7fa5fa6fe700: cdpl_ipc.c:1462: in _epoll_recv(): debug: _readv(): Broken pipe
1520553580.745605: 18490-7fa5fa6fe700: cdpl_ipc.c:1683: in _epoll_main(): debug: _epoll_recv(): Broken pipe
1520553580.745640: 18490-7fa5fa6fe700: cdpl_ipc.c:1061: in _host_drop__UNSAFE(): debug: dropping host `128.54.67.147:38978'
1520553580.745855: 18490-7fa5f9cfd700: cdpl_worker.c:561: in cdpl_wk_listen(): debug: received DROP notification
1520553580.745887: 18490-7fa5f9cfd700: cdpl_worker.c:565: in cdpl_wk_listen(): debug: we were dropped by the server
1520553580.745921: 18490-7fa5f9cfd700: cdpl_worker.c:492: in _wk_kill(): debug: killing worker
1520553580.745942: 18490-7fa5f9cfd700: cdpl_ipc.c:2481: in cdpl_ipc_kill(): debug: stopping event server
1520553580.746041: 18490-7fa5f9cfd700: cdpl_worker.c:542: in cdpl_wk_listen(): debug: leaving now
1520553580.746197: 18490-7fa6032eafa0: cdpl_compat_worker.c:597: in cdplWorkerLogInfo(): info: [Worker shutdown. Code: 3]
1520553580.747025: 18490-7fa5fa6fe700: cdpl_ipc.c:1720: in _epoll_main(): debug: server going down...
1520553580.871107: 18490-7fa6032eafa0: cdpl_worker.c:856: in _wk_shutdown(): debug: waiting for heartbeat thread
1520553580.871171: 18490-7fa5f92fc700: cdpl_worker.c:709: in cdpl_wk_heartbeat(): info: stopping heartbeat
1520553580.871268: 18490-7fa6032eafa0: cdpl_ipc.c:1781: in cdpl_ipc_host_release(): debug: releasing host `128.54.67.147:38978'
1520553580.872382: 18490-7fa6032eafa0: cdpl_ipc.c:2532: in cdpl_ipc_free(): debug: releasing IPC handle
1520553580.872404: 18490-7fa6032eafa0: cdpl_ipc.c:986: in _host_free__UNSAFE(): debug: freeing host `128.54.67.147:38978'
1520553580.872419: 18490-7fa6032eafa0: cdpl_ipc.c:1028: in _host_free__UNSAFE(): debug: [0 outq, 0 spR, 0 spW]
1520553580.872480: 18490-7fa6032eafa0: cdpl_ipc.c:2571: in cdpl_ipc_free(): debug: done
1520553580.872499: 18490-7fa6032eafa0: cdpl_worker.c:912: in cdpl_wk_free(): info: freed
1520553580.872513: 18490-7fa6032eafa0: cdpl_log.c:359: in cdpl_log_close(): debug: @@end_of_log@@
