1520553108.363388: 18248-7fba2cfa9fa0: cdpl_log.c:221: in cdpl_log_open(): debug: @@start_of_log@@
1520553108.363439: 18248-7fba2cfa9fa0: cdpl_log.c:729: in cdpl_log_dump_sysinfo(): info: time: 2018/03/08 15:51:48 PST -0800
1520553108.363449: 18248-7fba2cfa9fa0: cdpl_log.c:731: in cdpl_log_dump_sysinfo(): info: version: L_2016.03_SP2_PROD_CDPL 
1520553108.363456: 18248-7fba2cfa9fa0: cdpl_log.c:736: in cdpl_log_dump_sysinfo(): info: system: Linux 2.6.32-696.18.7.el6.x86_64 #1 SMP Thu Jan 4 17:31:22 UTC 2018
1520553108.363463: 18248-7fba2cfa9fa0: cdpl_log.c:740: in cdpl_log_dump_sysinfo(): info: processor: x86_64 64-bits
1520553108.363470: 18248-7fba2cfa9fa0: cdpl_log.c:742: in cdpl_log_dump_sysinfo(): info: hostname: ieng6-ece-17.ucsd.edu
1520553108.363476: 18248-7fba2cfa9fa0: cdpl_log.c:223: in cdpl_log_open(): debug: path: /home/linux/ieng6/ee260b/shl237/lab6/run_siliconsmart/LIB_FF_1.1_-40_ALL/runtime/cdpl/worker.W18.ieng6-ece-17.ucsd.edu.18248.log
1520553108.363483: 18248-7fba2cfa9fa0: cdpl_log.c:224: in cdpl_log_open(): debug: dir: /home/linux/ieng6/ee260b/shl237/lab6/run_siliconsmart/LIB_FF_1.1_-40_ALL/runtime/cdpl
1520553108.363497: 18248-7fba2cfa9fa0: cdpl_worker.c:728: in cdpl_wk_new(): info: creating worker instance
1520553108.363873: 18248-7fba2cfa9fa0: cdpl_worker.c:925: in cdpl_wk_start(): debug: starting worker
1520553108.363887: 18248-7fba2cfa9fa0: cdpl_worker.c:276: in cdpl_wk_setup(): info: CDPL_SERVER is "128.54.67.147:38978"
1520553108.363895: 18248-7fba2cfa9fa0: cdpl_worker.c:299: in cdpl_wk_setup(): info: server 128.54.67.147, port 38978
1520553108.363903: 18248-7fba2cfa9fa0: cdpl_worker.c:319: in cdpl_wk_setup(): info: CDPL_ID is "18:1:1:1:769061682"
1520553108.363923: 18248-7fba2cfa9fa0: cdpl_worker.c:361: in cdpl_wk_setup(): info: we are W18-B1-J1-M1-S769061682
1520553108.363931: 18248-7fba2cfa9fa0: cdpl_worker.c:363: in cdpl_wk_setup(): info: we are on host ieng6-ece-17.ucsd.edu
1520553108.363937: 18248-7fba2cfa9fa0: cdpl_worker.c:372: in cdpl_wk_daemonize(): debug: will *not* daemonize
1520553108.363947: 18248-7fba2cfa9fa0: cdpl_ipc.c:2593: in cdpl_ipc_connect(): info: connecting to 128.54.67.147:38978
1520553108.364044: 18248-7fba2cfa9fa0: cdpl_ipc.c:2659: in cdpl_ipc_connect(): info: connected as `128.54.67.147:50590'
1520553108.364075: 18248-7fba2cfa9fa0: cdpl_ipc.c:1763: in cdpl_ipc_host_accept(): debug: accepted host `128.54.67.147:38978'
1520553108.364096: 18248-7fba2cfa9fa0: cdpl_ipc.c:2436: in cdpl_ipc_start(): debug: starting IPC server 128.54.67.147:41667
1520553108.640905: 18248-7fba2cfa9fa0: cdpl_compat_worker.c:148: in cdplStartWorker(): info: SNPSLMD_LICENSE_FILE is 1705@acms-flexlm-lnx4.ucsd.edu,1705@acms-flexlm-lnx5.ucsd.edu,1705@acms-flexlm-lnx6.ucsd.edu
1520553108.641042: 18248-7fba2cfa9fa0: cdpl_compat_worker.c:597: in cdplWorkerLogInfo(): info: [Maximum lifespan of worker is set to 1200m]
1520553108.641108: 18248-7fba2cfa9fa0: cdpl_compat_worker.c:597: in cdplWorkerLogInfo(): info: [Peak virtual memory is set to 128GB]
1520553108.641241: 18248-7fba239bc700: cdpl_worker.c:528: in cdpl_wk_listen(): debug: ready
1520553108.641655: 18248-7fba239bc700: cdpl_worker.c:585: in cdpl_wk_listen(): debug: received ASSIGN message
1520553108.641682: 18248-7fba2cfa9fa0: cdpl_worker.c:1092: in cdpl_wk_wait_timeout(): info: starting task T45
1520553108.641708: 18248-7fba2cfa9fa0: cdpl_compat_worker.c:597: in cdplWorkerLogInfo(): info: [configOneCellAdaptive { NR2D1 }]
1520553109.139901: 18248-7fba22fbb700: cdpl_worker.c:656: in cdpl_wk_heartbeat(): debug: starting heartbeat
1520553109.139926: 18248-7fba22fbb700: cdpl_worker.c:665: in cdpl_wk_heartbeat(): info: setting heartbeat period to 60 sec
1520553109.139936: 18248-7fba22fbb700: cdpl_worker.c:673: in cdpl_wk_heartbeat(): info: first heartbeat in 1 sec
1520553115.619183: 18248-7fba2cfa9fa0: cdpl_worker.c:1208: in cdpl_wk_finalize(): info: finishing task T45
1520553115.619749: 18248-7fba239bc700: cdpl_worker.c:585: in cdpl_wk_listen(): debug: received ASSIGN message
1520553115.619804: 18248-7fba2cfa9fa0: cdpl_worker.c:1092: in cdpl_wk_wait_timeout(): info: starting task T56
1520553115.619826: 18248-7fba2cfa9fa0: cdpl_compat_worker.c:597: in cdplWorkerLogInfo(): info: [configOneCellAdaptive { OR2D2 }]
1520553136.163559: 18248-7fba2cfa9fa0: cdpl_worker.c:1208: in cdpl_wk_finalize(): info: finishing task T56
1520553201.722259: 18248-7fba239bc700: cdpl_worker.c:616: in cdpl_wk_listen(): debug: received RELAY message
1520553201.991658: 18248-7fba239bc700: cdpl_worker.c:616: in cdpl_wk_listen(): debug: received RELAY message
1520553203.547399: 18248-7fba239bc700: cdpl_worker.c:585: in cdpl_wk_listen(): debug: received ASSIGN message
1520553203.547507: 18248-7fba2cfa9fa0: cdpl_worker.c:1092: in cdpl_wk_wait_timeout(): info: starting task T76
1520553208.025462: 18248-7fba2cfa9fa0: cdpl_compat_worker.c:597: in cdplWorkerLogInfo(): info: [runOneAcquisitionAdaptive DFCSNQD1 cmpw__CDN__hl__CDN__lh__ACQ_1 job_77 ]
1520553248.354989: 18248-7fba2cfa9fa0: cdpl_worker.c:1208: in cdpl_wk_finalize(): info: finishing task T76
1520553248.358440: 18248-7fba239bc700: cdpl_worker.c:585: in cdpl_wk_listen(): debug: received ASSIGN message
1520553248.358520: 18248-7fba2cfa9fa0: cdpl_worker.c:1092: in cdpl_wk_wait_timeout(): info: starting task T100
1520553248.358549: 18248-7fba2cfa9fa0: cdpl_compat_worker.c:597: in cdplWorkerLogInfo(): info: [runOneAcquisitionAdaptive DFCSNQD2 energy__CP__lh__ACQ_1 job_101 ]
1520553260.160589: 18248-7fba2cfa9fa0: cdpl_worker.c:1208: in cdpl_wk_finalize(): info: finishing task T100
1520553260.166599: 18248-7fba239bc700: cdpl_worker.c:585: in cdpl_wk_listen(): debug: received ASSIGN message
1520553260.169339: 18248-7fba2cfa9fa0: cdpl_worker.c:1092: in cdpl_wk_wait_timeout(): info: starting task T109
1520553260.169364: 18248-7fba2cfa9fa0: cdpl_compat_worker.c:597: in cdplWorkerLogInfo(): info: [runOneAcquisitionAdaptive DFCSNQD2 cmpw__SDN__hl__SDN__lh__ACQ_1 job_110 ]
1520553269.608762: 18248-7fba2cfa9fa0: cdpl_worker.c:1208: in cdpl_wk_finalize(): info: finishing task T109
1520553269.609134: 18248-7fba239bc700: cdpl_worker.c:585: in cdpl_wk_listen(): debug: received ASSIGN message
1520553269.609211: 18248-7fba2cfa9fa0: cdpl_worker.c:1092: in cdpl_wk_wait_timeout(): info: starting task T118
1520553269.609229: 18248-7fba2cfa9fa0: cdpl_compat_worker.c:597: in cdplWorkerLogInfo(): info: [runOneAcquisitionAdaptive DFCSNQD2 removal__CDN__lh__CP__lh__ACQ_1 job_119 ]
1520553344.868615: 18248-7fba2cfa9fa0: cdpl_worker.c:1208: in cdpl_wk_finalize(): info: finishing task T118
1520553344.869033: 18248-7fba239bc700: cdpl_worker.c:585: in cdpl_wk_listen(): debug: received ASSIGN message
1520553344.869076: 18248-7fba2cfa9fa0: cdpl_worker.c:1092: in cdpl_wk_wait_timeout(): info: starting task T186
1520553344.869109: 18248-7fba2cfa9fa0: cdpl_compat_worker.c:597: in cdplWorkerLogInfo(): info: [runOneAcquisitionAdaptive AOI21D0 Cin__A1__lh__ACQ_1 job_187 ]
1520553348.483203: 18248-7fba2cfa9fa0: cdpl_worker.c:1208: in cdpl_wk_finalize(): info: finishing task T186
1520553348.483505: 18248-7fba239bc700: cdpl_worker.c:585: in cdpl_wk_listen(): debug: received ASSIGN message
1520553348.483527: 18248-7fba2cfa9fa0: cdpl_worker.c:1092: in cdpl_wk_wait_timeout(): info: starting task T196
1520553348.483545: 18248-7fba2cfa9fa0: cdpl_compat_worker.c:597: in cdplWorkerLogInfo(): info: [runOneAcquisitionAdaptive AOI21D0 Cin__B__hl__ACQ_1 job_197 ]
1520553350.570063: 18248-7fba239bc700: cdpl_worker.c:585: in cdpl_wk_listen(): debug: received ASSIGN message
1520553350.570086: 18248-7fba2cfa9fa0: cdpl_worker.c:1208: in cdpl_wk_finalize(): info: finishing task T196
1520553350.570158: 18248-7fba2cfa9fa0: cdpl_worker.c:1092: in cdpl_wk_wait_timeout(): info: starting task T200
1520553350.570176: 18248-7fba2cfa9fa0: cdpl_compat_worker.c:597: in cdplWorkerLogInfo(): info: [runOneAcquisitionAdaptive AOI21D1 Cin__A1__lh__ACQ_1 job_201 ]
1520553353.278768: 18248-7fba239bc700: cdpl_worker.c:585: in cdpl_wk_listen(): debug: received ASSIGN message
1520553353.278791: 18248-7fba2cfa9fa0: cdpl_worker.c:1208: in cdpl_wk_finalize(): info: finishing task T200
1520553353.278861: 18248-7fba2cfa9fa0: cdpl_worker.c:1092: in cdpl_wk_wait_timeout(): info: starting task T203
1520553353.278883: 18248-7fba2cfa9fa0: cdpl_compat_worker.c:597: in cdplWorkerLogInfo(): info: [runOneAcquisitionAdaptive AOI21D1 leakage_power__ACQ_2 job_204 ]
1520553355.048930: 18248-7fba2cfa9fa0: cdpl_worker.c:1208: in cdpl_wk_finalize(): info: finishing task T203
1520553355.049382: 18248-7fba239bc700: cdpl_worker.c:585: in cdpl_wk_listen(): debug: received ASSIGN message
1520553355.049420: 18248-7fba2cfa9fa0: cdpl_worker.c:1092: in cdpl_wk_wait_timeout(): info: starting task T208
1520553355.049455: 18248-7fba2cfa9fa0: cdpl_compat_worker.c:597: in cdplWorkerLogInfo(): info: [runOneAcquisitionAdaptive AOI21D1 delay__A2__lh__ZN__hl__ACQ_1 job_209 ]
1520553363.497109: 18248-7fba2cfa9fa0: cdpl_worker.c:1208: in cdpl_wk_finalize(): info: finishing task T208
1520553363.501881: 18248-7fba239bc700: cdpl_worker.c:585: in cdpl_wk_listen(): debug: received ASSIGN message
1520553363.501930: 18248-7fba2cfa9fa0: cdpl_worker.c:1092: in cdpl_wk_wait_timeout(): info: starting task T232
1520553363.501949: 18248-7fba2cfa9fa0: cdpl_compat_worker.c:597: in cdplWorkerLogInfo(): info: [runOneAcquisitionAdaptive AOI21D4 delay__A1__lh__ZN__hl__ACQ_1 job_233 ]
1520553377.994332: 18248-7fba2cfa9fa0: cdpl_worker.c:1208: in cdpl_wk_finalize(): info: finishing task T232
1520553377.994788: 18248-7fba239bc700: cdpl_worker.c:585: in cdpl_wk_listen(): debug: received ASSIGN message
1520553377.994848: 18248-7fba2cfa9fa0: cdpl_worker.c:1092: in cdpl_wk_wait_timeout(): info: starting task T265
1520553377.994868: 18248-7fba2cfa9fa0: cdpl_compat_worker.c:597: in cdplWorkerLogInfo(): info: [runOneAcquisitionAdaptive MUX2D1 delay__I1__hl__Z__hl__ACQ_1 job_266 ]
1520553388.122896: 18248-7fba2cfa9fa0: cdpl_worker.c:1208: in cdpl_wk_finalize(): info: finishing task T265
1520553388.127011: 18248-7fba239bc700: cdpl_worker.c:585: in cdpl_wk_listen(): debug: received ASSIGN message
1520553388.127064: 18248-7fba2cfa9fa0: cdpl_worker.c:1092: in cdpl_wk_wait_timeout(): info: starting task T300
1520553388.127084: 18248-7fba2cfa9fa0: cdpl_compat_worker.c:597: in cdplWorkerLogInfo(): info: [runOneAcquisitionAdaptive MUX2D4 delay__S__lh__Z__hl__ACQ_1 job_301 ]
1520553403.915218: 18248-7fba2cfa9fa0: cdpl_worker.c:1208: in cdpl_wk_finalize(): info: finishing task T300
1520553403.915700: 18248-7fba239bc700: cdpl_worker.c:585: in cdpl_wk_listen(): debug: received ASSIGN message
1520553403.915723: 18248-7fba2cfa9fa0: cdpl_worker.c:1092: in cdpl_wk_wait_timeout(): info: starting task T357
1520553403.915744: 18248-7fba2cfa9fa0: cdpl_compat_worker.c:597: in cdplWorkerLogInfo(): info: [runOneAcquisitionAdaptive OAI21D4 delay__A2__hl__ZN__lh__ACQ_1 job_358 ]
1520553419.181465: 18248-7fba2cfa9fa0: cdpl_worker.c:1208: in cdpl_wk_finalize(): info: finishing task T357
1520553419.181863: 18248-7fba239bc700: cdpl_worker.c:585: in cdpl_wk_listen(): debug: received ASSIGN message
1520553419.181911: 18248-7fba2cfa9fa0: cdpl_worker.c:1092: in cdpl_wk_wait_timeout(): info: starting task T415
1520553419.181930: 18248-7fba2cfa9fa0: cdpl_compat_worker.c:597: in cdplWorkerLogInfo(): info: [runOneAcquisitionAdaptive AN2XD1 leakage_power__ACQ_1 job_416 ]
1520553420.905004: 18248-7fba2cfa9fa0: cdpl_worker.c:1208: in cdpl_wk_finalize(): info: finishing task T415
1520553420.905300: 18248-7fba239bc700: cdpl_worker.c:585: in cdpl_wk_listen(): debug: received ASSIGN message
1520553420.909798: 18248-7fba2cfa9fa0: cdpl_worker.c:1092: in cdpl_wk_wait_timeout(): info: starting task T423
1520553420.909822: 18248-7fba2cfa9fa0: cdpl_compat_worker.c:597: in cdplWorkerLogInfo(): info: [runOneAcquisitionAdaptive ND2D0 leakage_power__ACQ_1 job_424 ]
1520553422.753063: 18248-7fba2cfa9fa0: cdpl_worker.c:1208: in cdpl_wk_finalize(): info: finishing task T423
1520553422.753369: 18248-7fba239bc700: cdpl_worker.c:585: in cdpl_wk_listen(): debug: received ASSIGN message
1520553422.753400: 18248-7fba2cfa9fa0: cdpl_worker.c:1092: in cdpl_wk_wait_timeout(): info: starting task T432
1520553422.753422: 18248-7fba2cfa9fa0: cdpl_compat_worker.c:597: in cdplWorkerLogInfo(): info: [runOneAcquisitionAdaptive ND2D1 Cin__A1__lh__ACQ_1 job_433 ]
1520553424.909809: 18248-7fba2cfa9fa0: cdpl_worker.c:1208: in cdpl_wk_finalize(): info: finishing task T432
1520553424.910121: 18248-7fba239bc700: cdpl_worker.c:585: in cdpl_wk_listen(): debug: received ASSIGN message
1520553424.910147: 18248-7fba2cfa9fa0: cdpl_worker.c:1092: in cdpl_wk_wait_timeout(): info: starting task T442
1520553424.910169: 18248-7fba2cfa9fa0: cdpl_compat_worker.c:597: in cdplWorkerLogInfo(): info: [runOneAcquisitionAdaptive ND2D2 Cin__A1__lh__ACQ_1 job_443 ]
1520553427.014256: 18248-7fba2cfa9fa0: cdpl_worker.c:1208: in cdpl_wk_finalize(): info: finishing task T442
1520553427.014560: 18248-7fba239bc700: cdpl_worker.c:585: in cdpl_wk_listen(): debug: received ASSIGN message
1520553427.015504: 18248-7fba2cfa9fa0: cdpl_worker.c:1092: in cdpl_wk_wait_timeout(): info: starting task T450
1520553427.015527: 18248-7fba2cfa9fa0: cdpl_compat_worker.c:597: in cdplWorkerLogInfo(): info: [runOneAcquisitionAdaptive ND2D2 delay__A2__hl__ZN__lh__ACQ_1 job_451 ]
1520553437.504392: 18248-7fba2cfa9fa0: cdpl_worker.c:1208: in cdpl_wk_finalize(): info: finishing task T450
1520553437.504949: 18248-7fba239bc700: cdpl_worker.c:585: in cdpl_wk_listen(): debug: received ASSIGN message
1520553437.504998: 18248-7fba2cfa9fa0: cdpl_worker.c:1092: in cdpl_wk_wait_timeout(): info: starting task T484
1520553437.505018: 18248-7fba2cfa9fa0: cdpl_compat_worker.c:597: in cdplWorkerLogInfo(): info: [runOneAcquisitionAdaptive NR2D0 leakage_power__ACQ_2 job_485 ]
1520553439.258126: 18248-7fba2cfa9fa0: cdpl_worker.c:1208: in cdpl_wk_finalize(): info: finishing task T484
1520553439.258470: 18248-7fba239bc700: cdpl_worker.c:585: in cdpl_wk_listen(): debug: received ASSIGN message
1520553439.262923: 18248-7fba2cfa9fa0: cdpl_worker.c:1092: in cdpl_wk_wait_timeout(): info: starting task T492
1520553439.262946: 18248-7fba2cfa9fa0: cdpl_compat_worker.c:597: in cdplWorkerLogInfo(): info: [runOneAcquisitionAdaptive NR2D1 Cin__A1__lh__ACQ_1 job_493 ]
1520553442.472898: 18248-7fba2cfa9fa0: cdpl_worker.c:1208: in cdpl_wk_finalize(): info: finishing task T492
1520553442.473243: 18248-7fba239bc700: cdpl_worker.c:585: in cdpl_wk_listen(): debug: received ASSIGN message
1520553442.473274: 18248-7fba2cfa9fa0: cdpl_worker.c:1092: in cdpl_wk_wait_timeout(): info: starting task T502
1520553442.473296: 18248-7fba2cfa9fa0: cdpl_compat_worker.c:597: in cdplWorkerLogInfo(): info: [runOneAcquisitionAdaptive NR2D2 Cin__A1__lh__ACQ_1 job_503 ]
1520553445.681055: 18248-7fba2cfa9fa0: cdpl_worker.c:1208: in cdpl_wk_finalize(): info: finishing task T502
1520553445.681357: 18248-7fba239bc700: cdpl_worker.c:585: in cdpl_wk_listen(): debug: received ASSIGN message
1520553445.685800: 18248-7fba2cfa9fa0: cdpl_worker.c:1092: in cdpl_wk_wait_timeout(): info: starting task T513
1520553445.685823: 18248-7fba2cfa9fa0: cdpl_compat_worker.c:597: in cdplWorkerLogInfo(): info: [runOneAcquisitionAdaptive NR2D3 leakage_power__ACQ_1 job_514 ]
1520553449.454941: 18248-7fba2cfa9fa0: cdpl_worker.c:1208: in cdpl_wk_finalize(): info: finishing task T513
1520553449.455261: 18248-7fba239bc700: cdpl_worker.c:585: in cdpl_wk_listen(): debug: received ASSIGN message
1520553449.455294: 18248-7fba2cfa9fa0: cdpl_worker.c:1092: in cdpl_wk_wait_timeout(): info: starting task T523
1520553449.455315: 18248-7fba2cfa9fa0: cdpl_compat_worker.c:597: in cdplWorkerLogInfo(): info: [runOneAcquisitionAdaptive NR2D4 leakage_power__ACQ_1 job_524 ]
1520553451.260958: 18248-7fba2cfa9fa0: cdpl_worker.c:1208: in cdpl_wk_finalize(): info: finishing task T523
1520553451.261361: 18248-7fba239bc700: cdpl_worker.c:585: in cdpl_wk_listen(): debug: received ASSIGN message
1520553451.261397: 18248-7fba2cfa9fa0: cdpl_worker.c:1092: in cdpl_wk_wait_timeout(): info: starting task T533
1520553451.261426: 18248-7fba2cfa9fa0: cdpl_compat_worker.c:597: in cdplWorkerLogInfo(): info: [runOneAcquisitionAdaptive NR2D8 leakage_power__ACQ_1 job_534 ]
1520553453.379496: 18248-7fba2cfa9fa0: cdpl_worker.c:1208: in cdpl_wk_finalize(): info: finishing task T533
1520553453.379818: 18248-7fba239bc700: cdpl_worker.c:585: in cdpl_wk_listen(): debug: received ASSIGN message
1520553453.379856: 18248-7fba2cfa9fa0: cdpl_worker.c:1092: in cdpl_wk_wait_timeout(): info: starting task T542
1520553453.379878: 18248-7fba2cfa9fa0: cdpl_compat_worker.c:597: in cdplWorkerLogInfo(): info: [runOneAcquisitionAdaptive OR2D0 Cin__A1__lh__ACQ_1 job_543 ]
1520553456.303267: 18248-7fba2cfa9fa0: cdpl_worker.c:1208: in cdpl_wk_finalize(): info: finishing task T542
1520553456.303668: 18248-7fba239bc700: cdpl_worker.c:585: in cdpl_wk_listen(): debug: received ASSIGN message
1520553456.303707: 18248-7fba2cfa9fa0: cdpl_worker.c:1092: in cdpl_wk_wait_timeout(): info: starting task T551
1520553456.303741: 18248-7fba2cfa9fa0: cdpl_compat_worker.c:597: in cdplWorkerLogInfo(): info: [runOneAcquisitionAdaptive OR2D1 Cin__A2__hl__ACQ_1 job_552 ]
1520553458.856769: 18248-7fba2cfa9fa0: cdpl_worker.c:1208: in cdpl_wk_finalize(): info: finishing task T551
1520553458.857342: 18248-7fba239bc700: cdpl_worker.c:585: in cdpl_wk_listen(): debug: received ASSIGN message
1520553458.871127: 18248-7fba2cfa9fa0: cdpl_worker.c:1092: in cdpl_wk_wait_timeout(): info: starting task T560
1520553458.871172: 18248-7fba2cfa9fa0: cdpl_compat_worker.c:597: in cdplWorkerLogInfo(): info: [runOneAcquisitionAdaptive OR2D1 Cin__A1__hl__ACQ_1 job_561 ]
1520553461.063552: 18248-7fba2cfa9fa0: cdpl_worker.c:1208: in cdpl_wk_finalize(): info: finishing task T560
1520553461.063764: 18248-7fba239bc700: cdpl_worker.c:585: in cdpl_wk_listen(): debug: received ASSIGN message
1520553461.067936: 18248-7fba2cfa9fa0: cdpl_worker.c:1092: in cdpl_wk_wait_timeout(): info: starting task T568
1520553461.067969: 18248-7fba2cfa9fa0: cdpl_compat_worker.c:597: in cdplWorkerLogInfo(): info: [runOneAcquisitionAdaptive OR2D2 delay__A2__hl__Z__hl__ACQ_1 job_569 ]
1520553469.392622: 18248-7fba2cfa9fa0: cdpl_worker.c:1208: in cdpl_wk_finalize(): info: finishing task T568
1520553469.401357: 18248-7fba239bc700: cdpl_worker.c:585: in cdpl_wk_listen(): debug: received ASSIGN message
1520553469.401443: 18248-7fba2cfa9fa0: cdpl_worker.c:1092: in cdpl_wk_wait_timeout(): info: starting task T606
1520553469.401463: 18248-7fba2cfa9fa0: cdpl_compat_worker.c:597: in cdplWorkerLogInfo(): info: [runOneAcquisitionAdaptive XNR2D1 delay__A1__hl__ZN__lh__ACQ_1 job_607 ]
1520553481.456773: 18248-7fba2cfa9fa0: cdpl_worker.c:1208: in cdpl_wk_finalize(): info: finishing task T606
1520553481.464145: 18248-7fba239bc700: cdpl_worker.c:585: in cdpl_wk_listen(): debug: received ASSIGN message
1520553481.464197: 18248-7fba2cfa9fa0: cdpl_worker.c:1092: in cdpl_wk_wait_timeout(): info: starting task T635
1520553481.464225: 18248-7fba2cfa9fa0: cdpl_compat_worker.c:597: in cdplWorkerLogInfo(): info: [runOneAcquisitionAdaptive XOR2D0 delay__A2__lh__Z__lh__ACQ_1 job_636 ]
1520553493.296076: 18248-7fba2cfa9fa0: cdpl_worker.c:1208: in cdpl_wk_finalize(): info: finishing task T635
1520553493.296614: 18248-7fba239bc700: cdpl_worker.c:585: in cdpl_wk_listen(): debug: received ASSIGN message
1520553493.296667: 18248-7fba2cfa9fa0: cdpl_worker.c:1092: in cdpl_wk_wait_timeout(): info: starting task T657
1520553493.296688: 18248-7fba2cfa9fa0: cdpl_compat_worker.c:597: in cdplWorkerLogInfo(): info: [runOneAcquisitionAdaptive XOR2D2 delay__A1__lh__Z__hl__ACQ_1 job_658 ]
1520553505.830691: 18248-7fba2cfa9fa0: cdpl_worker.c:1208: in cdpl_wk_finalize(): info: finishing task T657
1520553505.835805: 18248-7fba239bc700: cdpl_worker.c:585: in cdpl_wk_listen(): debug: received ASSIGN message
1520553505.835857: 18248-7fba2cfa9fa0: cdpl_worker.c:1092: in cdpl_wk_wait_timeout(): info: starting task T706
1520553505.835881: 18248-7fba2cfa9fa0: cdpl_compat_worker.c:597: in cdplWorkerLogInfo(): info: [runOneAcquisitionAdaptive INVD12 leakage_power__ACQ_2 job_707 ]
1520553514.849633: 18248-7fba2cfa9fa0: cdpl_worker.c:1208: in cdpl_wk_finalize(): info: finishing task T706
1520553514.850048: 18248-7fba239bc700: cdpl_worker.c:585: in cdpl_wk_listen(): debug: received ASSIGN message
1520553514.850172: 18248-7fba2cfa9fa0: cdpl_worker.c:1092: in cdpl_wk_wait_timeout(): info: starting task T721
1520553514.850203: 18248-7fba2cfa9fa0: cdpl_compat_worker.c:597: in cdplWorkerLogInfo(): info: [runOneAcquisitionAdaptive INVD24 leakage_power__ACQ_1 job_722 ]
1520553517.063686: 18248-7fba2cfa9fa0: cdpl_worker.c:1208: in cdpl_wk_finalize(): info: finishing task T721
1520553517.064045: 18248-7fba239bc700: cdpl_worker.c:585: in cdpl_wk_listen(): debug: received ASSIGN message
1520553517.068118: 18248-7fba2cfa9fa0: cdpl_worker.c:1092: in cdpl_wk_wait_timeout(): info: starting task T729
1520553517.068152: 18248-7fba2cfa9fa0: cdpl_compat_worker.c:597: in cdplWorkerLogInfo(): info: [runOneAcquisitionAdaptive INVD4 leakage_power__ACQ_1 job_730 ]
1520553520.461118: 18248-7fba2cfa9fa0: cdpl_worker.c:1208: in cdpl_wk_finalize(): info: finishing task T729
1520553520.461450: 18248-7fba239bc700: cdpl_worker.c:585: in cdpl_wk_listen(): debug: received ASSIGN message
1520553520.467122: 18248-7fba2cfa9fa0: cdpl_worker.c:1092: in cdpl_wk_wait_timeout(): info: starting task T736
1520553520.467159: 18248-7fba2cfa9fa0: cdpl_compat_worker.c:597: in cdplWorkerLogInfo(): info: [runOneAcquisitionAdaptive INVD6 delay__I__hl__ZN__lh__ACQ_1 job_737 ]
1520553526.341612: 18248-7fba2cfa9fa0: cdpl_worker.c:1208: in cdpl_wk_finalize(): info: finishing task T736
1520553546.209975: 18248-7fba239bc700: cdpl_worker.c:616: in cdpl_wk_listen(): debug: received RELAY message
1520553548.055980: 18248-7fba239bc700: cdpl_worker.c:585: in cdpl_wk_listen(): debug: received ASSIGN message
1520553548.056069: 18248-7fba2cfa9fa0: cdpl_worker.c:1092: in cdpl_wk_wait_timeout(): info: starting task T758
1520553548.402024: 18248-7fba2cfa9fa0: cdpl_compat_worker.c:597: in cdplWorkerLogInfo(): info: [modelOneCellAdaptive {AN2D1 }]
1520553555.146323: 18248-7fba2cfa9fa0: cdpl_worker.c:1208: in cdpl_wk_finalize(): info: finishing task T758
1520553555.146760: 18248-7fba239bc700: cdpl_worker.c:585: in cdpl_wk_listen(): debug: received ASSIGN message
1520553555.146826: 18248-7fba2cfa9fa0: cdpl_worker.c:1092: in cdpl_wk_wait_timeout(): info: starting task T786
1520553555.146846: 18248-7fba2cfa9fa0: cdpl_compat_worker.c:597: in cdplWorkerLogInfo(): info: [modelOneCellAdaptive {XOR2D2 }]
1520553561.528425: 18248-7fba2cfa9fa0: cdpl_worker.c:1208: in cdpl_wk_finalize(): info: finishing task T786
1520553580.705589: 18248-7fba239bc700: cdpl_worker.c:616: in cdpl_wk_listen(): debug: received RELAY message
1520553580.743866: 18248-7fba243bd700: cdpl_ipc.c:606: in _readv(): warning: read(): EOF
1520553580.743926: 18248-7fba243bd700: cdpl_ipc.c:1462: in _epoll_recv(): debug: _readv(): Broken pipe
1520553580.743945: 18248-7fba243bd700: cdpl_ipc.c:1683: in _epoll_main(): debug: _epoll_recv(): Broken pipe
1520553580.743996: 18248-7fba243bd700: cdpl_ipc.c:1061: in _host_drop__UNSAFE(): debug: dropping host `128.54.67.147:38978'
1520553580.746955: 18248-7fba239bc700: cdpl_worker.c:561: in cdpl_wk_listen(): debug: received DROP notification
1520553580.746973: 18248-7fba239bc700: cdpl_worker.c:565: in cdpl_wk_listen(): debug: we were dropped by the server
1520553580.746987: 18248-7fba239bc700: cdpl_worker.c:492: in _wk_kill(): debug: killing worker
1520553580.747001: 18248-7fba239bc700: cdpl_ipc.c:2481: in cdpl_ipc_kill(): debug: stopping event server
1520553580.747040: 18248-7fba239bc700: cdpl_worker.c:542: in cdpl_wk_listen(): debug: leaving now
1520553580.747277: 18248-7fba2cfa9fa0: cdpl_compat_worker.c:597: in cdplWorkerLogInfo(): info: [Worker shutdown. Code: 3]
1520553580.747460: 18248-7fba243bd700: cdpl_ipc.c:1720: in _epoll_main(): debug: server going down...
1520553580.883977: 18248-7fba2cfa9fa0: cdpl_worker.c:856: in _wk_shutdown(): debug: waiting for heartbeat thread
1520553580.884228: 18248-7fba22fbb700: cdpl_worker.c:709: in cdpl_wk_heartbeat(): info: stopping heartbeat
1520553580.884285: 18248-7fba2cfa9fa0: cdpl_ipc.c:1781: in cdpl_ipc_host_release(): debug: releasing host `128.54.67.147:38978'
1520553580.884375: 18248-7fba2cfa9fa0: cdpl_ipc.c:2532: in cdpl_ipc_free(): debug: releasing IPC handle
1520553580.884398: 18248-7fba2cfa9fa0: cdpl_ipc.c:986: in _host_free__UNSAFE(): debug: freeing host `128.54.67.147:38978'
1520553580.884424: 18248-7fba2cfa9fa0: cdpl_ipc.c:1028: in _host_free__UNSAFE(): debug: [0 outq, 0 spR, 0 spW]
1520553580.884477: 18248-7fba2cfa9fa0: cdpl_ipc.c:2571: in cdpl_ipc_free(): debug: done
1520553580.884495: 18248-7fba2cfa9fa0: cdpl_worker.c:912: in cdpl_wk_free(): info: freed
1520553580.884510: 18248-7fba2cfa9fa0: cdpl_log.c:359: in cdpl_log_close(): debug: @@end_of_log@@
