1520553079.912819: 18019-7fbe6e2c4fa0: cdpl_log.c:221: in cdpl_log_open(): debug: @@start_of_log@@
1520553079.912895: 18019-7fbe6e2c4fa0: cdpl_log.c:729: in cdpl_log_dump_sysinfo(): info: time: 2018/03/08 15:51:19 PST -0800
1520553079.912910: 18019-7fbe6e2c4fa0: cdpl_log.c:731: in cdpl_log_dump_sysinfo(): info: version: L_2016.03_SP2_PROD_CDPL 
1520553079.912921: 18019-7fbe6e2c4fa0: cdpl_log.c:736: in cdpl_log_dump_sysinfo(): info: system: Linux 2.6.32-696.18.7.el6.x86_64 #1 SMP Thu Jan 4 17:31:22 UTC 2018
1520553079.912931: 18019-7fbe6e2c4fa0: cdpl_log.c:740: in cdpl_log_dump_sysinfo(): info: processor: x86_64 64-bits
1520553079.912941: 18019-7fbe6e2c4fa0: cdpl_log.c:742: in cdpl_log_dump_sysinfo(): info: hostname: ieng6-ece-17.ucsd.edu
1520553079.912951: 18019-7fbe6e2c4fa0: cdpl_log.c:223: in cdpl_log_open(): debug: path: /home/linux/ieng6/ee260b/shl237/lab6/run_siliconsmart/LIB_FF_1.1_-40_ALL/runtime/cdpl/worker.W10.ieng6-ece-17.ucsd.edu.18019.log
1520553079.912961: 18019-7fbe6e2c4fa0: cdpl_log.c:224: in cdpl_log_open(): debug: dir: /home/linux/ieng6/ee260b/shl237/lab6/run_siliconsmart/LIB_FF_1.1_-40_ALL/runtime/cdpl
1520553079.912979: 18019-7fbe6e2c4fa0: cdpl_worker.c:728: in cdpl_wk_new(): info: creating worker instance
1520553079.913564: 18019-7fbe6e2c4fa0: cdpl_worker.c:925: in cdpl_wk_start(): debug: starting worker
1520553079.913582: 18019-7fbe6e2c4fa0: cdpl_worker.c:276: in cdpl_wk_setup(): info: CDPL_SERVER is "128.54.67.147:38978"
1520553079.913595: 18019-7fbe6e2c4fa0: cdpl_worker.c:299: in cdpl_wk_setup(): info: server 128.54.67.147, port 38978
1520553079.913607: 18019-7fbe6e2c4fa0: cdpl_worker.c:319: in cdpl_wk_setup(): info: CDPL_ID is "10:1:1:1:769061682"
1520553079.913640: 18019-7fbe6e2c4fa0: cdpl_worker.c:361: in cdpl_wk_setup(): info: we are W10-B1-J1-M1-S769061682
1520553079.913652: 18019-7fbe6e2c4fa0: cdpl_worker.c:363: in cdpl_wk_setup(): info: we are on host ieng6-ece-17.ucsd.edu
1520553079.913661: 18019-7fbe6e2c4fa0: cdpl_worker.c:372: in cdpl_wk_daemonize(): debug: will *not* daemonize
1520553079.913677: 18019-7fbe6e2c4fa0: cdpl_ipc.c:2593: in cdpl_ipc_connect(): info: connecting to 128.54.67.147:38978
1520553079.913820: 18019-7fbe6e2c4fa0: cdpl_ipc.c:2659: in cdpl_ipc_connect(): info: connected as `128.54.67.147:50576'
1520553079.913872: 18019-7fbe6e2c4fa0: cdpl_ipc.c:1763: in cdpl_ipc_host_accept(): debug: accepted host `128.54.67.147:38978'
1520553079.913902: 18019-7fbe6e2c4fa0: cdpl_ipc.c:2436: in cdpl_ipc_start(): debug: starting IPC server 128.54.67.147:36665
1520553079.914123: 18019-7fbe6e2c4fa0: cdpl_compat_worker.c:148: in cdplStartWorker(): info: SNPSLMD_LICENSE_FILE is 1705@acms-flexlm-lnx4.ucsd.edu,1705@acms-flexlm-lnx5.ucsd.edu,1705@acms-flexlm-lnx6.ucsd.edu
1520553079.914276: 18019-7fbe6e2c4fa0: cdpl_compat_worker.c:597: in cdplWorkerLogInfo(): info: [Maximum lifespan of worker is set to 1200m]
1520553079.914362: 18019-7fbe6e2c4fa0: cdpl_compat_worker.c:597: in cdplWorkerLogInfo(): info: [Peak virtual memory is set to 128GB]
1520553079.927924: 18019-7fbe642d6700: cdpl_worker.c:656: in cdpl_wk_heartbeat(): debug: starting heartbeat
1520553079.927945: 18019-7fbe642d6700: cdpl_worker.c:665: in cdpl_wk_heartbeat(): info: setting heartbeat period to 60 sec
1520553079.927955: 18019-7fbe64cd7700: cdpl_worker.c:528: in cdpl_wk_listen(): debug: ready
1520553079.927982: 18019-7fbe64cd7700: cdpl_worker.c:585: in cdpl_wk_listen(): debug: received ASSIGN message
1520553079.928704: 18019-7fbe642d6700: cdpl_worker.c:673: in cdpl_wk_heartbeat(): info: first heartbeat in 1 sec
1520553079.932975: 18019-7fbe6e2c4fa0: cdpl_worker.c:1092: in cdpl_wk_wait_timeout(): info: starting task T10
1520553079.933020: 18019-7fbe6e2c4fa0: cdpl_compat_worker.c:597: in cdplWorkerLogInfo(): info: [configOneCellAdaptive { BUFFD0 }]
1520553093.096301: 18019-7fbe6e2c4fa0: cdpl_worker.c:1208: in cdpl_wk_finalize(): info: finishing task T10
1520553093.097121: 18019-7fbe64cd7700: cdpl_worker.c:585: in cdpl_wk_listen(): debug: received ASSIGN message
1520553093.097208: 18019-7fbe6e2c4fa0: cdpl_worker.c:1092: in cdpl_wk_wait_timeout(): info: starting task T24
1520553093.097258: 18019-7fbe6e2c4fa0: cdpl_compat_worker.c:597: in cdplWorkerLogInfo(): info: [configOneCellAdaptive { INVD12 }]
1520553105.023683: 18019-7fbe6e2c4fa0: cdpl_worker.c:1208: in cdpl_wk_finalize(): info: finishing task T24
1520553105.031652: 18019-7fbe64cd7700: cdpl_worker.c:585: in cdpl_wk_listen(): debug: received ASSIGN message
1520553105.031727: 18019-7fbe6e2c4fa0: cdpl_worker.c:1092: in cdpl_wk_wait_timeout(): info: starting task T41
1520553105.031755: 18019-7fbe6e2c4fa0: cdpl_compat_worker.c:597: in cdplWorkerLogInfo(): info: [configOneCellAdaptive { ND2D3 }]
1520553115.600851: 18019-7fbe6e2c4fa0: cdpl_worker.c:1208: in cdpl_wk_finalize(): info: finishing task T41
1520553115.601285: 18019-7fbe64cd7700: cdpl_worker.c:585: in cdpl_wk_listen(): debug: received ASSIGN message
1520553115.601336: 18019-7fbe6e2c4fa0: cdpl_worker.c:1092: in cdpl_wk_wait_timeout(): info: starting task T55
1520553115.601360: 18019-7fbe6e2c4fa0: cdpl_compat_worker.c:597: in cdplWorkerLogInfo(): info: [configOneCellAdaptive { OR2D1 }]
1520553138.622778: 18019-7fbe6e2c4fa0: cdpl_worker.c:1208: in cdpl_wk_finalize(): info: finishing task T55
1520553201.721717: 18019-7fbe64cd7700: cdpl_worker.c:616: in cdpl_wk_listen(): debug: received RELAY message
1520553201.991063: 18019-7fbe64cd7700: cdpl_worker.c:616: in cdpl_wk_listen(): debug: received RELAY message
1520553204.767340: 18019-7fbe64cd7700: cdpl_worker.c:585: in cdpl_wk_listen(): debug: received ASSIGN message
1520553204.767430: 18019-7fbe6e2c4fa0: cdpl_worker.c:1092: in cdpl_wk_wait_timeout(): info: starting task T80
1520553224.917905: 18019-7fbe6e2c4fa0: cdpl_compat_worker.c:597: in cdplWorkerLogInfo(): info: [runOneAcquisitionAdaptive DFCSNQD1 asynch_removal__CDN__lh__SDN__lh__ACQ_1 job_81 ]
1520553292.432385: 18019-7fbe6e2c4fa0: cdpl_worker.c:1208: in cdpl_wk_finalize(): info: finishing task T80
1520553292.433368: 18019-7fbe64cd7700: cdpl_worker.c:585: in cdpl_wk_listen(): debug: received ASSIGN message
1520553292.433399: 18019-7fbe6e2c4fa0: cdpl_worker.c:1092: in cdpl_wk_wait_timeout(): info: starting task T139
1520553292.433431: 18019-7fbe6e2c4fa0: cdpl_compat_worker.c:597: in cdplWorkerLogInfo(): info: [runOneAcquisitionAdaptive DFCSNQD4 leakage_power__ACQ_1 job_140 ]
1520553295.256035: 18019-7fbe6e2c4fa0: cdpl_worker.c:1208: in cdpl_wk_finalize(): info: finishing task T139
1520553295.256348: 18019-7fbe64cd7700: cdpl_worker.c:585: in cdpl_wk_listen(): debug: received ASSIGN message
1520553295.256382: 18019-7fbe6e2c4fa0: cdpl_worker.c:1092: in cdpl_wk_wait_timeout(): info: starting task T142
1520553295.256406: 18019-7fbe6e2c4fa0: cdpl_compat_worker.c:597: in cdplWorkerLogInfo(): info: [runOneAcquisitionAdaptive DFCSNQD4 Cin__CP__hl__ACQ_2 job_143 ]
1520553302.955269: 18019-7fbe6e2c4fa0: cdpl_worker.c:1208: in cdpl_wk_finalize(): info: finishing task T142
1520553302.961952: 18019-7fbe64cd7700: cdpl_worker.c:585: in cdpl_wk_listen(): debug: received ASSIGN message
1520553302.962017: 18019-7fbe6e2c4fa0: cdpl_worker.c:1092: in cdpl_wk_wait_timeout(): info: starting task T151
1520553302.962038: 18019-7fbe6e2c4fa0: cdpl_compat_worker.c:597: in cdplWorkerLogInfo(): info: [runOneAcquisitionAdaptive DFCSNQD4 removal__SDN__lh__CP__lh__ACQ_1 job_152 ]
1520553364.645631: 18019-7fbe6e2c4fa0: cdpl_worker.c:1208: in cdpl_wk_finalize(): info: finishing task T151
1520553364.646081: 18019-7fbe64cd7700: cdpl_worker.c:585: in cdpl_wk_listen(): debug: received ASSIGN message
1520553364.646157: 18019-7fbe6e2c4fa0: cdpl_worker.c:1092: in cdpl_wk_wait_timeout(): info: starting task T236
1520553364.646183: 18019-7fbe6e2c4fa0: cdpl_compat_worker.c:597: in cdplWorkerLogInfo(): info: [runOneAcquisitionAdaptive AOI21D4 delay__A2__lh__ZN__hl__ACQ_1 job_237 ]
1520553380.184279: 18019-7fbe6e2c4fa0: cdpl_worker.c:1208: in cdpl_wk_finalize(): info: finishing task T236
1520553380.184668: 18019-7fbe64cd7700: cdpl_worker.c:585: in cdpl_wk_listen(): debug: received ASSIGN message
1520553380.184772: 18019-7fbe6e2c4fa0: cdpl_worker.c:1092: in cdpl_wk_wait_timeout(): info: starting task T272
1520553380.184791: 18019-7fbe6e2c4fa0: cdpl_compat_worker.c:597: in cdplWorkerLogInfo(): info: [runOneAcquisitionAdaptive MUX2D1 Cin__S__lh__ACQ_1 job_273 ]
1520553382.876853: 18019-7fbe6e2c4fa0: cdpl_worker.c:1208: in cdpl_wk_finalize(): info: finishing task T272
1520553382.877058: 18019-7fbe64cd7700: cdpl_worker.c:585: in cdpl_wk_listen(): debug: received ASSIGN message
1520553382.880296: 18019-7fbe6e2c4fa0: cdpl_worker.c:1092: in cdpl_wk_wait_timeout(): info: starting task T284
1520553382.880322: 18019-7fbe6e2c4fa0: cdpl_compat_worker.c:597: in cdplWorkerLogInfo(): info: [runOneAcquisitionAdaptive MUX2D2 delay__S__lh__Z__hl__ACQ_1 job_285 ]
1520553394.483631: 18019-7fbe6e2c4fa0: cdpl_worker.c:1208: in cdpl_wk_finalize(): info: finishing task T284
1520553394.487949: 18019-7fbe64cd7700: cdpl_worker.c:585: in cdpl_wk_listen(): debug: received ASSIGN message
1520553394.488001: 18019-7fbe6e2c4fa0: cdpl_worker.c:1092: in cdpl_wk_wait_timeout(): info: starting task T322
1520553394.488021: 18019-7fbe6e2c4fa0: cdpl_compat_worker.c:597: in cdplWorkerLogInfo(): info: [runOneAcquisitionAdaptive OAI21D1 leakage_power__ACQ_1 job_323 ]
1520553396.298589: 18019-7fbe6e2c4fa0: cdpl_worker.c:1208: in cdpl_wk_finalize(): info: finishing task T322
1520553396.298924: 18019-7fbe64cd7700: cdpl_worker.c:585: in cdpl_wk_listen(): debug: received ASSIGN message
1520553396.303043: 18019-7fbe6e2c4fa0: cdpl_worker.c:1092: in cdpl_wk_wait_timeout(): info: starting task T327
1520553396.303066: 18019-7fbe6e2c4fa0: cdpl_compat_worker.c:597: in cdplWorkerLogInfo(): info: [runOneAcquisitionAdaptive OAI21D1 Cin__A1__hl__ACQ_1 job_328 ]
1520553398.992540: 18019-7fbe6e2c4fa0: cdpl_worker.c:1208: in cdpl_wk_finalize(): info: finishing task T327
1520553398.992861: 18019-7fbe64cd7700: cdpl_worker.c:585: in cdpl_wk_listen(): debug: received ASSIGN message
1520553398.995714: 18019-7fbe6e2c4fa0: cdpl_worker.c:1092: in cdpl_wk_wait_timeout(): info: starting task T334
1520553398.995738: 18019-7fbe6e2c4fa0: cdpl_compat_worker.c:597: in cdplWorkerLogInfo(): info: [runOneAcquisitionAdaptive OAI21D2 Cin__A1__lh__ACQ_1 job_335 ]
1520553402.861954: 18019-7fbe6e2c4fa0: cdpl_worker.c:1208: in cdpl_wk_finalize(): info: finishing task T334
1520553402.862251: 18019-7fbe64cd7700: cdpl_worker.c:585: in cdpl_wk_listen(): debug: received ASSIGN message
1520553402.864600: 18019-7fbe6e2c4fa0: cdpl_worker.c:1092: in cdpl_wk_wait_timeout(): info: starting task T347
1520553402.864621: 18019-7fbe6e2c4fa0: cdpl_compat_worker.c:597: in cdplWorkerLogInfo(): info: [runOneAcquisitionAdaptive OAI21D4 Cin__A2__hl__ACQ_1 job_348 ]
1520553406.187228: 18019-7fbe6e2c4fa0: cdpl_worker.c:1208: in cdpl_wk_finalize(): info: finishing task T347
1520553406.187532: 18019-7fbe64cd7700: cdpl_worker.c:585: in cdpl_wk_listen(): debug: received ASSIGN message
1520553406.187569: 18019-7fbe6e2c4fa0: cdpl_worker.c:1092: in cdpl_wk_wait_timeout(): info: starting task T364
1520553406.187592: 18019-7fbe6e2c4fa0: cdpl_compat_worker.c:597: in cdplWorkerLogInfo(): info: [runOneAcquisitionAdaptive AN2D0 delay__A1__hl__Z__hl__ACQ_1 job_365 ]
1520553413.619151: 18019-7fbe6e2c4fa0: cdpl_worker.c:1208: in cdpl_wk_finalize(): info: finishing task T364
1520553413.619590: 18019-7fbe64cd7700: cdpl_worker.c:585: in cdpl_wk_listen(): debug: received ASSIGN message
1520553413.619615: 18019-7fbe6e2c4fa0: cdpl_worker.c:1092: in cdpl_wk_wait_timeout(): info: starting task T386
1520553413.619633: 18019-7fbe6e2c4fa0: cdpl_compat_worker.c:597: in cdplWorkerLogInfo(): info: [runOneAcquisitionAdaptive AN2D2 leakage_power__ACQ_4 job_387 ]
1520553415.210128: 18019-7fbe6e2c4fa0: cdpl_worker.c:1208: in cdpl_wk_finalize(): info: finishing task T386
1520553415.210445: 18019-7fbe64cd7700: cdpl_worker.c:585: in cdpl_wk_listen(): debug: received ASSIGN message
1520553415.210484: 18019-7fbe6e2c4fa0: cdpl_worker.c:1092: in cdpl_wk_wait_timeout(): info: starting task T397
1520553415.210507: 18019-7fbe6e2c4fa0: cdpl_compat_worker.c:597: in cdplWorkerLogInfo(): info: [runOneAcquisitionAdaptive AN2D4 delay__A2__lh__Z__lh__ACQ_1 job_398 ]
1520553427.672317: 18019-7fbe6e2c4fa0: cdpl_worker.c:1208: in cdpl_wk_finalize(): info: finishing task T397
1520553427.673807: 18019-7fbe64cd7700: cdpl_worker.c:585: in cdpl_wk_listen(): debug: received ASSIGN message
1520553427.673856: 18019-7fbe6e2c4fa0: cdpl_worker.c:1092: in cdpl_wk_wait_timeout(): info: starting task T457
1520553427.673875: 18019-7fbe6e2c4fa0: cdpl_compat_worker.c:597: in cdplWorkerLogInfo(): info: [runOneAcquisitionAdaptive ND2D3 Cin__A2__lh__ACQ_1 job_458 ]
1520553429.969471: 18019-7fbe6e2c4fa0: cdpl_worker.c:1208: in cdpl_wk_finalize(): info: finishing task T457
1520553429.969763: 18019-7fbe64cd7700: cdpl_worker.c:585: in cdpl_wk_listen(): debug: received ASSIGN message
1520553429.973918: 18019-7fbe6e2c4fa0: cdpl_worker.c:1092: in cdpl_wk_wait_timeout(): info: starting task T469
1520553429.973941: 18019-7fbe6e2c4fa0: cdpl_compat_worker.c:597: in cdplWorkerLogInfo(): info: [runOneAcquisitionAdaptive ND2D4 delay__A2__lh__ZN__hl__ACQ_1 job_470 ]
1520553443.302114: 18019-7fbe6e2c4fa0: cdpl_worker.c:1208: in cdpl_wk_finalize(): info: finishing task T469
1520553443.307151: 18019-7fbe64cd7700: cdpl_worker.c:585: in cdpl_wk_listen(): debug: received ASSIGN message
1520553443.307230: 18019-7fbe6e2c4fa0: cdpl_worker.c:1092: in cdpl_wk_wait_timeout(): info: starting task T507
1520553443.307266: 18019-7fbe6e2c4fa0: cdpl_compat_worker.c:597: in cdplWorkerLogInfo(): info: [runOneAcquisitionAdaptive NR2D2 Cin__A2__lh__ACQ_1 job_508 ]
1520553448.534725: 18019-7fbe6e2c4fa0: cdpl_worker.c:1208: in cdpl_wk_finalize(): info: finishing task T507
1520553448.539170: 18019-7fbe64cd7700: cdpl_worker.c:585: in cdpl_wk_listen(): debug: received ASSIGN message
1520553448.539217: 18019-7fbe6e2c4fa0: cdpl_worker.c:1092: in cdpl_wk_wait_timeout(): info: starting task T520
1520553448.539237: 18019-7fbe6e2c4fa0: cdpl_compat_worker.c:597: in cdplWorkerLogInfo(): info: [runOneAcquisitionAdaptive NR2D3 delay__A2__hl__ZN__lh__ACQ_1 job_521 ]
1520553459.168898: 18019-7fbe6e2c4fa0: cdpl_worker.c:1208: in cdpl_wk_finalize(): info: finishing task T520
1520553459.173121: 18019-7fbe64cd7700: cdpl_worker.c:585: in cdpl_wk_listen(): debug: received ASSIGN message
1520553459.173222: 18019-7fbe6e2c4fa0: cdpl_worker.c:1092: in cdpl_wk_wait_timeout(): info: starting task T562
1520553459.173256: 18019-7fbe6e2c4fa0: cdpl_compat_worker.c:597: in cdplWorkerLogInfo(): info: [runOneAcquisitionAdaptive OR2D2 Cin__A1__lh__ACQ_1 job_563 ]
1520553461.097460: 18019-7fbe6e2c4fa0: cdpl_worker.c:1208: in cdpl_wk_finalize(): info: finishing task T562
1520553461.097667: 18019-7fbe64cd7700: cdpl_worker.c:585: in cdpl_wk_listen(): debug: received ASSIGN message
1520553461.097699: 18019-7fbe6e2c4fa0: cdpl_worker.c:1092: in cdpl_wk_wait_timeout(): info: starting task T569
1520553461.097726: 18019-7fbe6e2c4fa0: cdpl_compat_worker.c:597: in cdplWorkerLogInfo(): info: [runOneAcquisitionAdaptive OR2D2 Cin__A2__lh__ACQ_1 job_570 ]
1520553463.106404: 18019-7fbe6e2c4fa0: cdpl_worker.c:1208: in cdpl_wk_finalize(): info: finishing task T569
1520553463.106672: 18019-7fbe64cd7700: cdpl_worker.c:585: in cdpl_wk_listen(): debug: received ASSIGN message
1520553463.106705: 18019-7fbe6e2c4fa0: cdpl_worker.c:1092: in cdpl_wk_wait_timeout(): info: starting task T580
1520553463.106729: 18019-7fbe6e2c4fa0: cdpl_compat_worker.c:597: in cdplWorkerLogInfo(): info: [runOneAcquisitionAdaptive OR2D4 Cin__A1__hl__ACQ_1 job_581 ]
1520553465.504233: 18019-7fbe6e2c4fa0: cdpl_worker.c:1208: in cdpl_wk_finalize(): info: finishing task T580
1520553465.504515: 18019-7fbe64cd7700: cdpl_worker.c:585: in cdpl_wk_listen(): debug: received ASSIGN message
1520553465.504550: 18019-7fbe6e2c4fa0: cdpl_worker.c:1092: in cdpl_wk_wait_timeout(): info: starting task T592
1520553465.504578: 18019-7fbe6e2c4fa0: cdpl_compat_worker.c:597: in cdplWorkerLogInfo(): info: [runOneAcquisitionAdaptive XNR2D0 delay__A2__hl__ZN__hl__ACQ_1 job_593 ]
1520553475.699585: 18019-7fbe6e2c4fa0: cdpl_worker.c:1208: in cdpl_wk_finalize(): info: finishing task T592
1520553475.700137: 18019-7fbe64cd7700: cdpl_worker.c:585: in cdpl_wk_listen(): debug: received ASSIGN message
1520553475.700181: 18019-7fbe6e2c4fa0: cdpl_worker.c:1092: in cdpl_wk_wait_timeout(): info: starting task T622
1520553475.700200: 18019-7fbe6e2c4fa0: cdpl_compat_worker.c:597: in cdplWorkerLogInfo(): info: [runOneAcquisitionAdaptive XNR2D4 delay__A2__hl__ZN__hl__ACQ_1 job_623 ]
1520553495.028591: 18019-7fbe6e2c4fa0: cdpl_worker.c:1208: in cdpl_wk_finalize(): info: finishing task T622
1520553495.033899: 18019-7fbe64cd7700: cdpl_worker.c:585: in cdpl_wk_listen(): debug: received ASSIGN message
1520553495.033994: 18019-7fbe6e2c4fa0: cdpl_worker.c:1092: in cdpl_wk_wait_timeout(): info: starting task T663
1520553495.034023: 18019-7fbe6e2c4fa0: cdpl_compat_worker.c:597: in cdplWorkerLogInfo(): info: [runOneAcquisitionAdaptive BUFFD0 delay__I__lh__Z__lh__ACQ_1 job_664 ]
1520553502.726082: 18019-7fbe64cd7700: cdpl_worker.c:585: in cdpl_wk_listen(): debug: received ASSIGN message
1520553502.726838: 18019-7fbe6e2c4fa0: cdpl_worker.c:1208: in cdpl_wk_finalize(): info: finishing task T663
1520553502.726931: 18019-7fbe6e2c4fa0: cdpl_worker.c:1092: in cdpl_wk_wait_timeout(): info: starting task T693
1520553502.726953: 18019-7fbe6e2c4fa0: cdpl_compat_worker.c:597: in cdplWorkerLogInfo(): info: [runOneAcquisitionAdaptive BUFFD8 leakage_power__ACQ_1 job_694 ]
1520553504.589954: 18019-7fbe6e2c4fa0: cdpl_worker.c:1208: in cdpl_wk_finalize(): info: finishing task T693
1520553504.590206: 18019-7fbe64cd7700: cdpl_worker.c:585: in cdpl_wk_listen(): debug: received ASSIGN message
1520553504.590232: 18019-7fbe6e2c4fa0: cdpl_worker.c:1092: in cdpl_wk_wait_timeout(): info: starting task T701
1520553504.590251: 18019-7fbe6e2c4fa0: cdpl_compat_worker.c:597: in cdplWorkerLogInfo(): info: [runOneAcquisitionAdaptive INVD1 leakage_power__ACQ_1 job_702 ]
1520553505.947987: 18019-7fbe6e2c4fa0: cdpl_worker.c:1208: in cdpl_wk_finalize(): info: finishing task T701
1520553505.948271: 18019-7fbe64cd7700: cdpl_worker.c:585: in cdpl_wk_listen(): debug: received ASSIGN message
1520553505.948297: 18019-7fbe6e2c4fa0: cdpl_worker.c:1092: in cdpl_wk_wait_timeout(): info: starting task T707
1520553505.948316: 18019-7fbe6e2c4fa0: cdpl_compat_worker.c:597: in cdplWorkerLogInfo(): info: [runOneAcquisitionAdaptive INVD12 delay__I__lh__ZN__hl__ACQ_1 job_708 ]
1520553525.513318: 18019-7fbe6e2c4fa0: cdpl_worker.c:1208: in cdpl_wk_finalize(): info: finishing task T707
1520553546.208822: 18019-7fbe64cd7700: cdpl_worker.c:616: in cdpl_wk_listen(): debug: received RELAY message
1520553547.414941: 18019-7fbe64cd7700: cdpl_worker.c:585: in cdpl_wk_listen(): debug: received ASSIGN message
1520553547.415025: 18019-7fbe6e2c4fa0: cdpl_worker.c:1092: in cdpl_wk_wait_timeout(): info: starting task T752
1520553547.829946: 18019-7fbe6e2c4fa0: cdpl_compat_worker.c:597: in cdplWorkerLogInfo(): info: [modelOneCellAdaptive {MUX2D4 }]
1520553553.836991: 18019-7fbe6e2c4fa0: cdpl_worker.c:1208: in cdpl_wk_finalize(): info: finishing task T752
1520553553.837590: 18019-7fbe64cd7700: cdpl_worker.c:585: in cdpl_wk_listen(): debug: received ASSIGN message
1520553553.837672: 18019-7fbe6e2c4fa0: cdpl_worker.c:1092: in cdpl_wk_wait_timeout(): info: starting task T772
1520553553.837692: 18019-7fbe6e2c4fa0: cdpl_compat_worker.c:597: in cdplWorkerLogInfo(): info: [modelOneCellAdaptive {NR2D3 }]
1520553559.310779: 18019-7fbe6e2c4fa0: cdpl_worker.c:1208: in cdpl_wk_finalize(): info: finishing task T772
1520553559.311170: 18019-7fbe64cd7700: cdpl_worker.c:585: in cdpl_wk_listen(): debug: received ASSIGN message
1520553559.311252: 18019-7fbe6e2c4fa0: cdpl_worker.c:1092: in cdpl_wk_wait_timeout(): info: starting task T795
1520553559.311270: 18019-7fbe6e2c4fa0: cdpl_compat_worker.c:597: in cdplWorkerLogInfo(): info: [modelOneCellAdaptive {BUFFD8 }]
1520553562.770266: 18019-7fbe6e2c4fa0: cdpl_worker.c:1208: in cdpl_wk_finalize(): info: finishing task T795
1520553580.704788: 18019-7fbe64cd7700: cdpl_worker.c:616: in cdpl_wk_listen(): debug: received RELAY message
1520553580.745487: 18019-7fbe656d8700: cdpl_ipc.c:606: in _readv(): warning: read(): EOF
1520553580.745566: 18019-7fbe656d8700: cdpl_ipc.c:1462: in _epoll_recv(): debug: _readv(): Broken pipe
1520553580.745636: 18019-7fbe656d8700: cdpl_ipc.c:1683: in _epoll_main(): debug: _epoll_recv(): Broken pipe
1520553580.745678: 18019-7fbe656d8700: cdpl_ipc.c:1061: in _host_drop__UNSAFE(): debug: dropping host `128.54.67.147:38978'
1520553580.745915: 18019-7fbe64cd7700: cdpl_worker.c:561: in cdpl_wk_listen(): debug: received DROP notification
1520553580.745945: 18019-7fbe64cd7700: cdpl_worker.c:565: in cdpl_wk_listen(): debug: we were dropped by the server
1520553580.745965: 18019-7fbe64cd7700: cdpl_worker.c:492: in _wk_kill(): debug: killing worker
1520553580.746001: 18019-7fbe64cd7700: cdpl_ipc.c:2481: in cdpl_ipc_kill(): debug: stopping event server
1520553580.746065: 18019-7fbe64cd7700: cdpl_worker.c:542: in cdpl_wk_listen(): debug: leaving now
1520553580.747371: 18019-7fbe6e2c4fa0: cdpl_compat_worker.c:597: in cdplWorkerLogInfo(): info: [Worker shutdown. Code: 3]
1520553580.747554: 18019-7fbe656d8700: cdpl_ipc.c:1720: in _epoll_main(): debug: server going down...
1520553580.857635: 18019-7fbe6e2c4fa0: cdpl_worker.c:856: in _wk_shutdown(): debug: waiting for heartbeat thread
1520553580.857726: 18019-7fbe642d6700: cdpl_worker.c:709: in cdpl_wk_heartbeat(): info: stopping heartbeat
1520553580.857794: 18019-7fbe6e2c4fa0: cdpl_ipc.c:1781: in cdpl_ipc_host_release(): debug: releasing host `128.54.67.147:38978'
1520553580.857880: 18019-7fbe6e2c4fa0: cdpl_ipc.c:2532: in cdpl_ipc_free(): debug: releasing IPC handle
1520553580.857897: 18019-7fbe6e2c4fa0: cdpl_ipc.c:986: in _host_free__UNSAFE(): debug: freeing host `128.54.67.147:38978'
1520553580.857938: 18019-7fbe6e2c4fa0: cdpl_ipc.c:1028: in _host_free__UNSAFE(): debug: [0 outq, 0 spR, 0 spW]
1520553580.857987: 18019-7fbe6e2c4fa0: cdpl_ipc.c:2571: in cdpl_ipc_free(): debug: done
1520553580.858005: 18019-7fbe6e2c4fa0: cdpl_worker.c:912: in cdpl_wk_free(): info: freed
1520553580.858019: 18019-7fbe6e2c4fa0: cdpl_log.c:359: in cdpl_log_close(): debug: @@end_of_log@@
