1520553114.733253: 18262-7feeeb7d7fa0: cdpl_log.c:221: in cdpl_log_open(): debug: @@start_of_log@@
1520553114.733323: 18262-7feeeb7d7fa0: cdpl_log.c:729: in cdpl_log_dump_sysinfo(): info: time: 2018/03/08 15:51:54 PST -0800
1520553114.733338: 18262-7feeeb7d7fa0: cdpl_log.c:731: in cdpl_log_dump_sysinfo(): info: version: L_2016.03_SP2_PROD_CDPL 
1520553114.733349: 18262-7feeeb7d7fa0: cdpl_log.c:736: in cdpl_log_dump_sysinfo(): info: system: Linux 2.6.32-696.18.7.el6.x86_64 #1 SMP Thu Jan 4 17:31:22 UTC 2018
1520553114.733359: 18262-7feeeb7d7fa0: cdpl_log.c:740: in cdpl_log_dump_sysinfo(): info: processor: x86_64 64-bits
1520553114.733369: 18262-7feeeb7d7fa0: cdpl_log.c:742: in cdpl_log_dump_sysinfo(): info: hostname: ieng6-ece-17.ucsd.edu
1520553114.733380: 18262-7feeeb7d7fa0: cdpl_log.c:223: in cdpl_log_open(): debug: path: /home/linux/ieng6/ee260b/shl237/lab6/run_siliconsmart/LIB_FF_1.1_-40_ALL/runtime/cdpl/worker.W16.ieng6-ece-17.ucsd.edu.18262.log
1520553114.733390: 18262-7feeeb7d7fa0: cdpl_log.c:224: in cdpl_log_open(): debug: dir: /home/linux/ieng6/ee260b/shl237/lab6/run_siliconsmart/LIB_FF_1.1_-40_ALL/runtime/cdpl
1520553114.733409: 18262-7feeeb7d7fa0: cdpl_worker.c:728: in cdpl_wk_new(): info: creating worker instance
1520553114.733927: 18262-7feeeb7d7fa0: cdpl_worker.c:925: in cdpl_wk_start(): debug: starting worker
1520553114.733944: 18262-7feeeb7d7fa0: cdpl_worker.c:276: in cdpl_wk_setup(): info: CDPL_SERVER is "128.54.67.147:38978"
1520553114.733952: 18262-7feeeb7d7fa0: cdpl_worker.c:299: in cdpl_wk_setup(): info: server 128.54.67.147, port 38978
1520553114.733961: 18262-7feeeb7d7fa0: cdpl_worker.c:319: in cdpl_wk_setup(): info: CDPL_ID is "16:1:1:1:769061682"
1520553114.733983: 18262-7feeeb7d7fa0: cdpl_worker.c:361: in cdpl_wk_setup(): info: we are W16-B1-J1-M1-S769061682
1520553114.733991: 18262-7feeeb7d7fa0: cdpl_worker.c:363: in cdpl_wk_setup(): info: we are on host ieng6-ece-17.ucsd.edu
1520553114.733998: 18262-7feeeb7d7fa0: cdpl_worker.c:372: in cdpl_wk_daemonize(): debug: will *not* daemonize
1520553114.734008: 18262-7feeeb7d7fa0: cdpl_ipc.c:2593: in cdpl_ipc_connect(): info: connecting to 128.54.67.147:38978
1520553114.734122: 18262-7feeeb7d7fa0: cdpl_ipc.c:2659: in cdpl_ipc_connect(): info: connected as `128.54.67.147:50598'
1520553114.734156: 18262-7feeeb7d7fa0: cdpl_ipc.c:1763: in cdpl_ipc_host_accept(): debug: accepted host `128.54.67.147:38978'
1520553114.734178: 18262-7feeeb7d7fa0: cdpl_ipc.c:2436: in cdpl_ipc_start(): debug: starting IPC server 128.54.67.147:33433
1520553114.734340: 18262-7feeeb7d7fa0: cdpl_compat_worker.c:148: in cdplStartWorker(): info: SNPSLMD_LICENSE_FILE is 1705@acms-flexlm-lnx4.ucsd.edu,1705@acms-flexlm-lnx5.ucsd.edu,1705@acms-flexlm-lnx6.ucsd.edu
1520553114.734481: 18262-7feeeb7d7fa0: cdpl_compat_worker.c:597: in cdplWorkerLogInfo(): info: [Maximum lifespan of worker is set to 1200m]
1520553114.734598: 18262-7feeeb7d7fa0: cdpl_compat_worker.c:597: in cdplWorkerLogInfo(): info: [Peak virtual memory is set to 128GB]
1520553114.741943: 18262-7feee21ea700: cdpl_worker.c:528: in cdpl_wk_listen(): debug: ready
1520553114.749493: 18262-7feee21ea700: cdpl_worker.c:585: in cdpl_wk_listen(): debug: received ASSIGN message
1520553114.749549: 18262-7feeeb7d7fa0: cdpl_worker.c:1092: in cdpl_wk_wait_timeout(): info: starting task T50
1520553114.749599: 18262-7feeeb7d7fa0: cdpl_compat_worker.c:597: in cdplWorkerLogInfo(): info: [configOneCellAdaptive { OAI21D0 }]
1520553114.750227: 18262-7feee17e9700: cdpl_worker.c:656: in cdpl_wk_heartbeat(): debug: starting heartbeat
1520553114.750263: 18262-7feee17e9700: cdpl_worker.c:665: in cdpl_wk_heartbeat(): info: setting heartbeat period to 60 sec
1520553114.750289: 18262-7feee17e9700: cdpl_worker.c:673: in cdpl_wk_heartbeat(): info: first heartbeat in 1 sec
1520553138.673504: 18262-7feeeb7d7fa0: cdpl_worker.c:1208: in cdpl_wk_finalize(): info: finishing task T50
1520553201.722160: 18262-7feee21ea700: cdpl_worker.c:616: in cdpl_wk_listen(): debug: received RELAY message
1520553201.991558: 18262-7feee21ea700: cdpl_worker.c:616: in cdpl_wk_listen(): debug: received RELAY message
1520553205.841317: 18262-7feee21ea700: cdpl_worker.c:585: in cdpl_wk_listen(): debug: received ASSIGN message
1520553205.841351: 18262-7feeeb7d7fa0: cdpl_worker.c:1092: in cdpl_wk_wait_timeout(): info: starting task T81
1520553209.493898: 18262-7feeeb7d7fa0: cdpl_compat_worker.c:597: in cdplWorkerLogInfo(): info: [runOneAcquisitionAdaptive DFCSNQD1 asynch_removal__SDN__lh__CDN__lh__ACQ_1 job_82 ]
1520553289.292116: 18262-7feeeb7d7fa0: cdpl_worker.c:1208: in cdpl_wk_finalize(): info: finishing task T81
1520553289.292559: 18262-7feee21ea700: cdpl_worker.c:585: in cdpl_wk_listen(): debug: received ASSIGN message
1520553289.292608: 18262-7feeeb7d7fa0: cdpl_worker.c:1092: in cdpl_wk_wait_timeout(): info: starting task T136
1520553289.292627: 18262-7feeeb7d7fa0: cdpl_compat_worker.c:597: in cdplWorkerLogInfo(): info: [runOneAcquisitionAdaptive DFCSNQD4 delay__SDN__hl__Q__lh__ACQ_1 job_137 ]
1520553319.692361: 18262-7feeeb7d7fa0: cdpl_worker.c:1208: in cdpl_wk_finalize(): info: finishing task T136
1520553320.070029: 18262-7feee21ea700: cdpl_worker.c:585: in cdpl_wk_listen(): debug: received ASSIGN message
1520553320.070116: 18262-7feeeb7d7fa0: cdpl_worker.c:1092: in cdpl_wk_wait_timeout(): info: starting task T169
1520553320.070139: 18262-7feeeb7d7fa0: cdpl_compat_worker.c:597: in cdplWorkerLogInfo(): info: [runOneAcquisitionAdaptive LHQD2 Cin__D__lh__ACQ_1 job_170 ]
1520553327.333387: 18262-7feeeb7d7fa0: cdpl_worker.c:1208: in cdpl_wk_finalize(): info: finishing task T169
1520553327.335241: 18262-7feee21ea700: cdpl_worker.c:585: in cdpl_wk_listen(): debug: received ASSIGN message
1520553327.335276: 18262-7feeeb7d7fa0: cdpl_worker.c:1092: in cdpl_wk_wait_timeout(): info: starting task T177
1520553327.335299: 18262-7feeeb7d7fa0: cdpl_compat_worker.c:597: in cdplWorkerLogInfo(): info: [runOneAcquisitionAdaptive LHQD2 Cin__D__hl__ACQ_1 job_178 ]
1520553333.544605: 18262-7feeeb7d7fa0: cdpl_worker.c:1208: in cdpl_wk_finalize(): info: finishing task T177
1520553333.546260: 18262-7feee21ea700: cdpl_worker.c:585: in cdpl_wk_listen(): debug: received ASSIGN message
1520553333.546293: 18262-7feeeb7d7fa0: cdpl_worker.c:1092: in cdpl_wk_wait_timeout(): info: starting task T179
1520553333.546316: 18262-7feeeb7d7fa0: cdpl_compat_worker.c:597: in cdplWorkerLogInfo(): info: [runOneAcquisitionAdaptive LHQD2 combined_setup_hold__D__lh__E__hl__ACQ_1 job_180 ]
1520553418.628488: 18262-7feeeb7d7fa0: cdpl_worker.c:1208: in cdpl_wk_finalize(): info: finishing task T179
1520553418.628942: 18262-7feee21ea700: cdpl_worker.c:585: in cdpl_wk_listen(): debug: received ASSIGN message
1520553418.628989: 18262-7feeeb7d7fa0: cdpl_worker.c:1092: in cdpl_wk_wait_timeout(): info: starting task T410
1520553418.629008: 18262-7feeeb7d7fa0: cdpl_compat_worker.c:597: in cdplWorkerLogInfo(): info: [runOneAcquisitionAdaptive AN2D8 Cin__A1__hl__ACQ_1 job_411 ]
1520553421.725040: 18262-7feeeb7d7fa0: cdpl_worker.c:1208: in cdpl_wk_finalize(): info: finishing task T410
1520553421.725413: 18262-7feee21ea700: cdpl_worker.c:585: in cdpl_wk_listen(): debug: received ASSIGN message
1520553421.725452: 18262-7feeeb7d7fa0: cdpl_worker.c:1092: in cdpl_wk_wait_timeout(): info: starting task T428
1520553421.725475: 18262-7feeeb7d7fa0: cdpl_compat_worker.c:597: in cdplWorkerLogInfo(): info: [runOneAcquisitionAdaptive ND2D0 Cin__A1__hl__ACQ_1 job_429 ]
1520553424.823243: 18262-7feeeb7d7fa0: cdpl_worker.c:1208: in cdpl_wk_finalize(): info: finishing task T428
1520553424.823543: 18262-7feee21ea700: cdpl_worker.c:585: in cdpl_wk_listen(): debug: received ASSIGN message
1520553424.823574: 18262-7feeeb7d7fa0: cdpl_worker.c:1092: in cdpl_wk_wait_timeout(): info: starting task T441
1520553424.823600: 18262-7feeeb7d7fa0: cdpl_compat_worker.c:597: in cdplWorkerLogInfo(): info: [runOneAcquisitionAdaptive ND2D2 Cin__A2__hl__ACQ_1 job_442 ]
1520553427.120991: 18262-7feeeb7d7fa0: cdpl_worker.c:1208: in cdpl_wk_finalize(): info: finishing task T441
1520553427.121210: 18262-7feee21ea700: cdpl_worker.c:585: in cdpl_wk_listen(): debug: received ASSIGN message
1520553427.121233: 18262-7feeeb7d7fa0: cdpl_worker.c:1092: in cdpl_wk_wait_timeout(): info: starting task T451
1520553427.121256: 18262-7feeeb7d7fa0: cdpl_compat_worker.c:597: in cdplWorkerLogInfo(): info: [runOneAcquisitionAdaptive ND2D3 Cin__A2__hl__ACQ_1 job_452 ]
1520553429.418677: 18262-7feeeb7d7fa0: cdpl_worker.c:1208: in cdpl_wk_finalize(): info: finishing task T451
1520553429.419053: 18262-7feee21ea700: cdpl_worker.c:585: in cdpl_wk_listen(): debug: received ASSIGN message
1520553429.421845: 18262-7feeeb7d7fa0: cdpl_worker.c:1092: in cdpl_wk_wait_timeout(): info: starting task T468
1520553429.421870: 18262-7feeeb7d7fa0: cdpl_compat_worker.c:597: in cdplWorkerLogInfo(): info: [runOneAcquisitionAdaptive ND2D4 Cin__A1__hl__ACQ_1 job_469 ]
1520553438.896331: 18262-7feeeb7d7fa0: cdpl_worker.c:1208: in cdpl_wk_finalize(): info: finishing task T468
1520553438.897526: 18262-7feee21ea700: cdpl_worker.c:585: in cdpl_wk_listen(): debug: received ASSIGN message
1520553438.897563: 18262-7feeeb7d7fa0: cdpl_worker.c:1092: in cdpl_wk_wait_timeout(): info: starting task T490
1520553438.897593: 18262-7feeeb7d7fa0: cdpl_compat_worker.c:597: in cdplWorkerLogInfo(): info: [runOneAcquisitionAdaptive NR2D0 delay__A2__hl__ZN__lh__ACQ_1 job_491 ]
1520553448.812691: 18262-7feeeb7d7fa0: cdpl_worker.c:1208: in cdpl_wk_finalize(): info: finishing task T490
1520553448.817083: 18262-7feee21ea700: cdpl_worker.c:585: in cdpl_wk_listen(): debug: received ASSIGN message
1520553448.817132: 18262-7feeeb7d7fa0: cdpl_worker.c:1092: in cdpl_wk_wait_timeout(): info: starting task T522
1520553448.817153: 18262-7feeeb7d7fa0: cdpl_compat_worker.c:597: in cdplWorkerLogInfo(): info: [runOneAcquisitionAdaptive NR2D4 Cin__A1__lh__ACQ_1 job_523 ]
1520553451.540096: 18262-7feeeb7d7fa0: cdpl_worker.c:1208: in cdpl_wk_finalize(): info: finishing task T522
1520553451.540395: 18262-7feee21ea700: cdpl_worker.c:585: in cdpl_wk_listen(): debug: received ASSIGN message
1520553451.545046: 18262-7feeeb7d7fa0: cdpl_worker.c:1092: in cdpl_wk_wait_timeout(): info: starting task T536
1520553451.545069: 18262-7feeeb7d7fa0: cdpl_compat_worker.c:597: in cdplWorkerLogInfo(): info: [runOneAcquisitionAdaptive NR2D8 delay__A1__hl__ZN__lh__ACQ_1 job_537 ]
1520553468.744734: 18262-7feeeb7d7fa0: cdpl_worker.c:1208: in cdpl_wk_finalize(): info: finishing task T536
1520553468.745197: 18262-7feee21ea700: cdpl_worker.c:585: in cdpl_wk_listen(): debug: received ASSIGN message
1520553468.745261: 18262-7feeeb7d7fa0: cdpl_worker.c:1092: in cdpl_wk_wait_timeout(): info: starting task T605
1520553468.745288: 18262-7feeeb7d7fa0: cdpl_compat_worker.c:597: in cdplWorkerLogInfo(): info: [runOneAcquisitionAdaptive XNR2D1 delay__A1__lh__ZN__hl__ACQ_1 job_606 ]
1520553479.470452: 18262-7feeeb7d7fa0: cdpl_worker.c:1208: in cdpl_wk_finalize(): info: finishing task T605
1520553479.475161: 18262-7feee21ea700: cdpl_worker.c:585: in cdpl_wk_listen(): debug: received ASSIGN message
1520553479.475222: 18262-7feeeb7d7fa0: cdpl_worker.c:1092: in cdpl_wk_wait_timeout(): info: starting task T633
1520553479.475254: 18262-7feeeb7d7fa0: cdpl_compat_worker.c:597: in cdplWorkerLogInfo(): info: [runOneAcquisitionAdaptive XOR2D0 leakage_power__ACQ_1 job_634 ]
1520553481.591625: 18262-7feeeb7d7fa0: cdpl_worker.c:1208: in cdpl_wk_finalize(): info: finishing task T633
1520553481.592067: 18262-7feee21ea700: cdpl_worker.c:585: in cdpl_wk_listen(): debug: received ASSIGN message
1520553481.596300: 18262-7feeeb7d7fa0: cdpl_worker.c:1092: in cdpl_wk_wait_timeout(): info: starting task T636
1520553481.596330: 18262-7feeeb7d7fa0: cdpl_compat_worker.c:597: in cdplWorkerLogInfo(): info: [runOneAcquisitionAdaptive XOR2D0 delay__A2__hl__Z__hl__ACQ_1 job_637 ]
1520553492.551229: 18262-7feeeb7d7fa0: cdpl_worker.c:1208: in cdpl_wk_finalize(): info: finishing task T636
1520553492.551869: 18262-7feee21ea700: cdpl_worker.c:585: in cdpl_wk_listen(): debug: received ASSIGN message
1520553492.556238: 18262-7feeeb7d7fa0: cdpl_worker.c:1092: in cdpl_wk_wait_timeout(): info: starting task T654
1520553492.556263: 18262-7feeeb7d7fa0: cdpl_compat_worker.c:597: in cdplWorkerLogInfo(): info: [runOneAcquisitionAdaptive XOR2D2 leakage_power__ACQ_2 job_655 ]
1520553494.112302: 18262-7feee21ea700: cdpl_worker.c:585: in cdpl_wk_listen(): debug: received ASSIGN message
1520553494.112327: 18262-7feeeb7d7fa0: cdpl_worker.c:1208: in cdpl_wk_finalize(): info: finishing task T654
1520553494.112403: 18262-7feeeb7d7fa0: cdpl_worker.c:1092: in cdpl_wk_wait_timeout(): info: starting task T661
1520553494.112423: 18262-7feeeb7d7fa0: cdpl_compat_worker.c:597: in cdplWorkerLogInfo(): info: [runOneAcquisitionAdaptive BUFFD0 leakage_power__ACQ_1 job_662 ]
1520553495.580728: 18262-7feeeb7d7fa0: cdpl_worker.c:1208: in cdpl_wk_finalize(): info: finishing task T661
1520553495.581148: 18262-7feee21ea700: cdpl_worker.c:585: in cdpl_wk_listen(): debug: received ASSIGN message
1520553495.585112: 18262-7feeeb7d7fa0: cdpl_worker.c:1092: in cdpl_wk_wait_timeout(): info: starting task T666
1520553495.585137: 18262-7feeeb7d7fa0: cdpl_compat_worker.c:597: in cdplWorkerLogInfo(): info: [runOneAcquisitionAdaptive BUFFD1 leakage_power__ACQ_2 job_667 ]
1520553497.494517: 18262-7feeeb7d7fa0: cdpl_worker.c:1208: in cdpl_wk_finalize(): info: finishing task T666
1520553497.494917: 18262-7feee21ea700: cdpl_worker.c:585: in cdpl_wk_listen(): debug: received ASSIGN message
1520553497.494955: 18262-7feeeb7d7fa0: cdpl_worker.c:1092: in cdpl_wk_wait_timeout(): info: starting task T675
1520553497.494978: 18262-7feeeb7d7fa0: cdpl_compat_worker.c:597: in cdplWorkerLogInfo(): info: [runOneAcquisitionAdaptive BUFFD16 delay__I__lh__Z__lh__ACQ_1 job_676 ]
1520553525.677250: 18262-7feeeb7d7fa0: cdpl_worker.c:1208: in cdpl_wk_finalize(): info: finishing task T675
1520553546.209711: 18262-7feee21ea700: cdpl_worker.c:616: in cdpl_wk_listen(): debug: received RELAY message
1520553547.628396: 18262-7feee21ea700: cdpl_worker.c:585: in cdpl_wk_listen(): debug: received ASSIGN message
1520553547.628485: 18262-7feeeb7d7fa0: cdpl_worker.c:1092: in cdpl_wk_wait_timeout(): info: starting task T754
1520553548.164548: 18262-7feeeb7d7fa0: cdpl_compat_worker.c:597: in cdplWorkerLogInfo(): info: [modelOneCellAdaptive {OAI21D1 }]
1520553554.311381: 18262-7feeeb7d7fa0: cdpl_worker.c:1208: in cdpl_wk_finalize(): info: finishing task T754
1520553554.313698: 18262-7feee21ea700: cdpl_worker.c:585: in cdpl_wk_listen(): debug: received ASSIGN message
1520553554.313755: 18262-7feeeb7d7fa0: cdpl_worker.c:1092: in cdpl_wk_wait_timeout(): info: starting task T775
1520553554.313776: 18262-7feeeb7d7fa0: cdpl_compat_worker.c:597: in cdplWorkerLogInfo(): info: [modelOneCellAdaptive {OR2D0 }]
1520553559.798806: 18262-7feeeb7d7fa0: cdpl_worker.c:1208: in cdpl_wk_finalize(): info: finishing task T775
1520553559.798839: 18262-7feee21ea700: cdpl_worker.c:585: in cdpl_wk_listen(): debug: received ASSIGN message
1520553559.798890: 18262-7feeeb7d7fa0: cdpl_worker.c:1092: in cdpl_wk_wait_timeout(): info: starting task T800
1520553559.798909: 18262-7feeeb7d7fa0: cdpl_compat_worker.c:597: in cdplWorkerLogInfo(): info: [modelOneCellAdaptive {INVD2 }]
1520553563.208307: 18262-7feeeb7d7fa0: cdpl_worker.c:1208: in cdpl_wk_finalize(): info: finishing task T800
1520553580.705332: 18262-7feee21ea700: cdpl_worker.c:616: in cdpl_wk_listen(): debug: received RELAY message
1520553580.746826: 18262-7feee2beb700: cdpl_ipc.c:606: in _readv(): warning: read(): EOF
1520553580.746879: 18262-7feee2beb700: cdpl_ipc.c:1462: in _epoll_recv(): debug: _readv(): Broken pipe
1520553580.746898: 18262-7feee2beb700: cdpl_ipc.c:1683: in _epoll_main(): debug: _epoll_recv(): Broken pipe
1520553580.746924: 18262-7feee2beb700: cdpl_ipc.c:1061: in _host_drop__UNSAFE(): debug: dropping host `128.54.67.147:38978'
1520553580.747253: 18262-7feee21ea700: cdpl_worker.c:561: in cdpl_wk_listen(): debug: received DROP notification
1520553580.747272: 18262-7feee21ea700: cdpl_worker.c:565: in cdpl_wk_listen(): debug: we were dropped by the server
1520553580.747287: 18262-7feee21ea700: cdpl_worker.c:492: in _wk_kill(): debug: killing worker
1520553580.747301: 18262-7feee21ea700: cdpl_ipc.c:2481: in cdpl_ipc_kill(): debug: stopping event server
1520553580.747348: 18262-7feee21ea700: cdpl_worker.c:542: in cdpl_wk_listen(): debug: leaving now
1520553580.747426: 18262-7feee2beb700: cdpl_ipc.c:1720: in _epoll_main(): debug: server going down...
1520553580.747489: 18262-7feeeb7d7fa0: cdpl_compat_worker.c:597: in cdplWorkerLogInfo(): info: [Worker shutdown. Code: 3]
1520553580.884750: 18262-7feeeb7d7fa0: cdpl_worker.c:856: in _wk_shutdown(): debug: waiting for heartbeat thread
1520553580.884833: 18262-7feee17e9700: cdpl_worker.c:709: in cdpl_wk_heartbeat(): info: stopping heartbeat
1520553580.884976: 18262-7feeeb7d7fa0: cdpl_ipc.c:1781: in cdpl_ipc_host_release(): debug: releasing host `128.54.67.147:38978'
1520553580.885059: 18262-7feeeb7d7fa0: cdpl_ipc.c:2532: in cdpl_ipc_free(): debug: releasing IPC handle
1520553580.885076: 18262-7feeeb7d7fa0: cdpl_ipc.c:986: in _host_free__UNSAFE(): debug: freeing host `128.54.67.147:38978'
1520553580.885092: 18262-7feeeb7d7fa0: cdpl_ipc.c:1028: in _host_free__UNSAFE(): debug: [0 outq, 0 spR, 0 spW]
1520553580.885139: 18262-7feeeb7d7fa0: cdpl_ipc.c:2571: in cdpl_ipc_free(): debug: done
1520553580.885157: 18262-7feeeb7d7fa0: cdpl_worker.c:912: in cdpl_wk_free(): info: freed
1520553580.885171: 18262-7feeeb7d7fa0: cdpl_log.c:359: in cdpl_log_close(): debug: @@end_of_log@@
