*----------------------------------------------------------------------------------------
*	Innovus 15.23-s045_1 (64bit) 04/22/2016 12:32 (Linux 2.6.18-194.el5)
*	
*
* 	Date & Time:	2018-Feb-01 23:46:06 (2018-Feb-02 07:46:06 GMT)
*
*----------------------------------------------------------------------------------------
*
*	Design: aes_cipher_top
*
*	Liberty Libraries used: 
*	        WC_VIEW: /home/linux/ieng6/ee260b/shl237/lab3/rundir/run0/route.enc.dat/libs/mmmc/tcbn65gpluswc.lib
*
*	Power Domain used: 
*
*       Power View : WC_VIEW
*
*       User-Defined Activity : N.A.
*
*       Activity File: N.A.
*
*       Hierarchical Global Activity: N.A.
*
*       Global Activity: N.A.
*
*       Sequential Element Activity: 0.200000
*
*       Primary Input Activity: 0.200000
*
*       Default icg ratio: N.A.
*
*       Global Comb ClockGate Ratio: N.A.
*
*	Power Units = 1mW
*
*	Time Units = 1e-09 secs 
*
*       report_power -outfile aes_cipher_top.post_route.power.rpt
*
-----------------------------------------------------------------------------------------


Total Power 
-----------------------------------------------------------------------------------------
Total Internal Power:        8.79906679 	   50.0432%
Total Switching Power:       8.41266298 	   47.8456%
Total Leakage Power:         0.37119783 	    2.1111%
Total Power:                17.58292762 
-----------------------------------------------------------------------------------------


Group                           Internal   Switching     Leakage       Total  Percentage 
                                Power      Power         Power         Power  (%)        
-----------------------------------------------------------------------------------------
Sequential                          3.69      0.4131     0.03388       4.137       23.53 
Macro                                  0           0           0           0           0 
IO                                     0           0           0           0           0 
Combinational                      4.874       7.294      0.3355        12.5       71.11 
Clock (Combinational)             0.2349      0.7059    0.001784      0.9425        5.36 
Clock (Sequential)                     0           0           0           0           0 
-----------------------------------------------------------------------------------------
Total                              8.799       8.413      0.3712       17.58         100 
-----------------------------------------------------------------------------------------


Rail                  Voltage   Internal   Switching     Leakage       Total  Percentage 
                                Power      Power         Power         Power  (%)        
-----------------------------------------------------------------------------------------
Default                   0.9      8.799       8.413      0.3712       17.58         100 


Clock                           Internal   Switching     Leakage       Total  Percentage 
                                Power      Power         Power         Power  (%)        
-----------------------------------------------------------------------------------------
clk                               0.2349      0.7059    0.001784      0.9425        5.36 
-----------------------------------------------------------------------------------------
Total (excluding duplicates)      0.2349      0.7059    0.001784      0.9425        5.36 
-----------------------------------------------------------------------------------------


-----------------------------------------------------------------------------------------
*	Power Distribution Summary: 
* 		Highest Average Power:   CTS_ccl_BUF_clk_G0_L1_7 (CKBD16): 	    0.1306 
* 		Highest Leakage Power:   us03/FE_OFC1131_sa03_3_ (BUFFD16): 	 0.0002474 
* 		Total Cap: 	1.05108e-10 F
* 		Total instances in design: 13894
* 		Total instances in design with no power:     0
*          Total instances in design with no activity:     0
* 		Total Fillers and Decap:     0
-----------------------------------------------------------------------------------------

