###############################################################
#  Generated by:      Cadence Innovus 15.23-s045_1
#  OS:                Linux x86_64(Host ID ieng6-ece-19.ucsd.edu)
#  Generated on:      Thu Feb  1 23:46:02 2018
#  Design:            aes_cipher_top
#  Command:           report_timing -max_paths 5 > ${design}.post_route.timing.rpt
###############################################################
Path 1: VIOLATED Setup Check with Pin sa20_reg_6_/CP 
Endpoint:   sa20_reg_6_/D (^) checked with  leading edge of 'clk'
Beginpoint: sa33_reg_2_/Q (v) triggered by  leading edge of 'clk'
Path Groups: {clk}
Analysis View: WC_VIEW
Other End Arrival Time          0.083
- Setup                         0.031
+ Phase Shift                   1.180
+ CPPR Adjustment               0.000
= Required Time                 1.233
- Arrival Time                  1.235
= Slack Time                   -0.003
     Clock Rise Edge                 0.000
     + Clock Network Latency (Prop)  0.076
     = Beginpoint Arrival Time       0.076
     +---------------------------------------------------------------------------+ 
     |     Instance      |     Arc      |   Cell    | Delay | Arrival | Required | 
     |                   |              |           |       |  Time   |   Time   | 
     |-------------------+--------------+-----------+-------+---------+----------| 
     | sa33_reg_2_       | CP ^         |           |       |   0.076 |    0.073 | 
     | sa33_reg_2_       | CP ^ -> Q v  | DFQD4     | 0.189 |   0.265 |    0.262 | 
     | us33/U100         | A2 v -> ZN ^ | ND2D1     | 0.082 |   0.347 |    0.344 | 
     | us33/U351         | I ^ -> ZN v  | INVD1     | 0.048 |   0.395 |    0.392 | 
     | us33/U317         | A2 v -> ZN ^ | ND2D2     | 0.043 |   0.438 |    0.435 | 
     | us33/U427         | I ^ -> ZN v  | CKND1     | 0.038 |   0.476 |    0.474 | 
     | us33/U10          | B v -> ZN ^  | AOI31D0   | 0.104 |   0.581 |    0.578 | 
     | us33/FE_RC_2986_0 | B1 ^ -> ZN v | IND2D0    | 0.077 |   0.658 |    0.655 | 
     | us33/FE_RC_4810_0 | A1 v -> ZN ^ | AOI211XD1 | 0.060 |   0.718 |    0.715 | 
     | us33/FE_RC_4897_0 | A2 ^ -> Z ^  | AN4D2     | 0.123 |   0.841 |    0.838 | 
     | us33/FE_RC_963_0  | I ^ -> ZN v  | INVD3     | 0.040 |   0.881 |    0.878 | 
     | U338              | A2 v -> Z ^  | XOR2D4    | 0.106 |   0.987 |    0.984 | 
     | U1046             | A2 ^ -> Z v  | XOR3D1    | 0.182 |   1.169 |    1.166 | 
     | FE_RC_1980_0      | A1 v -> ZN ^ | OAI21D2   | 0.067 |   1.235 |    1.233 | 
     | sa20_reg_6_       | D ^          | DFQD4     | 0.000 |   1.235 |    1.233 | 
     +---------------------------------------------------------------------------+ 
Path 2: VIOLATED Setup Check with Pin sa22_reg_3_/CP 
Endpoint:   sa22_reg_3_/D (^) checked with  leading edge of 'clk'
Beginpoint: sa02_reg_3_/Q (v) triggered by  leading edge of 'clk'
Path Groups: {clk}
Analysis View: WC_VIEW
Other End Arrival Time          0.070
- Setup                         0.018
+ Phase Shift                   1.180
+ CPPR Adjustment               0.000
= Required Time                 1.232
- Arrival Time                  1.234
= Slack Time                   -0.002
     Clock Rise Edge                 0.000
     + Clock Network Latency (Prop)  0.080
     = Beginpoint Arrival Time       0.080
     +--------------------------------------------------------------------------------+ 
     |        Instance         |     Arc      |   Cell   | Delay | Arrival | Required | 
     |                         |              |          |       |  Time   |   Time   | 
     |-------------------------+--------------+----------+-------+---------+----------| 
     | sa02_reg_3_             | CP ^         |          |       |   0.080 |    0.078 | 
     | sa02_reg_3_             | CP ^ -> Q v  | DFQD4    | 0.173 |   0.252 |    0.250 | 
     | us02/FE_OFC1916_sa02_3_ | I v -> Z v   | BUFFD16  | 0.071 |   0.323 |    0.321 | 
     | us02/U33                | A1 v -> ZN ^ | ND2D4    | 0.044 |   0.367 |    0.365 | 
     | us02/U241               | I ^ -> ZN v  | INVD2    | 0.038 |   0.406 |    0.404 | 
     | us02/U250               | A1 v -> ZN ^ | CKND2D1  | 0.098 |   0.504 |    0.502 | 
     | us02/U361               | B2 ^ -> ZN v | OAI222D0 | 0.146 |   0.650 |    0.648 | 
     | us02/FE_RC_2574_0       | A2 v -> ZN ^ | NR2XD1   | 0.076 |   0.726 |    0.724 | 
     | us02/FE_RC_4287_0       | A3 ^ -> Z ^  | AN4D4    | 0.111 |   0.837 |    0.835 | 
     | us02/FE_RC_4288_0       | I ^ -> ZN v  | INVD6    | 0.031 |   0.868 |    0.866 | 
     | U605                    | A1 v -> Z ^  | XOR2D2   | 0.090 |   0.958 |    0.956 | 
     | U768                    | A1 ^ -> Z ^  | XOR4D0   | 0.210 |   1.168 |    1.166 | 
     | FE_RC_1827_0            | B1 ^ -> ZN v | IND2D1   | 0.043 |   1.211 |    1.209 | 
     | FE_RC_1826_0            | A1 v -> ZN ^ | ND2D2    | 0.023 |   1.234 |    1.232 | 
     | sa22_reg_3_             | D ^          | DFQD4    | 0.000 |   1.234 |    1.232 | 
     +--------------------------------------------------------------------------------+ 
Path 3: VIOLATED Setup Check with Pin sa13_reg_6_/CP 
Endpoint:   sa13_reg_6_/D (^) checked with  leading edge of 'clk'
Beginpoint: sa03_reg_2_/Q (^) triggered by  leading edge of 'clk'
Path Groups: {clk}
Analysis View: WC_VIEW
Other End Arrival Time          0.072
- Setup                         0.012
+ Phase Shift                   1.180
+ CPPR Adjustment               0.000
= Required Time                 1.241
- Arrival Time                  1.242
= Slack Time                   -0.001
     Clock Rise Edge                 0.000
     + Clock Network Latency (Prop)  0.070
     = Beginpoint Arrival Time       0.070
     +--------------------------------------------------------------------------------+ 
     |        Instance        |     Arc      |   Cell    | Delay | Arrival | Required | 
     |                        |              |           |       |  Time   |   Time   | 
     |------------------------+--------------+-----------+-------+---------+----------| 
     | sa03_reg_2_            | CP ^         |           |       |   0.070 |    0.069 | 
     | sa03_reg_2_            | CP ^ -> Q ^  | DFQD2     | 0.138 |   0.208 |    0.207 | 
     | FE_OFC853_sa03_2_      | I ^ -> ZN v  | INVD4     | 0.028 |   0.236 |    0.235 | 
     | us03/FE_OFC855_sa03_2_ | I v -> ZN ^  | CKND6     | 0.032 |   0.268 |    0.267 | 
     | us03/FE_OFC856_sa03_2_ | I ^ -> ZN v  | INVD8     | 0.034 |   0.302 |    0.301 | 
     | us03/U16               | A2 v -> ZN ^ | ND2D2     | 0.065 |   0.367 |    0.366 | 
     | us03/U310              | I ^ -> ZN v  | CKND1     | 0.059 |   0.426 |    0.424 | 
     | us03/FE_RC_5483_0      | B1 v -> ZN ^ | AOI22D1   | 0.080 |   0.506 |    0.505 | 
     | us03/FE_RC_6001_0      | A2 ^ -> ZN v | OAI222D1  | 0.078 |   0.584 |    0.583 | 
     | us03/U77               | B v -> ZN ^  | AOI211XD0 | 0.115 |   0.699 |    0.698 | 
     | us03/FE_RC_3806_0      | A1 ^ -> Z ^  | AN4XD1    | 0.120 |   0.818 |    0.817 | 
     | us03/FE_RC_3807_0      | I ^ -> ZN v  | INVD3     | 0.038 |   0.857 |    0.856 | 
     | U208                   | A2 v -> Z ^  | XOR2D4    | 0.111 |   0.968 |    0.967 | 
     | U775                   | A2 ^ -> Z ^  | XOR4D2    | 0.223 |   1.191 |    1.190 | 
     | FE_RC_904_0            | B1 ^ -> ZN v | IND2D4    | 0.027 |   1.218 |    1.217 | 
     | FE_RC_903_0            | A1 v -> ZN ^ | ND2D2     | 0.023 |   1.242 |    1.241 | 
     | sa13_reg_6_            | D ^          | DFQD2     | 0.000 |   1.242 |    1.241 | 
     +--------------------------------------------------------------------------------+ 
Path 4: VIOLATED Setup Check with Pin sa33_reg_3_/CP 
Endpoint:   sa33_reg_3_/D (^) checked with  leading edge of 'clk'
Beginpoint: sa03_reg_2_/Q (^) triggered by  leading edge of 'clk'
Path Groups: {clk}
Analysis View: WC_VIEW
Other End Arrival Time          0.076
- Setup                         0.036
+ Phase Shift                   1.180
+ CPPR Adjustment               0.000
= Required Time                 1.220
- Arrival Time                  1.221
= Slack Time                   -0.001
     Clock Rise Edge                 0.000
     + Clock Network Latency (Prop)  0.070
     = Beginpoint Arrival Time       0.070
     +------------------------------------------------------------------------------+ 
     |        Instance        |     Arc      |  Cell   | Delay | Arrival | Required | 
     |                        |              |         |       |  Time   |   Time   | 
     |------------------------+--------------+---------+-------+---------+----------| 
     | sa03_reg_2_            | CP ^         |         |       |   0.070 |    0.069 | 
     | sa03_reg_2_            | CP ^ -> Q ^  | DFQD2   | 0.138 |   0.208 |    0.207 | 
     | FE_OFC853_sa03_2_      | I ^ -> ZN v  | INVD4   | 0.028 |   0.236 |    0.236 | 
     | us03/FE_OFC855_sa03_2_ | I v -> ZN ^  | CKND6   | 0.032 |   0.268 |    0.267 | 
     | us03/FE_OFC856_sa03_2_ | I ^ -> ZN v  | INVD8   | 0.034 |   0.302 |    0.301 | 
     | us03/U16               | A2 v -> ZN ^ | ND2D2   | 0.065 |   0.367 |    0.366 | 
     | us03/U310              | I ^ -> ZN v  | CKND1   | 0.059 |   0.426 |    0.425 | 
     | us03/FE_RC_5483_0      | B1 v -> ZN ^ | AOI22D1 | 0.080 |   0.506 |    0.505 | 
     | us03/U435              | A1 ^ -> Z ^  | OR2D0   | 0.062 |   0.568 |    0.567 | 
     | us03/FE_RC_1701_0      | I ^ -> ZN v  | CKND0   | 0.026 |   0.594 |    0.593 | 
     | us03/FE_RC_1700_0      | A1 v -> ZN ^ | NR2D0   | 0.069 |   0.663 |    0.662 | 
     | us03/FE_RC_6387_0      | A2 ^ -> Z ^  | AN3XD1  | 0.086 |   0.749 |    0.748 | 
     | us03/U27               | A1 ^ -> ZN v | ND4D8   | 0.151 |   0.900 |    0.900 | 
     | U818                   | A2 v -> Z ^  | XOR3D2  | 0.150 |   1.050 |    1.050 | 
     | U1172                  | A3 ^ -> Z v  | XOR3D2  | 0.131 |   1.181 |    1.180 | 
     | FE_RC_4695_0           | A1 v -> ZN ^ | OAI22D2 | 0.039 |   1.221 |    1.220 | 
     | sa33_reg_3_            | D ^          | DFQD4   | 0.000 |   1.221 |    1.220 | 
     +------------------------------------------------------------------------------+ 
Path 5: MET Setup Check with Pin sa02_reg_3_/CP 
Endpoint:   sa02_reg_3_/D (^) checked with  leading edge of 'clk'
Beginpoint: sa13_reg_4_/Q (^) triggered by  leading edge of 'clk'
Path Groups: {clk}
Analysis View: WC_VIEW
Other End Arrival Time          0.080
- Setup                         0.029
+ Phase Shift                   1.180
+ CPPR Adjustment               0.000
= Required Time                 1.231
- Arrival Time                  1.231
= Slack Time                    0.000
     Clock Rise Edge                 0.000
     + Clock Network Latency (Prop)  0.073
     = Beginpoint Arrival Time       0.073
     +-------------------------------------------------------------------------------+ 
     |        Instance         |     Arc      |  Cell   | Delay | Arrival | Required | 
     |                         |              |         |       |  Time   |   Time   | 
     |-------------------------+--------------+---------+-------+---------+----------| 
     | sa13_reg_4_             | CP ^         |         |       |   0.073 |    0.073 | 
     | sa13_reg_4_             | CP ^ -> Q ^  | DFQD1   | 0.147 |   0.220 |    0.220 | 
     | FE_OFC1102_sa13_4_      | I ^ -> Z ^   | BUFFD12 | 0.067 |   0.287 |    0.287 | 
     | us13/FE_OFC1103_sa13_4_ | I ^ -> ZN v  | INVD3   | 0.038 |   0.325 |    0.325 | 
     | us13/U45                | A2 v -> ZN ^ | ND2D4   | 0.050 |   0.375 |    0.375 | 
     | us13/FE_OFC521_n761     | I ^ -> ZN v  | CKND2   | 0.046 |   0.421 |    0.421 | 
     | us13/U241               | A1 v -> ZN ^ | ND2D2   | 0.037 |   0.458 |    0.458 | 
     | us13/U445               | A2 ^ -> ZN v | AOI21D1 | 0.044 |   0.502 |    0.502 | 
     | us13/U384               | A2 v -> ZN ^ | NR4D1   | 0.109 |   0.611 |    0.611 | 
     | us13/FE_RC_267_0        | A1 ^ -> ZN v | OAI21D1 | 0.050 |   0.661 |    0.661 | 
     | us13/FE_RC_2016_0       | A1 v -> ZN ^ | NR2XD1  | 0.048 |   0.709 |    0.709 | 
     | us13/FE_RC_2329_0       | A1 ^ -> ZN ^ | INR2XD1 | 0.075 |   0.784 |    0.784 | 
     | us13/FE_RC_2327_0       | B2 ^ -> ZN v | IND3D4  | 0.066 |   0.850 |    0.850 | 
     | FE_RC_3789_0            | A3 v -> Z ^  | XOR3D2  | 0.132 |   0.982 |    0.982 | 
     | U1127                   | A4 ^ -> Z v  | XOR4D1  | 0.196 |   1.178 |    1.178 | 
     | FE_RC_519_0             | A1 v -> ZN ^ | OAI21D4 | 0.052 |   1.231 |    1.231 | 
     | sa02_reg_3_             | D ^          | DFQD4   | 0.000 |   1.231 |    1.231 | 
     +-------------------------------------------------------------------------------+ 

