****************************************
Report : constraint
	-all_violators
	-path slack_only
	-max_delay
Design : usb_phy
Version: K-2015.06-SP3-1
Date   : Thu Mar 22 16:26:20 2018
****************************************


   max_delay/setup ('clk' group)

   Endpoint                                                  Slack
   -----------------------------------------------------------------
   i_tx_phy_one_cnt_reg_0_/D                              -0.048981 (VIOLATED)
   i_tx_phy_one_cnt_reg_1_/D                              -0.040018 (VIOLATED)
   i_tx_phy_state_reg_0_/D                                -0.034978 (VIOLATED)
   i_tx_phy_txdn_reg/D                                    -0.034896 (VIOLATED)
   i_tx_phy_bit_cnt_reg_0_/D                              -0.034714 (VIOLATED)
   i_rx_phy_bit_cnt_reg_0_/D                              -0.033139 (VIOLATED)
   i_tx_phy_state_reg_1_/D                                -0.032202 (VIOLATED)
   RxError_o                                              -0.031486 (VIOLATED)
   i_rx_phy_byte_err_reg/D                                -0.031313 (VIOLATED)
   i_rx_phy_sync_err_reg/D                                -0.030289 (VIOLATED)
   i_tx_phy_state_reg_2_/D                                -0.025523 (VIOLATED)
   i_tx_phy_txdp_reg/D                                    -0.024569 (VIOLATED)
   i_tx_phy_sd_bs_o_reg/D                                 -0.020891 (VIOLATED)
   i_tx_phy_sd_raw_o_reg/D                                -0.018902 (VIOLATED)
   i_rx_phy_one_cnt_reg_1_/D                              -0.016803 (VIOLATED)
   i_rx_phy_bit_cnt_reg_1_/D                              -0.013719 (VIOLATED)
   usb_rst_reg/D                                          -0.009458 (VIOLATED)
   i_rx_phy_sd_nrzi_reg/D                                 -0.008720 (VIOLATED)
   i_rx_phy_one_cnt_reg_0_/D                              -0.005257 (VIOLATED)
   i_tx_phy_bit_cnt_reg_1_/D                              -0.005222 (VIOLATED)
   i_rx_phy_fs_state_reg_1_/D                             -0.003382 (VIOLATED)
   i_tx_phy_txoe_r1_reg/D                                 -0.001788 (VIOLATED)
   i_tx_phy_one_cnt_reg_2_/D                              -0.001603 (VIOLATED)


1
