----------------------------------------------------------------------
Info:    Log written by SiliconSmart version L-2016.06-SP1-2 on Thu Mar  8 15:51:35 2018
Info:    Build date: Dec 07, 2016 16:59:49
Info:    SiliconSmart Path: /acsnfs3/software/SiliconSmartAce-2016.06-SP1-2/linux64/bin/siliconsmart
Info:    Host Name: ieng6-ece-17.ucsd.edu, User Name: shl237, PID: 18150
Info:    CPU: 8 x 2600 MHz, Intel(R) Xeon(R) CPU E5-2650 v2 @ 2.60GHz (2 socket, 4 core)
Info:    Memory: 32 GB RAM, 2 GB Swap
Info:    Directory: /home/linux/ieng6/ee260b/shl237/lab6/run_siliconsmart/LIB_FF_1.1_-40_ALL
Info:    Maximum virtual memory size: 583.25MB
Command-line: /acsnfs3/software/SiliconSmartAce-2016.06-SP1-2/linux64/bin/siliconsmart -server /home/linux/ieng6/ee260b/shl237/lab6/run_siliconsmart/LIB_FF_1.1_-40_ALL/runtime/cdpl/driver_17204.tcl
Thu Mar  8 15:51:33 2018: Establishing connection to license server
The char directory is /home/linux/ieng6/ee260b/shl237/lab6/run_siliconsmart/LIB_FF_1.1_-40_ALL
Warning: Operating condition 'FF_1.1_-40_ALL' already exists, skipped.
Info:    Reading instance file for cell LHQD2... (SMSC-23)
Info:    Generating timing tests.
Info:    Generating power tests.
Info:    Generating template at Thu Mar  8 15:51:43 2018 
Info:    Done generating template at Thu Mar  8 15:51:49 2018
Info:    Generate Templates: Maximum virtual memory size: 623.977 MB
Info:    Cell LHQD2 configured for characterization. (SMSC-24)
Info:    __recordTaskStats__ LHQD2 configure 3.61 0.16 0.0 0.0 1 17.4403750896 ieng6-ece-17.ucsd.edu 1520553098.07 1520553115.51
Info:    set _SIS_CLIENT_RESULT_ {{LHQD2 configuration {status done exportVars {} errorList {} sifName {} sofName {} eadName {} depFiles {}}}}
Info:    _SIS_CLIENT_RESULT_END
Info:    Reading instance file for cell OAI21D4... (SMSC-23)
Info:    Generating timing tests.
Info:    Generating power tests.
Info:    Generating template at Thu Mar  8 15:51:55 2018 
Info:    Done generating template at Thu Mar  8 15:52:00 2018
Info:    Generate Templates: Maximum virtual memory size: 627.969 MB
Info:    Cell OAI21D4 configured for characterization. (SMSC-24)
Info:    __recordTaskStats__ OAI21D4 configure 3.58 0.0 0.0 0.0 1 23.2644579411 ieng6-ece-17.ucsd.edu 1520553115.52 1520553138.78
Info:    set _SIS_CLIENT_RESULT_ {{OAI21D4 configuration {status done exportVars {} errorList {} sifName {} sofName {} eadName {} depFiles {}}}}
Info:    _SIS_CLIENT_RESULT_END
Info:    The char directory is /home/linux/ieng6/ee260b/shl237/lab6/run_siliconsmart/LIB_FF_1.1_-40_ALL
Warning: Operating condition 'FF_1.1_-40_ALL' already exists, skipped.
Info:    The char directory is /home/linux/ieng6/ee260b/shl237/lab6/run_siliconsmart/LIB_FF_1.1_-40_ALL
Warning: Operating condition 'FF_1.1_-40_ALL' already exists, skipped.
Info:    Loading information for cell DFCSNQD1... (SMSC-60)
Info:    Current directory '/home/linux/ieng6/ee260b/shl237/lab6/run_siliconsmart/LIB_FF_1.1_-40_ALL' (SIM-68)
Info:    Working in directory '/home/linux/ieng6/ee260b/shl237/lab6/run_siliconsmart/LIB_FF_1.1_-40_ALL/temp/siliconsmart.ieng6-ece-17.9333.18150/leakage_power__ACQ_10.sif_0' (SIM-69)
Info:    Executing 'hspice deck.cir -o deck' (SIM-30)
Warning: return code 0 (hspice: No such file or directory)
Info:    Simulation leakage_power__ACQ_10.sif for cell DFCSNQD1 completed successfully. (SMSC-103)
Warning: SIS_SERVER_WARN_MSGDFCSNQD1: leakage_power__ACQ_10 state: CDN !CP !D SDN: leakage current does not sum to 0 (tolerance 1.0e-6)
Warning: SIS_SERVER_WARN_MSGDFCSNQD1: leakage_power__ACQ_10 state: CDN !CP D SDN: leakage current does not sum to 0 (tolerance 1.0e-6)
Warning: SIS_SERVER_WARN_MSGDFCSNQD1: leakage_power__ACQ_10 state: CDN CP !D SDN: leakage current does not sum to 0 (tolerance 1.0e-6)
Warning: SIS_SERVER_WARN_MSGDFCSNQD1: leakage_power__ACQ_10 state: CDN CP D SDN: leakage current does not sum to 0 (tolerance 1.0e-6)
Info:    IO Retry 0
Info:    set _SIS_CLIENT_RESULT_ {{DFCSNQD1 leakage_power__ACQ_10 {sifTS 0.0 sifName /home/linux/ieng6/ee260b/shl237/lab6/run_siliconsmart/LIB_FF_1.1_-40_ALL/temp/siliconsmart.ieng6-ece-17.9333.18150/leakage_power__ACQ_10.sif eadCksum cd20dbab1588ef17d34249fc4a96d16e simulationCount 1 exportVars {} errorList {warning {DFCSNQD1: leakage_power__ACQ_10 state: CDN !CP !D SDN: leakage current does not sum to 0 (tolerance 1.0e-6)
} warning {DFCSNQD1: leakage_power__ACQ_10 state: CDN !CP D SDN: leakage current does not sum to 0 (tolerance 1.0e-6)
} warning {DFCSNQD1: leakage_power__ACQ_10 state: CDN CP !D SDN: leakage current does not sum to 0 (tolerance 1.0e-6)
} warning {DFCSNQD1: leakage_power__ACQ_10 state: CDN CP D SDN: leakage current does not sum to 0 (tolerance 1.0e-6)
}} sofName /home/linux/ieng6/ee260b/shl237/lab6/run_siliconsmart/LIB_FF_1.1_-40_ALL/temp/siliconsmart.ieng6-ece-17.9333.18150/leakage_power__ACQ_10.sof eadTS 0.0 eadName /home/linux/ieng6/ee260b/shl237/lab6/run_siliconsmart/LIB_FF_1.1_-40_ALL/temp/siliconsmart.ieng6-ece-17.9333.18150/leakage_power__ACQ_10.ead enableCache 0 status done depFiles /home/linux/ieng6/ee260b/shl237/lab6/run_siliconsmart/LIB_FF_1.1_-40_ALL/netlists/DFCSNQD1.cdl sifCksum bf9c4c032aa5c0ca955c4e96109df307}}}
Info:    _SIS_CLIENT_RESULT_END
Info:    __recordTaskStats__ DFCSNQD1 leakage_power__ACQ_10 0.63 0.0 2.9 3.19 1 35.2017891407 ieng6-ece-17.ucsd.edu 1520553212.26 1520553247.46
Info:    Loading information for cell DFCSNQD1... (SMSC-60)
Info:    Current directory '/home/linux/ieng6/ee260b/shl237/lab6/run_siliconsmart/LIB_FF_1.1_-40_ALL' (SIM-68)
Info:    Working in directory '/home/linux/ieng6/ee260b/shl237/lab6/run_siliconsmart/LIB_FF_1.1_-40_ALL/temp/siliconsmart.ieng6-ece-17.9333.18150/delay__CP__lh__Q__hl__ACQ_1.sif_0' (SIM-69)
Info:    Executing 'hspice deck.cir -o deck' (SIM-30)
Warning: return code 0 (hspice: No such file or directory)
Info:    Simulation delay__CP__lh__Q__hl__ACQ_1.sif for cell DFCSNQD1 completed successfully. (SMSC-103)
Info:    IO Retry 0
Info:    set _SIS_CLIENT_RESULT_ {{DFCSNQD1 delay__CP__lh__Q__hl__ACQ_1 {sifTS 0.0 sifName /home/linux/ieng6/ee260b/shl237/lab6/run_siliconsmart/LIB_FF_1.1_-40_ALL/temp/siliconsmart.ieng6-ece-17.9333.18150/delay__CP__lh__Q__hl__ACQ_1.sif eadCksum 707c5097543f1ce209b83c5c1c09ec72 simulationCount 1 exportVars {} errorList {} sofName /home/linux/ieng6/ee260b/shl237/lab6/run_siliconsmart/LIB_FF_1.1_-40_ALL/temp/siliconsmart.ieng6-ece-17.9333.18150/delay__CP__lh__Q__hl__ACQ_1.sof eadTS 0.0 eadName /home/linux/ieng6/ee260b/shl237/lab6/run_siliconsmart/LIB_FF_1.1_-40_ALL/temp/siliconsmart.ieng6-ece-17.9333.18150/delay__CP__lh__Q__hl__ACQ_1.ead enableCache 0 status done depFiles /home/linux/ieng6/ee260b/shl237/lab6/run_siliconsmart/LIB_FF_1.1_-40_ALL/netlists/DFCSNQD1.cdl sifCksum 2246c722097881bbbd6963d124b83599}}}
Info:    _SIS_CLIENT_RESULT_END
Info:    __recordTaskStats__ DFCSNQD1 delay__CP__lh__Q__hl__ACQ_1 0.57 0.0 7.79 0.22 1 23.585875988 ieng6-ece-17.ucsd.edu 1520553247.46 1520553271.05
Info:    Loading information for cell DFCSNQD2... (SMSC-60)
Info:    Current directory '/home/linux/ieng6/ee260b/shl237/lab6/run_siliconsmart/LIB_FF_1.1_-40_ALL' (SIM-68)
Info:    Working in directory '/home/linux/ieng6/ee260b/shl237/lab6/run_siliconsmart/LIB_FF_1.1_-40_ALL/temp/siliconsmart.ieng6-ece-17.9333.18150/leakage_power__ACQ_10.sif_0' (SIM-69)
Info:    Executing 'hspice deck.cir -o deck' (SIM-30)
Warning: return code 0 (hspice: No such file or directory)
Info:    Simulation leakage_power__ACQ_10.sif for cell DFCSNQD2 completed successfully. (SMSC-103)
Warning: SIS_SERVER_WARN_MSGDFCSNQD2: leakage_power__ACQ_10 state: CDN !CP !D SDN: leakage current does not sum to 0 (tolerance 1.0e-6)
Warning: SIS_SERVER_WARN_MSGDFCSNQD2: leakage_power__ACQ_10 state: CDN !CP D SDN: leakage current does not sum to 0 (tolerance 1.0e-6)
Warning: SIS_SERVER_WARN_MSGDFCSNQD2: leakage_power__ACQ_10 state: CDN CP !D SDN: leakage current does not sum to 0 (tolerance 1.0e-6)
Warning: SIS_SERVER_WARN_MSGDFCSNQD2: leakage_power__ACQ_10 state: CDN CP D SDN: leakage current does not sum to 0 (tolerance 1.0e-6)
Info:    IO Retry 0
Info:    set _SIS_CLIENT_RESULT_ {{DFCSNQD2 leakage_power__ACQ_10 {sifTS 0.0 sifName /home/linux/ieng6/ee260b/shl237/lab6/run_siliconsmart/LIB_FF_1.1_-40_ALL/temp/siliconsmart.ieng6-ece-17.9333.18150/leakage_power__ACQ_10.sif eadCksum 62249d5dac161b15b922faf5f2d2acbd simulationCount 1 exportVars {} errorList {warning {DFCSNQD2: leakage_power__ACQ_10 state: CDN !CP !D SDN: leakage current does not sum to 0 (tolerance 1.0e-6)
} warning {DFCSNQD2: leakage_power__ACQ_10 state: CDN !CP D SDN: leakage current does not sum to 0 (tolerance 1.0e-6)
} warning {DFCSNQD2: leakage_power__ACQ_10 state: CDN CP !D SDN: leakage current does not sum to 0 (tolerance 1.0e-6)
} warning {DFCSNQD2: leakage_power__ACQ_10 state: CDN CP D SDN: leakage current does not sum to 0 (tolerance 1.0e-6)
}} sofName /home/linux/ieng6/ee260b/shl237/lab6/run_siliconsmart/LIB_FF_1.1_-40_ALL/temp/siliconsmart.ieng6-ece-17.9333.18150/leakage_power__ACQ_10.sof eadTS 0.0 eadName /home/linux/ieng6/ee260b/shl237/lab6/run_siliconsmart/LIB_FF_1.1_-40_ALL/temp/siliconsmart.ieng6-ece-17.9333.18150/leakage_power__ACQ_10.ead enableCache 0 status done depFiles /home/linux/ieng6/ee260b/shl237/lab6/run_siliconsmart/LIB_FF_1.1_-40_ALL/netlists/DFCSNQD2.cdl sifCksum 3d9939a9604ce469e72955d207aac1c6}}}
Info:    _SIS_CLIENT_RESULT_END
Info:    __recordTaskStats__ DFCSNQD2 leakage_power__ACQ_10 0.22 0.0 0.66 0.08 1 2.81229090691 ieng6-ece-17.ucsd.edu 1520553271.05 1520553273.86
Info:    Loading information for cell DFCSNQD2... (SMSC-60)
Info:    Current directory '/home/linux/ieng6/ee260b/shl237/lab6/run_siliconsmart/LIB_FF_1.1_-40_ALL' (SIM-68)
Info:    Working in directory '/home/linux/ieng6/ee260b/shl237/lab6/run_siliconsmart/LIB_FF_1.1_-40_ALL/temp/siliconsmart.ieng6-ece-17.9333.18150/Cin__CDN__hl__ACQ_1.sif_0' (SIM-69)
Info:    Executing 'hspice deck.cir -o deck' (SIM-30)
Warning: return code 0 (hspice: No such file or directory)
Info:    Simulation Cin__CDN__hl__ACQ_1.sif for cell DFCSNQD2 completed successfully. (SMSC-103)
Info:    IO Retry 0
Info:    set _SIS_CLIENT_RESULT_ {{DFCSNQD2 Cin__CDN__hl__ACQ_1 {sifTS 0.0 sifName /home/linux/ieng6/ee260b/shl237/lab6/run_siliconsmart/LIB_FF_1.1_-40_ALL/temp/siliconsmart.ieng6-ece-17.9333.18150/Cin__CDN__hl__ACQ_1.sif eadCksum b1d4a9c69e7a6317699403c01baaa362 simulationCount 1 exportVars {} errorList {} sofName /home/linux/ieng6/ee260b/shl237/lab6/run_siliconsmart/LIB_FF_1.1_-40_ALL/temp/siliconsmart.ieng6-ece-17.9333.18150/Cin__CDN__hl__ACQ_1.sof eadTS 0.0 eadName /home/linux/ieng6/ee260b/shl237/lab6/run_siliconsmart/LIB_FF_1.1_-40_ALL/temp/siliconsmart.ieng6-ece-17.9333.18150/Cin__CDN__hl__ACQ_1.ead enableCache 0 status done depFiles /home/linux/ieng6/ee260b/shl237/lab6/run_siliconsmart/LIB_FF_1.1_-40_ALL/netlists/DFCSNQD2.cdl sifCksum 84d0fa4e7bc32c6b3bf7b90eb99075a4}}}
Info:    _SIS_CLIENT_RESULT_END
Info:    __recordTaskStats__ DFCSNQD2 Cin__CDN__hl__ACQ_1 0.12 0.0 0.97 0.08 1 3.29993486404 ieng6-ece-17.ucsd.edu 1520553273.86 1520553277.16
Info:    Loading information for cell DFCSNQD2... (SMSC-60)
Info:    Current directory '/home/linux/ieng6/ee260b/shl237/lab6/run_siliconsmart/LIB_FF_1.1_-40_ALL' (SIM-68)
Info:    Working in directory '/home/linux/ieng6/ee260b/shl237/lab6/run_siliconsmart/LIB_FF_1.1_-40_ALL/temp/siliconsmart.ieng6-ece-17.9333.18150/Cin__SDN__lh__ACQ_1.sif_0' (SIM-69)
Info:    Executing 'hspice deck.cir -o deck' (SIM-30)
Warning: return code 0 (hspice: No such file or directory)
Info:    Simulation Cin__SDN__lh__ACQ_1.sif for cell DFCSNQD2 completed successfully. (SMSC-103)
Info:    IO Retry 0
Info:    set _SIS_CLIENT_RESULT_ {{DFCSNQD2 Cin__SDN__lh__ACQ_1 {sifTS 0.0 sifName /home/linux/ieng6/ee260b/shl237/lab6/run_siliconsmart/LIB_FF_1.1_-40_ALL/temp/siliconsmart.ieng6-ece-17.9333.18150/Cin__SDN__lh__ACQ_1.sif eadCksum 46d0d95b1bbbc8a9c295f4cab8b9a11a simulationCount 1 exportVars {} errorList {} sofName /home/linux/ieng6/ee260b/shl237/lab6/run_siliconsmart/LIB_FF_1.1_-40_ALL/temp/siliconsmart.ieng6-ece-17.9333.18150/Cin__SDN__lh__ACQ_1.sof eadTS 0.0 eadName /home/linux/ieng6/ee260b/shl237/lab6/run_siliconsmart/LIB_FF_1.1_-40_ALL/temp/siliconsmart.ieng6-ece-17.9333.18150/Cin__SDN__lh__ACQ_1.ead enableCache 0 status done depFiles /home/linux/ieng6/ee260b/shl237/lab6/run_siliconsmart/LIB_FF_1.1_-40_ALL/netlists/DFCSNQD2.cdl sifCksum 21b4d4d959c9c47b9a1612b47a865ea4}}}
Info:    _SIS_CLIENT_RESULT_END
Info:    __recordTaskStats__ DFCSNQD2 Cin__SDN__lh__ACQ_1 0.13 0.0 3.67 0.34 1 15.0247421265 ieng6-ece-17.ucsd.edu 1520553277.16 1520553292.19
Info:    Loading information for cell DFCSNQD4... (SMSC-60)
Info:    Current directory '/home/linux/ieng6/ee260b/shl237/lab6/run_siliconsmart/LIB_FF_1.1_-40_ALL' (SIM-68)
Info:    Working in directory '/home/linux/ieng6/ee260b/shl237/lab6/run_siliconsmart/LIB_FF_1.1_-40_ALL/temp/siliconsmart.ieng6-ece-17.9333.18150/Cin__CP__hl__ACQ_1.sif_0' (SIM-69)
Info:    Executing 'hspice deck.cir -o deck' (SIM-30)
Warning: return code 0 (hspice: No such file or directory)
Info:    Simulation Cin__CP__hl__ACQ_1.sif for cell DFCSNQD4 completed successfully. (SMSC-103)
Info:    IO Retry 0
Info:    set _SIS_CLIENT_RESULT_ {{DFCSNQD4 Cin__CP__hl__ACQ_1 {sifTS 0.0 sifName /home/linux/ieng6/ee260b/shl237/lab6/run_siliconsmart/LIB_FF_1.1_-40_ALL/temp/siliconsmart.ieng6-ece-17.9333.18150/Cin__CP__hl__ACQ_1.sif eadCksum 29b1952c295f4221746fa0935aa9a06f simulationCount 1 exportVars {} errorList {} sofName /home/linux/ieng6/ee260b/shl237/lab6/run_siliconsmart/LIB_FF_1.1_-40_ALL/temp/siliconsmart.ieng6-ece-17.9333.18150/Cin__CP__hl__ACQ_1.sof eadTS 0.0 eadName /home/linux/ieng6/ee260b/shl237/lab6/run_siliconsmart/LIB_FF_1.1_-40_ALL/temp/siliconsmart.ieng6-ece-17.9333.18150/Cin__CP__hl__ACQ_1.ead enableCache 0 status done depFiles /home/linux/ieng6/ee260b/shl237/lab6/run_siliconsmart/LIB_FF_1.1_-40_ALL/netlists/DFCSNQD4.cdl sifCksum 8122fe86258d80c223cda0fb6a7386c4}}}
Info:    _SIS_CLIENT_RESULT_END
Info:    __recordTaskStats__ DFCSNQD4 Cin__CP__hl__ACQ_1 0.18 0.0 2.23 0.12 1 7.6103758812 ieng6-ece-17.ucsd.edu 1520553292.19 1520553299.8
Info:    Loading information for cell DFCSNQD4... (SMSC-60)
Info:    Start Search.expand.opt_ncmpw on ncmpw (SIM-43)
Info:    Current directory '/home/linux/ieng6/ee260b/shl237/lab6/run_siliconsmart/LIB_FF_1.1_-40_ALL' (SIM-68)
Info:    Working in directory '/home/linux/ieng6/ee260b/shl237/lab6/run_siliconsmart/LIB_FF_1.1_-40_ALL/temp/siliconsmart.ieng6-ece-17.9333.18150/ncmpw__CP__hl__CP__lh__ACQ_1.sif_0' (SIM-69)
Info:    Executing 'hspice deck.cir -o deck' (SIM-30)
Warning: return code 0 (hspice: No such file or directory)
Info:    Simulation ncmpw__CP__hl__CP__lh__ACQ_1.sif for cell DFCSNQD4 completed successfully. (SMSC-103)
Info:    IO Retry 0
Info:    set _SIS_CLIENT_RESULT_ {{DFCSNQD4 ncmpw__CP__hl__CP__lh__ACQ_1 {sifTS 0.0 sifName /home/linux/ieng6/ee260b/shl237/lab6/run_siliconsmart/LIB_FF_1.1_-40_ALL/temp/siliconsmart.ieng6-ece-17.9333.18150/ncmpw__CP__hl__CP__lh__ACQ_1.sif eadCksum c91b9b3b59c0825c8207e0c337464af5 simulationCount 1 exportVars {} errorList {} sofName /home/linux/ieng6/ee260b/shl237/lab6/run_siliconsmart/LIB_FF_1.1_-40_ALL/temp/siliconsmart.ieng6-ece-17.9333.18150/ncmpw__CP__hl__CP__lh__ACQ_1.sof eadTS 0.0 eadName /home/linux/ieng6/ee260b/shl237/lab6/run_siliconsmart/LIB_FF_1.1_-40_ALL/temp/siliconsmart.ieng6-ece-17.9333.18150/ncmpw__CP__hl__CP__lh__ACQ_1.ead enableCache 0 status done depFiles /home/linux/ieng6/ee260b/shl237/lab6/run_siliconsmart/LIB_FF_1.1_-40_ALL/netlists/DFCSNQD4.cdl sifCksum 33dbab65effec7bef710403cd641ba34}}}
Info:    _SIS_CLIENT_RESULT_END
Info:    __recordTaskStats__ DFCSNQD4 ncmpw__CP__hl__CP__lh__ACQ_1 0.16 0.0 0.87 0.1 1 3.25093007088 ieng6-ece-17.ucsd.edu 1520553299.81 1520553303.06
Info:    Loading information for cell DFCSNQD4... (SMSC-60)
Info:    Start Search.seeded_binary.opt_removal on removal (SIM-43)
Info:    Current directory '/home/linux/ieng6/ee260b/shl237/lab6/run_siliconsmart/LIB_FF_1.1_-40_ALL' (SIM-68)
Info:    Working in directory '/home/linux/ieng6/ee260b/shl237/lab6/run_siliconsmart/LIB_FF_1.1_-40_ALL/temp/siliconsmart.ieng6-ece-17.9333.18150/removal__CDN__lh__CP__lh__ACQ_1.sif_0' (SIM-69)
Info:    Executing 'hspice deck.cir -o deck' (SIM-30)
Warning: return code 0 (hspice: No such file or directory)
Info:    Current directory '/home/linux/ieng6/ee260b/shl237/lab6/run_siliconsmart/LIB_FF_1.1_-40_ALL' (SIM-68)
Info:    Working in directory '/home/linux/ieng6/ee260b/shl237/lab6/run_siliconsmart/LIB_FF_1.1_-40_ALL/temp/siliconsmart.ieng6-ece-17.9333.18150/removal__CDN__lh__CP__lh__ACQ_1.sif_1' (SIM-69)
Info:    Executing 'hspice deck.cir -o deck' (SIM-30)
Warning: return code 0 (hspice: No such file or directory)
Info:    Current directory '/home/linux/ieng6/ee260b/shl237/lab6/run_siliconsmart/LIB_FF_1.1_-40_ALL' (SIM-68)
Info:    Working in directory '/home/linux/ieng6/ee260b/shl237/lab6/run_siliconsmart/LIB_FF_1.1_-40_ALL/temp/siliconsmart.ieng6-ece-17.9333.18150/removal__CDN__lh__CP__lh__ACQ_1.sif_2' (SIM-69)
Info:    Executing 'hspice deck.cir -o deck' (SIM-30)
Warning: return code 0 (hspice: No such file or directory)
Info:    Current directory '/home/linux/ieng6/ee260b/shl237/lab6/run_siliconsmart/LIB_FF_1.1_-40_ALL' (SIM-68)
Info:    Working in directory '/home/linux/ieng6/ee260b/shl237/lab6/run_siliconsmart/LIB_FF_1.1_-40_ALL/temp/siliconsmart.ieng6-ece-17.9333.18150/removal__CDN__lh__CP__lh__ACQ_1.sif_3' (SIM-69)
Info:    Executing 'hspice deck.cir -o deck' (SIM-30)
Warning: return code 0 (hspice: No such file or directory)
Info:    Current directory '/home/linux/ieng6/ee260b/shl237/lab6/run_siliconsmart/LIB_FF_1.1_-40_ALL' (SIM-68)
Info:    Working in directory '/home/linux/ieng6/ee260b/shl237/lab6/run_siliconsmart/LIB_FF_1.1_-40_ALL/temp/siliconsmart.ieng6-ece-17.9333.18150/removal__CDN__lh__CP__lh__ACQ_1.sif_4' (SIM-69)
Info:    Executing 'hspice deck.cir -o deck' (SIM-30)
Warning: return code 0 (hspice: No such file or directory)
Info:    Current directory '/home/linux/ieng6/ee260b/shl237/lab6/run_siliconsmart/LIB_FF_1.1_-40_ALL' (SIM-68)
Info:    Working in directory '/home/linux/ieng6/ee260b/shl237/lab6/run_siliconsmart/LIB_FF_1.1_-40_ALL/temp/siliconsmart.ieng6-ece-17.9333.18150/removal__CDN__lh__CP__lh__ACQ_1.sif_5' (SIM-69)
Info:    Executing 'hspice deck.cir -o deck' (SIM-30)
Warning: return code 0 (hspice: No such file or directory)
Info:    Current directory '/home/linux/ieng6/ee260b/shl237/lab6/run_siliconsmart/LIB_FF_1.1_-40_ALL' (SIM-68)
Info:    Working in directory '/home/linux/ieng6/ee260b/shl237/lab6/run_siliconsmart/LIB_FF_1.1_-40_ALL/temp/siliconsmart.ieng6-ece-17.9333.18150/removal__CDN__lh__CP__lh__ACQ_1.sif_6' (SIM-69)
Info:    Executing 'hspice deck.cir -o deck' (SIM-30)
Warning: return code 0 (hspice: No such file or directory)
Info:    Current directory '/home/linux/ieng6/ee260b/shl237/lab6/run_siliconsmart/LIB_FF_1.1_-40_ALL' (SIM-68)
Info:    Working in directory '/home/linux/ieng6/ee260b/shl237/lab6/run_siliconsmart/LIB_FF_1.1_-40_ALL/temp/siliconsmart.ieng6-ece-17.9333.18150/removal__CDN__lh__CP__lh__ACQ_1.sif_7' (SIM-69)
Info:    Executing 'hspice deck.cir -o deck' (SIM-30)
Warning: return code 0 (hspice: No such file or directory)
Info:    Simulation removal__CDN__lh__CP__lh__ACQ_1.sif for cell DFCSNQD4 completed successfully. (SMSC-103)
Info:    IO Retry 0
Info:    set _SIS_CLIENT_RESULT_ {{DFCSNQD4 removal__CDN__lh__CP__lh__ACQ_1 {sifTS 0.0 sifName /home/linux/ieng6/ee260b/shl237/lab6/run_siliconsmart/LIB_FF_1.1_-40_ALL/temp/siliconsmart.ieng6-ece-17.9333.18150/removal__CDN__lh__CP__lh__ACQ_1.sif eadCksum 3b98aa7849bbc683688cc35678ab051b simulationCount 8 exportVars {} errorList {} sofName /home/linux/ieng6/ee260b/shl237/lab6/run_siliconsmart/LIB_FF_1.1_-40_ALL/temp/siliconsmart.ieng6-ece-17.9333.18150/removal__CDN__lh__CP__lh__ACQ_1.sof eadTS 0.0 eadName /home/linux/ieng6/ee260b/shl237/lab6/run_siliconsmart/LIB_FF_1.1_-40_ALL/temp/siliconsmart.ieng6-ece-17.9333.18150/removal__CDN__lh__CP__lh__ACQ_1.ead enableCache 0 status done depFiles /home/linux/ieng6/ee260b/shl237/lab6/run_siliconsmart/LIB_FF_1.1_-40_ALL/netlists/DFCSNQD4.cdl sifCksum b1ce39ed556c26a2e4d1a4608772abeb}}}
Info:    _SIS_CLIENT_RESULT_END
Info:    __recordTaskStats__ DFCSNQD4 removal__CDN__lh__CP__lh__ACQ_1 0.63 0.0 18.32 0.94 8 68.721211195 ieng6-ece-17.ucsd.edu 1520553303.06 1520553371.78
Info:    Loading information for cell MUX2D0... (SMSC-60)
Info:    Current directory '/home/linux/ieng6/ee260b/shl237/lab6/run_siliconsmart/LIB_FF_1.1_-40_ALL' (SIM-68)
Info:    Working in directory '/home/linux/ieng6/ee260b/shl237/lab6/run_siliconsmart/LIB_FF_1.1_-40_ALL/temp/siliconsmart.ieng6-ece-17.9333.18150/Cin__I1__hl__ACQ_1.sif_0' (SIM-69)
Info:    Executing 'hspice deck.cir -o deck' (SIM-30)
Warning: return code 0 (hspice: No such file or directory)
Info:    Simulation Cin__I1__hl__ACQ_1.sif for cell MUX2D0 completed successfully. (SMSC-103)
Info:    IO Retry 0
Info:    set _SIS_CLIENT_RESULT_ {{MUX2D0 Cin__I1__hl__ACQ_1 {sifTS 0.0 sifName /home/linux/ieng6/ee260b/shl237/lab6/run_siliconsmart/LIB_FF_1.1_-40_ALL/temp/siliconsmart.ieng6-ece-17.9333.18150/Cin__I1__hl__ACQ_1.sif eadCksum 548a3ca42a0c13c4f2ba062bd10bd26e simulationCount 1 exportVars {} errorList {} sofName /home/linux/ieng6/ee260b/shl237/lab6/run_siliconsmart/LIB_FF_1.1_-40_ALL/temp/siliconsmart.ieng6-ece-17.9333.18150/Cin__I1__hl__ACQ_1.sof eadTS 0.0 eadName /home/linux/ieng6/ee260b/shl237/lab6/run_siliconsmart/LIB_FF_1.1_-40_ALL/temp/siliconsmart.ieng6-ece-17.9333.18150/Cin__I1__hl__ACQ_1.ead enableCache 0 status done depFiles /home/linux/ieng6/ee260b/shl237/lab6/run_siliconsmart/LIB_FF_1.1_-40_ALL/netlists/MUX2D0.cdl sifCksum 6ec7b7027332def00f35ab700c75c167}}}
Info:    _SIS_CLIENT_RESULT_END
Info:    __recordTaskStats__ MUX2D0 Cin__I1__hl__ACQ_1 0.13 0.0 0.58 0.08 1 2.22982406616 ieng6-ece-17.ucsd.edu 1520553371.78 1520553374.01
Info:    Loading information for cell MUX2D1... (SMSC-60)
Info:    Current directory '/home/linux/ieng6/ee260b/shl237/lab6/run_siliconsmart/LIB_FF_1.1_-40_ALL' (SIM-68)
Info:    Working in directory '/home/linux/ieng6/ee260b/shl237/lab6/run_siliconsmart/LIB_FF_1.1_-40_ALL/temp/siliconsmart.ieng6-ece-17.9333.18150/delay__S__hl__Z__hl__ACQ_1.sif_0' (SIM-69)
Info:    Executing 'hspice deck.cir -o deck' (SIM-30)
Warning: return code 0 (hspice: No such file or directory)
Info:    Simulation delay__S__hl__Z__hl__ACQ_1.sif for cell MUX2D1 completed successfully. (SMSC-103)
Info:    IO Retry 0
Info:    set _SIS_CLIENT_RESULT_ {{MUX2D1 delay__S__hl__Z__hl__ACQ_1 {sifTS 0.0 sifName /home/linux/ieng6/ee260b/shl237/lab6/run_siliconsmart/LIB_FF_1.1_-40_ALL/temp/siliconsmart.ieng6-ece-17.9333.18150/delay__S__hl__Z__hl__ACQ_1.sif eadCksum 165520836689c0807f3e57ceff461659 simulationCount 1 exportVars {} errorList {} sofName /home/linux/ieng6/ee260b/shl237/lab6/run_siliconsmart/LIB_FF_1.1_-40_ALL/temp/siliconsmart.ieng6-ece-17.9333.18150/delay__S__hl__Z__hl__ACQ_1.sof eadTS 0.0 eadName /home/linux/ieng6/ee260b/shl237/lab6/run_siliconsmart/LIB_FF_1.1_-40_ALL/temp/siliconsmart.ieng6-ece-17.9333.18150/delay__S__hl__Z__hl__ACQ_1.ead enableCache 0 status done depFiles /home/linux/ieng6/ee260b/shl237/lab6/run_siliconsmart/LIB_FF_1.1_-40_ALL/netlists/MUX2D1.cdl sifCksum 2efb65cc0ed7c2b04010ae901f95d737}}}
Info:    _SIS_CLIENT_RESULT_END
Info:    __recordTaskStats__ MUX2D1 delay__S__hl__Z__hl__ACQ_1 0.2 0.0 2.75 0.15 1 10.4745121002 ieng6-ece-17.ucsd.edu 1520553374.01 1520553384.49
Info:    Loading information for cell MUX2D4... (SMSC-60)
Info:    Current directory '/home/linux/ieng6/ee260b/shl237/lab6/run_siliconsmart/LIB_FF_1.1_-40_ALL' (SIM-68)
Info:    Working in directory '/home/linux/ieng6/ee260b/shl237/lab6/run_siliconsmart/LIB_FF_1.1_-40_ALL/temp/siliconsmart.ieng6-ece-17.9333.18150/delay__I0__hl__Z__hl__ACQ_1.sif_0' (SIM-69)
Info:    Executing 'hspice deck.cir -o deck' (SIM-30)
Warning: return code 0 (hspice: No such file or directory)
Info:    Simulation delay__I0__hl__Z__hl__ACQ_1.sif for cell MUX2D4 completed successfully. (SMSC-103)
Info:    IO Retry 0
Info:    set _SIS_CLIENT_RESULT_ {{MUX2D4 delay__I0__hl__Z__hl__ACQ_1 {sifTS 0.0 sifName /home/linux/ieng6/ee260b/shl237/lab6/run_siliconsmart/LIB_FF_1.1_-40_ALL/temp/siliconsmart.ieng6-ece-17.9333.18150/delay__I0__hl__Z__hl__ACQ_1.sif eadCksum f6b9c7a039bdccd2ee8799207020a4e3 simulationCount 1 exportVars {} errorList {} sofName /home/linux/ieng6/ee260b/shl237/lab6/run_siliconsmart/LIB_FF_1.1_-40_ALL/temp/siliconsmart.ieng6-ece-17.9333.18150/delay__I0__hl__Z__hl__ACQ_1.sof eadTS 0.0 eadName /home/linux/ieng6/ee260b/shl237/lab6/run_siliconsmart/LIB_FF_1.1_-40_ALL/temp/siliconsmart.ieng6-ece-17.9333.18150/delay__I0__hl__Z__hl__ACQ_1.ead enableCache 0 status done depFiles /home/linux/ieng6/ee260b/shl237/lab6/run_siliconsmart/LIB_FF_1.1_-40_ALL/netlists/MUX2D4.cdl sifCksum 0a4f0b72c47b9c1264c7e970d0d73876}}}
Info:    _SIS_CLIENT_RESULT_END
Info:    __recordTaskStats__ MUX2D4 delay__I0__hl__Z__hl__ACQ_1 0.22 0.0 3.59 0.16 1 13.3205318451 ieng6-ece-17.ucsd.edu 1520553384.49 1520553397.81
Info:    Loading information for cell OAI21D1... (SMSC-60)
Info:    Current directory '/home/linux/ieng6/ee260b/shl237/lab6/run_siliconsmart/LIB_FF_1.1_-40_ALL' (SIM-68)
Info:    Working in directory '/home/linux/ieng6/ee260b/shl237/lab6/run_siliconsmart/LIB_FF_1.1_-40_ALL/temp/siliconsmart.ieng6-ece-17.9333.18150/delay__B__lh__ZN__hl__ACQ_1.sif_0' (SIM-69)
Info:    Executing 'hspice deck.cir -o deck' (SIM-30)
Warning: return code 0 (hspice: No such file or directory)
Info:    Simulation delay__B__lh__ZN__hl__ACQ_1.sif for cell OAI21D1 completed successfully. (SMSC-103)
Info:    IO Retry 0
Info:    set _SIS_CLIENT_RESULT_ {{OAI21D1 delay__B__lh__ZN__hl__ACQ_1 {sifTS 0.0 sifName /home/linux/ieng6/ee260b/shl237/lab6/run_siliconsmart/LIB_FF_1.1_-40_ALL/temp/siliconsmart.ieng6-ece-17.9333.18150/delay__B__lh__ZN__hl__ACQ_1.sif eadCksum b0caf1aeb18028be71b7357885fe6a79 simulationCount 1 exportVars {} errorList {} sofName /home/linux/ieng6/ee260b/shl237/lab6/run_siliconsmart/LIB_FF_1.1_-40_ALL/temp/siliconsmart.ieng6-ece-17.9333.18150/delay__B__lh__ZN__hl__ACQ_1.sof eadTS 0.0 eadName /home/linux/ieng6/ee260b/shl237/lab6/run_siliconsmart/LIB_FF_1.1_-40_ALL/temp/siliconsmart.ieng6-ece-17.9333.18150/delay__B__lh__ZN__hl__ACQ_1.ead enableCache 0 status done depFiles /home/linux/ieng6/ee260b/shl237/lab6/run_siliconsmart/LIB_FF_1.1_-40_ALL/netlists/OAI21D1.cdl sifCksum 4ce5cc956e85b0fb368ddb12b55efddc}}}
Info:    _SIS_CLIENT_RESULT_END
Info:    __recordTaskStats__ OAI21D1 delay__B__lh__ZN__hl__ACQ_1 0.23 0.0 2.4 0.16 1 6.23667597771 ieng6-ece-17.ucsd.edu 1520553397.81 1520553404.05
Info:    Loading information for cell OAI21D4... (SMSC-60)
Info:    Current directory '/home/linux/ieng6/ee260b/shl237/lab6/run_siliconsmart/LIB_FF_1.1_-40_ALL' (SIM-68)
Info:    Working in directory '/home/linux/ieng6/ee260b/shl237/lab6/run_siliconsmart/LIB_FF_1.1_-40_ALL/temp/siliconsmart.ieng6-ece-17.9333.18150/delay__B__lh__ZN__hl__ACQ_1.sif_0' (SIM-69)
Info:    Executing 'hspice deck.cir -o deck' (SIM-30)
Warning: return code 0 (hspice: No such file or directory)
Info:    Simulation delay__B__lh__ZN__hl__ACQ_1.sif for cell OAI21D4 completed successfully. (SMSC-103)
Info:    IO Retry 0
Info:    set _SIS_CLIENT_RESULT_ {{OAI21D4 delay__B__lh__ZN__hl__ACQ_1 {sifTS 0.0 sifName /home/linux/ieng6/ee260b/shl237/lab6/run_siliconsmart/LIB_FF_1.1_-40_ALL/temp/siliconsmart.ieng6-ece-17.9333.18150/delay__B__lh__ZN__hl__ACQ_1.sif eadCksum a82ac49679ccb98532f49fd94c95ae60 simulationCount 1 exportVars {} errorList {} sofName /home/linux/ieng6/ee260b/shl237/lab6/run_siliconsmart/LIB_FF_1.1_-40_ALL/temp/siliconsmart.ieng6-ece-17.9333.18150/delay__B__lh__ZN__hl__ACQ_1.sof eadTS 0.0 eadName /home/linux/ieng6/ee260b/shl237/lab6/run_siliconsmart/LIB_FF_1.1_-40_ALL/temp/siliconsmart.ieng6-ece-17.9333.18150/delay__B__lh__ZN__hl__ACQ_1.ead enableCache 0 status done depFiles /home/linux/ieng6/ee260b/shl237/lab6/run_siliconsmart/LIB_FF_1.1_-40_ALL/netlists/OAI21D4.cdl sifCksum d7a494c7210e9657364f6b5f0d9cac52}}}
Info:    _SIS_CLIENT_RESULT_END
Info:    __recordTaskStats__ OAI21D4 delay__B__lh__ZN__hl__ACQ_1 0.21 0.0 4.18 0.15 1 16.9164979458 ieng6-ece-17.ucsd.edu 1520553404.05 1520553420.97
Info:    Loading information for cell ND2D0... (SMSC-60)
Info:    Current directory '/home/linux/ieng6/ee260b/shl237/lab6/run_siliconsmart/LIB_FF_1.1_-40_ALL' (SIM-68)
Info:    Working in directory '/home/linux/ieng6/ee260b/shl237/lab6/run_siliconsmart/LIB_FF_1.1_-40_ALL/temp/siliconsmart.ieng6-ece-17.9333.18150/delay__A1__lh__ZN__hl__ACQ_1.sif_0' (SIM-69)
Info:    Executing 'hspice deck.cir -o deck' (SIM-30)
Warning: return code 0 (hspice: No such file or directory)
Info:    Simulation delay__A1__lh__ZN__hl__ACQ_1.sif for cell ND2D0 completed successfully. (SMSC-103)
Info:    IO Retry 0
Info:    set _SIS_CLIENT_RESULT_ {{ND2D0 delay__A1__lh__ZN__hl__ACQ_1 {sifTS 0.0 sifName /home/linux/ieng6/ee260b/shl237/lab6/run_siliconsmart/LIB_FF_1.1_-40_ALL/temp/siliconsmart.ieng6-ece-17.9333.18150/delay__A1__lh__ZN__hl__ACQ_1.sif eadCksum cbac79bcdba5eff5981771b75ea83cac simulationCount 1 exportVars {} errorList {} sofName /home/linux/ieng6/ee260b/shl237/lab6/run_siliconsmart/LIB_FF_1.1_-40_ALL/temp/siliconsmart.ieng6-ece-17.9333.18150/delay__A1__lh__ZN__hl__ACQ_1.sof eadTS 0.0 eadName /home/linux/ieng6/ee260b/shl237/lab6/run_siliconsmart/LIB_FF_1.1_-40_ALL/temp/siliconsmart.ieng6-ece-17.9333.18150/delay__A1__lh__ZN__hl__ACQ_1.ead enableCache 0 status done depFiles /home/linux/ieng6/ee260b/shl237/lab6/run_siliconsmart/LIB_FF_1.1_-40_ALL/netlists/ND2D0.cdl sifCksum 9da2ce30fa329ed1fc61691d631f20fc}}}
Info:    _SIS_CLIENT_RESULT_END
Info:    __recordTaskStats__ ND2D0 delay__A1__lh__ZN__hl__ACQ_1 0.2 0.0 1.86 0.14 1 5.94085216522 ieng6-ece-17.ucsd.edu 1520553420.97 1520553426.91
Info:    Loading information for cell ND2D2... (SMSC-60)
Info:    Current directory '/home/linux/ieng6/ee260b/shl237/lab6/run_siliconsmart/LIB_FF_1.1_-40_ALL' (SIM-68)
Info:    Working in directory '/home/linux/ieng6/ee260b/shl237/lab6/run_siliconsmart/LIB_FF_1.1_-40_ALL/temp/siliconsmart.ieng6-ece-17.9333.18150/delay__A2__lh__ZN__hl__ACQ_1.sif_0' (SIM-69)
Info:    Executing 'hspice deck.cir -o deck' (SIM-30)
Warning: return code 0 (hspice: No such file or directory)
Info:    Simulation delay__A2__lh__ZN__hl__ACQ_1.sif for cell ND2D2 completed successfully. (SMSC-103)
Info:    IO Retry 0
Info:    set _SIS_CLIENT_RESULT_ {{ND2D2 delay__A2__lh__ZN__hl__ACQ_1 {sifTS 0.0 sifName /home/linux/ieng6/ee260b/shl237/lab6/run_siliconsmart/LIB_FF_1.1_-40_ALL/temp/siliconsmart.ieng6-ece-17.9333.18150/delay__A2__lh__ZN__hl__ACQ_1.sif eadCksum 73c4586cccbace5fce084a8e60250848 simulationCount 1 exportVars {} errorList {} sofName /home/linux/ieng6/ee260b/shl237/lab6/run_siliconsmart/LIB_FF_1.1_-40_ALL/temp/siliconsmart.ieng6-ece-17.9333.18150/delay__A2__lh__ZN__hl__ACQ_1.sof eadTS 0.0 eadName /home/linux/ieng6/ee260b/shl237/lab6/run_siliconsmart/LIB_FF_1.1_-40_ALL/temp/siliconsmart.ieng6-ece-17.9333.18150/delay__A2__lh__ZN__hl__ACQ_1.ead enableCache 0 status done depFiles /home/linux/ieng6/ee260b/shl237/lab6/run_siliconsmart/LIB_FF_1.1_-40_ALL/netlists/ND2D2.cdl sifCksum a02adff5263270be8c3c8c3d54afdd0e}}}
Info:    _SIS_CLIENT_RESULT_END
Info:    __recordTaskStats__ ND2D2 delay__A2__lh__ZN__hl__ACQ_1 0.78 0.0 2.6 0.16 1 13.0324828625 ieng6-ece-17.ucsd.edu 1520553426.91 1520553439.94
Info:    Loading information for cell NR2D1... (SMSC-60)
Info:    Current directory '/home/linux/ieng6/ee260b/shl237/lab6/run_siliconsmart/LIB_FF_1.1_-40_ALL' (SIM-68)
Info:    Working in directory '/home/linux/ieng6/ee260b/shl237/lab6/run_siliconsmart/LIB_FF_1.1_-40_ALL/temp/siliconsmart.ieng6-ece-17.9333.18150/delay__A1__hl__ZN__lh__ACQ_1.sif_0' (SIM-69)
Info:    Executing 'hspice deck.cir -o deck' (SIM-30)
Warning: return code 0 (hspice: No such file or directory)
Info:    Simulation delay__A1__hl__ZN__lh__ACQ_1.sif for cell NR2D1 completed successfully. (SMSC-103)
Info:    IO Retry 0
Info:    set _SIS_CLIENT_RESULT_ {{NR2D1 delay__A1__hl__ZN__lh__ACQ_1 {sifTS 0.0 sifName /home/linux/ieng6/ee260b/shl237/lab6/run_siliconsmart/LIB_FF_1.1_-40_ALL/temp/siliconsmart.ieng6-ece-17.9333.18150/delay__A1__hl__ZN__lh__ACQ_1.sif eadCksum aca85a3fafcc180f8541f3f57935fe9d simulationCount 1 exportVars {} errorList {} sofName /home/linux/ieng6/ee260b/shl237/lab6/run_siliconsmart/LIB_FF_1.1_-40_ALL/temp/siliconsmart.ieng6-ece-17.9333.18150/delay__A1__hl__ZN__lh__ACQ_1.sof eadTS 0.0 eadName /home/linux/ieng6/ee260b/shl237/lab6/run_siliconsmart/LIB_FF_1.1_-40_ALL/temp/siliconsmart.ieng6-ece-17.9333.18150/delay__A1__hl__ZN__lh__ACQ_1.ead enableCache 0 status done depFiles /home/linux/ieng6/ee260b/shl237/lab6/run_siliconsmart/LIB_FF_1.1_-40_ALL/netlists/NR2D1.cdl sifCksum 72c722e31422bfc46ae2ca3e4a1a587e}}}
Info:    _SIS_CLIENT_RESULT_END
Info:    __recordTaskStats__ NR2D1 delay__A1__hl__ZN__lh__ACQ_1 0.78 0.0 2.74 0.2 1 11.5495531559 ieng6-ece-17.ucsd.edu 1520553439.94 1520553451.49
Info:    Loading information for cell NR2D8... (SMSC-60)
Info:    Current directory '/home/linux/ieng6/ee260b/shl237/lab6/run_siliconsmart/LIB_FF_1.1_-40_ALL' (SIM-68)
Info:    Working in directory '/home/linux/ieng6/ee260b/shl237/lab6/run_siliconsmart/LIB_FF_1.1_-40_ALL/temp/siliconsmart.ieng6-ece-17.9333.18150/leakage_power__ACQ_2.sif_0' (SIM-69)
Info:    Executing 'hspice deck.cir -o deck' (SIM-30)
Warning: return code 0 (hspice: No such file or directory)
Info:    Simulation leakage_power__ACQ_2.sif for cell NR2D8 completed successfully. (SMSC-103)
Info:    IO Retry 0
Info:    set _SIS_CLIENT_RESULT_ {{NR2D8 leakage_power__ACQ_2 {sifTS 0.0 sifName /home/linux/ieng6/ee260b/shl237/lab6/run_siliconsmart/LIB_FF_1.1_-40_ALL/temp/siliconsmart.ieng6-ece-17.9333.18150/leakage_power__ACQ_2.sif eadCksum a8aa0bdd2ae9debf7c92497fbe08a5ab simulationCount 1 exportVars {} errorList {} sofName /home/linux/ieng6/ee260b/shl237/lab6/run_siliconsmart/LIB_FF_1.1_-40_ALL/temp/siliconsmart.ieng6-ece-17.9333.18150/leakage_power__ACQ_2.sof eadTS 0.0 eadName /home/linux/ieng6/ee260b/shl237/lab6/run_siliconsmart/LIB_FF_1.1_-40_ALL/temp/siliconsmart.ieng6-ece-17.9333.18150/leakage_power__ACQ_2.ead enableCache 0 status done depFiles /home/linux/ieng6/ee260b/shl237/lab6/run_siliconsmart/LIB_FF_1.1_-40_ALL/netlists/NR2D8.cdl sifCksum c81fe9b30ff11adba0dd0b62de979bc4}}}
Info:    _SIS_CLIENT_RESULT_END
Info:    __recordTaskStats__ NR2D8 leakage_power__ACQ_2 0.12 0.0 0.42 0.09 1 2.05328202248 ieng6-ece-17.ucsd.edu 1520553451.5 1520553453.55
Info:    Loading information for cell OR2D0... (SMSC-60)
Info:    Current directory '/home/linux/ieng6/ee260b/shl237/lab6/run_siliconsmart/LIB_FF_1.1_-40_ALL' (SIM-68)
Info:    Working in directory '/home/linux/ieng6/ee260b/shl237/lab6/run_siliconsmart/LIB_FF_1.1_-40_ALL/temp/siliconsmart.ieng6-ece-17.9333.18150/delay__A1__lh__Z__lh__ACQ_1.sif_0' (SIM-69)
Info:    Executing 'hspice deck.cir -o deck' (SIM-30)
Warning: return code 0 (hspice: No such file or directory)
Info:    Simulation delay__A1__lh__Z__lh__ACQ_1.sif for cell OR2D0 completed successfully. (SMSC-103)
Info:    IO Retry 0
Info:    set _SIS_CLIENT_RESULT_ {{OR2D0 delay__A1__lh__Z__lh__ACQ_1 {sifTS 0.0 sifName /home/linux/ieng6/ee260b/shl237/lab6/run_siliconsmart/LIB_FF_1.1_-40_ALL/temp/siliconsmart.ieng6-ece-17.9333.18150/delay__A1__lh__Z__lh__ACQ_1.sif eadCksum c78ffa7b1db3193ccf2806ceb587c748 simulationCount 1 exportVars {} errorList {} sofName /home/linux/ieng6/ee260b/shl237/lab6/run_siliconsmart/LIB_FF_1.1_-40_ALL/temp/siliconsmart.ieng6-ece-17.9333.18150/delay__A1__lh__Z__lh__ACQ_1.sof eadTS 0.0 eadName /home/linux/ieng6/ee260b/shl237/lab6/run_siliconsmart/LIB_FF_1.1_-40_ALL/temp/siliconsmart.ieng6-ece-17.9333.18150/delay__A1__lh__Z__lh__ACQ_1.ead enableCache 0 status done depFiles /home/linux/ieng6/ee260b/shl237/lab6/run_siliconsmart/LIB_FF_1.1_-40_ALL/netlists/OR2D0.cdl sifCksum d7c89797c7a3ecd72e1b39beb8fa97f6}}}
Info:    _SIS_CLIENT_RESULT_END
Info:    __recordTaskStats__ OR2D0 delay__A1__lh__Z__lh__ACQ_1 0.19 0.0 2.5 0.15 1 7.49453306198 ieng6-ece-17.ucsd.edu 1520553453.55 1520553461.05
Info:    Loading information for cell OR2D2... (SMSC-60)
Info:    Current directory '/home/linux/ieng6/ee260b/shl237/lab6/run_siliconsmart/LIB_FF_1.1_-40_ALL' (SIM-68)
Info:    Working in directory '/home/linux/ieng6/ee260b/shl237/lab6/run_siliconsmart/LIB_FF_1.1_-40_ALL/temp/siliconsmart.ieng6-ece-17.9333.18150/delay__A2__lh__Z__lh__ACQ_1.sif_0' (SIM-69)
Info:    Executing 'hspice deck.cir -o deck' (SIM-30)
Warning: return code 0 (hspice: No such file or directory)
Info:    Simulation delay__A2__lh__Z__lh__ACQ_1.sif for cell OR2D2 completed successfully. (SMSC-103)
Info:    IO Retry 0
Info:    set _SIS_CLIENT_RESULT_ {{OR2D2 delay__A2__lh__Z__lh__ACQ_1 {sifTS 0.0 sifName /home/linux/ieng6/ee260b/shl237/lab6/run_siliconsmart/LIB_FF_1.1_-40_ALL/temp/siliconsmart.ieng6-ece-17.9333.18150/delay__A2__lh__Z__lh__ACQ_1.sif eadCksum c415ccfa634df3abd5aaec0795340b65 simulationCount 1 exportVars {} errorList {} sofName /home/linux/ieng6/ee260b/shl237/lab6/run_siliconsmart/LIB_FF_1.1_-40_ALL/temp/siliconsmart.ieng6-ece-17.9333.18150/delay__A2__lh__Z__lh__ACQ_1.sof eadTS 0.0 eadName /home/linux/ieng6/ee260b/shl237/lab6/run_siliconsmart/LIB_FF_1.1_-40_ALL/temp/siliconsmart.ieng6-ece-17.9333.18150/delay__A2__lh__Z__lh__ACQ_1.ead enableCache 0 status done depFiles /home/linux/ieng6/ee260b/shl237/lab6/run_siliconsmart/LIB_FF_1.1_-40_ALL/netlists/OR2D2.cdl sifCksum b57d96a10ccad193d64d9b08b2a82096}}}
Info:    _SIS_CLIENT_RESULT_END
Info:    __recordTaskStats__ OR2D2 delay__A2__lh__Z__lh__ACQ_1 0.22 0.0 2.52 0.17 1 9.87694692612 ieng6-ece-17.ucsd.edu 1520553461.05 1520553470.93
Info:    Loading information for cell XNR2D1... (SMSC-60)
Info:    Current directory '/home/linux/ieng6/ee260b/shl237/lab6/run_siliconsmart/LIB_FF_1.1_-40_ALL' (SIM-68)
Info:    Working in directory '/home/linux/ieng6/ee260b/shl237/lab6/run_siliconsmart/LIB_FF_1.1_-40_ALL/temp/siliconsmart.ieng6-ece-17.9333.18150/delay__A1__lh__ZN__lh__ACQ_1.sif_0' (SIM-69)
Info:    Executing 'hspice deck.cir -o deck' (SIM-30)
Warning: return code 0 (hspice: No such file or directory)
Info:    Simulation delay__A1__lh__ZN__lh__ACQ_1.sif for cell XNR2D1 completed successfully. (SMSC-103)
Info:    IO Retry 0
Info:    set _SIS_CLIENT_RESULT_ {{XNR2D1 delay__A1__lh__ZN__lh__ACQ_1 {sifTS 0.0 sifName /home/linux/ieng6/ee260b/shl237/lab6/run_siliconsmart/LIB_FF_1.1_-40_ALL/temp/siliconsmart.ieng6-ece-17.9333.18150/delay__A1__lh__ZN__lh__ACQ_1.sif eadCksum 910cf2c810e142111b62139c0065afb2 simulationCount 1 exportVars {} errorList {} sofName /home/linux/ieng6/ee260b/shl237/lab6/run_siliconsmart/LIB_FF_1.1_-40_ALL/temp/siliconsmart.ieng6-ece-17.9333.18150/delay__A1__lh__ZN__lh__ACQ_1.sof eadTS 0.0 eadName /home/linux/ieng6/ee260b/shl237/lab6/run_siliconsmart/LIB_FF_1.1_-40_ALL/temp/siliconsmart.ieng6-ece-17.9333.18150/delay__A1__lh__ZN__lh__ACQ_1.ead enableCache 0 status done depFiles /home/linux/ieng6/ee260b/shl237/lab6/run_siliconsmart/LIB_FF_1.1_-40_ALL/netlists/XNR2D1.cdl sifCksum 2272ea0a1a8baabe01ac8ec935588f36}}}
Info:    _SIS_CLIENT_RESULT_END
Info:    __recordTaskStats__ XNR2D1 delay__A1__lh__ZN__lh__ACQ_1 0.23 0.0 3.16 0.18 1 12.1278338432 ieng6-ece-17.ucsd.edu 1520553470.93 1520553483.05
Info:    Loading information for cell XOR2D0... (SMSC-60)
Info:    Current directory '/home/linux/ieng6/ee260b/shl237/lab6/run_siliconsmart/LIB_FF_1.1_-40_ALL' (SIM-68)
Info:    Working in directory '/home/linux/ieng6/ee260b/shl237/lab6/run_siliconsmart/LIB_FF_1.1_-40_ALL/temp/siliconsmart.ieng6-ece-17.9333.18150/delay__A2__hl__Z__lh__ACQ_1.sif_0' (SIM-69)
Info:    Executing 'hspice deck.cir -o deck' (SIM-30)
Warning: return code 0 (hspice: No such file or directory)
Info:    Simulation delay__A2__hl__Z__lh__ACQ_1.sif for cell XOR2D0 completed successfully. (SMSC-103)
Info:    IO Retry 0
Info:    set _SIS_CLIENT_RESULT_ {{XOR2D0 delay__A2__hl__Z__lh__ACQ_1 {sifTS 0.0 sifName /home/linux/ieng6/ee260b/shl237/lab6/run_siliconsmart/LIB_FF_1.1_-40_ALL/temp/siliconsmart.ieng6-ece-17.9333.18150/delay__A2__hl__Z__lh__ACQ_1.sif eadCksum be993cef8cded79ec56061e8a101dcdd simulationCount 1 exportVars {} errorList {} sofName /home/linux/ieng6/ee260b/shl237/lab6/run_siliconsmart/LIB_FF_1.1_-40_ALL/temp/siliconsmart.ieng6-ece-17.9333.18150/delay__A2__hl__Z__lh__ACQ_1.sof eadTS 0.0 eadName /home/linux/ieng6/ee260b/shl237/lab6/run_siliconsmart/LIB_FF_1.1_-40_ALL/temp/siliconsmart.ieng6-ece-17.9333.18150/delay__A2__hl__Z__lh__ACQ_1.ead enableCache 0 status done depFiles /home/linux/ieng6/ee260b/shl237/lab6/run_siliconsmart/LIB_FF_1.1_-40_ALL/netlists/XOR2D0.cdl sifCksum c25dedf2bb35bb7d067c6147de7454fd}}}
Info:    _SIS_CLIENT_RESULT_END
Info:    __recordTaskStats__ XOR2D0 delay__A2__hl__Z__lh__ACQ_1 0.26 0.0 3.25 0.19 1 10.6097838879 ieng6-ece-17.ucsd.edu 1520553483.06 1520553493.67
Info:    Loading information for cell XOR2D2... (SMSC-60)
Info:    Current directory '/home/linux/ieng6/ee260b/shl237/lab6/run_siliconsmart/LIB_FF_1.1_-40_ALL' (SIM-68)
Info:    Working in directory '/home/linux/ieng6/ee260b/shl237/lab6/run_siliconsmart/LIB_FF_1.1_-40_ALL/temp/siliconsmart.ieng6-ece-17.9333.18150/delay__A2__lh__Z__hl__ACQ_1.sif_0' (SIM-69)
Info:    Executing 'hspice deck.cir -o deck' (SIM-30)
Warning: return code 0 (hspice: No such file or directory)
Info:    Simulation delay__A2__lh__Z__hl__ACQ_1.sif for cell XOR2D2 completed successfully. (SMSC-103)
Info:    IO Retry 0
Info:    set _SIS_CLIENT_RESULT_ {{XOR2D2 delay__A2__lh__Z__hl__ACQ_1 {sifTS 0.0 sifName /home/linux/ieng6/ee260b/shl237/lab6/run_siliconsmart/LIB_FF_1.1_-40_ALL/temp/siliconsmart.ieng6-ece-17.9333.18150/delay__A2__lh__Z__hl__ACQ_1.sif eadCksum 6c2847a87b295d6d721570daeb0f3088 simulationCount 1 exportVars {} errorList {} sofName /home/linux/ieng6/ee260b/shl237/lab6/run_siliconsmart/LIB_FF_1.1_-40_ALL/temp/siliconsmart.ieng6-ece-17.9333.18150/delay__A2__lh__Z__hl__ACQ_1.sof eadTS 0.0 eadName /home/linux/ieng6/ee260b/shl237/lab6/run_siliconsmart/LIB_FF_1.1_-40_ALL/temp/siliconsmart.ieng6-ece-17.9333.18150/delay__A2__lh__Z__hl__ACQ_1.ead enableCache 0 status done depFiles /home/linux/ieng6/ee260b/shl237/lab6/run_siliconsmart/LIB_FF_1.1_-40_ALL/netlists/XOR2D2.cdl sifCksum 7c27000b583c55bab445cc3a2da7d0e8}}}
Info:    _SIS_CLIENT_RESULT_END
Info:    __recordTaskStats__ XOR2D2 delay__A2__lh__Z__hl__ACQ_1 0.35 0.0 4.1 0.29 1 19.947756052 ieng6-ece-17.ucsd.edu 1520553493.67 1520553513.62
Info:    Loading information for cell INVD2... (SMSC-60)
Info:    Current directory '/home/linux/ieng6/ee260b/shl237/lab6/run_siliconsmart/LIB_FF_1.1_-40_ALL' (SIM-68)
Info:    Working in directory '/home/linux/ieng6/ee260b/shl237/lab6/run_siliconsmart/LIB_FF_1.1_-40_ALL/temp/siliconsmart.ieng6-ece-17.9333.18150/leakage_power__ACQ_1.sif_0' (SIM-69)
Info:    Executing 'hspice deck.cir -o deck' (SIM-30)
Warning: return code 0 (hspice: No such file or directory)
Info:    Simulation leakage_power__ACQ_1.sif for cell INVD2 completed successfully. (SMSC-103)
Info:    IO Retry 0
Info:    set _SIS_CLIENT_RESULT_ {{INVD2 leakage_power__ACQ_1 {sifTS 0.0 sifName /home/linux/ieng6/ee260b/shl237/lab6/run_siliconsmart/LIB_FF_1.1_-40_ALL/temp/siliconsmart.ieng6-ece-17.9333.18150/leakage_power__ACQ_1.sif eadCksum 21a8917622696809f1afaf712363f6e3 simulationCount 1 exportVars {} errorList {} sofName /home/linux/ieng6/ee260b/shl237/lab6/run_siliconsmart/LIB_FF_1.1_-40_ALL/temp/siliconsmart.ieng6-ece-17.9333.18150/leakage_power__ACQ_1.sof eadTS 0.0 eadName /home/linux/ieng6/ee260b/shl237/lab6/run_siliconsmart/LIB_FF_1.1_-40_ALL/temp/siliconsmart.ieng6-ece-17.9333.18150/leakage_power__ACQ_1.ead enableCache 0 status done depFiles /home/linux/ieng6/ee260b/shl237/lab6/run_siliconsmart/LIB_FF_1.1_-40_ALL/netlists/INVD2.cdl sifCksum 690b6d9139fbfbaeccc0a498b0adbafc}}}
Info:    _SIS_CLIENT_RESULT_END
Info:    __recordTaskStats__ INVD2 leakage_power__ACQ_1 0.15 0.0 0.32 0.08 1 1.60890984535 ieng6-ece-17.ucsd.edu 1520553513.62 1520553515.23
Info:    Loading information for cell INVD24... (SMSC-60)
Info:    Current directory '/home/linux/ieng6/ee260b/shl237/lab6/run_siliconsmart/LIB_FF_1.1_-40_ALL' (SIM-68)
Info:    Working in directory '/home/linux/ieng6/ee260b/shl237/lab6/run_siliconsmart/LIB_FF_1.1_-40_ALL/temp/siliconsmart.ieng6-ece-17.9333.18150/delay__I__lh__ZN__hl__ACQ_1.sif_0' (SIM-69)
Info:    Executing 'hspice deck.cir -o deck' (SIM-30)
Warning: return code 0 (hspice: No such file or directory)
Info:    Simulation delay__I__lh__ZN__hl__ACQ_1.sif for cell INVD24 completed successfully. (SMSC-103)
Info:    IO Retry 0
Info:    set _SIS_CLIENT_RESULT_ {{INVD24 delay__I__lh__ZN__hl__ACQ_1 {sifTS 0.0 sifName /home/linux/ieng6/ee260b/shl237/lab6/run_siliconsmart/LIB_FF_1.1_-40_ALL/temp/siliconsmart.ieng6-ece-17.9333.18150/delay__I__lh__ZN__hl__ACQ_1.sif eadCksum 831d44874f4730abd30dee5e07334c25 simulationCount 1 exportVars {} errorList {} sofName /home/linux/ieng6/ee260b/shl237/lab6/run_siliconsmart/LIB_FF_1.1_-40_ALL/temp/siliconsmart.ieng6-ece-17.9333.18150/delay__I__lh__ZN__hl__ACQ_1.sof eadTS 0.0 eadName /home/linux/ieng6/ee260b/shl237/lab6/run_siliconsmart/LIB_FF_1.1_-40_ALL/temp/siliconsmart.ieng6-ece-17.9333.18150/delay__I__lh__ZN__hl__ACQ_1.ead enableCache 0 status done depFiles /home/linux/ieng6/ee260b/shl237/lab6/run_siliconsmart/LIB_FF_1.1_-40_ALL/netlists/INVD24.cdl sifCksum a8005920b32c565506912f6510f2d69b}}}
Info:    _SIS_CLIENT_RESULT_END
Info:    __recordTaskStats__ INVD24 delay__I__lh__ZN__hl__ACQ_1 0.21 0.0 5.87 0.18 1 12.7853810787 ieng6-ece-17.ucsd.edu 1520553515.23 1520553528.02
Info:    The char directory is /home/linux/ieng6/ee260b/shl237/lab6/run_siliconsmart/LIB_FF_1.1_-40_ALL
Warning: Operating condition 'FF_1.1_-40_ALL' already exists, skipped.
Info:    Initializing modeler.
Info:    Creating recharacterized libraries. 
Info:    Reading /home/linux/ieng6/ee260b/shl237/lab6/run_siliconsmart/LIB_FF_1.1_-40_ALL/models/liberty/cellmodels/header.lib ...
Info:    Reading /home/linux/ieng6/ee260b/shl237/lab6/run_siliconsmart/LIB_FF_1.1_-40_ALL/models/liberty/cellmodels/ND2D1.lib ...
Info:    Writing libraries ...
Info:    Creating Liberty file "/home/linux/ieng6/ee260b/shl237/lab6/run_siliconsmart/LIB_FF_1.1_-40_ALL/models/liberty/cells/ND2D1_FF_1.1_-40_ALL.lib".
Info:    re-positioning normalized_driver_waveform (ndw_ntin_nvolt_7x13) after templates
Info:    __recordTaskStats__ ND2D1 modeling 1.82 0.0 0.00999999999999 0.04 1 6.03922319412 ieng6-ece-17.ucsd.edu 1520553549.12 1520553555.16
Info:    set _SIS_CLIENT_RESULT_ {{ND2D1 modeling {status done exportVars {} errorList {} sifName {} sofName {} eadName {} depFiles {} tmpHeader {FF_1.1_-40_ALL /home/linux/ieng6/ee260b/shl237/lab6/run_siliconsmart/LIB_FF_1.1_-40_ALL/runtime/modeling/merge/ND2D1_FF_1.1_-40_ALL.header} tmpBody {FF_1.1_-40_ALL_ND2D1 /home/linux/ieng6/ee260b/shl237/lab6/run_siliconsmart/LIB_FF_1.1_-40_ALL/runtime/modeling/merge/ND2D1_FF_1.1_-40_ALL.body}}}}
Info:    _SIS_CLIENT_RESULT_END
Info:    Initializing modeler.
Info:    Creating recharacterized libraries. 
Info:    Reading /home/linux/ieng6/ee260b/shl237/lab6/run_siliconsmart/LIB_FF_1.1_-40_ALL/models/liberty/cellmodels/header.lib ...
Info:    Reading /home/linux/ieng6/ee260b/shl237/lab6/run_siliconsmart/LIB_FF_1.1_-40_ALL/models/liberty/cellmodels/BUFFD0.lib ...
Info:    Writing libraries ...
Info:    Creating Liberty file "/home/linux/ieng6/ee260b/shl237/lab6/run_siliconsmart/LIB_FF_1.1_-40_ALL/models/liberty/cells/BUFFD0_FF_1.1_-40_ALL.lib".
Info:    __recordTaskStats__ BUFFD0 modeling 1.46 0.0 0.02 0.04 1 4.91054105759 ieng6-ece-17.ucsd.edu 1520553555.16 1520553560.08
Info:    set _SIS_CLIENT_RESULT_ {{BUFFD0 modeling {status done exportVars {} errorList {} sifName {} sofName {} eadName {} depFiles {} tmpHeader {FF_1.1_-40_ALL /home/linux/ieng6/ee260b/shl237/lab6/run_siliconsmart/LIB_FF_1.1_-40_ALL/runtime/modeling/merge/BUFFD0_FF_1.1_-40_ALL.header} tmpBody {FF_1.1_-40_ALL_BUFFD0 /home/linux/ieng6/ee260b/shl237/lab6/run_siliconsmart/LIB_FF_1.1_-40_ALL/runtime/modeling/merge/BUFFD0_FF_1.1_-40_ALL.body}}}}
Info:    _SIS_CLIENT_RESULT_END
Info:    Initializing modeler.
Info:    Creating recharacterized libraries. 
Info:    Reading /home/linux/ieng6/ee260b/shl237/lab6/run_siliconsmart/LIB_FF_1.1_-40_ALL/models/liberty/cellmodels/header.lib ...
Info:    Reading /home/linux/ieng6/ee260b/shl237/lab6/run_siliconsmart/LIB_FF_1.1_-40_ALL/models/liberty/cellmodels/INVD3.lib ...
Info:    Writing libraries ...
Info:    Creating Liberty file "/home/linux/ieng6/ee260b/shl237/lab6/run_siliconsmart/LIB_FF_1.1_-40_ALL/models/liberty/cells/INVD3_FF_1.1_-40_ALL.lib".
Info:    __recordTaskStats__ INVD3 modeling 1.5 0.0 0.00999999999999 0.04 1 3.12003183365 ieng6-ece-17.ucsd.edu 1520553560.08 1520553563.2
Info:    set _SIS_CLIENT_RESULT_ {{INVD3 modeling {status done exportVars {} errorList {} sifName {} sofName {} eadName {} depFiles {} tmpHeader {FF_1.1_-40_ALL /home/linux/ieng6/ee260b/shl237/lab6/run_siliconsmart/LIB_FF_1.1_-40_ALL/runtime/modeling/merge/INVD3_FF_1.1_-40_ALL.header} tmpBody {FF_1.1_-40_ALL_INVD3 /home/linux/ieng6/ee260b/shl237/lab6/run_siliconsmart/LIB_FF_1.1_-40_ALL/runtime/modeling/merge/INVD3_FF_1.1_-40_ALL.body}}}}
Info:    _SIS_CLIENT_RESULT_END
Info:    CDPL worker exited normally.
Info:    Maximum virtual memory size: 652.88MB
Info:    Switching log to /home/linux/ieng6/ee260b/shl237/lab6/run_siliconsmart/LIB_FF_1.1_-40_ALL/runtime/cdpl/sis.W13.ieng6-ece-17.ucsd.edu.18150.log at Thu Mar  8 15:59:41 2018
.
----------------------------------------------------------------------
----------------------------------------------------------------------
Info:    Switching log from /home/linux/ieng6/ee260b/shl237/lab6/run_siliconsmart/LIB_FF_1.1_-40_ALL/temp/sis.shl237.18150.log at Thu Mar  8 15:59:41 2018
Info:    Log written by SiliconSmart version L-2016.06-SP1-2 on Thu Mar  8 15:59:41 2018
Info:    Build date: Dec 07, 2016 16:59:49
Info:    SiliconSmart Path: /acsnfs3/software/SiliconSmartAce-2016.06-SP1-2/linux64/bin/siliconsmart
Info:    Host Name: ieng6-ece-17.ucsd.edu, User Name: shl237, PID: 18150
Info:    CPU: 8 x 2600 MHz, Intel(R) Xeon(R) CPU E5-2650 v2 @ 2.60GHz (2 socket, 4 core)
Info:    Memory: 32 GB RAM, 2 GB Swap
Info:    Directory: /home/linux/ieng6/ee260b/shl237/lab6/run_siliconsmart/LIB_FF_1.1_-40_ALL
Info:    Maximum virtual memory size: 652.88MB
Info:    Maximum virtual memory size: 652.875 MB
