----------------------------------------------------------------------
Info:    Log written by SiliconSmart version L-2016.06-SP1-2 on Thu Mar  8 15:51:45 2018
Info:    Build date: Dec 07, 2016 16:59:49
Info:    SiliconSmart Path: /acsnfs3/software/SiliconSmartAce-2016.06-SP1-2/linux64/bin/siliconsmart
Info:    Host Name: ieng6-ece-17.ucsd.edu, User Name: shl237, PID: 18372
Info:    CPU: 8 x 2600 MHz, Intel(R) Xeon(R) CPU E5-2650 v2 @ 2.60GHz (2 socket, 4 core)
Info:    Memory: 32 GB RAM, 2 GB Swap
Info:    Directory: /home/linux/ieng6/ee260b/shl237/lab6/run_siliconsmart/LIB_FF_1.1_-40_ALL
Info:    Maximum virtual memory size: 583.25MB
Command-line: /acsnfs3/software/SiliconSmartAce-2016.06-SP1-2/linux64/bin/siliconsmart -server /home/linux/ieng6/ee260b/shl237/lab6/run_siliconsmart/LIB_FF_1.1_-40_ALL/runtime/cdpl/driver_17204.tcl
Thu Mar  8 15:51:38 2018: Establishing connection to license server
The char directory is /home/linux/ieng6/ee260b/shl237/lab6/run_siliconsmart/LIB_FF_1.1_-40_ALL
Warning: Operating condition 'FF_1.1_-40_ALL' already exists, skipped.
Info:    Reading instance file for cell NR2D2... (SMSC-23)
Info:    Generating timing tests.
Info:    Generating power tests.
Info:    Generating template at Thu Mar  8 15:51:52 2018 
Info:    Done generating template at Thu Mar  8 15:51:54 2018
Info:    Generate Templates: Maximum virtual memory size: 623.531 MB
Info:    Cell NR2D2 configured for characterization. (SMSC-24)
Info:    __recordTaskStats__ NR2D2 configure 1.08 0.02 0.0 0.0 1 6.37367010117 ieng6-ece-17.ucsd.edu 1520553109.3 1520553115.68
Info:    set _SIS_CLIENT_RESULT_ {{NR2D2 configuration {status done exportVars {} errorList {} sifName {} sofName {} eadName {} depFiles {}}}}
Info:    _SIS_CLIENT_RESULT_END
Info:    Reading instance file for cell OR2XD1... (SMSC-23)
Info:    Generating timing tests.
Info:    Generating power tests.
Info:    Generating template at Thu Mar  8 15:51:55 2018 
Info:    Done generating template at Thu Mar  8 15:51:57 2018
Info:    Generate Templates: Maximum virtual memory size: 624.547 MB
Info:    Cell OR2XD1 configured for characterization. (SMSC-24)
Info:    __recordTaskStats__ OR2XD1 configure 0.94 0.0 0.0 0.0 1 20.524214983 ieng6-ece-17.ucsd.edu 1520553115.68 1520553136.21
Info:    set _SIS_CLIENT_RESULT_ {{OR2XD1 configuration {status done exportVars {} errorList {} sifName {} sofName {} eadName {} depFiles {}}}}
Info:    _SIS_CLIENT_RESULT_END
Info:    The char directory is /home/linux/ieng6/ee260b/shl237/lab6/run_siliconsmart/LIB_FF_1.1_-40_ALL
Warning: Operating condition 'FF_1.1_-40_ALL' already exists, skipped.
Info:    The char directory is /home/linux/ieng6/ee260b/shl237/lab6/run_siliconsmart/LIB_FF_1.1_-40_ALL
Warning: Operating condition 'FF_1.1_-40_ALL' already exists, skipped.
Info:    Loading information for cell DFCSNQD1... (SMSC-60)
Info:    Current directory '/home/linux/ieng6/ee260b/shl237/lab6/run_siliconsmart/LIB_FF_1.1_-40_ALL' (SIM-68)
Info:    Working in directory '/home/linux/ieng6/ee260b/shl237/lab6/run_siliconsmart/LIB_FF_1.1_-40_ALL/temp/siliconsmart.ieng6-ece-17.9333.18372/energy__D__hl__ACQ_1.sif_0' (SIM-69)
Info:    Executing 'hspice deck.cir -o deck' (SIM-30)
Warning: return code 0 (hspice: No such file or directory)
Info:    Simulation energy__D__hl__ACQ_1.sif for cell DFCSNQD1 completed successfully. (SMSC-103)
Info:    IO Retry 0
Info:    set _SIS_CLIENT_RESULT_ {{DFCSNQD1 energy__D__hl__ACQ_1 {sifTS 0.0 sifName /home/linux/ieng6/ee260b/shl237/lab6/run_siliconsmart/LIB_FF_1.1_-40_ALL/temp/siliconsmart.ieng6-ece-17.9333.18372/energy__D__hl__ACQ_1.sif eadCksum 8078fca71e56a82b7a09a57fe316dbaf simulationCount 1 exportVars {} errorList {} sofName /home/linux/ieng6/ee260b/shl237/lab6/run_siliconsmart/LIB_FF_1.1_-40_ALL/temp/siliconsmart.ieng6-ece-17.9333.18372/energy__D__hl__ACQ_1.sof eadTS 0.0 eadName /home/linux/ieng6/ee260b/shl237/lab6/run_siliconsmart/LIB_FF_1.1_-40_ALL/temp/siliconsmart.ieng6-ece-17.9333.18372/energy__D__hl__ACQ_1.ead enableCache 0 status done depFiles /home/linux/ieng6/ee260b/shl237/lab6/run_siliconsmart/LIB_FF_1.1_-40_ALL/netlists/DFCSNQD1.cdl sifCksum 76c0a72461d65b7855e8dcdd425c29d5}}}
Info:    _SIS_CLIENT_RESULT_END
Info:    __recordTaskStats__ DFCSNQD1 energy__D__hl__ACQ_1 2.54 0.0 5.75 1.43 1 40.1072440147 ieng6-ece-17.ucsd.edu 1520553206.65 1520553246.75
Info:    Loading information for cell DFCSNQD1... (SMSC-60)
Info:    Current directory '/home/linux/ieng6/ee260b/shl237/lab6/run_siliconsmart/LIB_FF_1.1_-40_ALL' (SIM-68)
Info:    Working in directory '/home/linux/ieng6/ee260b/shl237/lab6/run_siliconsmart/LIB_FF_1.1_-40_ALL/temp/siliconsmart.ieng6-ece-17.9333.18372/Cin__CDN__hl__ACQ_1.sif_0' (SIM-69)
Info:    Executing 'hspice deck.cir -o deck' (SIM-30)
Warning: return code 0 (hspice: No such file or directory)
Info:    Simulation Cin__CDN__hl__ACQ_1.sif for cell DFCSNQD1 completed successfully. (SMSC-103)
Info:    IO Retry 0
Info:    set _SIS_CLIENT_RESULT_ {{DFCSNQD1 Cin__CDN__hl__ACQ_1 {sifTS 0.0 sifName /home/linux/ieng6/ee260b/shl237/lab6/run_siliconsmart/LIB_FF_1.1_-40_ALL/temp/siliconsmart.ieng6-ece-17.9333.18372/Cin__CDN__hl__ACQ_1.sif eadCksum 6c8ff43c832280b055988a218a2b3116 simulationCount 1 exportVars {} errorList {} sofName /home/linux/ieng6/ee260b/shl237/lab6/run_siliconsmart/LIB_FF_1.1_-40_ALL/temp/siliconsmart.ieng6-ece-17.9333.18372/Cin__CDN__hl__ACQ_1.sof eadTS 0.0 eadName /home/linux/ieng6/ee260b/shl237/lab6/run_siliconsmart/LIB_FF_1.1_-40_ALL/temp/siliconsmart.ieng6-ece-17.9333.18372/Cin__CDN__hl__ACQ_1.ead enableCache 0 status done depFiles /home/linux/ieng6/ee260b/shl237/lab6/run_siliconsmart/LIB_FF_1.1_-40_ALL/netlists/DFCSNQD1.cdl sifCksum 5d33fbbfd7ec1dae5377c2ce404e392a}}}
Info:    _SIS_CLIENT_RESULT_END
Info:    __recordTaskStats__ DFCSNQD1 Cin__CDN__hl__ACQ_1 0.2 0.0 1.13 0.1 1 3.99680614471 ieng6-ece-17.ucsd.edu 1520553246.76 1520553250.76
Info:    Loading information for cell DFCSNQD2... (SMSC-60)
Info:    Current directory '/home/linux/ieng6/ee260b/shl237/lab6/run_siliconsmart/LIB_FF_1.1_-40_ALL' (SIM-68)
Info:    Working in directory '/home/linux/ieng6/ee260b/shl237/lab6/run_siliconsmart/LIB_FF_1.1_-40_ALL/temp/siliconsmart.ieng6-ece-17.9333.18372/Cin__CP__hl__ACQ_1.sif_0' (SIM-69)
Info:    Executing 'hspice deck.cir -o deck' (SIM-30)
Warning: return code 0 (hspice: No such file or directory)
Info:    Simulation Cin__CP__hl__ACQ_1.sif for cell DFCSNQD2 completed successfully. (SMSC-103)
Info:    IO Retry 0
Info:    set _SIS_CLIENT_RESULT_ {{DFCSNQD2 Cin__CP__hl__ACQ_1 {sifTS 0.0 sifName /home/linux/ieng6/ee260b/shl237/lab6/run_siliconsmart/LIB_FF_1.1_-40_ALL/temp/siliconsmart.ieng6-ece-17.9333.18372/Cin__CP__hl__ACQ_1.sif eadCksum 7eff0fba441e67aecf279c6c9d1ea8c0 simulationCount 1 exportVars {} errorList {} sofName /home/linux/ieng6/ee260b/shl237/lab6/run_siliconsmart/LIB_FF_1.1_-40_ALL/temp/siliconsmart.ieng6-ece-17.9333.18372/Cin__CP__hl__ACQ_1.sof eadTS 0.0 eadName /home/linux/ieng6/ee260b/shl237/lab6/run_siliconsmart/LIB_FF_1.1_-40_ALL/temp/siliconsmart.ieng6-ece-17.9333.18372/Cin__CP__hl__ACQ_1.ead enableCache 0 status done depFiles /home/linux/ieng6/ee260b/shl237/lab6/run_siliconsmart/LIB_FF_1.1_-40_ALL/netlists/DFCSNQD2.cdl sifCksum 3b4b9aaaf1932bb16cc639b80729fbaf}}}
Info:    _SIS_CLIENT_RESULT_END
Info:    __recordTaskStats__ DFCSNQD2 Cin__CP__hl__ACQ_1 0.23 0.0 2.44 0.14 1 11.5069761276 ieng6-ece-17.ucsd.edu 1520553250.77 1520553262.27
Info:    Loading information for cell DFCSNQD2... (SMSC-60)
Info:    Start Search.seeded_binary.opt_asynch_recovery on asynch_recovery (SIM-43)
Info:    Current directory '/home/linux/ieng6/ee260b/shl237/lab6/run_siliconsmart/LIB_FF_1.1_-40_ALL' (SIM-68)
Info:    Working in directory '/home/linux/ieng6/ee260b/shl237/lab6/run_siliconsmart/LIB_FF_1.1_-40_ALL/temp/siliconsmart.ieng6-ece-17.9333.18372/asynch_recover__SDN__lh__CDN__lh__ACQ_1.sif_0' (SIM-69)
Info:    Executing 'hspice deck.cir -o deck' (SIM-30)
Warning: return code 0 (hspice: No such file or directory)
Info:    Current directory '/home/linux/ieng6/ee260b/shl237/lab6/run_siliconsmart/LIB_FF_1.1_-40_ALL' (SIM-68)
Info:    Working in directory '/home/linux/ieng6/ee260b/shl237/lab6/run_siliconsmart/LIB_FF_1.1_-40_ALL/temp/siliconsmart.ieng6-ece-17.9333.18372/asynch_recover__SDN__lh__CDN__lh__ACQ_1.sif_1' (SIM-69)
Info:    Executing 'hspice deck.cir -o deck' (SIM-30)
Warning: return code 0 (hspice: No such file or directory)
Info:    Current directory '/home/linux/ieng6/ee260b/shl237/lab6/run_siliconsmart/LIB_FF_1.1_-40_ALL' (SIM-68)
Info:    Working in directory '/home/linux/ieng6/ee260b/shl237/lab6/run_siliconsmart/LIB_FF_1.1_-40_ALL/temp/siliconsmart.ieng6-ece-17.9333.18372/asynch_recover__SDN__lh__CDN__lh__ACQ_1.sif_2' (SIM-69)
Info:    Executing 'hspice deck.cir -o deck' (SIM-30)
Warning: return code 0 (hspice: No such file or directory)
Info:    Current directory '/home/linux/ieng6/ee260b/shl237/lab6/run_siliconsmart/LIB_FF_1.1_-40_ALL' (SIM-68)
Info:    Working in directory '/home/linux/ieng6/ee260b/shl237/lab6/run_siliconsmart/LIB_FF_1.1_-40_ALL/temp/siliconsmart.ieng6-ece-17.9333.18372/asynch_recover__SDN__lh__CDN__lh__ACQ_1.sif_3' (SIM-69)
Info:    Executing 'hspice deck.cir -o deck' (SIM-30)
Warning: return code 0 (hspice: No such file or directory)
Info:    Current directory '/home/linux/ieng6/ee260b/shl237/lab6/run_siliconsmart/LIB_FF_1.1_-40_ALL' (SIM-68)
Info:    Working in directory '/home/linux/ieng6/ee260b/shl237/lab6/run_siliconsmart/LIB_FF_1.1_-40_ALL/temp/siliconsmart.ieng6-ece-17.9333.18372/asynch_recover__SDN__lh__CDN__lh__ACQ_1.sif_4' (SIM-69)
Info:    Executing 'hspice deck.cir -o deck' (SIM-30)
Warning: return code 0 (hspice: No such file or directory)
Info:    Current directory '/home/linux/ieng6/ee260b/shl237/lab6/run_siliconsmart/LIB_FF_1.1_-40_ALL' (SIM-68)
Info:    Working in directory '/home/linux/ieng6/ee260b/shl237/lab6/run_siliconsmart/LIB_FF_1.1_-40_ALL/temp/siliconsmart.ieng6-ece-17.9333.18372/asynch_recover__SDN__lh__CDN__lh__ACQ_1.sif_5' (SIM-69)
Info:    Executing 'hspice deck.cir -o deck' (SIM-30)
Warning: return code 0 (hspice: No such file or directory)
Info:    Simulation asynch_recover__SDN__lh__CDN__lh__ACQ_1.sif for cell DFCSNQD2 completed successfully. (SMSC-103)
Info:    IO Retry 0
Info:    set _SIS_CLIENT_RESULT_ {{DFCSNQD2 asynch_recover__SDN__lh__CDN__lh__ACQ_1 {sifTS 0.0 sifName /home/linux/ieng6/ee260b/shl237/lab6/run_siliconsmart/LIB_FF_1.1_-40_ALL/temp/siliconsmart.ieng6-ece-17.9333.18372/asynch_recover__SDN__lh__CDN__lh__ACQ_1.sif eadCksum 0dff313ef0da66a8449cbbf76735b4c4 simulationCount 6 exportVars {} errorList {} sofName /home/linux/ieng6/ee260b/shl237/lab6/run_siliconsmart/LIB_FF_1.1_-40_ALL/temp/siliconsmart.ieng6-ece-17.9333.18372/asynch_recover__SDN__lh__CDN__lh__ACQ_1.sof eadTS 0.0 eadName /home/linux/ieng6/ee260b/shl237/lab6/run_siliconsmart/LIB_FF_1.1_-40_ALL/temp/siliconsmart.ieng6-ece-17.9333.18372/asynch_recover__SDN__lh__CDN__lh__ACQ_1.ead enableCache 0 status done depFiles /home/linux/ieng6/ee260b/shl237/lab6/run_siliconsmart/LIB_FF_1.1_-40_ALL/netlists/DFCSNQD2.cdl sifCksum 818e28ed59ed1d9cb531383cb7aa8825}}}
Info:    _SIS_CLIENT_RESULT_END
Info:    __recordTaskStats__ DFCSNQD2 asynch_recover__SDN__lh__CDN__lh__ACQ_1 0.24 0.0 12.0 0.65 6 39.7111561298 ieng6-ece-17.ucsd.edu 1520553262.27 1520553301.99
Info:    Loading information for cell DFCSNQD4... (SMSC-60)
Info:    Start Search.seeded_binary.opt_asynch_removal on asynch_removal (SIM-43)
Info:    Current directory '/home/linux/ieng6/ee260b/shl237/lab6/run_siliconsmart/LIB_FF_1.1_-40_ALL' (SIM-68)
Info:    Working in directory '/home/linux/ieng6/ee260b/shl237/lab6/run_siliconsmart/LIB_FF_1.1_-40_ALL/temp/siliconsmart.ieng6-ece-17.9333.18372/asynch_removal__CDN__lh__SDN__lh__ACQ_1.sif_0' (SIM-69)
Info:    Executing 'hspice deck.cir -o deck' (SIM-30)
Warning: return code 0 (hspice: No such file or directory)
Info:    Current directory '/home/linux/ieng6/ee260b/shl237/lab6/run_siliconsmart/LIB_FF_1.1_-40_ALL' (SIM-68)
Info:    Working in directory '/home/linux/ieng6/ee260b/shl237/lab6/run_siliconsmart/LIB_FF_1.1_-40_ALL/temp/siliconsmart.ieng6-ece-17.9333.18372/asynch_removal__CDN__lh__SDN__lh__ACQ_1.sif_1' (SIM-69)
Info:    Executing 'hspice deck.cir -o deck' (SIM-30)
Warning: return code 0 (hspice: No such file or directory)
Info:    Current directory '/home/linux/ieng6/ee260b/shl237/lab6/run_siliconsmart/LIB_FF_1.1_-40_ALL' (SIM-68)
Info:    Working in directory '/home/linux/ieng6/ee260b/shl237/lab6/run_siliconsmart/LIB_FF_1.1_-40_ALL/temp/siliconsmart.ieng6-ece-17.9333.18372/asynch_removal__CDN__lh__SDN__lh__ACQ_1.sif_2' (SIM-69)
Info:    Executing 'hspice deck.cir -o deck' (SIM-30)
Warning: return code 0 (hspice: No such file or directory)
Info:    Current directory '/home/linux/ieng6/ee260b/shl237/lab6/run_siliconsmart/LIB_FF_1.1_-40_ALL' (SIM-68)
Info:    Working in directory '/home/linux/ieng6/ee260b/shl237/lab6/run_siliconsmart/LIB_FF_1.1_-40_ALL/temp/siliconsmart.ieng6-ece-17.9333.18372/asynch_removal__CDN__lh__SDN__lh__ACQ_1.sif_3' (SIM-69)
Info:    Executing 'hspice deck.cir -o deck' (SIM-30)
Warning: return code 0 (hspice: No such file or directory)
Info:    Current directory '/home/linux/ieng6/ee260b/shl237/lab6/run_siliconsmart/LIB_FF_1.1_-40_ALL' (SIM-68)
Info:    Working in directory '/home/linux/ieng6/ee260b/shl237/lab6/run_siliconsmart/LIB_FF_1.1_-40_ALL/temp/siliconsmart.ieng6-ece-17.9333.18372/asynch_removal__CDN__lh__SDN__lh__ACQ_1.sif_4' (SIM-69)
Info:    Executing 'hspice deck.cir -o deck' (SIM-30)
Warning: return code 0 (hspice: No such file or directory)
Info:    Current directory '/home/linux/ieng6/ee260b/shl237/lab6/run_siliconsmart/LIB_FF_1.1_-40_ALL' (SIM-68)
Info:    Working in directory '/home/linux/ieng6/ee260b/shl237/lab6/run_siliconsmart/LIB_FF_1.1_-40_ALL/temp/siliconsmart.ieng6-ece-17.9333.18372/asynch_removal__CDN__lh__SDN__lh__ACQ_1.sif_5' (SIM-69)
Info:    Executing 'hspice deck.cir -o deck' (SIM-30)
Warning: return code 0 (hspice: No such file or directory)
Info:    Simulation asynch_removal__CDN__lh__SDN__lh__ACQ_1.sif for cell DFCSNQD4 completed successfully. (SMSC-103)
Info:    IO Retry 0
Info:    set _SIS_CLIENT_RESULT_ {{DFCSNQD4 asynch_removal__CDN__lh__SDN__lh__ACQ_1 {sifTS 0.0 sifName /home/linux/ieng6/ee260b/shl237/lab6/run_siliconsmart/LIB_FF_1.1_-40_ALL/temp/siliconsmart.ieng6-ece-17.9333.18372/asynch_removal__CDN__lh__SDN__lh__ACQ_1.sif eadCksum ef419eb1f731cd3a50da42bcc19c1f4f simulationCount 6 exportVars {} errorList {} sofName /home/linux/ieng6/ee260b/shl237/lab6/run_siliconsmart/LIB_FF_1.1_-40_ALL/temp/siliconsmart.ieng6-ece-17.9333.18372/asynch_removal__CDN__lh__SDN__lh__ACQ_1.sof eadTS 0.0 eadName /home/linux/ieng6/ee260b/shl237/lab6/run_siliconsmart/LIB_FF_1.1_-40_ALL/temp/siliconsmart.ieng6-ece-17.9333.18372/asynch_removal__CDN__lh__SDN__lh__ACQ_1.ead enableCache 0 status done depFiles /home/linux/ieng6/ee260b/shl237/lab6/run_siliconsmart/LIB_FF_1.1_-40_ALL/netlists/DFCSNQD4.cdl sifCksum 28824e436e94e85852ddbd81c34ced79}}}
Info:    _SIS_CLIENT_RESULT_END
Info:    __recordTaskStats__ DFCSNQD4 asynch_removal__CDN__lh__SDN__lh__ACQ_1 0.33 0.0 13.23 0.64 6 41.7820560932 ieng6-ece-17.ucsd.edu 1520553301.99 1520553343.77
Info:    Loading information for cell LHQD2... (SMSC-60)
Info:    Current directory '/home/linux/ieng6/ee260b/shl237/lab6/run_siliconsmart/LIB_FF_1.1_-40_ALL' (SIM-68)
Info:    Working in directory '/home/linux/ieng6/ee260b/shl237/lab6/run_siliconsmart/LIB_FF_1.1_-40_ALL/temp/siliconsmart.ieng6-ece-17.9333.18372/Cin__E__hl__ACQ_2.sif_0' (SIM-69)
Info:    Executing 'hspice deck.cir -o deck' (SIM-30)
Warning: return code 0 (hspice: No such file or directory)
Info:    Simulation Cin__E__hl__ACQ_2.sif for cell LHQD2 completed successfully. (SMSC-103)
Info:    IO Retry 0
Info:    set _SIS_CLIENT_RESULT_ {{LHQD2 Cin__E__hl__ACQ_2 {sifTS 0.0 sifName /home/linux/ieng6/ee260b/shl237/lab6/run_siliconsmart/LIB_FF_1.1_-40_ALL/temp/siliconsmart.ieng6-ece-17.9333.18372/Cin__E__hl__ACQ_2.sif eadCksum 867c3f9cd1710854ab7a3de26834c68f simulationCount 1 exportVars {} errorList {} sofName /home/linux/ieng6/ee260b/shl237/lab6/run_siliconsmart/LIB_FF_1.1_-40_ALL/temp/siliconsmart.ieng6-ece-17.9333.18372/Cin__E__hl__ACQ_2.sof eadTS 0.0 eadName /home/linux/ieng6/ee260b/shl237/lab6/run_siliconsmart/LIB_FF_1.1_-40_ALL/temp/siliconsmart.ieng6-ece-17.9333.18372/Cin__E__hl__ACQ_2.ead enableCache 0 status done depFiles /home/linux/ieng6/ee260b/shl237/lab6/run_siliconsmart/LIB_FF_1.1_-40_ALL/netlists/LHQD2.cdl sifCksum d64c3a7958299d6e31cd14e5ca2265d6}}}
Info:    _SIS_CLIENT_RESULT_END
Info:    __recordTaskStats__ LHQD2 Cin__E__hl__ACQ_2 0.13 0.0 1.65 0.1 1 4.79757714272 ieng6-ece-17.ucsd.edu 1520553343.77 1520553348.57
Info:    Loading information for cell AOI21D0... (SMSC-60)
Info:    Current directory '/home/linux/ieng6/ee260b/shl237/lab6/run_siliconsmart/LIB_FF_1.1_-40_ALL' (SIM-68)
Info:    Working in directory '/home/linux/ieng6/ee260b/shl237/lab6/run_siliconsmart/LIB_FF_1.1_-40_ALL/temp/siliconsmart.ieng6-ece-17.9333.18372/delay__B__lh__ZN__hl__ACQ_1.sif_0' (SIM-69)
Info:    Executing 'hspice deck.cir -o deck' (SIM-30)
Warning: return code 0 (hspice: No such file or directory)
Info:    Simulation delay__B__lh__ZN__hl__ACQ_1.sif for cell AOI21D0 completed successfully. (SMSC-103)
Info:    IO Retry 0
Info:    set _SIS_CLIENT_RESULT_ {{AOI21D0 delay__B__lh__ZN__hl__ACQ_1 {sifTS 0.0 sifName /home/linux/ieng6/ee260b/shl237/lab6/run_siliconsmart/LIB_FF_1.1_-40_ALL/temp/siliconsmart.ieng6-ece-17.9333.18372/delay__B__lh__ZN__hl__ACQ_1.sif eadCksum 0acca34bd10ff4a46d9529938d4ec6b8 simulationCount 1 exportVars {} errorList {} sofName /home/linux/ieng6/ee260b/shl237/lab6/run_siliconsmart/LIB_FF_1.1_-40_ALL/temp/siliconsmart.ieng6-ece-17.9333.18372/delay__B__lh__ZN__hl__ACQ_1.sof eadTS 0.0 eadName /home/linux/ieng6/ee260b/shl237/lab6/run_siliconsmart/LIB_FF_1.1_-40_ALL/temp/siliconsmart.ieng6-ece-17.9333.18372/delay__B__lh__ZN__hl__ACQ_1.ead enableCache 0 status done depFiles /home/linux/ieng6/ee260b/shl237/lab6/run_siliconsmart/LIB_FF_1.1_-40_ALL/netlists/AOI21D0.cdl sifCksum 2f87615cbd169f022f118f46ed7664cd}}}
Info:    _SIS_CLIENT_RESULT_END
Info:    __recordTaskStats__ AOI21D0 delay__B__lh__ZN__hl__ACQ_1 0.21 0.0 2.32 0.15 1 8.43982982635 ieng6-ece-17.ucsd.edu 1520553348.57 1520553357.01
Info:    Loading information for cell AOI21D2... (SMSC-60)
Info:    Current directory '/home/linux/ieng6/ee260b/shl237/lab6/run_siliconsmart/LIB_FF_1.1_-40_ALL' (SIM-68)
Info:    Working in directory '/home/linux/ieng6/ee260b/shl237/lab6/run_siliconsmart/LIB_FF_1.1_-40_ALL/temp/siliconsmart.ieng6-ece-17.9333.18372/Cin__A1__lh__ACQ_1.sif_0' (SIM-69)
Info:    Executing 'hspice deck.cir -o deck' (SIM-30)
Warning: return code 0 (hspice: No such file or directory)
Info:    Simulation Cin__A1__lh__ACQ_1.sif for cell AOI21D2 completed successfully. (SMSC-103)
Info:    IO Retry 0
Info:    set _SIS_CLIENT_RESULT_ {{AOI21D2 Cin__A1__lh__ACQ_1 {sifTS 0.0 sifName /home/linux/ieng6/ee260b/shl237/lab6/run_siliconsmart/LIB_FF_1.1_-40_ALL/temp/siliconsmart.ieng6-ece-17.9333.18372/Cin__A1__lh__ACQ_1.sif eadCksum d7910bd0e0ba119dfac8fad0c9d3f9c4 simulationCount 1 exportVars {} errorList {} sofName /home/linux/ieng6/ee260b/shl237/lab6/run_siliconsmart/LIB_FF_1.1_-40_ALL/temp/siliconsmart.ieng6-ece-17.9333.18372/Cin__A1__lh__ACQ_1.sof eadTS 0.0 eadName /home/linux/ieng6/ee260b/shl237/lab6/run_siliconsmart/LIB_FF_1.1_-40_ALL/temp/siliconsmart.ieng6-ece-17.9333.18372/Cin__A1__lh__ACQ_1.ead enableCache 0 status done depFiles /home/linux/ieng6/ee260b/shl237/lab6/run_siliconsmart/LIB_FF_1.1_-40_ALL/netlists/AOI21D2.cdl sifCksum c910995736fc63db62e289fbd1d71a33}}}
Info:    _SIS_CLIENT_RESULT_END
Info:    __recordTaskStats__ AOI21D2 Cin__A1__lh__ACQ_1 0.15 0.0 0.57 0.08 1 2.60069513321 ieng6-ece-17.ucsd.edu 1520553357.01 1520553359.61
Info:    Loading information for cell AOI21D2... (SMSC-60)
Info:    Current directory '/home/linux/ieng6/ee260b/shl237/lab6/run_siliconsmart/LIB_FF_1.1_-40_ALL' (SIM-68)
Info:    Working in directory '/home/linux/ieng6/ee260b/shl237/lab6/run_siliconsmart/LIB_FF_1.1_-40_ALL/temp/siliconsmart.ieng6-ece-17.9333.18372/Cin__B__hl__ACQ_1.sif_0' (SIM-69)
Info:    Executing 'hspice deck.cir -o deck' (SIM-30)
Warning: return code 0 (hspice: No such file or directory)
Info:    Simulation Cin__B__hl__ACQ_1.sif for cell AOI21D2 completed successfully. (SMSC-103)
Info:    IO Retry 0
Info:    set _SIS_CLIENT_RESULT_ {{AOI21D2 Cin__B__hl__ACQ_1 {sifTS 0.0 sifName /home/linux/ieng6/ee260b/shl237/lab6/run_siliconsmart/LIB_FF_1.1_-40_ALL/temp/siliconsmart.ieng6-ece-17.9333.18372/Cin__B__hl__ACQ_1.sif eadCksum 9e196aa8ae0377c5be2a6c47b873decf simulationCount 1 exportVars {} errorList {} sofName /home/linux/ieng6/ee260b/shl237/lab6/run_siliconsmart/LIB_FF_1.1_-40_ALL/temp/siliconsmart.ieng6-ece-17.9333.18372/Cin__B__hl__ACQ_1.sof eadTS 0.0 eadName /home/linux/ieng6/ee260b/shl237/lab6/run_siliconsmart/LIB_FF_1.1_-40_ALL/temp/siliconsmart.ieng6-ece-17.9333.18372/Cin__B__hl__ACQ_1.ead enableCache 0 status done depFiles /home/linux/ieng6/ee260b/shl237/lab6/run_siliconsmart/LIB_FF_1.1_-40_ALL/netlists/AOI21D2.cdl sifCksum 705717d8aeec31bca7e282083204f2a1}}}
Info:    _SIS_CLIENT_RESULT_END
Info:    __recordTaskStats__ AOI21D2 Cin__B__hl__ACQ_1 0.11 0.0 0.63 0.08 1 2.75538706779 ieng6-ece-17.ucsd.edu 1520553359.62 1520553362.37
Info:    Loading information for cell AOI21D4... (SMSC-60)
Info:    Current directory '/home/linux/ieng6/ee260b/shl237/lab6/run_siliconsmart/LIB_FF_1.1_-40_ALL' (SIM-68)
Info:    Working in directory '/home/linux/ieng6/ee260b/shl237/lab6/run_siliconsmart/LIB_FF_1.1_-40_ALL/temp/siliconsmart.ieng6-ece-17.9333.18372/leakage_power__ACQ_1.sif_0' (SIM-69)
Info:    Executing 'hspice deck.cir -o deck' (SIM-30)
Warning: return code 0 (hspice: No such file or directory)
Info:    Simulation leakage_power__ACQ_1.sif for cell AOI21D4 completed successfully. (SMSC-103)
Info:    IO Retry 0
Info:    set _SIS_CLIENT_RESULT_ {{AOI21D4 leakage_power__ACQ_1 {sifTS 0.0 sifName /home/linux/ieng6/ee260b/shl237/lab6/run_siliconsmart/LIB_FF_1.1_-40_ALL/temp/siliconsmart.ieng6-ece-17.9333.18372/leakage_power__ACQ_1.sif eadCksum 9b56af0bb2a3509326641ec853da2827 simulationCount 1 exportVars {} errorList {} sofName /home/linux/ieng6/ee260b/shl237/lab6/run_siliconsmart/LIB_FF_1.1_-40_ALL/temp/siliconsmart.ieng6-ece-17.9333.18372/leakage_power__ACQ_1.sof eadTS 0.0 eadName /home/linux/ieng6/ee260b/shl237/lab6/run_siliconsmart/LIB_FF_1.1_-40_ALL/temp/siliconsmart.ieng6-ece-17.9333.18372/leakage_power__ACQ_1.ead enableCache 0 status done depFiles /home/linux/ieng6/ee260b/shl237/lab6/run_siliconsmart/LIB_FF_1.1_-40_ALL/netlists/AOI21D4.cdl sifCksum 8993472434dc80009d69c5f0f8f57539}}}
Info:    _SIS_CLIENT_RESULT_END
Info:    __recordTaskStats__ AOI21D4 leakage_power__ACQ_1 0.15 0.0 0.34 0.08 1 2.22701883316 ieng6-ece-17.ucsd.edu 1520553362.37 1520553364.6
Info:    Loading information for cell AOI21D4... (SMSC-60)
Info:    Current directory '/home/linux/ieng6/ee260b/shl237/lab6/run_siliconsmart/LIB_FF_1.1_-40_ALL' (SIM-68)
Info:    Working in directory '/home/linux/ieng6/ee260b/shl237/lab6/run_siliconsmart/LIB_FF_1.1_-40_ALL/temp/siliconsmart.ieng6-ece-17.9333.18372/Cin__A1__hl__ACQ_1.sif_0' (SIM-69)
Info:    Executing 'hspice deck.cir -o deck' (SIM-30)
Warning: return code 0 (hspice: No such file or directory)
Info:    Simulation Cin__A1__hl__ACQ_1.sif for cell AOI21D4 completed successfully. (SMSC-103)
Info:    IO Retry 0
Info:    set _SIS_CLIENT_RESULT_ {{AOI21D4 Cin__A1__hl__ACQ_1 {sifTS 0.0 sifName /home/linux/ieng6/ee260b/shl237/lab6/run_siliconsmart/LIB_FF_1.1_-40_ALL/temp/siliconsmart.ieng6-ece-17.9333.18372/Cin__A1__hl__ACQ_1.sif eadCksum 9eb795acbfd396e941c934547a22bf3b simulationCount 1 exportVars {} errorList {} sofName /home/linux/ieng6/ee260b/shl237/lab6/run_siliconsmart/LIB_FF_1.1_-40_ALL/temp/siliconsmart.ieng6-ece-17.9333.18372/Cin__A1__hl__ACQ_1.sof eadTS 0.0 eadName /home/linux/ieng6/ee260b/shl237/lab6/run_siliconsmart/LIB_FF_1.1_-40_ALL/temp/siliconsmart.ieng6-ece-17.9333.18372/Cin__A1__hl__ACQ_1.ead enableCache 0 status done depFiles /home/linux/ieng6/ee260b/shl237/lab6/run_siliconsmart/LIB_FF_1.1_-40_ALL/netlists/AOI21D4.cdl sifCksum f27b2a554463c9712e38b2c8477959b2}}}
Info:    _SIS_CLIENT_RESULT_END
Info:    __recordTaskStats__ AOI21D4 Cin__A1__hl__ACQ_1 0.11 0.0 0.88 0.09 1 2.92382311821 ieng6-ece-17.ucsd.edu 1520553364.6 1520553367.53
Info:    Loading information for cell MUX2D0... (SMSC-60)
Info:    Current directory '/home/linux/ieng6/ee260b/shl237/lab6/run_siliconsmart/LIB_FF_1.1_-40_ALL' (SIM-68)
Info:    Working in directory '/home/linux/ieng6/ee260b/shl237/lab6/run_siliconsmart/LIB_FF_1.1_-40_ALL/temp/siliconsmart.ieng6-ece-17.9333.18372/delay__S__hl__Z__hl__ACQ_1.sif_0' (SIM-69)
Info:    Executing 'hspice deck.cir -o deck' (SIM-30)
Warning: return code 0 (hspice: No such file or directory)
Info:    Simulation delay__S__hl__Z__hl__ACQ_1.sif for cell MUX2D0 completed successfully. (SMSC-103)
Info:    IO Retry 0
Info:    set _SIS_CLIENT_RESULT_ {{MUX2D0 delay__S__hl__Z__hl__ACQ_1 {sifTS 0.0 sifName /home/linux/ieng6/ee260b/shl237/lab6/run_siliconsmart/LIB_FF_1.1_-40_ALL/temp/siliconsmart.ieng6-ece-17.9333.18372/delay__S__hl__Z__hl__ACQ_1.sif eadCksum 2235b237d373c24af5180b5b0651619c simulationCount 1 exportVars {} errorList {} sofName /home/linux/ieng6/ee260b/shl237/lab6/run_siliconsmart/LIB_FF_1.1_-40_ALL/temp/siliconsmart.ieng6-ece-17.9333.18372/delay__S__hl__Z__hl__ACQ_1.sof eadTS 0.0 eadName /home/linux/ieng6/ee260b/shl237/lab6/run_siliconsmart/LIB_FF_1.1_-40_ALL/temp/siliconsmart.ieng6-ece-17.9333.18372/delay__S__hl__Z__hl__ACQ_1.ead enableCache 0 status done depFiles /home/linux/ieng6/ee260b/shl237/lab6/run_siliconsmart/LIB_FF_1.1_-40_ALL/netlists/MUX2D0.cdl sifCksum e019c577c24aa456d570303c1fe18417}}}
Info:    _SIS_CLIENT_RESULT_END
Info:    __recordTaskStats__ MUX2D0 delay__S__hl__Z__hl__ACQ_1 0.19 0.02 2.88 0.15 1 10.8200199604 ieng6-ece-17.ucsd.edu 1520553367.53 1520553378.35
Info:    Loading information for cell MUX2D1... (SMSC-60)
Info:    Current directory '/home/linux/ieng6/ee260b/shl237/lab6/run_siliconsmart/LIB_FF_1.1_-40_ALL' (SIM-68)
Info:    Working in directory '/home/linux/ieng6/ee260b/shl237/lab6/run_siliconsmart/LIB_FF_1.1_-40_ALL/temp/siliconsmart.ieng6-ece-17.9333.18372/Cin__S__hl__ACQ_1.sif_0' (SIM-69)
Info:    Executing 'hspice deck.cir -o deck' (SIM-30)
Warning: return code 0 (hspice: No such file or directory)
Info:    Simulation Cin__S__hl__ACQ_1.sif for cell MUX2D1 completed successfully. (SMSC-103)
Info:    IO Retry 0
Info:    set _SIS_CLIENT_RESULT_ {{MUX2D1 Cin__S__hl__ACQ_1 {sifTS 0.0 sifName /home/linux/ieng6/ee260b/shl237/lab6/run_siliconsmart/LIB_FF_1.1_-40_ALL/temp/siliconsmart.ieng6-ece-17.9333.18372/Cin__S__hl__ACQ_1.sif eadCksum 0f96ac874cc0dc105a62579b9503c627 simulationCount 1 exportVars {} errorList {} sofName /home/linux/ieng6/ee260b/shl237/lab6/run_siliconsmart/LIB_FF_1.1_-40_ALL/temp/siliconsmart.ieng6-ece-17.9333.18372/Cin__S__hl__ACQ_1.sof eadTS 0.0 eadName /home/linux/ieng6/ee260b/shl237/lab6/run_siliconsmart/LIB_FF_1.1_-40_ALL/temp/siliconsmart.ieng6-ece-17.9333.18372/Cin__S__hl__ACQ_1.ead enableCache 0 status done depFiles /home/linux/ieng6/ee260b/shl237/lab6/run_siliconsmart/LIB_FF_1.1_-40_ALL/netlists/MUX2D1.cdl sifCksum a73a40cde42d55ac805c4e3edd4df20c}}}
Info:    _SIS_CLIENT_RESULT_END
Info:    __recordTaskStats__ MUX2D1 Cin__S__hl__ACQ_1 0.12 0.01 0.74 0.1 1 2.44603586197 ieng6-ece-17.ucsd.edu 1520553378.35 1520553380.8
Info:    Loading information for cell MUX2D2... (SMSC-60)
Info:    Current directory '/home/linux/ieng6/ee260b/shl237/lab6/run_siliconsmart/LIB_FF_1.1_-40_ALL' (SIM-68)
Info:    Working in directory '/home/linux/ieng6/ee260b/shl237/lab6/run_siliconsmart/LIB_FF_1.1_-40_ALL/temp/siliconsmart.ieng6-ece-17.9333.18372/Cin__I1__lh__ACQ_1.sif_0' (SIM-69)
Info:    Executing 'hspice deck.cir -o deck' (SIM-30)
Warning: return code 0 (hspice: No such file or directory)
Info:    Simulation Cin__I1__lh__ACQ_1.sif for cell MUX2D2 completed successfully. (SMSC-103)
Info:    IO Retry 0
Info:    set _SIS_CLIENT_RESULT_ {{MUX2D2 Cin__I1__lh__ACQ_1 {sifTS 0.0 sifName /home/linux/ieng6/ee260b/shl237/lab6/run_siliconsmart/LIB_FF_1.1_-40_ALL/temp/siliconsmart.ieng6-ece-17.9333.18372/Cin__I1__lh__ACQ_1.sif eadCksum 206fbc530a2afed738573bb8552afe95 simulationCount 1 exportVars {} errorList {} sofName /home/linux/ieng6/ee260b/shl237/lab6/run_siliconsmart/LIB_FF_1.1_-40_ALL/temp/siliconsmart.ieng6-ece-17.9333.18372/Cin__I1__lh__ACQ_1.sof eadTS 0.0 eadName /home/linux/ieng6/ee260b/shl237/lab6/run_siliconsmart/LIB_FF_1.1_-40_ALL/temp/siliconsmart.ieng6-ece-17.9333.18372/Cin__I1__lh__ACQ_1.ead enableCache 0 status done depFiles /home/linux/ieng6/ee260b/shl237/lab6/run_siliconsmart/LIB_FF_1.1_-40_ALL/netlists/MUX2D2.cdl sifCksum 03dd37293098759e655edb9cc2c4cefd}}}
Info:    _SIS_CLIENT_RESULT_END
Info:    __recordTaskStats__ MUX2D2 Cin__I1__lh__ACQ_1 0.12 0.01 0.75 0.08 1 2.86070394516 ieng6-ece-17.ucsd.edu 1520553380.8 1520553383.66
Info:    Loading information for cell MUX2D2... (SMSC-60)
Info:    Current directory '/home/linux/ieng6/ee260b/shl237/lab6/run_siliconsmart/LIB_FF_1.1_-40_ALL' (SIM-68)
Info:    Working in directory '/home/linux/ieng6/ee260b/shl237/lab6/run_siliconsmart/LIB_FF_1.1_-40_ALL/temp/siliconsmart.ieng6-ece-17.9333.18372/Cin__S__lh__ACQ_1.sif_0' (SIM-69)
Info:    Executing 'hspice deck.cir -o deck' (SIM-30)
Warning: return code 0 (hspice: No such file or directory)
Info:    Simulation Cin__S__lh__ACQ_1.sif for cell MUX2D2 completed successfully. (SMSC-103)
Info:    IO Retry 0
Info:    set _SIS_CLIENT_RESULT_ {{MUX2D2 Cin__S__lh__ACQ_1 {sifTS 0.0 sifName /home/linux/ieng6/ee260b/shl237/lab6/run_siliconsmart/LIB_FF_1.1_-40_ALL/temp/siliconsmart.ieng6-ece-17.9333.18372/Cin__S__lh__ACQ_1.sif eadCksum 8a8f679bacbab7c1550c4ff182907e06 simulationCount 1 exportVars {} errorList {} sofName /home/linux/ieng6/ee260b/shl237/lab6/run_siliconsmart/LIB_FF_1.1_-40_ALL/temp/siliconsmart.ieng6-ece-17.9333.18372/Cin__S__lh__ACQ_1.sof eadTS 0.0 eadName /home/linux/ieng6/ee260b/shl237/lab6/run_siliconsmart/LIB_FF_1.1_-40_ALL/temp/siliconsmart.ieng6-ece-17.9333.18372/Cin__S__lh__ACQ_1.ead enableCache 0 status done depFiles /home/linux/ieng6/ee260b/shl237/lab6/run_siliconsmart/LIB_FF_1.1_-40_ALL/netlists/MUX2D2.cdl sifCksum 1274c389c4586426e85164516b0a72b9}}}
Info:    _SIS_CLIENT_RESULT_END
Info:    __recordTaskStats__ MUX2D2 Cin__S__lh__ACQ_1 0.12 0.0 0.7 0.08 1 2.82984018326 ieng6-ece-17.ucsd.edu 1520553383.66 1520553386.49
Info:    Loading information for cell MUX2D4... (SMSC-60)
Info:    Current directory '/home/linux/ieng6/ee260b/shl237/lab6/run_siliconsmart/LIB_FF_1.1_-40_ALL' (SIM-68)
Info:    Working in directory '/home/linux/ieng6/ee260b/shl237/lab6/run_siliconsmart/LIB_FF_1.1_-40_ALL/temp/siliconsmart.ieng6-ece-17.9333.18372/delay__I1__lh__Z__lh__ACQ_1.sif_0' (SIM-69)
Info:    Executing 'hspice deck.cir -o deck' (SIM-30)
Warning: return code 0 (hspice: No such file or directory)
Info:    Simulation delay__I1__lh__Z__lh__ACQ_1.sif for cell MUX2D4 completed successfully. (SMSC-103)
Info:    IO Retry 0
Info:    set _SIS_CLIENT_RESULT_ {{MUX2D4 delay__I1__lh__Z__lh__ACQ_1 {sifTS 0.0 sifName /home/linux/ieng6/ee260b/shl237/lab6/run_siliconsmart/LIB_FF_1.1_-40_ALL/temp/siliconsmart.ieng6-ece-17.9333.18372/delay__I1__lh__Z__lh__ACQ_1.sif eadCksum 25992e13fe5cc1d90bbddcb390b72da9 simulationCount 1 exportVars {} errorList {} sofName /home/linux/ieng6/ee260b/shl237/lab6/run_siliconsmart/LIB_FF_1.1_-40_ALL/temp/siliconsmart.ieng6-ece-17.9333.18372/delay__I1__lh__Z__lh__ACQ_1.sof eadTS 0.0 eadName /home/linux/ieng6/ee260b/shl237/lab6/run_siliconsmart/LIB_FF_1.1_-40_ALL/temp/siliconsmart.ieng6-ece-17.9333.18372/delay__I1__lh__Z__lh__ACQ_1.ead enableCache 0 status done depFiles /home/linux/ieng6/ee260b/shl237/lab6/run_siliconsmart/LIB_FF_1.1_-40_ALL/netlists/MUX2D4.cdl sifCksum 4a9c09b4068218ea69a96c483dbb1fb4}}}
Info:    _SIS_CLIENT_RESULT_END
Info:    __recordTaskStats__ MUX2D4 delay__I1__lh__Z__lh__ACQ_1 0.21 0.01 3.58 0.13 1 14.6731259823 ieng6-ece-17.ucsd.edu 1520553386.5 1520553401.17
Info:    Loading information for cell OAI21D2... (SMSC-60)
Info:    Current directory '/home/linux/ieng6/ee260b/shl237/lab6/run_siliconsmart/LIB_FF_1.1_-40_ALL' (SIM-68)
Info:    Working in directory '/home/linux/ieng6/ee260b/shl237/lab6/run_siliconsmart/LIB_FF_1.1_-40_ALL/temp/siliconsmart.ieng6-ece-17.9333.18372/leakage_power__ACQ_4.sif_0' (SIM-69)
Info:    Executing 'hspice deck.cir -o deck' (SIM-30)
Warning: return code 0 (hspice: No such file or directory)
Info:    Simulation leakage_power__ACQ_4.sif for cell OAI21D2 completed successfully. (SMSC-103)
Info:    IO Retry 0
Info:    set _SIS_CLIENT_RESULT_ {{OAI21D2 leakage_power__ACQ_4 {sifTS 0.0 sifName /home/linux/ieng6/ee260b/shl237/lab6/run_siliconsmart/LIB_FF_1.1_-40_ALL/temp/siliconsmart.ieng6-ece-17.9333.18372/leakage_power__ACQ_4.sif eadCksum 276e1c7c9dbd588909af0d9d206ff197 simulationCount 1 exportVars {} errorList {} sofName /home/linux/ieng6/ee260b/shl237/lab6/run_siliconsmart/LIB_FF_1.1_-40_ALL/temp/siliconsmart.ieng6-ece-17.9333.18372/leakage_power__ACQ_4.sof eadTS 0.0 eadName /home/linux/ieng6/ee260b/shl237/lab6/run_siliconsmart/LIB_FF_1.1_-40_ALL/temp/siliconsmart.ieng6-ece-17.9333.18372/leakage_power__ACQ_4.ead enableCache 0 status done depFiles /home/linux/ieng6/ee260b/shl237/lab6/run_siliconsmart/LIB_FF_1.1_-40_ALL/netlists/OAI21D2.cdl sifCksum 265848e8764573c94cdf93b54ddbc08d}}}
Info:    _SIS_CLIENT_RESULT_END
Info:    __recordTaskStats__ OAI21D2 leakage_power__ACQ_4 0.12 0.01 0.32 0.07 1 1.51952385902 ieng6-ece-17.ucsd.edu 1520553401.76 1520553403.27
Info:    Loading information for cell OAI21D4... (SMSC-60)
Info:    Current directory '/home/linux/ieng6/ee260b/shl237/lab6/run_siliconsmart/LIB_FF_1.1_-40_ALL' (SIM-68)
Info:    Working in directory '/home/linux/ieng6/ee260b/shl237/lab6/run_siliconsmart/LIB_FF_1.1_-40_ALL/temp/siliconsmart.ieng6-ece-17.9333.18372/delay__A1__lh__ZN__hl__ACQ_1.sif_0' (SIM-69)
Info:    Executing 'hspice deck.cir -o deck' (SIM-30)
Warning: return code 0 (hspice: No such file or directory)
Info:    Simulation delay__A1__lh__ZN__hl__ACQ_1.sif for cell OAI21D4 completed successfully. (SMSC-103)
Info:    IO Retry 0
Info:    set _SIS_CLIENT_RESULT_ {{OAI21D4 delay__A1__lh__ZN__hl__ACQ_1 {sifTS 0.0 sifName /home/linux/ieng6/ee260b/shl237/lab6/run_siliconsmart/LIB_FF_1.1_-40_ALL/temp/siliconsmart.ieng6-ece-17.9333.18372/delay__A1__lh__ZN__hl__ACQ_1.sif eadCksum 4246c4be8aa6235b84fe6f09dcafce1e simulationCount 1 exportVars {} errorList {} sofName /home/linux/ieng6/ee260b/shl237/lab6/run_siliconsmart/LIB_FF_1.1_-40_ALL/temp/siliconsmart.ieng6-ece-17.9333.18372/delay__A1__lh__ZN__hl__ACQ_1.sof eadTS 0.0 eadName /home/linux/ieng6/ee260b/shl237/lab6/run_siliconsmart/LIB_FF_1.1_-40_ALL/temp/siliconsmart.ieng6-ece-17.9333.18372/delay__A1__lh__ZN__hl__ACQ_1.ead enableCache 0 status done depFiles /home/linux/ieng6/ee260b/shl237/lab6/run_siliconsmart/LIB_FF_1.1_-40_ALL/netlists/OAI21D4.cdl sifCksum 9f1a1e2e8862ffe10113dc894d946fed}}}
Info:    _SIS_CLIENT_RESULT_END
Info:    __recordTaskStats__ OAI21D4 delay__A1__lh__ZN__hl__ACQ_1 0.21 0.0 3.46 0.13 1 13.9413700104 ieng6-ece-17.ucsd.edu 1520553403.28 1520553417.22
Info:    Loading information for cell AN2D8... (SMSC-60)
Info:    Current directory '/home/linux/ieng6/ee260b/shl237/lab6/run_siliconsmart/LIB_FF_1.1_-40_ALL' (SIM-68)
Info:    Working in directory '/home/linux/ieng6/ee260b/shl237/lab6/run_siliconsmart/LIB_FF_1.1_-40_ALL/temp/siliconsmart.ieng6-ece-17.9333.18372/leakage_power__ACQ_4.sif_0' (SIM-69)
Info:    Executing 'hspice deck.cir -o deck' (SIM-30)
Warning: return code 0 (hspice: No such file or directory)
Info:    Simulation leakage_power__ACQ_4.sif for cell AN2D8 completed successfully. (SMSC-103)
Info:    IO Retry 0
Info:    set _SIS_CLIENT_RESULT_ {{AN2D8 leakage_power__ACQ_4 {sifTS 0.0 sifName /home/linux/ieng6/ee260b/shl237/lab6/run_siliconsmart/LIB_FF_1.1_-40_ALL/temp/siliconsmart.ieng6-ece-17.9333.18372/leakage_power__ACQ_4.sif eadCksum 65d7c1b6795a3bbf34c8a94af7177532 simulationCount 1 exportVars {} errorList {} sofName /home/linux/ieng6/ee260b/shl237/lab6/run_siliconsmart/LIB_FF_1.1_-40_ALL/temp/siliconsmart.ieng6-ece-17.9333.18372/leakage_power__ACQ_4.sof eadTS 0.0 eadName /home/linux/ieng6/ee260b/shl237/lab6/run_siliconsmart/LIB_FF_1.1_-40_ALL/temp/siliconsmart.ieng6-ece-17.9333.18372/leakage_power__ACQ_4.ead enableCache 0 status done depFiles /home/linux/ieng6/ee260b/shl237/lab6/run_siliconsmart/LIB_FF_1.1_-40_ALL/netlists/AN2D8.cdl sifCksum f0152099e6b4da83c47d30bbd609a4f3}}}
Info:    _SIS_CLIENT_RESULT_END
Info:    __recordTaskStats__ AN2D8 leakage_power__ACQ_4 0.11 0.0 0.33 0.08 1 1.56189513206 ieng6-ece-17.ucsd.edu 1520553417.22 1520553418.78
Info:    Loading information for cell AN2XD1... (SMSC-60)
Info:    Current directory '/home/linux/ieng6/ee260b/shl237/lab6/run_siliconsmart/LIB_FF_1.1_-40_ALL' (SIM-68)
Info:    Working in directory '/home/linux/ieng6/ee260b/shl237/lab6/run_siliconsmart/LIB_FF_1.1_-40_ALL/temp/siliconsmart.ieng6-ece-17.9333.18372/delay__A1__lh__Z__lh__ACQ_1.sif_0' (SIM-69)
Info:    Executing 'hspice deck.cir -o deck' (SIM-30)
Warning: return code 0 (hspice: No such file or directory)
Info:    Simulation delay__A1__lh__Z__lh__ACQ_1.sif for cell AN2XD1 completed successfully. (SMSC-103)
Info:    IO Retry 0
Info:    set _SIS_CLIENT_RESULT_ {{AN2XD1 delay__A1__lh__Z__lh__ACQ_1 {sifTS 0.0 sifName /home/linux/ieng6/ee260b/shl237/lab6/run_siliconsmart/LIB_FF_1.1_-40_ALL/temp/siliconsmart.ieng6-ece-17.9333.18372/delay__A1__lh__Z__lh__ACQ_1.sif eadCksum 46f082b07cbf0cd8a1ad8a2c3a73a5d0 simulationCount 1 exportVars {} errorList {} sofName /home/linux/ieng6/ee260b/shl237/lab6/run_siliconsmart/LIB_FF_1.1_-40_ALL/temp/siliconsmart.ieng6-ece-17.9333.18372/delay__A1__lh__Z__lh__ACQ_1.sof eadTS 0.0 eadName /home/linux/ieng6/ee260b/shl237/lab6/run_siliconsmart/LIB_FF_1.1_-40_ALL/temp/siliconsmart.ieng6-ece-17.9333.18372/delay__A1__lh__Z__lh__ACQ_1.ead enableCache 0 status done depFiles /home/linux/ieng6/ee260b/shl237/lab6/run_siliconsmart/LIB_FF_1.1_-40_ALL/netlists/AN2XD1.cdl sifCksum f36961f3749e9cd845f5a0471bcc8b80}}}
Info:    _SIS_CLIENT_RESULT_END
Info:    __recordTaskStats__ AN2XD1 delay__A1__lh__Z__lh__ACQ_1 0.19 0.0 2.16 0.15 1 7.69043898582 ieng6-ece-17.ucsd.edu 1520553418.78 1520553426.48
Info:    Loading information for cell ND2D2... (SMSC-60)
Info:    Current directory '/home/linux/ieng6/ee260b/shl237/lab6/run_siliconsmart/LIB_FF_1.1_-40_ALL' (SIM-68)
Info:    Working in directory '/home/linux/ieng6/ee260b/shl237/lab6/run_siliconsmart/LIB_FF_1.1_-40_ALL/temp/siliconsmart.ieng6-ece-17.9333.18372/delay__A1__hl__ZN__lh__ACQ_1.sif_0' (SIM-69)
Info:    Executing 'hspice deck.cir -o deck' (SIM-30)
Warning: return code 0 (hspice: No such file or directory)
Info:    Simulation delay__A1__hl__ZN__lh__ACQ_1.sif for cell ND2D2 completed successfully. (SMSC-103)
Info:    IO Retry 0
Info:    set _SIS_CLIENT_RESULT_ {{ND2D2 delay__A1__hl__ZN__lh__ACQ_1 {sifTS 0.0 sifName /home/linux/ieng6/ee260b/shl237/lab6/run_siliconsmart/LIB_FF_1.1_-40_ALL/temp/siliconsmart.ieng6-ece-17.9333.18372/delay__A1__hl__ZN__lh__ACQ_1.sif eadCksum c1f456033dd5f318f15c8298f91dadba simulationCount 1 exportVars {} errorList {} sofName /home/linux/ieng6/ee260b/shl237/lab6/run_siliconsmart/LIB_FF_1.1_-40_ALL/temp/siliconsmart.ieng6-ece-17.9333.18372/delay__A1__hl__ZN__lh__ACQ_1.sof eadTS 0.0 eadName /home/linux/ieng6/ee260b/shl237/lab6/run_siliconsmart/LIB_FF_1.1_-40_ALL/temp/siliconsmart.ieng6-ece-17.9333.18372/delay__A1__hl__ZN__lh__ACQ_1.ead enableCache 0 status done depFiles /home/linux/ieng6/ee260b/shl237/lab6/run_siliconsmart/LIB_FF_1.1_-40_ALL/netlists/ND2D2.cdl sifCksum 652bafa639125923d9158b8fc6e4f9dc}}}
Info:    _SIS_CLIENT_RESULT_END
Info:    __recordTaskStats__ ND2D2 delay__A1__hl__ZN__lh__ACQ_1 0.18 0.02 2.38 0.13 1 9.34619998932 ieng6-ece-17.ucsd.edu 1520553426.48 1520553435.82
Info:    Loading information for cell ND2D8... (SMSC-60)
Info:    Current directory '/home/linux/ieng6/ee260b/shl237/lab6/run_siliconsmart/LIB_FF_1.1_-40_ALL' (SIM-68)
Info:    Working in directory '/home/linux/ieng6/ee260b/shl237/lab6/run_siliconsmart/LIB_FF_1.1_-40_ALL/temp/siliconsmart.ieng6-ece-17.9333.18372/Cin__A1__hl__ACQ_1.sif_0' (SIM-69)
Info:    Executing 'hspice deck.cir -o deck' (SIM-30)
Warning: return code 0 (hspice: No such file or directory)
Info:    Simulation Cin__A1__hl__ACQ_1.sif for cell ND2D8 completed successfully. (SMSC-103)
Info:    IO Retry 0
Info:    set _SIS_CLIENT_RESULT_ {{ND2D8 Cin__A1__hl__ACQ_1 {sifTS 0.0 sifName /home/linux/ieng6/ee260b/shl237/lab6/run_siliconsmart/LIB_FF_1.1_-40_ALL/temp/siliconsmart.ieng6-ece-17.9333.18372/Cin__A1__hl__ACQ_1.sif eadCksum 303b8fb50f32d99c38e5ec99a7ee0352 simulationCount 1 exportVars {} errorList {} sofName /home/linux/ieng6/ee260b/shl237/lab6/run_siliconsmart/LIB_FF_1.1_-40_ALL/temp/siliconsmart.ieng6-ece-17.9333.18372/Cin__A1__hl__ACQ_1.sof eadTS 0.0 eadName /home/linux/ieng6/ee260b/shl237/lab6/run_siliconsmart/LIB_FF_1.1_-40_ALL/temp/siliconsmart.ieng6-ece-17.9333.18372/Cin__A1__hl__ACQ_1.ead enableCache 0 status done depFiles /home/linux/ieng6/ee260b/shl237/lab6/run_siliconsmart/LIB_FF_1.1_-40_ALL/netlists/ND2D8.cdl sifCksum a305bf6d833abb38d7caeafbaa23d0d5}}}
Info:    _SIS_CLIENT_RESULT_END
Info:    __recordTaskStats__ ND2D8 Cin__A1__hl__ACQ_1 0.13 0.0 1.24 0.11 1 3.89233398438 ieng6-ece-17.ucsd.edu 1520553435.83 1520553439.72
Info:    Loading information for cell NR2D1... (SMSC-60)
Info:    Current directory '/home/linux/ieng6/ee260b/shl237/lab6/run_siliconsmart/LIB_FF_1.1_-40_ALL' (SIM-68)
Info:    Working in directory '/home/linux/ieng6/ee260b/shl237/lab6/run_siliconsmart/LIB_FF_1.1_-40_ALL/temp/siliconsmart.ieng6-ece-17.9333.18372/leakage_power__ACQ_2.sif_0' (SIM-69)
Info:    Executing 'hspice deck.cir -o deck' (SIM-30)
Warning: return code 0 (hspice: No such file or directory)
Info:    Simulation leakage_power__ACQ_2.sif for cell NR2D1 completed successfully. (SMSC-103)
Info:    IO Retry 0
Info:    set _SIS_CLIENT_RESULT_ {{NR2D1 leakage_power__ACQ_2 {sifTS 0.0 sifName /home/linux/ieng6/ee260b/shl237/lab6/run_siliconsmart/LIB_FF_1.1_-40_ALL/temp/siliconsmart.ieng6-ece-17.9333.18372/leakage_power__ACQ_2.sif eadCksum aaf4cc2f9b60c0a56b2babeb2719be75 simulationCount 1 exportVars {} errorList {} sofName /home/linux/ieng6/ee260b/shl237/lab6/run_siliconsmart/LIB_FF_1.1_-40_ALL/temp/siliconsmart.ieng6-ece-17.9333.18372/leakage_power__ACQ_2.sof eadTS 0.0 eadName /home/linux/ieng6/ee260b/shl237/lab6/run_siliconsmart/LIB_FF_1.1_-40_ALL/temp/siliconsmart.ieng6-ece-17.9333.18372/leakage_power__ACQ_2.ead enableCache 0 status done depFiles /home/linux/ieng6/ee260b/shl237/lab6/run_siliconsmart/LIB_FF_1.1_-40_ALL/netlists/NR2D1.cdl sifCksum 9637a909d86a4822a9066f035cc0bebe}}}
Info:    _SIS_CLIENT_RESULT_END
Info:    __recordTaskStats__ NR2D1 leakage_power__ACQ_2 0.16 0.02 0.44 0.11 1 2.79326605797 ieng6-ece-17.ucsd.edu 1520553439.72 1520553442.51
Info:    Loading information for cell NR2D2... (SMSC-60)
Info:    Current directory '/home/linux/ieng6/ee260b/shl237/lab6/run_siliconsmart/LIB_FF_1.1_-40_ALL' (SIM-68)
Info:    Working in directory '/home/linux/ieng6/ee260b/shl237/lab6/run_siliconsmart/LIB_FF_1.1_-40_ALL/temp/siliconsmart.ieng6-ece-17.9333.18372/delay__A1__lh__ZN__hl__ACQ_1.sif_0' (SIM-69)
Info:    Executing 'hspice deck.cir -o deck' (SIM-30)
Warning: return code 0 (hspice: No such file or directory)
Info:    Simulation delay__A1__lh__ZN__hl__ACQ_1.sif for cell NR2D2 completed successfully. (SMSC-103)
Info:    IO Retry 0
Info:    set _SIS_CLIENT_RESULT_ {{NR2D2 delay__A1__lh__ZN__hl__ACQ_1 {sifTS 0.0 sifName /home/linux/ieng6/ee260b/shl237/lab6/run_siliconsmart/LIB_FF_1.1_-40_ALL/temp/siliconsmart.ieng6-ece-17.9333.18372/delay__A1__lh__ZN__hl__ACQ_1.sif eadCksum 9ac7fb4c2855819d18451a94afc19dcf simulationCount 1 exportVars {} errorList {} sofName /home/linux/ieng6/ee260b/shl237/lab6/run_siliconsmart/LIB_FF_1.1_-40_ALL/temp/siliconsmart.ieng6-ece-17.9333.18372/delay__A1__lh__ZN__hl__ACQ_1.sof eadTS 0.0 eadName /home/linux/ieng6/ee260b/shl237/lab6/run_siliconsmart/LIB_FF_1.1_-40_ALL/temp/siliconsmart.ieng6-ece-17.9333.18372/delay__A1__lh__ZN__hl__ACQ_1.ead enableCache 0 status done depFiles /home/linux/ieng6/ee260b/shl237/lab6/run_siliconsmart/LIB_FF_1.1_-40_ALL/netlists/NR2D2.cdl sifCksum 220e22963dda090b122ec4afa8278109}}}
Info:    _SIS_CLIENT_RESULT_END
Info:    __recordTaskStats__ NR2D2 delay__A1__lh__ZN__hl__ACQ_1 0.18 0.03 2.97 0.31 1 9.91368412971 ieng6-ece-17.ucsd.edu 1520553442.51 1520553452.43
Info:    Loading information for cell NR2D8... (SMSC-60)
Info:    Current directory '/home/linux/ieng6/ee260b/shl237/lab6/run_siliconsmart/LIB_FF_1.1_-40_ALL' (SIM-68)
Info:    Working in directory '/home/linux/ieng6/ee260b/shl237/lab6/run_siliconsmart/LIB_FF_1.1_-40_ALL/temp/siliconsmart.ieng6-ece-17.9333.18372/delay__A2__hl__ZN__lh__ACQ_1.sif_0' (SIM-69)
Info:    Executing 'hspice deck.cir -o deck' (SIM-30)
Warning: return code 0 (hspice: No such file or directory)
Info:    Simulation delay__A2__hl__ZN__lh__ACQ_1.sif for cell NR2D8 completed successfully. (SMSC-103)
Info:    IO Retry 0
Info:    set _SIS_CLIENT_RESULT_ {{NR2D8 delay__A2__hl__ZN__lh__ACQ_1 {sifTS 0.0 sifName /home/linux/ieng6/ee260b/shl237/lab6/run_siliconsmart/LIB_FF_1.1_-40_ALL/temp/siliconsmart.ieng6-ece-17.9333.18372/delay__A2__hl__ZN__lh__ACQ_1.sif eadCksum 60b98184a4693c6cdb3833d27413af69 simulationCount 1 exportVars {} errorList {} sofName /home/linux/ieng6/ee260b/shl237/lab6/run_siliconsmart/LIB_FF_1.1_-40_ALL/temp/siliconsmart.ieng6-ece-17.9333.18372/delay__A2__hl__ZN__lh__ACQ_1.sof eadTS 0.0 eadName /home/linux/ieng6/ee260b/shl237/lab6/run_siliconsmart/LIB_FF_1.1_-40_ALL/temp/siliconsmart.ieng6-ece-17.9333.18372/delay__A2__hl__ZN__lh__ACQ_1.ead enableCache 0 status done depFiles /home/linux/ieng6/ee260b/shl237/lab6/run_siliconsmart/LIB_FF_1.1_-40_ALL/netlists/NR2D8.cdl sifCksum fdd03fede9fb3fb71eb45ff2e4e64fad}}}
Info:    _SIS_CLIENT_RESULT_END
Info:    __recordTaskStats__ NR2D8 delay__A2__hl__ZN__lh__ACQ_1 0.18 0.01 5.22 0.14 1 19.2530369759 ieng6-ece-17.ucsd.edu 1520553452.43 1520553471.69
Info:    Loading information for cell XNR2D2... (SMSC-60)
Info:    Current directory '/home/linux/ieng6/ee260b/shl237/lab6/run_siliconsmart/LIB_FF_1.1_-40_ALL' (SIM-68)
Info:    Working in directory '/home/linux/ieng6/ee260b/shl237/lab6/run_siliconsmart/LIB_FF_1.1_-40_ALL/temp/siliconsmart.ieng6-ece-17.9333.18372/delay__A2__hl__ZN__hl__ACQ_1.sif_0' (SIM-69)
Info:    Executing 'hspice deck.cir -o deck' (SIM-30)
Warning: return code 0 (hspice: No such file or directory)
Info:    Simulation delay__A2__hl__ZN__hl__ACQ_1.sif for cell XNR2D2 completed successfully. (SMSC-103)
Info:    IO Retry 0
Info:    set _SIS_CLIENT_RESULT_ {{XNR2D2 delay__A2__hl__ZN__hl__ACQ_1 {sifTS 0.0 sifName /home/linux/ieng6/ee260b/shl237/lab6/run_siliconsmart/LIB_FF_1.1_-40_ALL/temp/siliconsmart.ieng6-ece-17.9333.18372/delay__A2__hl__ZN__hl__ACQ_1.sif eadCksum 63a15fe675a05dac477f919cede58bed simulationCount 1 exportVars {} errorList {} sofName /home/linux/ieng6/ee260b/shl237/lab6/run_siliconsmart/LIB_FF_1.1_-40_ALL/temp/siliconsmart.ieng6-ece-17.9333.18372/delay__A2__hl__ZN__hl__ACQ_1.sof eadTS 0.0 eadName /home/linux/ieng6/ee260b/shl237/lab6/run_siliconsmart/LIB_FF_1.1_-40_ALL/temp/siliconsmart.ieng6-ece-17.9333.18372/delay__A2__hl__ZN__hl__ACQ_1.ead enableCache 0 status done depFiles /home/linux/ieng6/ee260b/shl237/lab6/run_siliconsmart/LIB_FF_1.1_-40_ALL/netlists/XNR2D2.cdl sifCksum 4f926e4472755e9af79da7ca12dc46b7}}}
Info:    _SIS_CLIENT_RESULT_END
Info:    __recordTaskStats__ XNR2D2 delay__A2__hl__ZN__hl__ACQ_1 0.22 0.0 3.56 0.17 1 13.4055662155 ieng6-ece-17.ucsd.edu 1520553471.69 1520553485.1
Info:    Loading information for cell XOR2D1... (SMSC-60)
Info:    Current directory '/home/linux/ieng6/ee260b/shl237/lab6/run_siliconsmart/LIB_FF_1.1_-40_ALL' (SIM-68)
Info:    Working in directory '/home/linux/ieng6/ee260b/shl237/lab6/run_siliconsmart/LIB_FF_1.1_-40_ALL/temp/siliconsmart.ieng6-ece-17.9333.18372/leakage_power__ACQ_1.sif_0' (SIM-69)
Info:    Executing 'hspice deck.cir -o deck' (SIM-30)
Warning: return code 0 (hspice: No such file or directory)
Info:    Simulation leakage_power__ACQ_1.sif for cell XOR2D1 completed successfully. (SMSC-103)
Info:    IO Retry 0
Info:    set _SIS_CLIENT_RESULT_ {{XOR2D1 leakage_power__ACQ_1 {sifTS 0.0 sifName /home/linux/ieng6/ee260b/shl237/lab6/run_siliconsmart/LIB_FF_1.1_-40_ALL/temp/siliconsmart.ieng6-ece-17.9333.18372/leakage_power__ACQ_1.sif eadCksum 90a50428db82e279eb9e828a1451a7c6 simulationCount 1 exportVars {} errorList {} sofName /home/linux/ieng6/ee260b/shl237/lab6/run_siliconsmart/LIB_FF_1.1_-40_ALL/temp/siliconsmart.ieng6-ece-17.9333.18372/leakage_power__ACQ_1.sof eadTS 0.0 eadName /home/linux/ieng6/ee260b/shl237/lab6/run_siliconsmart/LIB_FF_1.1_-40_ALL/temp/siliconsmart.ieng6-ece-17.9333.18372/leakage_power__ACQ_1.ead enableCache 0 status done depFiles /home/linux/ieng6/ee260b/shl237/lab6/run_siliconsmart/LIB_FF_1.1_-40_ALL/netlists/XOR2D1.cdl sifCksum fa04918a103d3f84acbdcc1964dcd587}}}
Info:    _SIS_CLIENT_RESULT_END
Info:    __recordTaskStats__ XOR2D1 leakage_power__ACQ_1 0.13 0.01 0.38 0.11 1 1.922093153 ieng6-ece-17.ucsd.edu 1520553485.1 1520553487.02
Info:    Loading information for cell XOR2D1... (SMSC-60)
Info:    Current directory '/home/linux/ieng6/ee260b/shl237/lab6/run_siliconsmart/LIB_FF_1.1_-40_ALL' (SIM-68)
Info:    Working in directory '/home/linux/ieng6/ee260b/shl237/lab6/run_siliconsmart/LIB_FF_1.1_-40_ALL/temp/siliconsmart.ieng6-ece-17.9333.18372/delay__A1__lh__Z__hl__ACQ_1.sif_0' (SIM-69)
Info:    Executing 'hspice deck.cir -o deck' (SIM-30)
Warning: return code 0 (hspice: No such file or directory)
Info:    Simulation delay__A1__lh__Z__hl__ACQ_1.sif for cell XOR2D1 completed successfully. (SMSC-103)
Info:    IO Retry 0
Info:    set _SIS_CLIENT_RESULT_ {{XOR2D1 delay__A1__lh__Z__hl__ACQ_1 {sifTS 0.0 sifName /home/linux/ieng6/ee260b/shl237/lab6/run_siliconsmart/LIB_FF_1.1_-40_ALL/temp/siliconsmart.ieng6-ece-17.9333.18372/delay__A1__lh__Z__hl__ACQ_1.sif eadCksum 8334fb4963eac7a33b6f56baa846f336 simulationCount 1 exportVars {} errorList {} sofName /home/linux/ieng6/ee260b/shl237/lab6/run_siliconsmart/LIB_FF_1.1_-40_ALL/temp/siliconsmart.ieng6-ece-17.9333.18372/delay__A1__lh__Z__hl__ACQ_1.sof eadTS 0.0 eadName /home/linux/ieng6/ee260b/shl237/lab6/run_siliconsmart/LIB_FF_1.1_-40_ALL/temp/siliconsmart.ieng6-ece-17.9333.18372/delay__A1__lh__Z__hl__ACQ_1.ead enableCache 0 status done depFiles /home/linux/ieng6/ee260b/shl237/lab6/run_siliconsmart/LIB_FF_1.1_-40_ALL/netlists/XOR2D1.cdl sifCksum f117b3e278c5d0d94a7949872fff5f76}}}
Info:    _SIS_CLIENT_RESULT_END
Info:    __recordTaskStats__ XOR2D1 delay__A1__lh__Z__hl__ACQ_1 0.21 0.0 3.18 0.17 1 10.5792548656 ieng6-ece-17.ucsd.edu 1520553487.02 1520553497.6
Info:    Loading information for cell BUFFD16... (SMSC-60)
Info:    Current directory '/home/linux/ieng6/ee260b/shl237/lab6/run_siliconsmart/LIB_FF_1.1_-40_ALL' (SIM-68)
Info:    Working in directory '/home/linux/ieng6/ee260b/shl237/lab6/run_siliconsmart/LIB_FF_1.1_-40_ALL/temp/siliconsmart.ieng6-ece-17.9333.18372/delay__I__hl__Z__hl__ACQ_1.sif_0' (SIM-69)
Info:    Executing 'hspice deck.cir -o deck' (SIM-30)
Warning: return code 0 (hspice: No such file or directory)
Info:    Simulation delay__I__hl__Z__hl__ACQ_1.sif for cell BUFFD16 completed successfully. (SMSC-103)
Info:    IO Retry 0
Info:    set _SIS_CLIENT_RESULT_ {{BUFFD16 delay__I__hl__Z__hl__ACQ_1 {sifTS 0.0 sifName /home/linux/ieng6/ee260b/shl237/lab6/run_siliconsmart/LIB_FF_1.1_-40_ALL/temp/siliconsmart.ieng6-ece-17.9333.18372/delay__I__hl__Z__hl__ACQ_1.sif eadCksum 3d63d1c7f85a0f2eca9eeece1281186a simulationCount 1 exportVars {} errorList {} sofName /home/linux/ieng6/ee260b/shl237/lab6/run_siliconsmart/LIB_FF_1.1_-40_ALL/temp/siliconsmart.ieng6-ece-17.9333.18372/delay__I__hl__Z__hl__ACQ_1.sof eadTS 0.0 eadName /home/linux/ieng6/ee260b/shl237/lab6/run_siliconsmart/LIB_FF_1.1_-40_ALL/temp/siliconsmart.ieng6-ece-17.9333.18372/delay__I__hl__Z__hl__ACQ_1.ead enableCache 0 status done depFiles /home/linux/ieng6/ee260b/shl237/lab6/run_siliconsmart/LIB_FF_1.1_-40_ALL/netlists/BUFFD16.cdl sifCksum 50fa0b8f4e053824ed628c5d50107555}}}
Info:    _SIS_CLIENT_RESULT_END
Info:    __recordTaskStats__ BUFFD16 delay__I__hl__Z__hl__ACQ_1 0.24 0.02 6.91 0.25 1 28.6710469723 ieng6-ece-17.ucsd.edu 1520553497.6 1520553526.28
Info:    The char directory is /home/linux/ieng6/ee260b/shl237/lab6/run_siliconsmart/LIB_FF_1.1_-40_ALL
Warning: Operating condition 'FF_1.1_-40_ALL' already exists, skipped.
Info:    Initializing modeler.
Info:    Creating recharacterized libraries. 
Info:    Reading /home/linux/ieng6/ee260b/shl237/lab6/run_siliconsmart/LIB_FF_1.1_-40_ALL/models/liberty/cellmodels/header.lib ...
Info:    Reading /home/linux/ieng6/ee260b/shl237/lab6/run_siliconsmart/LIB_FF_1.1_-40_ALL/models/liberty/cellmodels/AN2D0.lib ...
Info:    Writing libraries ...
Info:    Creating Liberty file "/home/linux/ieng6/ee260b/shl237/lab6/run_siliconsmart/LIB_FF_1.1_-40_ALL/models/liberty/cells/AN2D0_FF_1.1_-40_ALL.lib".
Info:    re-positioning normalized_driver_waveform (ndw_ntin_nvolt_7x13) after templates
Info:    __recordTaskStats__ AN2D0 modeling 1.73 0.0 0.02 0.04 1 5.47141385078 ieng6-ece-17.ucsd.edu 1520553548.27 1520553553.74
Info:    set _SIS_CLIENT_RESULT_ {{AN2D0 modeling {status done exportVars {} errorList {} sifName {} sofName {} eadName {} depFiles {} tmpHeader {FF_1.1_-40_ALL /home/linux/ieng6/ee260b/shl237/lab6/run_siliconsmart/LIB_FF_1.1_-40_ALL/runtime/modeling/merge/AN2D0_FF_1.1_-40_ALL.header} tmpBody {FF_1.1_-40_ALL_AN2D0 /home/linux/ieng6/ee260b/shl237/lab6/run_siliconsmart/LIB_FF_1.1_-40_ALL/runtime/modeling/merge/AN2D0_FF_1.1_-40_ALL.body}}}}
Info:    _SIS_CLIENT_RESULT_END
Info:    Initializing modeler.
Info:    Creating recharacterized libraries. 
Info:    Reading /home/linux/ieng6/ee260b/shl237/lab6/run_siliconsmart/LIB_FF_1.1_-40_ALL/models/liberty/cellmodels/header.lib ...
Info:    Reading /home/linux/ieng6/ee260b/shl237/lab6/run_siliconsmart/LIB_FF_1.1_-40_ALL/models/liberty/cellmodels/NR2D1.lib ...
Info:    Writing libraries ...
Info:    Creating Liberty file "/home/linux/ieng6/ee260b/shl237/lab6/run_siliconsmart/LIB_FF_1.1_-40_ALL/models/liberty/cells/NR2D1_FF_1.1_-40_ALL.lib".
Info:    __recordTaskStats__ NR2D1 modeling 1.84 0.0 0.01 0.04 1 5.94036602974 ieng6-ece-17.ucsd.edu 1520553553.74 1520553559.68
Info:    set _SIS_CLIENT_RESULT_ {{NR2D1 modeling {status done exportVars {} errorList {} sifName {} sofName {} eadName {} depFiles {} tmpHeader {FF_1.1_-40_ALL /home/linux/ieng6/ee260b/shl237/lab6/run_siliconsmart/LIB_FF_1.1_-40_ALL/runtime/modeling/merge/NR2D1_FF_1.1_-40_ALL.header} tmpBody {FF_1.1_-40_ALL_NR2D1 /home/linux/ieng6/ee260b/shl237/lab6/run_siliconsmart/LIB_FF_1.1_-40_ALL/runtime/modeling/merge/NR2D1_FF_1.1_-40_ALL.body}}}}
Info:    _SIS_CLIENT_RESULT_END
Info:    Initializing modeler.
Info:    Creating recharacterized libraries. 
Info:    Reading /home/linux/ieng6/ee260b/shl237/lab6/run_siliconsmart/LIB_FF_1.1_-40_ALL/models/liberty/cellmodels/header.lib ...
Info:    Reading /home/linux/ieng6/ee260b/shl237/lab6/run_siliconsmart/LIB_FF_1.1_-40_ALL/models/liberty/cellmodels/INVD16.lib ...
Info:    Writing libraries ...
Info:    Creating Liberty file "/home/linux/ieng6/ee260b/shl237/lab6/run_siliconsmart/LIB_FF_1.1_-40_ALL/models/liberty/cells/INVD16_FF_1.1_-40_ALL.lib".
Info:    __recordTaskStats__ INVD16 modeling 1.43 0.0 0.01 0.04 1 3.45738887787 ieng6-ece-17.ucsd.edu 1520553559.68 1520553563.14
Info:    set _SIS_CLIENT_RESULT_ {{INVD16 modeling {status done exportVars {} errorList {} sifName {} sofName {} eadName {} depFiles {} tmpHeader {FF_1.1_-40_ALL /home/linux/ieng6/ee260b/shl237/lab6/run_siliconsmart/LIB_FF_1.1_-40_ALL/runtime/modeling/merge/INVD16_FF_1.1_-40_ALL.header} tmpBody {FF_1.1_-40_ALL_INVD16 /home/linux/ieng6/ee260b/shl237/lab6/run_siliconsmart/LIB_FF_1.1_-40_ALL/runtime/modeling/merge/INVD16_FF_1.1_-40_ALL.body}}}}
Info:    _SIS_CLIENT_RESULT_END
Info:    CDPL worker exited normally.
Info:    Maximum virtual memory size: 657.70MB
Info:    Switching log to /home/linux/ieng6/ee260b/shl237/lab6/run_siliconsmart/LIB_FF_1.1_-40_ALL/runtime/cdpl/sis.W20.ieng6-ece-17.ucsd.edu.18372.log at Thu Mar  8 15:59:41 2018
.
----------------------------------------------------------------------
----------------------------------------------------------------------
Info:    Switching log from /home/linux/ieng6/ee260b/shl237/lab6/run_siliconsmart/LIB_FF_1.1_-40_ALL/temp/sis.shl237.18372.log at Thu Mar  8 15:59:41 2018
Info:    Log written by SiliconSmart version L-2016.06-SP1-2 on Thu Mar  8 15:59:41 2018
Info:    Build date: Dec 07, 2016 16:59:49
Info:    SiliconSmart Path: /acsnfs3/software/SiliconSmartAce-2016.06-SP1-2/linux64/bin/siliconsmart
Info:    Host Name: ieng6-ece-17.ucsd.edu, User Name: shl237, PID: 18372
Info:    CPU: 8 x 2600 MHz, Intel(R) Xeon(R) CPU E5-2650 v2 @ 2.60GHz (2 socket, 4 core)
Info:    Memory: 32 GB RAM, 2 GB Swap
Info:    Directory: /home/linux/ieng6/ee260b/shl237/lab6/run_siliconsmart/LIB_FF_1.1_-40_ALL
Info:    Maximum virtual memory size: 657.70MB
Info:    Maximum virtual memory size: 657.703 MB
