1520553104.622595: 18169-7f994d55cfa0: cdpl_log.c:221: in cdpl_log_open(): debug: @@start_of_log@@
1520553104.622696: 18169-7f994d55cfa0: cdpl_log.c:729: in cdpl_log_dump_sysinfo(): info: time: 2018/03/08 15:51:44 PST -0800
1520553104.622713: 18169-7f994d55cfa0: cdpl_log.c:731: in cdpl_log_dump_sysinfo(): info: version: L_2016.03_SP2_PROD_CDPL 
1520553104.622725: 18169-7f994d55cfa0: cdpl_log.c:736: in cdpl_log_dump_sysinfo(): info: system: Linux 2.6.32-696.18.7.el6.x86_64 #1 SMP Thu Jan 4 17:31:22 UTC 2018
1520553104.622737: 18169-7f994d55cfa0: cdpl_log.c:740: in cdpl_log_dump_sysinfo(): info: processor: x86_64 64-bits
1520553104.622748: 18169-7f994d55cfa0: cdpl_log.c:742: in cdpl_log_dump_sysinfo(): info: hostname: ieng6-ece-17.ucsd.edu
1520553104.622759: 18169-7f994d55cfa0: cdpl_log.c:223: in cdpl_log_open(): debug: path: /home/linux/ieng6/ee260b/shl237/lab6/run_siliconsmart/LIB_FF_1.1_-40_ALL/runtime/cdpl/worker.W15.ieng6-ece-17.ucsd.edu.18169.log
1520553104.622771: 18169-7f994d55cfa0: cdpl_log.c:224: in cdpl_log_open(): debug: dir: /home/linux/ieng6/ee260b/shl237/lab6/run_siliconsmart/LIB_FF_1.1_-40_ALL/runtime/cdpl
1520553104.622790: 18169-7f994d55cfa0: cdpl_worker.c:728: in cdpl_wk_new(): info: creating worker instance
1520553104.623440: 18169-7f994d55cfa0: cdpl_worker.c:925: in cdpl_wk_start(): debug: starting worker
1520553104.623461: 18169-7f994d55cfa0: cdpl_worker.c:276: in cdpl_wk_setup(): info: CDPL_SERVER is "128.54.67.147:38978"
1520553104.623475: 18169-7f994d55cfa0: cdpl_worker.c:299: in cdpl_wk_setup(): info: server 128.54.67.147, port 38978
1520553104.623488: 18169-7f994d55cfa0: cdpl_worker.c:319: in cdpl_wk_setup(): info: CDPL_ID is "15:1:1:1:769061682"
1520553104.623522: 18169-7f994d55cfa0: cdpl_worker.c:361: in cdpl_wk_setup(): info: we are W15-B1-J1-M1-S769061682
1520553104.623534: 18169-7f994d55cfa0: cdpl_worker.c:363: in cdpl_wk_setup(): info: we are on host ieng6-ece-17.ucsd.edu
1520553104.623545: 18169-7f994d55cfa0: cdpl_worker.c:372: in cdpl_wk_daemonize(): debug: will *not* daemonize
1520553104.623561: 18169-7f994d55cfa0: cdpl_ipc.c:2593: in cdpl_ipc_connect(): info: connecting to 128.54.67.147:38978
1520553104.623740: 18169-7f994d55cfa0: cdpl_ipc.c:2659: in cdpl_ipc_connect(): info: connected as `128.54.67.147:50586'
1520553104.623791: 18169-7f994d55cfa0: cdpl_ipc.c:1763: in cdpl_ipc_host_accept(): debug: accepted host `128.54.67.147:38978'
1520553104.623824: 18169-7f994d55cfa0: cdpl_ipc.c:2436: in cdpl_ipc_start(): debug: starting IPC server 128.54.67.147:36909
1520553104.624053: 18169-7f994d55cfa0: cdpl_compat_worker.c:148: in cdplStartWorker(): info: SNPSLMD_LICENSE_FILE is 1705@acms-flexlm-lnx4.ucsd.edu,1705@acms-flexlm-lnx5.ucsd.edu,1705@acms-flexlm-lnx6.ucsd.edu
1520553104.624214: 18169-7f994d55cfa0: cdpl_compat_worker.c:597: in cdplWorkerLogInfo(): info: [Maximum lifespan of worker is set to 1200m]
1520553104.624322: 18169-7f994d55cfa0: cdpl_compat_worker.c:597: in cdplWorkerLogInfo(): info: [Peak virtual memory is set to 128GB]
1520553104.631769: 18169-7f9943f6f700: cdpl_worker.c:528: in cdpl_wk_listen(): debug: ready
1520553104.634942: 18169-7f994356e700: cdpl_worker.c:656: in cdpl_wk_heartbeat(): debug: starting heartbeat
1520553104.634984: 18169-7f994356e700: cdpl_worker.c:665: in cdpl_wk_heartbeat(): info: setting heartbeat period to 60 sec
1520553104.635006: 18169-7f994356e700: cdpl_worker.c:673: in cdpl_wk_heartbeat(): info: first heartbeat in 1 sec
1520553104.664841: 18169-7f9943f6f700: cdpl_worker.c:585: in cdpl_wk_listen(): debug: received ASSIGN message
1520553104.664892: 18169-7f994d55cfa0: cdpl_worker.c:1092: in cdpl_wk_wait_timeout(): info: starting task T40
1520553104.664937: 18169-7f994d55cfa0: cdpl_compat_worker.c:597: in cdplWorkerLogInfo(): info: [configOneCellAdaptive { ND2D2 }]
1520553115.837587: 18169-7f994d55cfa0: cdpl_worker.c:1208: in cdpl_wk_finalize(): info: finishing task T40
1520553115.841887: 18169-7f9943f6f700: cdpl_worker.c:585: in cdpl_wk_listen(): debug: received ASSIGN message
1520553115.841947: 18169-7f994d55cfa0: cdpl_worker.c:1092: in cdpl_wk_wait_timeout(): info: starting task T62
1520553115.841970: 18169-7f994d55cfa0: cdpl_compat_worker.c:597: in cdplWorkerLogInfo(): info: [configOneCellAdaptive { XNR2D4 }]
1520553138.593097: 18169-7f994d55cfa0: cdpl_worker.c:1208: in cdpl_wk_finalize(): info: finishing task T62
1520553201.722116: 18169-7f9943f6f700: cdpl_worker.c:616: in cdpl_wk_listen(): debug: received RELAY message
1520553201.991369: 18169-7f9943f6f700: cdpl_worker.c:616: in cdpl_wk_listen(): debug: received RELAY message
1520553204.570224: 18169-7f9943f6f700: cdpl_worker.c:585: in cdpl_wk_listen(): debug: received ASSIGN message
1520553204.570291: 18169-7f994d55cfa0: cdpl_worker.c:1092: in cdpl_wk_wait_timeout(): info: starting task T78
1520553212.255818: 18169-7f994d55cfa0: cdpl_compat_worker.c:597: in cdplWorkerLogInfo(): info: [runOneAcquisitionAdaptive DFCSNQD1 asynch_recover__CDN__lh__SDN__lh__ACQ_1 job_79 ]
1520553294.829570: 18169-7f994d55cfa0: cdpl_worker.c:1208: in cdpl_wk_finalize(): info: finishing task T78
1520553294.830054: 18169-7f9943f6f700: cdpl_worker.c:585: in cdpl_wk_listen(): debug: received ASSIGN message
1520553294.830102: 18169-7f994d55cfa0: cdpl_worker.c:1092: in cdpl_wk_wait_timeout(): info: starting task T141
1520553294.830118: 18169-7f994d55cfa0: cdpl_compat_worker.c:597: in cdplWorkerLogInfo(): info: [runOneAcquisitionAdaptive DFCSNQD4 energy__D__hl__ACQ_1 job_142 ]
1520553299.094643: 18169-7f994d55cfa0: cdpl_worker.c:1208: in cdpl_wk_finalize(): info: finishing task T141
1520553299.099064: 18169-7f9943f6f700: cdpl_worker.c:585: in cdpl_wk_listen(): debug: received ASSIGN message
1520553299.099149: 18169-7f994d55cfa0: cdpl_worker.c:1092: in cdpl_wk_wait_timeout(): info: starting task T144
1520553299.099164: 18169-7f994d55cfa0: cdpl_compat_worker.c:597: in cdplWorkerLogInfo(): info: [runOneAcquisitionAdaptive DFCSNQD4 cmpw__CDN__hl__CDN__lh__ACQ_1 job_145 ]
1520553301.854395: 18169-7f994d55cfa0: cdpl_worker.c:1208: in cdpl_wk_finalize(): info: finishing task T144
1520553301.854706: 18169-7f9943f6f700: cdpl_worker.c:585: in cdpl_wk_listen(): debug: received ASSIGN message
1520553301.854731: 18169-7f994d55cfa0: cdpl_worker.c:1092: in cdpl_wk_wait_timeout(): info: starting task T147
1520553301.854747: 18169-7f994d55cfa0: cdpl_compat_worker.c:597: in cdplWorkerLogInfo(): info: [runOneAcquisitionAdaptive DFCSNQD4 asynch_recover__SDN__lh__CDN__lh__ACQ_1 job_148 ]
1520553346.740508: 18169-7f994d55cfa0: cdpl_worker.c:1208: in cdpl_wk_finalize(): info: finishing task T147
1520553346.741027: 18169-7f9943f6f700: cdpl_worker.c:585: in cdpl_wk_listen(): debug: received ASSIGN message
1520553346.741052: 18169-7f994d55cfa0: cdpl_worker.c:1092: in cdpl_wk_wait_timeout(): info: starting task T189
1520553346.741066: 18169-7f994d55cfa0: cdpl_compat_worker.c:597: in cdplWorkerLogInfo(): info: [runOneAcquisitionAdaptive AOI21D0 leakage_power__ACQ_2 job_190 ]
1520553348.405622: 18169-7f994d55cfa0: cdpl_worker.c:1208: in cdpl_wk_finalize(): info: finishing task T189
1520553348.405961: 18169-7f9943f6f700: cdpl_worker.c:585: in cdpl_wk_listen(): debug: received ASSIGN message
1520553348.410108: 18169-7f994d55cfa0: cdpl_worker.c:1092: in cdpl_wk_wait_timeout(): info: starting task T195
1520553348.410132: 18169-7f994d55cfa0: cdpl_compat_worker.c:597: in cdplWorkerLogInfo(): info: [runOneAcquisitionAdaptive AOI21D0 delay__A2__hl__ZN__lh__ACQ_1 job_196 ]
1520553357.219432: 18169-7f994d55cfa0: cdpl_worker.c:1208: in cdpl_wk_finalize(): info: finishing task T195
1520553357.219910: 18169-7f9943f6f700: cdpl_worker.c:585: in cdpl_wk_listen(): debug: received ASSIGN message
1520553357.219990: 18169-7f994d55cfa0: cdpl_worker.c:1092: in cdpl_wk_wait_timeout(): info: starting task T215
1520553357.220005: 18169-7f994d55cfa0: cdpl_compat_worker.c:597: in cdplWorkerLogInfo(): info: [runOneAcquisitionAdaptive AOI21D2 Cin__B__lh__ACQ_1 job_216 ]
1520553359.776524: 18169-7f994d55cfa0: cdpl_worker.c:1208: in cdpl_wk_finalize(): info: finishing task T215
1520553359.776864: 18169-7f9943f6f700: cdpl_worker.c:585: in cdpl_wk_listen(): debug: received ASSIGN message
1520553359.776899: 18169-7f994d55cfa0: cdpl_worker.c:1092: in cdpl_wk_wait_timeout(): info: starting task T225
1520553359.776927: 18169-7f994d55cfa0: cdpl_compat_worker.c:597: in cdplWorkerLogInfo(): info: [runOneAcquisitionAdaptive AOI21D2 delay__B__lh__ZN__hl__ACQ_1 job_226 ]
1520553371.232230: 18169-7f994d55cfa0: cdpl_worker.c:1208: in cdpl_wk_finalize(): info: finishing task T225
1520553371.232942: 18169-7f9943f6f700: cdpl_worker.c:585: in cdpl_wk_listen(): debug: received ASSIGN message
1520553371.232991: 18169-7f994d55cfa0: cdpl_worker.c:1092: in cdpl_wk_wait_timeout(): info: starting task T252
1520553371.233007: 18169-7f994d55cfa0: cdpl_compat_worker.c:597: in cdplWorkerLogInfo(): info: [runOneAcquisitionAdaptive MUX2D0 delay__S__lh__Z__hl__ACQ_1 job_253 ]
1520553382.852590: 18169-7f994d55cfa0: cdpl_worker.c:1208: in cdpl_wk_finalize(): info: finishing task T252
1520553382.853006: 18169-7f9943f6f700: cdpl_worker.c:585: in cdpl_wk_listen(): debug: received ASSIGN message
1520553382.853055: 18169-7f994d55cfa0: cdpl_worker.c:1092: in cdpl_wk_wait_timeout(): info: starting task T283
1520553382.853071: 18169-7f994d55cfa0: cdpl_compat_worker.c:597: in cdplWorkerLogInfo(): info: [runOneAcquisitionAdaptive MUX2D2 Cin__S__hl__ACQ_1 job_284 ]
1520553385.592704: 18169-7f994d55cfa0: cdpl_worker.c:1208: in cdpl_wk_finalize(): info: finishing task T283
1520553385.592919: 18169-7f9943f6f700: cdpl_worker.c:585: in cdpl_wk_listen(): debug: received ASSIGN message
1520553385.596993: 18169-7f994d55cfa0: cdpl_worker.c:1092: in cdpl_wk_wait_timeout(): info: starting task T292
1520553385.597026: 18169-7f994d55cfa0: cdpl_compat_worker.c:597: in cdplWorkerLogInfo(): info: [runOneAcquisitionAdaptive MUX2D4 delay__S__hl__Z__hl__ACQ_1 job_293 ]
1520553401.143143: 18169-7f994d55cfa0: cdpl_worker.c:1208: in cdpl_wk_finalize(): info: finishing task T292
1520553401.764874: 18169-7f9943f6f700: cdpl_worker.c:585: in cdpl_wk_listen(): debug: received ASSIGN message
1520553401.764911: 18169-7f994d55cfa0: cdpl_worker.c:1092: in cdpl_wk_wait_timeout(): info: starting task T338
1520553401.764932: 18169-7f994d55cfa0: cdpl_compat_worker.c:597: in cdplWorkerLogInfo(): info: [runOneAcquisitionAdaptive OAI21D2 delay__A1__hl__ZN__lh__ACQ_1 job_339 ]
1520553411.117574: 18169-7f994d55cfa0: cdpl_worker.c:1208: in cdpl_wk_finalize(): info: finishing task T338
1520553411.118067: 18169-7f9943f6f700: cdpl_worker.c:585: in cdpl_wk_listen(): debug: received ASSIGN message
1520553411.118114: 18169-7f994d55cfa0: cdpl_worker.c:1092: in cdpl_wk_wait_timeout(): info: starting task T378
1520553411.118129: 18169-7f994d55cfa0: cdpl_compat_worker.c:597: in cdplWorkerLogInfo(): info: [runOneAcquisitionAdaptive AN2D1 delay__A2__hl__Z__hl__ACQ_1 job_379 ]
1520553418.695350: 18169-7f994d55cfa0: cdpl_worker.c:1208: in cdpl_wk_finalize(): info: finishing task T378
1520553418.695770: 18169-7f9943f6f700: cdpl_worker.c:585: in cdpl_wk_listen(): debug: received ASSIGN message
1520553418.695819: 18169-7f994d55cfa0: cdpl_worker.c:1092: in cdpl_wk_wait_timeout(): info: starting task T411
1520553418.695834: 18169-7f994d55cfa0: cdpl_compat_worker.c:597: in cdplWorkerLogInfo(): info: [runOneAcquisitionAdaptive AN2XD1 Cin__A2__hl__ACQ_1 job_412 ]
1520553420.814775: 18169-7f994d55cfa0: cdpl_worker.c:1208: in cdpl_wk_finalize(): info: finishing task T411
1520553420.815093: 18169-7f9943f6f700: cdpl_worker.c:585: in cdpl_wk_listen(): debug: received ASSIGN message
1520553420.818860: 18169-7f994d55cfa0: cdpl_worker.c:1092: in cdpl_wk_wait_timeout(): info: starting task T421
1520553420.818878: 18169-7f994d55cfa0: cdpl_compat_worker.c:597: in cdplWorkerLogInfo(): info: [runOneAcquisitionAdaptive ND2D0 Cin__A2__hl__ACQ_1 job_422 ]
1520553422.809333: 18169-7f994d55cfa0: cdpl_worker.c:1208: in cdpl_wk_finalize(): info: finishing task T421
1520553422.809644: 18169-7f9943f6f700: cdpl_worker.c:585: in cdpl_wk_listen(): debug: received ASSIGN message
1520553422.809672: 18169-7f994d55cfa0: cdpl_worker.c:1092: in cdpl_wk_wait_timeout(): info: starting task T433
1520553422.809695: 18169-7f994d55cfa0: cdpl_compat_worker.c:597: in cdplWorkerLogInfo(): info: [runOneAcquisitionAdaptive ND2D1 leakage_power__ACQ_1 job_434 ]
1520553424.517979: 18169-7f994d55cfa0: cdpl_worker.c:1208: in cdpl_wk_finalize(): info: finishing task T433
1520553424.518344: 18169-7f9943f6f700: cdpl_worker.c:585: in cdpl_wk_listen(): debug: received ASSIGN message
1520553424.518366: 18169-7f994d55cfa0: cdpl_worker.c:1092: in cdpl_wk_wait_timeout(): info: starting task T438
1520553424.518383: 18169-7f994d55cfa0: cdpl_compat_worker.c:597: in cdplWorkerLogInfo(): info: [runOneAcquisitionAdaptive ND2D1 Cin__A1__hl__ACQ_1 job_439 ]
1520553426.543562: 18169-7f994d55cfa0: cdpl_worker.c:1208: in cdpl_wk_finalize(): info: finishing task T438
1520553426.543746: 18169-7f9943f6f700: cdpl_worker.c:585: in cdpl_wk_listen(): debug: received ASSIGN message
1520553426.547989: 18169-7f994d55cfa0: cdpl_worker.c:1092: in cdpl_wk_wait_timeout(): info: starting task T447
1520553426.548016: 18169-7f994d55cfa0: cdpl_compat_worker.c:597: in cdplWorkerLogInfo(): info: [runOneAcquisitionAdaptive ND2D2 Cin__A2__lh__ACQ_1 job_448 ]
1520553428.715341: 18169-7f994d55cfa0: cdpl_worker.c:1208: in cdpl_wk_finalize(): info: finishing task T447
1520553428.715646: 18169-7f9943f6f700: cdpl_worker.c:585: in cdpl_wk_listen(): debug: received ASSIGN message
1520553428.715679: 18169-7f994d55cfa0: cdpl_worker.c:1092: in cdpl_wk_wait_timeout(): info: starting task T461
1520553428.715702: 18169-7f994d55cfa0: cdpl_compat_worker.c:597: in cdplWorkerLogInfo(): info: [runOneAcquisitionAdaptive ND2D4 Cin__A2__hl__ACQ_1 job_462 ]
1520553437.874637: 18169-7f994d55cfa0: cdpl_worker.c:1208: in cdpl_wk_finalize(): info: finishing task T461
1520553437.879707: 18169-7f9943f6f700: cdpl_worker.c:585: in cdpl_wk_listen(): debug: received ASSIGN message
1520553437.879778: 18169-7f994d55cfa0: cdpl_worker.c:1092: in cdpl_wk_wait_timeout(): info: starting task T488
1520553437.879806: 18169-7f994d55cfa0: cdpl_compat_worker.c:597: in cdplWorkerLogInfo(): info: [runOneAcquisitionAdaptive NR2D0 Cin__A1__hl__ACQ_1 job_489 ]
1520553440.153234: 18169-7f994d55cfa0: cdpl_worker.c:1208: in cdpl_wk_finalize(): info: finishing task T488
1520553440.153574: 18169-7f9943f6f700: cdpl_worker.c:585: in cdpl_wk_listen(): debug: received ASSIGN message
1520553440.156555: 18169-7f994d55cfa0: cdpl_worker.c:1092: in cdpl_wk_wait_timeout(): info: starting task T497
1520553440.156583: 18169-7f994d55cfa0: cdpl_compat_worker.c:597: in cdplWorkerLogInfo(): info: [runOneAcquisitionAdaptive NR2D1 Cin__A2__lh__ACQ_1 job_498 ]
1520553444.463015: 18169-7f994d55cfa0: cdpl_worker.c:1208: in cdpl_wk_finalize(): info: finishing task T497
1520553444.463224: 18169-7f9943f6f700: cdpl_worker.c:585: in cdpl_wk_listen(): debug: received ASSIGN message
1520553444.467730: 18169-7f994d55cfa0: cdpl_worker.c:1092: in cdpl_wk_wait_timeout(): info: starting task T509
1520553444.467753: 18169-7f994d55cfa0: cdpl_compat_worker.c:597: in cdplWorkerLogInfo(): info: [runOneAcquisitionAdaptive NR2D2 delay__A2__lh__ZN__hl__ACQ_1 job_510 ]
1520553455.963867: 18169-7f994d55cfa0: cdpl_worker.c:1208: in cdpl_wk_finalize(): info: finishing task T509
1520553455.968693: 18169-7f9943f6f700: cdpl_worker.c:585: in cdpl_wk_listen(): debug: received ASSIGN message
1520553455.968741: 18169-7f994d55cfa0: cdpl_worker.c:1092: in cdpl_wk_wait_timeout(): info: starting task T549
1520553455.968757: 18169-7f994d55cfa0: cdpl_compat_worker.c:597: in cdplWorkerLogInfo(): info: [runOneAcquisitionAdaptive OR2D0 Cin__A2__lh__ACQ_1 job_550 ]
1520553457.971908: 18169-7f994d55cfa0: cdpl_worker.c:1208: in cdpl_wk_finalize(): info: finishing task T549
1520553457.972222: 18169-7f9943f6f700: cdpl_worker.c:585: in cdpl_wk_listen(): debug: received ASSIGN message
1520553457.972246: 18169-7f994d55cfa0: cdpl_worker.c:1092: in cdpl_wk_wait_timeout(): info: starting task T558
1520553457.972264: 18169-7f994d55cfa0: cdpl_compat_worker.c:597: in cdplWorkerLogInfo(): info: [runOneAcquisitionAdaptive OR2D1 delay__A2__hl__Z__hl__ACQ_1 job_559 ]
1520553466.756809: 18169-7f994d55cfa0: cdpl_worker.c:1208: in cdpl_wk_finalize(): info: finishing task T558
1520553466.759746: 18169-7f9943f6f700: cdpl_worker.c:585: in cdpl_wk_listen(): debug: received ASSIGN message
1520553466.759770: 18169-7f994d55cfa0: cdpl_worker.c:1092: in cdpl_wk_wait_timeout(): info: starting task T597
1520553466.759785: 18169-7f994d55cfa0: cdpl_compat_worker.c:597: in cdplWorkerLogInfo(): info: [runOneAcquisitionAdaptive XNR2D0 delay__A2__lh__ZN__hl__ACQ_1 job_598 ]
1520553476.938198: 18169-7f994d55cfa0: cdpl_worker.c:1208: in cdpl_wk_finalize(): info: finishing task T597
1520553476.942821: 18169-7f9943f6f700: cdpl_worker.c:585: in cdpl_wk_listen(): debug: received ASSIGN message
1520553476.942872: 18169-7f994d55cfa0: cdpl_worker.c:1092: in cdpl_wk_wait_timeout(): info: starting task T626
1520553476.942888: 18169-7f994d55cfa0: cdpl_compat_worker.c:597: in cdplWorkerLogInfo(): info: [runOneAcquisitionAdaptive XNR2D4 delay__A1__hl__ZN__lh__ACQ_1 job_627 ]
1520553495.873875: 18169-7f994d55cfa0: cdpl_worker.c:1208: in cdpl_wk_finalize(): info: finishing task T626
1520553495.878874: 18169-7f9943f6f700: cdpl_worker.c:585: in cdpl_wk_listen(): debug: received ASSIGN message
1520553495.878950: 18169-7f994d55cfa0: cdpl_worker.c:1092: in cdpl_wk_wait_timeout(): info: starting task T669
1520553495.878975: 18169-7f994d55cfa0: cdpl_compat_worker.c:597: in cdplWorkerLogInfo(): info: [runOneAcquisitionAdaptive BUFFD12 leakage_power__ACQ_1 job_670 ]
1520553497.899219: 18169-7f994d55cfa0: cdpl_worker.c:1208: in cdpl_wk_finalize(): info: finishing task T669
1520553497.899544: 18169-7f9943f6f700: cdpl_worker.c:585: in cdpl_wk_listen(): debug: received ASSIGN message
1520553497.899579: 18169-7f994d55cfa0: cdpl_worker.c:1092: in cdpl_wk_wait_timeout(): info: starting task T678
1520553497.899603: 18169-7f994d55cfa0: cdpl_compat_worker.c:597: in cdplWorkerLogInfo(): info: [runOneAcquisitionAdaptive BUFFD2 leakage_power__ACQ_2 job_679 ]
1520553499.786608: 18169-7f994d55cfa0: cdpl_worker.c:1208: in cdpl_wk_finalize(): info: finishing task T678
1520553499.787160: 18169-7f9943f6f700: cdpl_worker.c:585: in cdpl_wk_listen(): debug: received ASSIGN message
1520553499.788161: 18169-7f994d55cfa0: cdpl_worker.c:1092: in cdpl_wk_wait_timeout(): info: starting task T687
1520553499.788184: 18169-7f994d55cfa0: cdpl_compat_worker.c:597: in cdplWorkerLogInfo(): info: [runOneAcquisitionAdaptive BUFFD4 delay__I__lh__Z__lh__ACQ_1 job_688 ]
1520553515.679989: 18169-7f994d55cfa0: cdpl_worker.c:1208: in cdpl_wk_finalize(): info: finishing task T687
1520553515.684937: 18169-7f9943f6f700: cdpl_worker.c:585: in cdpl_wk_listen(): debug: received ASSIGN message
1520553515.685020: 18169-7f994d55cfa0: cdpl_worker.c:1092: in cdpl_wk_wait_timeout(): info: starting task T724
1520553515.685035: 18169-7f994d55cfa0: cdpl_compat_worker.c:597: in cdplWorkerLogInfo(): info: [runOneAcquisitionAdaptive INVD24 delay__I__hl__ZN__lh__ACQ_1 job_725 ]
1520553528.206122: 18169-7f994d55cfa0: cdpl_worker.c:1208: in cdpl_wk_finalize(): info: finishing task T724
1520553546.209425: 18169-7f9943f6f700: cdpl_worker.c:616: in cdpl_wk_listen(): debug: received RELAY message
1520553548.789980: 18169-7f9943f6f700: cdpl_worker.c:585: in cdpl_wk_listen(): debug: received ASSIGN message
1520553548.790041: 18169-7f994d55cfa0: cdpl_worker.c:1092: in cdpl_wk_wait_timeout(): info: starting task T765
1520553549.168497: 18169-7f994d55cfa0: cdpl_compat_worker.c:597: in cdplWorkerLogInfo(): info: [modelOneCellAdaptive {ND2D2 }]
1520553555.077754: 18169-7f994d55cfa0: cdpl_worker.c:1208: in cdpl_wk_finalize(): info: finishing task T765
1520553555.078173: 18169-7f9943f6f700: cdpl_worker.c:585: in cdpl_wk_listen(): debug: received ASSIGN message
1520553555.078221: 18169-7f994d55cfa0: cdpl_worker.c:1092: in cdpl_wk_wait_timeout(): info: starting task T785
1520553555.078241: 18169-7f994d55cfa0: cdpl_compat_worker.c:597: in cdplWorkerLogInfo(): info: [modelOneCellAdaptive {XOR2D1 }]
1520553561.444443: 18169-7f994d55cfa0: cdpl_worker.c:1208: in cdpl_wk_finalize(): info: finishing task T785
1520553580.705215: 18169-7f9943f6f700: cdpl_worker.c:616: in cdpl_wk_listen(): debug: received RELAY message
1520553580.743643: 18169-7f9944970700: cdpl_ipc.c:606: in _readv(): warning: read(): EOF
1520553580.743708: 18169-7f9944970700: cdpl_ipc.c:1462: in _epoll_recv(): debug: _readv(): Broken pipe
1520553580.743728: 18169-7f9944970700: cdpl_ipc.c:1683: in _epoll_main(): debug: _epoll_recv(): Broken pipe
1520553580.743752: 18169-7f9944970700: cdpl_ipc.c:1061: in _host_drop__UNSAFE(): debug: dropping host `128.54.67.147:38978'
1520553580.745400: 18169-7f9943f6f700: cdpl_worker.c:561: in cdpl_wk_listen(): debug: received DROP notification
1520553580.745423: 18169-7f9943f6f700: cdpl_worker.c:565: in cdpl_wk_listen(): debug: we were dropped by the server
1520553580.745437: 18169-7f9943f6f700: cdpl_worker.c:492: in _wk_kill(): debug: killing worker
1520553580.745452: 18169-7f9943f6f700: cdpl_ipc.c:2481: in cdpl_ipc_kill(): debug: stopping event server
1520553580.745493: 18169-7f9943f6f700: cdpl_worker.c:542: in cdpl_wk_listen(): debug: leaving now
1520553580.745606: 18169-7f994d55cfa0: cdpl_compat_worker.c:597: in cdplWorkerLogInfo(): info: [Worker shutdown. Code: 3]
1520553580.745628: 18169-7f9944970700: cdpl_ipc.c:1720: in _epoll_main(): debug: server going down...
1520553580.854770: 18169-7f994d55cfa0: cdpl_worker.c:856: in _wk_shutdown(): debug: waiting for heartbeat thread
1520553580.854933: 18169-7f994356e700: cdpl_worker.c:709: in cdpl_wk_heartbeat(): info: stopping heartbeat
1520553580.855098: 18169-7f994d55cfa0: cdpl_ipc.c:1781: in cdpl_ipc_host_release(): debug: releasing host `128.54.67.147:38978'
1520553580.855174: 18169-7f994d55cfa0: cdpl_ipc.c:2532: in cdpl_ipc_free(): debug: releasing IPC handle
1520553580.855191: 18169-7f994d55cfa0: cdpl_ipc.c:986: in _host_free__UNSAFE(): debug: freeing host `128.54.67.147:38978'
1520553580.855207: 18169-7f994d55cfa0: cdpl_ipc.c:1028: in _host_free__UNSAFE(): debug: [0 outq, 0 spR, 0 spW]
1520553580.855252: 18169-7f994d55cfa0: cdpl_ipc.c:2571: in cdpl_ipc_free(): debug: done
1520553580.855270: 18169-7f994d55cfa0: cdpl_worker.c:912: in cdpl_wk_free(): info: freed
1520553580.855284: 18169-7f994d55cfa0: cdpl_log.c:359: in cdpl_log_close(): debug: @@end_of_log@@
